#
# There is insufficient memory for the Java Runtime Environment to continue.
# Native memory allocation (malloc) failed to allocate 1805616 bytes for Chunk::new
# Possible reasons:
#   The system is out of physical RAM or swap space
#   The process is running with CompressedOops enabled, and the Java Heap may be blocking the growth of the native heap
# Possible solutions:
#   Reduce memory load on the system
#   Increase physical memory or swap space
#   Check if swap backing store is full
#   Decrease Java heap size (-Xmx/-Xms)
#   Decrease number of Java threads
#   Decrease Java thread stack sizes (-Xss)
#   Set larger code cache with -XX:ReservedCodeCacheSize=
#   JVM is running with Unscaled Compressed Oops mode in which the Java heap is
#     placed in the first 4GB address space. The Java Heap base address is the
#     maximum limit for the native heap growth. Please use -XX:HeapBaseMinAddress
#     to set the Java Heap base and to place the Java Heap above 4GB virtual address.
# This output file may be truncated or incomplete.
#
#  Out of Memory Error (./src/hotspot/share/memory/arena.cpp:197), pid=14716, tid=20616
#
# JRE version: OpenJDK Runtime Environment Microsoft-7208460 (11.0.18+10) (build 11.0.18+10-LTS)
# Java VM: OpenJDK 64-Bit Server VM Microsoft-7208460 (11.0.18+10-LTS, mixed mode, tiered, compressed oops, g1 gc, windows-amd64)
# No core dump will be written. Minidumps are not enabled by default on client versions of Windows
#

---------------  S U M M A R Y ------------

Command Line: -XX:MaxMetaspaceSize=512m --add-opens=java.base/java.util=ALL-UNNAMED --add-opens=java.base/java.lang=ALL-UNNAMED --add-opens=java.base/java.lang.invoke=ALL-UNNAMED --add-opens=java.prefs/java.util.prefs=ALL-UNNAMED --add-opens=java.base/java.nio.charset=ALL-UNNAMED --add-opens=java.base/java.net=ALL-UNNAMED --add-opens=java.base/java.util.concurrent.atomic=ALL-UNNAMED -Xmx2048m -Dfile.encoding=windows-1252 -Duser.country=IN -Duser.language=en -Duser.variant org.gradle.launcher.daemon.bootstrap.GradleDaemon 8.0.1

Host: AMD Ryzen 5 5600H with Radeon Graphics         , 12 cores, 7G,  Windows 11 , 64 bit Build 22621 (10.0.22621.2506)
Time: Fri Dec  8 09:34:29 2023 India Standard Time elapsed time: 7796.998066 seconds (0d 2h 9m 56s)

---------------  T H R E A D  ---------------

Current thread (0x000002c11787e000):  JavaThread "C2 CompilerThread0" daemon [_thread_in_native, id=20616, stack(0x000000d516700000,0x000000d516800000)]


Current CompileTask:
C2:7796998 29109  s!   4       java.beans.PropertyDescriptor::getWriteMethod (152 bytes)

Stack: [0x000000d516700000,0x000000d516800000]
Native frames: (J=compiled Java code, j=interpreted, Vv=VM code, C=native code)
V  [jvm.dll+0x62bf8a]
V  [jvm.dll+0x7b8fb9]
V  [jvm.dll+0x7ba6a8]
V  [jvm.dll+0x7bad83]
V  [jvm.dll+0x250248]
V  [jvm.dll+0xc260c]
V  [jvm.dll+0xc2bcc]
V  [jvm.dll+0x35e182]
V  [jvm.dll+0x19ebe9]
V  [jvm.dll+0x209495]
V  [jvm.dll+0x20850d]
V  [jvm.dll+0x18a4b1]
V  [jvm.dll+0x217eec]
V  [jvm.dll+0x21612b]
V  [jvm.dll+0x77bac0]
V  [jvm.dll+0x7749f4]
V  [jvm.dll+0x62adf5]
C  [ucrtbase.dll+0x29363]
C  [KERNEL32.DLL+0x1257d]
C  [ntdll.dll+0x5aa58]


---------------  P R O C E S S  ---------------

Threads class SMR info:
_java_thread_list=0x000002c1234189f0, length=77, elements={
0x000002c17819e000, 0x000002c11785e800, 0x000002c117857000, 0x000002c1180e3000,
0x000002c11786c800, 0x000002c117871800, 0x000002c11787e000, 0x000002c11787f800,
0x000002c117880800, 0x000002c118230000, 0x000002c1191f6000, 0x000002c119b66000,
0x000002c119b10800, 0x000002c1190a0000, 0x000002c11909a800, 0x000002c11909f000,
0x000002c11909d000, 0x000002c11909b000, 0x000002c11909c000, 0x000002c119135800,
0x000002c119137000, 0x000002c119138000, 0x000002c11913a800, 0x000002c119136000,
0x000002c119140000, 0x000002c119141000, 0x000002c11913f000, 0x000002c119141800,
0x000002c1184fd800, 0x000002c1184ff800, 0x000002c118500000, 0x000002c1184fa800,
0x000002c118501000, 0x000002c1184fb000, 0x000002c121099800, 0x000002c12109a800,
0x000002c12109b000, 0x000002c11913e800, 0x000002c11909e800, 0x000002c120f91000,
0x000002c120f8a800, 0x000002c120f89800, 0x000002c120f8e800, 0x000002c120f8b800,
0x000002c120f89000, 0x000002c120f90800, 0x000002c120f92000, 0x000002c120f92800,
0x000002c120f8d000, 0x000002c120f93800, 0x000002c120f8e000, 0x000002c120f94800,
0x000002c120f8f800, 0x000002c120f9a000, 0x000002c120f99000, 0x000002c120f9b000,
0x000002c120f98800, 0x000002c120f97000, 0x000002c120f95000, 0x000002c120f9b800,
0x000002c120f9c800, 0x000002c120f9d800, 0x000002c120f97800, 0x000002c120fa4000,
0x000002c120f9e000, 0x000002c120fa2000, 0x000002c120fa1800, 0x000002c120f9f000,
0x000002c120fa0000, 0x000002c120fa4800, 0x000002c120fa6800, 0x000002c120fa5800,
0x000002c120fa0800, 0x000002c120fa7000, 0x000002c120fa8000, 0x000002c11fab7800,
0x000002c11faba000
}

Java Threads: ( => current thread )
  0x000002c17819e000 JavaThread "main" [_thread_blocked, id=10720, stack(0x000000d515b00000,0x000000d515c00000)]
  0x000002c11785e800 JavaThread "Reference Handler" daemon [_thread_blocked, id=19284, stack(0x000000d516200000,0x000000d516300000)]
  0x000002c117857000 JavaThread "Finalizer" daemon [_thread_blocked, id=35396, stack(0x000000d516300000,0x000000d516400000)]
  0x000002c1180e3000 JavaThread "Signal Dispatcher" daemon [_thread_blocked, id=8916, stack(0x000000d516400000,0x000000d516500000)]
  0x000002c11786c800 JavaThread "Attach Listener" daemon [_thread_blocked, id=20388, stack(0x000000d516500000,0x000000d516600000)]
  0x000002c117871800 JavaThread "Service Thread" daemon [_thread_blocked, id=10892, stack(0x000000d516600000,0x000000d516700000)]
=>0x000002c11787e000 JavaThread "C2 CompilerThread0" daemon [_thread_in_native, id=20616, stack(0x000000d516700000,0x000000d516800000)]
  0x000002c11787f800 JavaThread "C1 CompilerThread0" daemon [_thread_blocked, id=34824, stack(0x000000d516800000,0x000000d516900000)]
  0x000002c117880800 JavaThread "Sweeper thread" daemon [_thread_blocked, id=36816, stack(0x000000d516900000,0x000000d516a00000)]
  0x000002c118230000 JavaThread "Common-Cleaner" daemon [_thread_blocked, id=30100, stack(0x000000d516a00000,0x000000d516b00000)]
  0x000002c1191f6000 JavaThread "Daemon health stats" [_thread_blocked, id=24624, stack(0x000000d516e00000,0x000000d516f00000)]
  0x000002c119b66000 JavaThread "Incoming local TCP Connector on port 57899" [_thread_in_native, id=30920, stack(0x000000d516c00000,0x000000d516d00000)]
  0x000002c119b10800 JavaThread "Daemon periodic checks" [_thread_blocked, id=25636, stack(0x000000d516f00000,0x000000d517000000)]
  0x000002c1190a0000 JavaThread "Cache worker for journal cache (C:\Users\HP\.gradle\caches\journal-1)" [_thread_blocked, id=20740, stack(0x000000d518100000,0x000000d518200000)]
  0x000002c11909a800 JavaThread "File lock request listener" [_thread_in_native, id=28132, stack(0x000000d518200000,0x000000d518300000)]
  0x000002c11909f000 JavaThread "Cache worker for file hash cache (C:\Users\HP\.gradle\caches\8.0.1\fileHashes)" [_thread_blocked, id=29436, stack(0x000000d518500000,0x000000d518600000)]
  0x000002c11909d000 JavaThread "File watcher server" daemon [_thread_in_native, id=27924, stack(0x000000d518600000,0x000000d518700000)]
  0x000002c11909b000 JavaThread "File watcher consumer" daemon [_thread_blocked, id=29180, stack(0x000000d518700000,0x000000d518800000)]
  0x000002c11909c000 JavaThread "Cache worker for file content cache (C:\Users\HP\.gradle\caches\8.0.1\fileContent)" [_thread_blocked, id=14004, stack(0x000000d518a00000,0x000000d518b00000)]
  0x000002c119135800 JavaThread "Cache worker for execution history cache (C:\Users\HP\.gradle\caches\8.0.1\executionHistory)" [_thread_blocked, id=32012, stack(0x000000d518d00000,0x000000d518e00000)]
  0x000002c119137000 JavaThread "jar transforms" [_thread_blocked, id=19236, stack(0x000000d518e00000,0x000000d518f00000)]
  0x000002c119138000 JavaThread "jar transforms Thread 2" [_thread_blocked, id=35192, stack(0x000000d518f00000,0x000000d519000000)]
  0x000002c11913a800 JavaThread "jar transforms Thread 3" [_thread_blocked, id=29188, stack(0x000000d519000000,0x000000d519100000)]
  0x000002c119136000 JavaThread "jar transforms Thread 4" [_thread_blocked, id=9408, stack(0x000000d519100000,0x000000d519200000)]
  0x000002c119140000 JavaThread "Cache worker for kotlin-dsl (C:\Users\HP\.gradle\caches\8.0.1\kotlin-dsl)" [_thread_blocked, id=9312, stack(0x000000d519400000,0x000000d519500000)]
  0x000002c119141000 JavaThread "jar transforms Thread 5" [_thread_blocked, id=30632, stack(0x000000d519500000,0x000000d519600000)]
  0x000002c11913f000 JavaThread "jar transforms Thread 6" [_thread_blocked, id=3012, stack(0x000000d519600000,0x000000d519700000)]
  0x000002c119141800 JavaThread "jar transforms Thread 7" [_thread_blocked, id=32264, stack(0x000000d519900000,0x000000d519a00000)]
  0x000002c1184fd800 JavaThread "jar transforms Thread 8" [_thread_blocked, id=9276, stack(0x000000d51b400000,0x000000d51b500000)]
  0x000002c1184ff800 JavaThread "jar transforms Thread 9" [_thread_blocked, id=32684, stack(0x000000d51b500000,0x000000d51b600000)]
  0x000002c118500000 JavaThread "jar transforms Thread 10" [_thread_blocked, id=21032, stack(0x000000d51b600000,0x000000d51b700000)]
  0x000002c1184fa800 JavaThread "jar transforms Thread 11" [_thread_blocked, id=11744, stack(0x000000d51b700000,0x000000d51b800000)]
  0x000002c118501000 JavaThread "jar transforms Thread 12" [_thread_blocked, id=4176, stack(0x000000d51b800000,0x000000d51b900000)]
  0x000002c1184fb000 JavaThread "Memory manager" [_thread_blocked, id=14068, stack(0x000000d51b900000,0x000000d51ba00000)]
  0x000002c121099800 JavaThread "Monitor" [_thread_in_native, id=21464, stack(0x000000d522500000,0x000000d522600000)]
  0x000002c12109a800 JavaThread "JdwpProxyConnection" [_thread_in_native, id=13172, stack(0x000000d522700000,0x000000d522800000)]
  0x000002c12109b000 JavaThread "Device List Monitor" [_thread_in_native, id=18788, stack(0x000000d522800000,0x000000d522900000)]
  0x000002c11913e800 JavaThread "Daemon worker Thread 10" [_thread_in_Java, id=11968, stack(0x000000d517000000,0x000000d517100000)]
  0x000002c11909e800 JavaThread "Daemon Thread 11" [_thread_blocked, id=21344, stack(0x000000d515900000,0x000000d515a00000)]
  0x000002c120f91000 JavaThread "File lock release action executor" [_thread_blocked, id=33084, stack(0x000000d518c00000,0x000000d518d00000)]
  0x000002c120f8a800 JavaThread "Handler for socket connection from /127.0.0.1:57899 to /127.0.0.1:61306" [_thread_in_native, id=30824, stack(0x000000d515a00000,0x000000d515b00000)]
  0x000002c120f89800 JavaThread "Cancel handler" [_thread_blocked, id=30156, stack(0x000000d517100000,0x000000d517200000)]
  0x000002c120f8e800 JavaThread "Asynchronous log dispatcher for DefaultDaemonConnection: socket connection from /127.0.0.1:57899 to /127.0.0.1:61306" [_thread_blocked, id=16012, stack(0x000000d517200000,0x000000d517300000)]
  0x000002c120f8b800 JavaThread "Stdin handler" [_thread_blocked, id=29392, stack(0x000000d517400000,0x000000d517500000)]
  0x000002c120f89000 JavaThread "Daemon client event forwarder" [_thread_blocked, id=13984, stack(0x000000d517500000,0x000000d517600000)]
  0x000002c120f90800 JavaThread "Cache worker for checksums cache (D:\Krishimitra\Frontend\android\.gradle\8.0.1\checksums)" [_thread_blocked, id=17872, stack(0x000000d517600000,0x000000d517700000)]
  0x000002c120f92000 JavaThread "Cache worker for cache directory md-rule (C:\Users\HP\.gradle\caches\8.0.1\md-rule)" [_thread_blocked, id=2104, stack(0x000000d518800000,0x000000d518900000)]
  0x000002c120f92800 JavaThread "Cache worker for file hash cache (D:\Krishimitra\Frontend\android\.gradle\8.0.1\fileHashes)" [_thread_blocked, id=20068, stack(0x000000d518900000,0x000000d518a00000)]
  0x000002c120f8d000 JavaThread "Cache worker for cache directory md-supplier (C:\Users\HP\.gradle\caches\8.0.1\md-supplier)" [_thread_blocked, id=28496, stack(0x000000d518b00000,0x000000d518c00000)]
  0x000002c120f93800 JavaThread "Cache worker for dependencies-accessors (D:\Krishimitra\Frontend\android\.gradle\8.0.1\dependencies-accessors)" [_thread_blocked, id=35540, stack(0x000000d519200000,0x000000d519300000)]
  0x000002c120f8e000 JavaThread "Cache worker for Build Output Cleanup Cache (D:\Krishimitra\Frontend\node_modules\@react-native\gradle-plugin\.gradle\buildOutputCleanup)" [_thread_blocked, id=34528, stack(0x000000d519300000,0x000000d519400000)]
  0x000002c120f94800 JavaThread "Unconstrained build operations" [_thread_blocked, id=4536, stack(0x000000d519700000,0x000000d519800000)]
  0x000002c120f8f800 JavaThread "Unconstrained build operations Thread 2" [_thread_blocked, id=8020, stack(0x000000d519800000,0x000000d519900000)]
  0x000002c120f9a000 JavaThread "Unconstrained build operations Thread 3" [_thread_blocked, id=34688, stack(0x000000d519a00000,0x000000d519b00000)]
  0x000002c120f99000 JavaThread "Unconstrained build operations Thread 4" [_thread_blocked, id=2528, stack(0x000000d519b00000,0x000000d519c00000)]
  0x000002c120f9b000 JavaThread "Unconstrained build operations Thread 5" [_thread_blocked, id=18916, stack(0x000000d519c00000,0x000000d519d00000)]
  0x000002c120f98800 JavaThread "Unconstrained build operations Thread 6" [_thread_blocked, id=1940, stack(0x000000d519d00000,0x000000d519e00000)]
  0x000002c120f97000 JavaThread "Unconstrained build operations Thread 7" [_thread_blocked, id=4852, stack(0x000000d519e00000,0x000000d519f00000)]
  0x000002c120f95000 JavaThread "Unconstrained build operations Thread 8" [_thread_blocked, id=4824, stack(0x000000d519f00000,0x000000d51a000000)]
  0x000002c120f9b800 JavaThread "Unconstrained build operations Thread 9" [_thread_blocked, id=11960, stack(0x000000d51a000000,0x000000d51a100000)]
  0x000002c120f9c800 JavaThread "Unconstrained build operations Thread 10" [_thread_blocked, id=35292, stack(0x000000d51a100000,0x000000d51a200000)]
  0x000002c120f9d800 JavaThread "Unconstrained build operations Thread 11" [_thread_blocked, id=18056, stack(0x000000d51a200000,0x000000d51a300000)]
  0x000002c120f97800 JavaThread "Unconstrained build operations Thread 12" [_thread_blocked, id=15764, stack(0x000000d51a300000,0x000000d51a400000)]
  0x000002c120fa4000 JavaThread "Unconstrained build operations Thread 13" [_thread_blocked, id=33204, stack(0x000000d51a400000,0x000000d51a500000)]
  0x000002c120f9e000 JavaThread "Unconstrained build operations Thread 14" [_thread_blocked, id=29312, stack(0x000000d51a500000,0x000000d51a600000)]
  0x000002c120fa2000 JavaThread "Unconstrained build operations Thread 15" [_thread_blocked, id=15140, stack(0x000000d51a600000,0x000000d51a700000)]
  0x000002c120fa1800 JavaThread "Unconstrained build operations Thread 16" [_thread_blocked, id=34272, stack(0x000000d51a700000,0x000000d51a800000)]
  0x000002c120f9f000 JavaThread "Unconstrained build operations Thread 17" [_thread_blocked, id=25220, stack(0x000000d51a800000,0x000000d51a900000)]
  0x000002c120fa0000 JavaThread "Unconstrained build operations Thread 18" [_thread_blocked, id=11156, stack(0x000000d51a900000,0x000000d51aa00000)]
  0x000002c120fa4800 JavaThread "Unconstrained build operations Thread 19" [_thread_blocked, id=27376, stack(0x000000d51aa00000,0x000000d51ab00000)]
  0x000002c120fa6800 JavaThread "Unconstrained build operations Thread 20" [_thread_blocked, id=30132, stack(0x000000d51ab00000,0x000000d51ac00000)]
  0x000002c120fa5800 JavaThread "Unconstrained build operations Thread 21" [_thread_blocked, id=29400, stack(0x000000d51ac00000,0x000000d51ad00000)]
  0x000002c120fa0800 JavaThread "Unconstrained build operations Thread 22" [_thread_blocked, id=20328, stack(0x000000d51ad00000,0x000000d51ae00000)]
  0x000002c120fa7000 JavaThread "Unconstrained build operations Thread 23" [_thread_blocked, id=8820, stack(0x000000d51ae00000,0x000000d51af00000)]
  0x000002c120fa8000 JavaThread "Unconstrained build operations Thread 24" [_thread_blocked, id=21148, stack(0x000000d51af00000,0x000000d51b000000)]
  0x000002c11fab7800 JavaThread "Unconstrained build operations Thread 25" [_thread_blocked, id=9100, stack(0x000000d51b000000,0x000000d51b100000)]
  0x000002c11faba000 JavaThread "Unconstrained build operations Thread 26" [_thread_blocked, id=9260, stack(0x000000d51b100000,0x000000d51b200000)]

Other Threads:
  0x000002c11784b800 VMThread "VM Thread" [stack: 0x000000d516100000,0x000000d516200000] [id=4508]
  0x000002c11825b800 WatcherThread [stack: 0x000000d516b00000,0x000000d516c00000] [id=14256]
  0x000002c1781b9000 GCTaskThread "GC Thread#0" [stack: 0x000000d515c00000,0x000000d515d00000] [id=29980]
  0x000002c119004800 GCTaskThread "GC Thread#1" [stack: 0x000000d516d00000,0x000000d516e00000] [id=3020]
  0x000002c11a545800 GCTaskThread "GC Thread#2" [stack: 0x000000d517700000,0x000000d517800000] [id=34484]
  0x000002c119a29000 GCTaskThread "GC Thread#3" [stack: 0x000000d517800000,0x000000d517900000] [id=13960]
  0x000002c118f83000 GCTaskThread "GC Thread#4" [stack: 0x000000d517900000,0x000000d517a00000] [id=22252]
  0x000002c119ae3000 GCTaskThread "GC Thread#5" [stack: 0x000000d517a00000,0x000000d517b00000] [id=35028]
  0x000002c119ae4000 GCTaskThread "GC Thread#6" [stack: 0x000000d517b00000,0x000000d517c00000] [id=9940]
  0x000002c11a2e0800 GCTaskThread "GC Thread#7" [stack: 0x000000d517c00000,0x000000d517d00000] [id=9564]
  0x000002c11a2e1000 GCTaskThread "GC Thread#8" [stack: 0x000000d517d00000,0x000000d517e00000] [id=8992]
  0x000002c119936800 GCTaskThread "GC Thread#9" [stack: 0x000000d517e00000,0x000000d517f00000] [id=10884]
  0x000002c1781e8800 ConcurrentGCThread "G1 Main Marker" [stack: 0x000000d515d00000,0x000000d515e00000] [id=23260]
  0x000002c1781eb800 ConcurrentGCThread "G1 Conc#0" [stack: 0x000000d515e00000,0x000000d515f00000] [id=21712]
  0x000002c11b6a3000 ConcurrentGCThread "G1 Conc#1" [stack: 0x000000d518300000,0x000000d518400000] [id=152]
  0x000002c11a29d000 ConcurrentGCThread "G1 Conc#2" [stack: 0x000000d518400000,0x000000d518500000] [id=29920]
  0x000002c1176ba800 ConcurrentGCThread "G1 Refine#0" [stack: 0x000000d515f00000,0x000000d516000000] [id=27416]
  0x000002c118d6f000 ConcurrentGCThread "G1 Refine#1" [stack: 0x000000d517f00000,0x000000d518000000] [id=33628]
  0x000002c118b4b800 ConcurrentGCThread "G1 Refine#2" [stack: 0x000000d518000000,0x000000d518100000] [id=6288]
  0x000002c1176bd800 ConcurrentGCThread "G1 Young RemSet Sampling" [stack: 0x000000d516000000,0x000000d516100000] [id=34600]

Threads with active compile tasks:
C2 CompilerThread0  7797161 29109  s!   4       java.beans.PropertyDescriptor::getWriteMethod (152 bytes)

VM state:not at safepoint (normal execution)

VM Mutex/Monitor currently owned by a thread: None

Heap address: 0x0000000080000000, size: 2048 MB, Compressed Oops mode: 32-bit
Narrow klass base: 0x0000000000000000, Narrow klass shift: 3
Compressed class space size: 528482304 Address: 0x0000000100000000

Heap:
 garbage-first heap   total 274432K, used 198112K [0x0000000080000000, 0x0000000100000000)
  region size 1024K, 27 young (27648K), 1 survivors (1024K)
 Metaspace       used 128910K, capacity 134874K, committed 135124K, reserved 634880K
  class space    used 16158K, capacity 18292K, committed 18380K, reserved 516096K
Heap Regions: E=young(eden), S=young(survivor), O=old, HS=humongous(starts), HC=humongous(continues), CS=collection set, F=free, A=archive, TAMS=top-at-mark-start (previous, next)
|   0|0x0000000080000000, 0x0000000080100000, 0x0000000080100000|100%|HS|  |TAMS 0x0000000080100000, 0x0000000080000000| Complete 
|   1|0x0000000080100000, 0x0000000080200000, 0x0000000080200000|100%|HC|  |TAMS 0x0000000080200000, 0x0000000080100000| Complete 
|   2|0x0000000080200000, 0x0000000080300000, 0x0000000080300000|100%|HC|  |TAMS 0x0000000080300000, 0x0000000080200000| Complete 
|   3|0x0000000080300000, 0x0000000080400000, 0x0000000080400000|100%|HC|  |TAMS 0x0000000080400000, 0x0000000080300000| Complete 
|   4|0x0000000080400000, 0x0000000080500000, 0x0000000080500000|100%| O|  |TAMS 0x0000000080500000, 0x0000000080400000| Untracked 
|   5|0x0000000080500000, 0x0000000080600000, 0x0000000080600000|100%| O|  |TAMS 0x0000000080600000, 0x0000000080500000| Untracked 
|   6|0x0000000080600000, 0x0000000080700000, 0x0000000080700000|100%| O|  |TAMS 0x0000000080700000, 0x0000000080600000| Untracked 
|   7|0x0000000080700000, 0x0000000080800000, 0x0000000080800000|100%| O|  |TAMS 0x0000000080800000, 0x0000000080700000| Untracked 
|   8|0x0000000080800000, 0x0000000080900000, 0x0000000080900000|100%| O|  |TAMS 0x0000000080900000, 0x0000000080800000| Untracked 
|   9|0x0000000080900000, 0x0000000080a00000, 0x0000000080a00000|100%| O|  |TAMS 0x0000000080a00000, 0x0000000080900000| Untracked 
|  10|0x0000000080a00000, 0x0000000080b00000, 0x0000000080b00000|100%| O|  |TAMS 0x0000000080b00000, 0x0000000080a00000| Untracked 
|  11|0x0000000080b00000, 0x0000000080c00000, 0x0000000080c00000|100%| O|  |TAMS 0x0000000080c00000, 0x0000000080b00000| Untracked 
|  12|0x0000000080c00000, 0x0000000080d00000, 0x0000000080d00000|100%| O|  |TAMS 0x0000000080d00000, 0x0000000080c00000| Untracked 
|  13|0x0000000080d00000, 0x0000000080e00000, 0x0000000080e00000|100%| O|  |TAMS 0x0000000080e00000, 0x0000000080d00000| Untracked 
|  14|0x0000000080e00000, 0x0000000080f00000, 0x0000000080f00000|100%| O|  |TAMS 0x0000000080f00000, 0x0000000080e00000| Untracked 
|  15|0x0000000080f00000, 0x0000000081000000, 0x0000000081000000|100%| O|  |TAMS 0x0000000081000000, 0x0000000080f00000| Untracked 
|  16|0x0000000081000000, 0x0000000081100000, 0x0000000081100000|100%| O|  |TAMS 0x0000000081100000, 0x0000000081000000| Untracked 
|  17|0x0000000081100000, 0x0000000081200000, 0x0000000081200000|100%| O|  |TAMS 0x0000000081200000, 0x0000000081100000| Untracked 
|  18|0x0000000081200000, 0x0000000081300000, 0x0000000081300000|100%| O|  |TAMS 0x0000000081300000, 0x0000000081200000| Untracked 
|  19|0x0000000081300000, 0x0000000081400000, 0x0000000081400000|100%| O|  |TAMS 0x0000000081400000, 0x0000000081300000| Untracked 
|  20|0x0000000081400000, 0x0000000081500000, 0x0000000081500000|100%| O|  |TAMS 0x0000000081500000, 0x0000000081400000| Untracked 
|  21|0x0000000081500000, 0x0000000081600000, 0x0000000081600000|100%| O|  |TAMS 0x0000000081600000, 0x0000000081500000| Untracked 
|  22|0x0000000081600000, 0x0000000081700000, 0x0000000081700000|100%| O|  |TAMS 0x0000000081700000, 0x0000000081600000| Untracked 
|  23|0x0000000081700000, 0x0000000081800000, 0x0000000081800000|100%| O|  |TAMS 0x0000000081800000, 0x0000000081700000| Untracked 
|  24|0x0000000081800000, 0x0000000081900000, 0x0000000081900000|100%| O|  |TAMS 0x0000000081900000, 0x0000000081800000| Untracked 
|  25|0x0000000081900000, 0x0000000081a00000, 0x0000000081a00000|100%| O|  |TAMS 0x0000000081a00000, 0x0000000081900000| Untracked 
|  26|0x0000000081a00000, 0x0000000081b00000, 0x0000000081b00000|100%| O|  |TAMS 0x0000000081b00000, 0x0000000081a00000| Untracked 
|  27|0x0000000081b00000, 0x0000000081c00000, 0x0000000081c00000|100%| O|  |TAMS 0x0000000081c00000, 0x0000000081b00000| Untracked 
|  28|0x0000000081c00000, 0x0000000081d00000, 0x0000000081d00000|100%| O|  |TAMS 0x0000000081d00000, 0x0000000081c00000| Untracked 
|  29|0x0000000081d00000, 0x0000000081e00000, 0x0000000081e00000|100%|HS|  |TAMS 0x0000000081e00000, 0x0000000081d00000| Complete 
|  30|0x0000000081e00000, 0x0000000081f00000, 0x0000000081f00000|100%|HC|  |TAMS 0x0000000081f00000, 0x0000000081e00000| Complete 
|  31|0x0000000081f00000, 0x0000000082000000, 0x0000000082000000|100%|HS|  |TAMS 0x0000000082000000, 0x0000000081f00000| Complete 
|  32|0x0000000082000000, 0x0000000082100000, 0x0000000082100000|100%|HC|  |TAMS 0x0000000082100000, 0x0000000082000000| Complete 
|  33|0x0000000082100000, 0x0000000082200000, 0x0000000082200000|100%|HC|  |TAMS 0x0000000082200000, 0x0000000082100000| Complete 
|  34|0x0000000082200000, 0x0000000082300000, 0x0000000082300000|100%|HC|  |TAMS 0x0000000082300000, 0x0000000082200000| Complete 
|  35|0x0000000082300000, 0x0000000082400000, 0x0000000082400000|100%| O|  |TAMS 0x0000000082400000, 0x0000000082300000| Untracked 
|  36|0x0000000082400000, 0x0000000082500000, 0x0000000082500000|100%| O|  |TAMS 0x0000000082500000, 0x0000000082400000| Untracked 
|  37|0x0000000082500000, 0x0000000082600000, 0x0000000082600000|100%| O|  |TAMS 0x0000000082600000, 0x0000000082500000| Untracked 
|  38|0x0000000082600000, 0x0000000082700000, 0x0000000082700000|100%| O|  |TAMS 0x0000000082700000, 0x0000000082600000| Untracked 
|  39|0x0000000082700000, 0x0000000082800000, 0x0000000082800000|100%| O|  |TAMS 0x0000000082800000, 0x0000000082700000| Untracked 
|  40|0x0000000082800000, 0x0000000082900000, 0x0000000082900000|100%| O|  |TAMS 0x0000000082900000, 0x0000000082800000| Untracked 
|  41|0x0000000082900000, 0x0000000082a00000, 0x0000000082a00000|100%| O|  |TAMS 0x0000000082a00000, 0x0000000082900000| Untracked 
|  42|0x0000000082a00000, 0x0000000082b00000, 0x0000000082b00000|100%| O|  |TAMS 0x0000000082b00000, 0x0000000082a00000| Untracked 
|  43|0x0000000082b00000, 0x0000000082b00000, 0x0000000082c00000|  0%| F|  |TAMS 0x0000000082b00000, 0x0000000082b00000| Untracked 
|  44|0x0000000082c00000, 0x0000000082d00000, 0x0000000082d00000|100%| O|  |TAMS 0x0000000082d00000, 0x0000000082c00000| Untracked 
|  45|0x0000000082d00000, 0x0000000082e00000, 0x0000000082e00000|100%| O|  |TAMS 0x0000000082e00000, 0x0000000082d00000| Untracked 
|  46|0x0000000082e00000, 0x0000000082f00000, 0x0000000082f00000|100%| O|  |TAMS 0x0000000082f00000, 0x0000000082e00000| Untracked 
|  47|0x0000000082f00000, 0x0000000083000000, 0x0000000083000000|100%| O|  |TAMS 0x0000000083000000, 0x0000000082f00000| Untracked 
|  48|0x0000000083000000, 0x0000000083100000, 0x0000000083100000|100%| O|  |TAMS 0x0000000083100000, 0x0000000083000000| Untracked 
|  49|0x0000000083100000, 0x0000000083200000, 0x0000000083200000|100%| O|  |TAMS 0x0000000083200000, 0x0000000083100000| Untracked 
|  50|0x0000000083200000, 0x0000000083300000, 0x0000000083300000|100%|HS|  |TAMS 0x0000000083300000, 0x0000000083200000| Complete 
|  51|0x0000000083300000, 0x0000000083400000, 0x0000000083400000|100%|HS|  |TAMS 0x0000000083400000, 0x0000000083300000| Complete 
|  52|0x0000000083400000, 0x0000000083500000, 0x0000000083500000|100%| O|  |TAMS 0x0000000083500000, 0x0000000083400000| Untracked 
|  53|0x0000000083500000, 0x0000000083600000, 0x0000000083600000|100%| O|  |TAMS 0x0000000083600000, 0x0000000083500000| Untracked 
|  54|0x0000000083600000, 0x0000000083700000, 0x0000000083700000|100%| O|  |TAMS 0x0000000083700000, 0x0000000083600000| Untracked 
|  55|0x0000000083700000, 0x0000000083800000, 0x0000000083800000|100%| O|  |TAMS 0x0000000083800000, 0x0000000083700000| Untracked 
|  56|0x0000000083800000, 0x0000000083900000, 0x0000000083900000|100%| O|  |TAMS 0x0000000083900000, 0x0000000083800000| Untracked 
|  57|0x0000000083900000, 0x0000000083a00000, 0x0000000083a00000|100%| O|  |TAMS 0x0000000083a00000, 0x0000000083900000| Untracked 
|  58|0x0000000083a00000, 0x0000000083b00000, 0x0000000083b00000|100%| O|  |TAMS 0x0000000083b00000, 0x0000000083a00000| Untracked 
|  59|0x0000000083b00000, 0x0000000083c00000, 0x0000000083c00000|100%| O|  |TAMS 0x0000000083c00000, 0x0000000083b00000| Untracked 
|  60|0x0000000083c00000, 0x0000000083d00000, 0x0000000083d00000|100%| O|  |TAMS 0x0000000083d00000, 0x0000000083c00000| Untracked 
|  61|0x0000000083d00000, 0x0000000083e00000, 0x0000000083e00000|100%| O|  |TAMS 0x0000000083e00000, 0x0000000083d00000| Untracked 
|  62|0x0000000083e00000, 0x0000000083f00000, 0x0000000083f00000|100%| O|  |TAMS 0x0000000083f00000, 0x0000000083e00000| Untracked 
|  63|0x0000000083f00000, 0x0000000084000000, 0x0000000084000000|100%| O|  |TAMS 0x0000000084000000, 0x0000000083f00000| Untracked 
|  64|0x0000000084000000, 0x0000000084100000, 0x0000000084100000|100%| O|  |TAMS 0x0000000084100000, 0x0000000084000000| Untracked 
|  65|0x0000000084100000, 0x0000000084200000, 0x0000000084200000|100%| O|  |TAMS 0x0000000084200000, 0x0000000084100000| Untracked 
|  66|0x0000000084200000, 0x0000000084300000, 0x0000000084300000|100%| O|  |TAMS 0x0000000084300000, 0x0000000084200000| Untracked 
|  67|0x0000000084300000, 0x0000000084400000, 0x0000000084400000|100%| O|  |TAMS 0x0000000084400000, 0x0000000084300000| Untracked 
|  68|0x0000000084400000, 0x0000000084500000, 0x0000000084500000|100%| O|  |TAMS 0x0000000084500000, 0x0000000084400000| Untracked 
|  69|0x0000000084500000, 0x0000000084600000, 0x0000000084600000|100%| O|  |TAMS 0x0000000084600000, 0x0000000084500000| Untracked 
|  70|0x0000000084600000, 0x0000000084700000, 0x0000000084700000|100%| O|  |TAMS 0x0000000084700000, 0x0000000084600000| Untracked 
|  71|0x0000000084700000, 0x0000000084800000, 0x0000000084800000|100%| O|  |TAMS 0x0000000084800000, 0x0000000084700000| Untracked 
|  72|0x0000000084800000, 0x0000000084900000, 0x0000000084900000|100%| O|  |TAMS 0x0000000084900000, 0x0000000084800000| Untracked 
|  73|0x0000000084900000, 0x0000000084a00000, 0x0000000084a00000|100%| O|  |TAMS 0x0000000084a00000, 0x0000000084900000| Untracked 
|  74|0x0000000084a00000, 0x0000000084b00000, 0x0000000084b00000|100%| O|  |TAMS 0x0000000084b00000, 0x0000000084a00000| Untracked 
|  75|0x0000000084b00000, 0x0000000084c00000, 0x0000000084c00000|100%| O|  |TAMS 0x0000000084c00000, 0x0000000084b00000| Untracked 
|  76|0x0000000084c00000, 0x0000000084d00000, 0x0000000084d00000|100%| O|  |TAMS 0x0000000084d00000, 0x0000000084c00000| Untracked 
|  77|0x0000000084d00000, 0x0000000084e00000, 0x0000000084e00000|100%| O|  |TAMS 0x0000000084e00000, 0x0000000084d00000| Untracked 
|  78|0x0000000084e00000, 0x0000000084f00000, 0x0000000084f00000|100%| O|  |TAMS 0x0000000084f00000, 0x0000000084e00000| Untracked 
|  79|0x0000000084f00000, 0x0000000085000000, 0x0000000085000000|100%| O|  |TAMS 0x0000000085000000, 0x0000000084f00000| Untracked 
|  80|0x0000000085000000, 0x0000000085100000, 0x0000000085100000|100%| O|  |TAMS 0x0000000085100000, 0x0000000085000000| Untracked 
|  81|0x0000000085100000, 0x0000000085200000, 0x0000000085200000|100%| O|  |TAMS 0x0000000085200000, 0x0000000085100000| Untracked 
|  82|0x0000000085200000, 0x0000000085300000, 0x0000000085300000|100%|HS|  |TAMS 0x0000000085300000, 0x0000000085200000| Complete 
|  83|0x0000000085300000, 0x0000000085400000, 0x0000000085400000|100%|HS|  |TAMS 0x0000000085400000, 0x0000000085300000| Complete 
|  84|0x0000000085400000, 0x0000000085500000, 0x0000000085500000|100%|HS|  |TAMS 0x0000000085500000, 0x0000000085400000| Complete 
|  85|0x0000000085500000, 0x0000000085600000, 0x0000000085600000|100%|HS|  |TAMS 0x0000000085600000, 0x0000000085500000| Complete 
|  86|0x0000000085600000, 0x0000000085700000, 0x0000000085700000|100%|HC|  |TAMS 0x0000000085700000, 0x0000000085600000| Complete 
|  87|0x0000000085700000, 0x0000000085800000, 0x0000000085800000|100%|HC|  |TAMS 0x0000000085800000, 0x0000000085700000| Complete 
|  88|0x0000000085800000, 0x0000000085900000, 0x0000000085900000|100%| O|  |TAMS 0x0000000085900000, 0x0000000085800000| Untracked 
|  89|0x0000000085900000, 0x0000000085a00000, 0x0000000085a00000|100%| O|  |TAMS 0x0000000085a00000, 0x0000000085900000| Untracked 
|  90|0x0000000085a00000, 0x0000000085b00000, 0x0000000085b00000|100%| O|  |TAMS 0x0000000085b00000, 0x0000000085a00000| Untracked 
|  91|0x0000000085b00000, 0x0000000085c00000, 0x0000000085c00000|100%| O|  |TAMS 0x0000000085c00000, 0x0000000085b00000| Untracked 
|  92|0x0000000085c00000, 0x0000000085d00000, 0x0000000085d00000|100%| O|  |TAMS 0x0000000085d00000, 0x0000000085c00000| Untracked 
|  93|0x0000000085d00000, 0x0000000085e00000, 0x0000000085e00000|100%|HS|  |TAMS 0x0000000085e00000, 0x0000000085d00000| Complete 
|  94|0x0000000085e00000, 0x0000000085f00000, 0x0000000085f00000|100%|HC|  |TAMS 0x0000000085f00000, 0x0000000085e00000| Complete 
|  95|0x0000000085f00000, 0x0000000085f00000, 0x0000000086000000|  0%| F|  |TAMS 0x0000000085f00000, 0x0000000085f00000| Untracked 
|  96|0x0000000086000000, 0x0000000086100000, 0x0000000086100000|100%| O|  |TAMS 0x0000000086100000, 0x0000000086000000| Untracked 
|  97|0x0000000086100000, 0x0000000086100000, 0x0000000086200000|  0%| F|  |TAMS 0x0000000086100000, 0x0000000086100000| Untracked 
|  98|0x0000000086200000, 0x0000000086300000, 0x0000000086300000|100%| O|  |TAMS 0x0000000086300000, 0x0000000086200000| Untracked 
|  99|0x0000000086300000, 0x0000000086400000, 0x0000000086400000|100%| O|  |TAMS 0x0000000086400000, 0x0000000086300000| Untracked 
| 100|0x0000000086400000, 0x0000000086500000, 0x0000000086500000|100%| O|  |TAMS 0x0000000086500000, 0x0000000086400000| Untracked 
| 101|0x0000000086500000, 0x0000000086600000, 0x0000000086600000|100%| O|  |TAMS 0x0000000086600000, 0x0000000086500000| Untracked 
| 102|0x0000000086600000, 0x0000000086700000, 0x0000000086700000|100%|HS|  |TAMS 0x0000000086700000, 0x0000000086600000| Complete 
| 103|0x0000000086700000, 0x0000000086800000, 0x0000000086800000|100%|HS|  |TAMS 0x0000000086800000, 0x0000000086700000| Complete 
| 104|0x0000000086800000, 0x0000000086900000, 0x0000000086900000|100%|HS|  |TAMS 0x0000000086900000, 0x0000000086800000| Complete 
| 105|0x0000000086900000, 0x0000000086a00000, 0x0000000086a00000|100%|HC|  |TAMS 0x0000000086a00000, 0x0000000086900000| Complete 
| 106|0x0000000086a00000, 0x0000000086b00000, 0x0000000086b00000|100%|HC|  |TAMS 0x0000000086b00000, 0x0000000086a00000| Complete 
| 107|0x0000000086b00000, 0x0000000086c00000, 0x0000000086c00000|100%| O|  |TAMS 0x0000000086c00000, 0x0000000086b00000| Untracked 
| 108|0x0000000086c00000, 0x0000000086d00000, 0x0000000086d00000|100%| O|  |TAMS 0x0000000086d00000, 0x0000000086c00000| Untracked 
| 109|0x0000000086d00000, 0x0000000086d00000, 0x0000000086e00000|  0%| F|  |TAMS 0x0000000086d00000, 0x0000000086d00000| Untracked 
| 110|0x0000000086e00000, 0x0000000086f00000, 0x0000000086f00000|100%| O|  |TAMS 0x0000000086f00000, 0x0000000086e00000| Untracked 
| 111|0x0000000086f00000, 0x0000000087000000, 0x0000000087000000|100%| O|  |TAMS 0x0000000087000000, 0x0000000086f00000| Untracked 
| 112|0x0000000087000000, 0x0000000087100000, 0x0000000087100000|100%| O|  |TAMS 0x0000000087100000, 0x0000000087000000| Untracked 
| 113|0x0000000087100000, 0x0000000087200000, 0x0000000087200000|100%| O|  |TAMS 0x0000000087200000, 0x0000000087100000| Untracked 
| 114|0x0000000087200000, 0x0000000087300000, 0x0000000087300000|100%| O|  |TAMS 0x0000000087300000, 0x0000000087200000| Untracked 
| 115|0x0000000087300000, 0x0000000087400000, 0x0000000087400000|100%| O|  |TAMS 0x0000000087400000, 0x0000000087300000| Untracked 
| 116|0x0000000087400000, 0x0000000087500000, 0x0000000087500000|100%| O|  |TAMS 0x0000000087500000, 0x0000000087400000| Untracked 
| 117|0x0000000087500000, 0x0000000087600000, 0x0000000087600000|100%|HS|  |TAMS 0x0000000087600000, 0x0000000087500000| Complete 
| 118|0x0000000087600000, 0x0000000087700000, 0x0000000087700000|100%|HS|  |TAMS 0x0000000087700000, 0x0000000087600000| Complete 
| 119|0x0000000087700000, 0x0000000087800000, 0x0000000087800000|100%| O|  |TAMS 0x0000000087800000, 0x0000000087700000| Untracked 
| 120|0x0000000087800000, 0x0000000087900000, 0x0000000087900000|100%| O|  |TAMS 0x0000000087900000, 0x0000000087800000| Untracked 
| 121|0x0000000087900000, 0x0000000087a00000, 0x0000000087a00000|100%| O|  |TAMS 0x0000000087a00000, 0x0000000087900000| Untracked 
| 122|0x0000000087a00000, 0x0000000087b00000, 0x0000000087b00000|100%| O|  |TAMS 0x0000000087b00000, 0x0000000087a00000| Untracked 
| 123|0x0000000087b00000, 0x0000000087c00000, 0x0000000087c00000|100%| O|  |TAMS 0x0000000087c00000, 0x0000000087b00000| Untracked 
| 124|0x0000000087c00000, 0x0000000087d00000, 0x0000000087d00000|100%| O|  |TAMS 0x0000000087d00000, 0x0000000087c00000| Untracked 
| 125|0x0000000087d00000, 0x0000000087e00000, 0x0000000087e00000|100%| O|  |TAMS 0x0000000087dbf400, 0x0000000087d00000| Untracked 
| 126|0x0000000087e00000, 0x0000000087f00000, 0x0000000087f00000|100%| O|  |TAMS 0x0000000087f00000, 0x0000000087e00000| Untracked 
| 127|0x0000000087f00000, 0x0000000088000000, 0x0000000088000000|100%| O|  |TAMS 0x0000000088000000, 0x0000000087f00000| Untracked 
| 128|0x0000000088000000, 0x0000000088100000, 0x0000000088100000|100%| O|  |TAMS 0x0000000088100000, 0x0000000088000000| Untracked 
| 129|0x0000000088100000, 0x0000000088200000, 0x0000000088200000|100%| O|  |TAMS 0x0000000088200000, 0x0000000088100000| Untracked 
| 130|0x0000000088200000, 0x0000000088300000, 0x0000000088300000|100%| O|  |TAMS 0x0000000088300000, 0x0000000088200000| Untracked 
| 131|0x0000000088300000, 0x0000000088400000, 0x0000000088400000|100%| O|  |TAMS 0x0000000088400000, 0x0000000088300000| Untracked 
| 132|0x0000000088400000, 0x0000000088500000, 0x0000000088500000|100%| O|  |TAMS 0x0000000088400000, 0x0000000088400000| Untracked 
| 133|0x0000000088500000, 0x0000000088600000, 0x0000000088600000|100%| O|  |TAMS 0x0000000088500000, 0x0000000088500000| Untracked 
| 134|0x0000000088600000, 0x0000000088700000, 0x0000000088700000|100%| O|  |TAMS 0x0000000088700000, 0x0000000088600000| Untracked 
| 135|0x0000000088700000, 0x0000000088800000, 0x0000000088800000|100%| O|  |TAMS 0x0000000088700000, 0x0000000088700000| Untracked 
| 136|0x0000000088800000, 0x0000000088900000, 0x0000000088900000|100%| O|  |TAMS 0x0000000088900000, 0x0000000088800000| Untracked 
| 137|0x0000000088900000, 0x0000000088a00000, 0x0000000088a00000|100%| O|  |TAMS 0x0000000088a00000, 0x0000000088900000| Untracked 
| 138|0x0000000088a00000, 0x0000000088b00000, 0x0000000088b00000|100%| O|  |TAMS 0x0000000088b00000, 0x0000000088a00000| Untracked 
| 139|0x0000000088b00000, 0x0000000088c00000, 0x0000000088c00000|100%| O|  |TAMS 0x0000000088c00000, 0x0000000088b00000| Untracked 
| 140|0x0000000088c00000, 0x0000000088d00000, 0x0000000088d00000|100%| O|  |TAMS 0x0000000088d00000, 0x0000000088c00000| Untracked 
| 141|0x0000000088d00000, 0x0000000088e00000, 0x0000000088e00000|100%| O|  |TAMS 0x0000000088e00000, 0x0000000088d00000| Untracked 
| 142|0x0000000088e00000, 0x0000000088f00000, 0x0000000088f00000|100%| O|  |TAMS 0x0000000088f00000, 0x0000000088e00000| Untracked 
| 143|0x0000000088f00000, 0x0000000089000000, 0x0000000089000000|100%| O|  |TAMS 0x0000000089000000, 0x0000000088f00000| Untracked 
| 144|0x0000000089000000, 0x0000000089100000, 0x0000000089100000|100%| O|  |TAMS 0x0000000089100000, 0x0000000089000000| Untracked 
| 145|0x0000000089100000, 0x0000000089200000, 0x0000000089200000|100%| O|  |TAMS 0x0000000089200000, 0x0000000089100000| Untracked 
| 146|0x0000000089200000, 0x0000000089300000, 0x0000000089300000|100%| O|  |TAMS 0x0000000089300000, 0x0000000089200000| Untracked 
| 147|0x0000000089300000, 0x0000000089400000, 0x0000000089400000|100%| O|  |TAMS 0x0000000089400000, 0x0000000089300000| Untracked 
| 148|0x0000000089400000, 0x0000000089500000, 0x0000000089500000|100%| O|  |TAMS 0x0000000089500000, 0x0000000089400000| Untracked 
| 149|0x0000000089500000, 0x0000000089600000, 0x0000000089600000|100%| O|  |TAMS 0x0000000089600000, 0x0000000089500000| Untracked 
| 150|0x0000000089600000, 0x0000000089700000, 0x0000000089700000|100%| O|  |TAMS 0x0000000089700000, 0x0000000089600000| Untracked 
| 151|0x0000000089700000, 0x0000000089800000, 0x0000000089800000|100%| O|  |TAMS 0x0000000089800000, 0x0000000089700000| Untracked 
| 152|0x0000000089800000, 0x0000000089900000, 0x0000000089900000|100%| O|  |TAMS 0x0000000089900000, 0x0000000089800000| Untracked 
| 153|0x0000000089900000, 0x0000000089a00000, 0x0000000089a00000|100%| O|  |TAMS 0x0000000089a00000, 0x0000000089900000| Untracked 
| 154|0x0000000089a00000, 0x0000000089b00000, 0x0000000089b00000|100%| O|  |TAMS 0x0000000089a00000, 0x0000000089a00000| Untracked 
| 155|0x0000000089b00000, 0x0000000089c00000, 0x0000000089c00000|100%| O|  |TAMS 0x0000000089b00000, 0x0000000089b00000| Untracked 
| 156|0x0000000089c00000, 0x0000000089c00000, 0x0000000089d00000|  0%| F|  |TAMS 0x0000000089c00000, 0x0000000089c00000| Untracked 
| 157|0x0000000089d00000, 0x0000000089e00000, 0x0000000089e00000|100%| O|  |TAMS 0x0000000089d00000, 0x0000000089d00000| Untracked 
| 158|0x0000000089e00000, 0x0000000089f00000, 0x0000000089f00000|100%| O|  |TAMS 0x0000000089e00000, 0x0000000089e00000| Untracked 
| 159|0x0000000089f00000, 0x000000008a000000, 0x000000008a000000|100%| O|  |TAMS 0x0000000089f00000, 0x0000000089f00000| Untracked 
| 160|0x000000008a000000, 0x000000008a100000, 0x000000008a100000|100%| O|  |TAMS 0x000000008a000000, 0x000000008a000000| Untracked 
| 161|0x000000008a100000, 0x000000008a200000, 0x000000008a200000|100%| O|  |TAMS 0x000000008a100000, 0x000000008a100000| Untracked 
| 162|0x000000008a200000, 0x000000008a300000, 0x000000008a300000|100%| O|  |TAMS 0x000000008a300000, 0x000000008a200000| Untracked 
| 163|0x000000008a300000, 0x000000008a3a7000, 0x000000008a400000| 65%| O|  |TAMS 0x000000008a300000, 0x000000008a300000| Untracked 
| 164|0x000000008a400000, 0x000000008a400000, 0x000000008a500000|  0%| F|  |TAMS 0x000000008a400000, 0x000000008a400000| Untracked 
| 165|0x000000008a500000, 0x000000008a600000, 0x000000008a600000|100%| O|  |TAMS 0x000000008a600000, 0x000000008a500000| Untracked 
| 166|0x000000008a600000, 0x000000008a600000, 0x000000008a700000|  0%| F|  |TAMS 0x000000008a600000, 0x000000008a600000| Untracked 
| 167|0x000000008a700000, 0x000000008a700000, 0x000000008a800000|  0%| F|  |TAMS 0x000000008a700000, 0x000000008a700000| Untracked 
| 168|0x000000008a800000, 0x000000008a800000, 0x000000008a900000|  0%| F|  |TAMS 0x000000008a800000, 0x000000008a800000| Untracked 
| 169|0x000000008a900000, 0x000000008aa00000, 0x000000008aa00000|100%| O|  |TAMS 0x000000008aa00000, 0x000000008a900000| Untracked 
| 170|0x000000008aa00000, 0x000000008aa00000, 0x000000008ab00000|  0%| F|  |TAMS 0x000000008aa00000, 0x000000008aa00000| Untracked 
| 171|0x000000008ab00000, 0x000000008ac00000, 0x000000008ac00000|100%| O|  |TAMS 0x000000008ac00000, 0x000000008ab00000| Untracked 
| 172|0x000000008ac00000, 0x000000008ac00000, 0x000000008ad00000|  0%| F|  |TAMS 0x000000008ac00000, 0x000000008ac00000| Untracked 
| 173|0x000000008ad00000, 0x000000008ad00000, 0x000000008ae00000|  0%| F|  |TAMS 0x000000008ad00000, 0x000000008ad00000| Untracked 
| 174|0x000000008ae00000, 0x000000008af00000, 0x000000008af00000|100%| O|  |TAMS 0x000000008af00000, 0x000000008ae00000| Untracked 
| 175|0x000000008af00000, 0x000000008af00000, 0x000000008b000000|  0%| F|  |TAMS 0x000000008af00000, 0x000000008af00000| Untracked 
| 176|0x000000008b000000, 0x000000008b000000, 0x000000008b100000|  0%| F|  |TAMS 0x000000008b000000, 0x000000008b000000| Untracked 
| 177|0x000000008b100000, 0x000000008b100000, 0x000000008b200000|  0%| F|  |TAMS 0x000000008b100000, 0x000000008b100000| Untracked 
| 178|0x000000008b200000, 0x000000008b300000, 0x000000008b300000|100%| O|  |TAMS 0x000000008b300000, 0x000000008b200000| Untracked 
| 179|0x000000008b300000, 0x000000008b300000, 0x000000008b400000|  0%| F|  |TAMS 0x000000008b300000, 0x000000008b300000| Untracked 
| 180|0x000000008b400000, 0x000000008b400000, 0x000000008b500000|  0%| F|  |TAMS 0x000000008b400000, 0x000000008b400000| Untracked 
| 181|0x000000008b500000, 0x000000008b500000, 0x000000008b600000|  0%| F|  |TAMS 0x000000008b500000, 0x000000008b500000| Untracked 
| 182|0x000000008b600000, 0x000000008b600000, 0x000000008b700000|  0%| F|  |TAMS 0x000000008b600000, 0x000000008b600000| Untracked 
| 183|0x000000008b700000, 0x000000008b700000, 0x000000008b800000|  0%| F|  |TAMS 0x000000008b700000, 0x000000008b700000| Untracked 
| 184|0x000000008b800000, 0x000000008b800000, 0x000000008b900000|  0%| F|  |TAMS 0x000000008b800000, 0x000000008b800000| Untracked 
| 185|0x000000008b900000, 0x000000008b900000, 0x000000008ba00000|  0%| F|  |TAMS 0x000000008b900000, 0x000000008b900000| Untracked 
| 186|0x000000008ba00000, 0x000000008ba00000, 0x000000008bb00000|  0%| F|  |TAMS 0x000000008ba00000, 0x000000008ba00000| Untracked 
| 187|0x000000008bb00000, 0x000000008bb00000, 0x000000008bc00000|  0%| F|  |TAMS 0x000000008bb00000, 0x000000008bb00000| Untracked 
| 188|0x000000008bc00000, 0x000000008bd00000, 0x000000008bd00000|100%| O|  |TAMS 0x000000008bd00000, 0x000000008bc00000| Untracked 
| 189|0x000000008bd00000, 0x000000008bd00000, 0x000000008be00000|  0%| F|  |TAMS 0x000000008bd00000, 0x000000008bd00000| Untracked 
| 190|0x000000008be00000, 0x000000008be00000, 0x000000008bf00000|  0%| F|  |TAMS 0x000000008be00000, 0x000000008be00000| Untracked 
| 191|0x000000008bf00000, 0x000000008c000000, 0x000000008c000000|100%| O|  |TAMS 0x000000008c000000, 0x000000008bf00000| Untracked 
| 192|0x000000008c000000, 0x000000008c000000, 0x000000008c100000|  0%| F|  |TAMS 0x000000008c000000, 0x000000008c000000| Untracked 
| 193|0x000000008c100000, 0x000000008c200000, 0x000000008c200000|100%| O|  |TAMS 0x000000008c200000, 0x000000008c100000| Untracked 
| 194|0x000000008c200000, 0x000000008c200000, 0x000000008c300000|  0%| F|  |TAMS 0x000000008c200000, 0x000000008c200000| Untracked 
| 195|0x000000008c300000, 0x000000008c300000, 0x000000008c400000|  0%| F|  |TAMS 0x000000008c300000, 0x000000008c300000| Untracked 
| 196|0x000000008c400000, 0x000000008c400000, 0x000000008c500000|  0%| F|  |TAMS 0x000000008c400000, 0x000000008c400000| Untracked 
| 197|0x000000008c500000, 0x000000008c500000, 0x000000008c600000|  0%| F|  |TAMS 0x000000008c500000, 0x000000008c500000| Untracked 
| 198|0x000000008c600000, 0x000000008c700000, 0x000000008c700000|100%| O|  |TAMS 0x000000008c700000, 0x000000008c600000| Untracked 
| 199|0x000000008c700000, 0x000000008c700000, 0x000000008c800000|  0%| F|  |TAMS 0x000000008c700000, 0x000000008c700000| Untracked 
| 200|0x000000008c800000, 0x000000008c800000, 0x000000008c900000|  0%| F|  |TAMS 0x000000008c800000, 0x000000008c800000| Untracked 
| 201|0x000000008c900000, 0x000000008c900000, 0x000000008ca00000|  0%| F|  |TAMS 0x000000008c900000, 0x000000008c900000| Untracked 
| 202|0x000000008ca00000, 0x000000008ca00000, 0x000000008cb00000|  0%| F|  |TAMS 0x000000008ca00000, 0x000000008ca00000| Untracked 
| 203|0x000000008cb00000, 0x000000008cb00000, 0x000000008cc00000|  0%| F|  |TAMS 0x000000008cb00000, 0x000000008cb00000| Untracked 
| 204|0x000000008cc00000, 0x000000008cc00000, 0x000000008cd00000|  0%| F|  |TAMS 0x000000008cc00000, 0x000000008cc00000| Untracked 
| 205|0x000000008cd00000, 0x000000008cd00000, 0x000000008ce00000|  0%| F|  |TAMS 0x000000008cd00000, 0x000000008cd00000| Untracked 
| 206|0x000000008ce00000, 0x000000008ce00000, 0x000000008cf00000|  0%| F|  |TAMS 0x000000008ce00000, 0x000000008ce00000| Untracked 
| 207|0x000000008cf00000, 0x000000008cf00000, 0x000000008d000000|  0%| F|  |TAMS 0x000000008cf00000, 0x000000008cf00000| Untracked 
| 208|0x000000008d000000, 0x000000008d000000, 0x000000008d100000|  0%| F|  |TAMS 0x000000008d000000, 0x000000008d000000| Untracked 
| 209|0x000000008d100000, 0x000000008d100000, 0x000000008d200000|  0%| F|  |TAMS 0x000000008d100000, 0x000000008d100000| Untracked 
| 210|0x000000008d200000, 0x000000008d200000, 0x000000008d300000|  0%| F|  |TAMS 0x000000008d200000, 0x000000008d200000| Untracked 
| 211|0x000000008d300000, 0x000000008d300000, 0x000000008d400000|  0%| F|  |TAMS 0x000000008d300000, 0x000000008d300000| Untracked 
| 212|0x000000008d400000, 0x000000008d400000, 0x000000008d500000|  0%| F|  |TAMS 0x000000008d400000, 0x000000008d400000| Untracked 
| 213|0x000000008d500000, 0x000000008d500000, 0x000000008d600000|  0%| F|  |TAMS 0x000000008d500000, 0x000000008d500000| Untracked 
| 214|0x000000008d600000, 0x000000008d600000, 0x000000008d700000|  0%| F|  |TAMS 0x000000008d600000, 0x000000008d600000| Untracked 
| 215|0x000000008d700000, 0x000000008d700000, 0x000000008d800000|  0%| F|  |TAMS 0x000000008d700000, 0x000000008d700000| Untracked 
| 216|0x000000008d800000, 0x000000008d800000, 0x000000008d900000|  0%| F|  |TAMS 0x000000008d800000, 0x000000008d800000| Untracked 
| 217|0x000000008d900000, 0x000000008d900000, 0x000000008da00000|  0%| F|  |TAMS 0x000000008d900000, 0x000000008d900000| Untracked 
| 218|0x000000008da00000, 0x000000008da00000, 0x000000008db00000|  0%| F|  |TAMS 0x000000008da00000, 0x000000008da00000| Untracked 
| 219|0x000000008db00000, 0x000000008db00000, 0x000000008dc00000|  0%| F|  |TAMS 0x000000008db00000, 0x000000008db00000| Untracked 
| 220|0x000000008dc00000, 0x000000008dc00000, 0x000000008dd00000|  0%| F|  |TAMS 0x000000008dc00000, 0x000000008dc00000| Untracked 
| 221|0x000000008dd00000, 0x000000008dd00000, 0x000000008de00000|  0%| F|  |TAMS 0x000000008dd00000, 0x000000008dd00000| Untracked 
| 222|0x000000008de00000, 0x000000008de00000, 0x000000008df00000|  0%| F|  |TAMS 0x000000008de00000, 0x000000008de00000| Untracked 
| 223|0x000000008df00000, 0x000000008df00000, 0x000000008e000000|  0%| F|  |TAMS 0x000000008df00000, 0x000000008df00000| Untracked 
| 224|0x000000008e000000, 0x000000008e000000, 0x000000008e100000|  0%| F|  |TAMS 0x000000008e000000, 0x000000008e000000| Untracked 
| 225|0x000000008e100000, 0x000000008e100000, 0x000000008e200000|  0%| F|  |TAMS 0x000000008e100000, 0x000000008e100000| Untracked 
| 226|0x000000008e200000, 0x000000008e200000, 0x000000008e300000|  0%| F|  |TAMS 0x000000008e200000, 0x000000008e200000| Untracked 
| 227|0x000000008e300000, 0x000000008e300000, 0x000000008e400000|  0%| F|  |TAMS 0x000000008e300000, 0x000000008e300000| Untracked 
| 228|0x000000008e400000, 0x000000008e400000, 0x000000008e500000|  0%| F|  |TAMS 0x000000008e400000, 0x000000008e400000| Untracked 
| 229|0x000000008e500000, 0x000000008e500000, 0x000000008e600000|  0%| F|  |TAMS 0x000000008e500000, 0x000000008e500000| Untracked 
| 230|0x000000008e600000, 0x000000008e600000, 0x000000008e700000|  0%| F|  |TAMS 0x000000008e600000, 0x000000008e600000| Untracked 
| 231|0x000000008e700000, 0x000000008e700000, 0x000000008e800000|  0%| F|  |TAMS 0x000000008e700000, 0x000000008e700000| Untracked 
| 232|0x000000008e800000, 0x000000008e800000, 0x000000008e900000|  0%| F|  |TAMS 0x000000008e800000, 0x000000008e800000| Untracked 
| 233|0x000000008e900000, 0x000000008e900000, 0x000000008ea00000|  0%| F|  |TAMS 0x000000008e900000, 0x000000008e900000| Untracked 
| 234|0x000000008ea00000, 0x000000008ea00000, 0x000000008eb00000|  0%| F|  |TAMS 0x000000008ea00000, 0x000000008ea00000| Untracked 
| 235|0x000000008eb00000, 0x000000008eb00000, 0x000000008ec00000|  0%| F|  |TAMS 0x000000008eb00000, 0x000000008eb00000| Untracked 
| 236|0x000000008ec00000, 0x000000008ec00000, 0x000000008ed00000|  0%| F|  |TAMS 0x000000008ec00000, 0x000000008ec00000| Untracked 
| 237|0x000000008ed00000, 0x000000008ed00000, 0x000000008ee00000|  0%| F|  |TAMS 0x000000008ed00000, 0x000000008ed00000| Untracked 
| 238|0x000000008ee00000, 0x000000008ee00000, 0x000000008ef00000|  0%| F|  |TAMS 0x000000008ee00000, 0x000000008ee00000| Untracked 
| 239|0x000000008ef00000, 0x000000008ef00000, 0x000000008f000000|  0%| F|  |TAMS 0x000000008ef00000, 0x000000008ef00000| Untracked 
| 240|0x000000008f000000, 0x000000008f000000, 0x000000008f100000|  0%| F|  |TAMS 0x000000008f000000, 0x000000008f000000| Untracked 
| 241|0x000000008f100000, 0x000000008f105070, 0x000000008f200000|  1%| E|  |TAMS 0x000000008f100000, 0x000000008f100000| Complete 
| 242|0x000000008f200000, 0x000000008f300000, 0x000000008f300000|100%| E|CS|TAMS 0x000000008f200000, 0x000000008f200000| Complete 
| 243|0x000000008f300000, 0x000000008f400000, 0x000000008f400000|100%| E|CS|TAMS 0x000000008f300000, 0x000000008f300000| Complete 
| 244|0x000000008f400000, 0x000000008f500000, 0x000000008f500000|100%| E|CS|TAMS 0x000000008f400000, 0x000000008f400000| Complete 
| 245|0x000000008f500000, 0x000000008f600000, 0x000000008f600000|100%| E|CS|TAMS 0x000000008f500000, 0x000000008f500000| Complete 
| 246|0x000000008f600000, 0x000000008f700000, 0x000000008f700000|100%| E|CS|TAMS 0x000000008f600000, 0x000000008f600000| Complete 
| 247|0x000000008f700000, 0x000000008f800000, 0x000000008f800000|100%| E|CS|TAMS 0x000000008f700000, 0x000000008f700000| Complete 
| 248|0x000000008f800000, 0x000000008f900000, 0x000000008f900000|100%| E|CS|TAMS 0x000000008f800000, 0x000000008f800000| Complete 
| 249|0x000000008f900000, 0x000000008fa00000, 0x000000008fa00000|100%| E|CS|TAMS 0x000000008f900000, 0x000000008f900000| Complete 
| 250|0x000000008fa00000, 0x000000008fb00000, 0x000000008fb00000|100%| E|CS|TAMS 0x000000008fa00000, 0x000000008fa00000| Complete 
| 251|0x000000008fb00000, 0x000000008fc00000, 0x000000008fc00000|100%| E|CS|TAMS 0x000000008fb00000, 0x000000008fb00000| Complete 
| 252|0x000000008fc00000, 0x000000008fd00000, 0x000000008fd00000|100%| E|CS|TAMS 0x000000008fc00000, 0x000000008fc00000| Complete 
| 253|0x000000008fd00000, 0x000000008fe00000, 0x000000008fe00000|100%| E|CS|TAMS 0x000000008fd00000, 0x000000008fd00000| Complete 
| 254|0x000000008fe00000, 0x000000008ff00000, 0x000000008ff00000|100%| E|CS|TAMS 0x000000008fe00000, 0x000000008fe00000| Complete 
| 255|0x000000008ff00000, 0x0000000090000000, 0x0000000090000000|100%| E|CS|TAMS 0x000000008ff00000, 0x000000008ff00000| Complete 
| 256|0x0000000090000000, 0x00000000900d1340, 0x0000000090100000| 81%| S|CS|TAMS 0x0000000090000000, 0x0000000090000000| Complete 
| 257|0x0000000090100000, 0x0000000090200000, 0x0000000090200000|100%| E|CS|TAMS 0x0000000090100000, 0x0000000090100000| Complete 
| 258|0x0000000090200000, 0x0000000090300000, 0x0000000090300000|100%| E|CS|TAMS 0x0000000090200000, 0x0000000090200000| Complete 
| 259|0x0000000090300000, 0x0000000090400000, 0x0000000090400000|100%| E|CS|TAMS 0x0000000090300000, 0x0000000090300000| Complete 
| 260|0x0000000090400000, 0x0000000090500000, 0x0000000090500000|100%| E|CS|TAMS 0x0000000090400000, 0x0000000090400000| Complete 
| 261|0x0000000090500000, 0x0000000090600000, 0x0000000090600000|100%| E|CS|TAMS 0x0000000090500000, 0x0000000090500000| Complete 
| 262|0x0000000090600000, 0x0000000090700000, 0x0000000090700000|100%| E|CS|TAMS 0x0000000090600000, 0x0000000090600000| Complete 
| 263|0x0000000090700000, 0x0000000090800000, 0x0000000090800000|100%| E|CS|TAMS 0x0000000090700000, 0x0000000090700000| Complete 
| 264|0x0000000090800000, 0x0000000090900000, 0x0000000090900000|100%| E|CS|TAMS 0x0000000090800000, 0x0000000090800000| Complete 
| 265|0x0000000090900000, 0x0000000090a00000, 0x0000000090a00000|100%| E|CS|TAMS 0x0000000090900000, 0x0000000090900000| Complete 
| 266|0x0000000090a00000, 0x0000000090b00000, 0x0000000090b00000|100%| E|CS|TAMS 0x0000000090a00000, 0x0000000090a00000| Complete 
| 267|0x0000000090b00000, 0x0000000090c00000, 0x0000000090c00000|100%| E|CS|TAMS 0x0000000090b00000, 0x0000000090b00000| Complete 

Card table byte_map: [0x000002c178bc0000,0x000002c178fc0000] _byte_map_base: 0x000002c1787c0000

Marking Bits (Prev, Next): (CMBitMap*) 0x000002c1781dfb98, (CMBitMap*) 0x000002c1781dfbd0
 Prev Bits: [0x000002c1793c0000, 0x000002c17b3c0000)
 Next Bits: [0x000002c17b3c0000, 0x000002c17d3c0000)

Polling page: 0x000002c176110000

Metaspace:

Usage:
  Non-class:    113.85 MB capacity,   110.11 MB ( 97%) used,     3.17 MB (  3%) free+waste,   581.38 KB ( <1%) overhead. 
      Class:     17.86 MB capacity,    15.78 MB ( 88%) used,     1.83 MB ( 10%) free+waste,   257.44 KB (  1%) overhead. 
       Both:    131.71 MB capacity,   125.89 MB ( 96%) used,     5.00 MB (  4%) free+waste,   838.81 KB ( <1%) overhead. 

Virtual space:
  Non-class space:      116.00 MB reserved,     114.01 MB ( 98%) committed 
      Class space:      504.00 MB reserved,      17.95 MB (  4%) committed 
             Both:      620.00 MB reserved,     131.96 MB ( 21%) committed 

Chunk freelists:
   Non-Class:  34.00 KB
       Class:  12.00 KB
        Both:  46.00 KB

MaxMetaspaceSize: 512.00 MB
CompressedClassSpaceSize: 504.00 MB
Initial GC threshold: 20.80 MB
Current GC threshold: 215.97 MB
CDS: off

CodeHeap 'non-profiled nmethods': size=120000Kb used=22054Kb max_used=22054Kb free=97946Kb
 bounds [0x000002c110170000, 0x000002c111700000, 0x000002c1176a0000]
CodeHeap 'profiled nmethods': size=120000Kb used=54931Kb max_used=54931Kb free=65068Kb
 bounds [0x000002c108c40000, 0x000002c10c1f0000, 0x000002c110170000]
CodeHeap 'non-nmethods': size=5760Kb used=2421Kb max_used=2504Kb free=3338Kb
 bounds [0x000002c1086a0000, 0x000002c108920000, 0x000002c108c40000]
 total_blobs=26294 nmethods=25344 adapters=859
 compilation: enabled
              stopped_count=0, restarted_count=0
 full_count=0

Compilation events (20 events):
Event: 7790.334 Thread 0x000002c11787f800 nmethod 29102 0x000002c10c1e7290 code [0x000002c10c1e7580, 0x000002c10c1e8668]
Event: 7790.748 Thread 0x000002c11787f800 29103       3       org.gradle.internal.snapshot.AbstractListChildMap$1::getChildMap (5 bytes)
Event: 7790.752 Thread 0x000002c11787f800 nmethod 29103 0x000002c10ad17990 code [0x000002c10ad17b40, 0x000002c10ad17c58]
Event: 7791.426 Thread 0x000002c11787e000 29104       4       java.lang.Throwable::<init> (39 bytes)
Event: 7791.477 Thread 0x000002c11787e000 nmethod 29104 0x000002c1116f4810 code [0x000002c1116f49e0, 0x000002c1116f5228]
Event: 7792.126 Thread 0x000002c11787f800 29105       3       sun.reflect.generics.reflectiveObjects.TypeVariableImpl::equals (67 bytes)
Event: 7792.127 Thread 0x000002c11787f800 nmethod 29105 0x000002c10c1e8c10 code [0x000002c10c1e8e40, 0x000002c10c1e9798]
Event: 7793.675 Thread 0x000002c11787f800 29106       3       java.util.jar.JarFile::runtimeVersion (4 bytes)
Event: 7793.676 Thread 0x000002c11787f800 nmethod 29106 0x000002c1090f0410 code [0x000002c1090f05c0, 0x000002c1090f06b8]
Event: 7796.051 Thread 0x000002c11787e000 29107       4       java.lang.reflect.Method::getTypeParameters (20 bytes)
Event: 7796.178 Thread 0x000002c11787f800 29108       3       java.beans.Introspector::addMethod (196 bytes)
Event: 7796.182 Thread 0x000002c11787f800 nmethod 29108 0x000002c10c1e9990 code [0x000002c10c1e9c20, 0x000002c10c1ea888]
Event: 7796.239 Thread 0x000002c11787e000 nmethod 29107 0x000002c1116f5390 code [0x000002c1116f5840, 0x000002c1116f7c40]
Event: 7796.249 Thread 0x000002c11787e000 29109  s!   4       java.beans.PropertyDescriptor::getWriteMethod (152 bytes)
Event: 7796.251 Thread 0x000002c11787f800 29110       3       groovy.lang.MetaClassImpl::inheritStaticInterfaceFields (126 bytes)
Event: 7796.264 Thread 0x000002c11787f800 nmethod 29110 0x000002c10c1eac90 code [0x000002c10c1eb020, 0x000002c10c1ecc08]
Event: 7796.288 Thread 0x000002c11787f800 29112       3       groovy.lang.MetaClassImpl::getSuperClasses (92 bytes)
Event: 7796.289 Thread 0x000002c11787f800 nmethod 29112 0x000002c10c1ed490 code [0x000002c10c1ed700, 0x000002c10c1ee058]
Event: 7796.294 Thread 0x000002c11787f800 29113       3       java.beans.Introspector::addPropertyDescriptors (37 bytes)
Event: 7796.295 Thread 0x000002c11787f800 nmethod 29113 0x000002c10c1ee410 code [0x000002c10c1ee5e0, 0x000002c10c1ee828]

GC Heap History (20 events):
Event: 7656.320 GC heap before
{Heap before GC invocations=275 (full 0):
 garbage-first heap   total 274432K, used 219347K [0x0000000080000000, 0x0000000100000000)
  region size 1024K, 45 young (46080K), 6 survivors (6144K)
 Metaspace       used 126504K, capacity 132410K, committed 132692K, reserved 632832K
  class space    used 15854K, capacity 17929K, committed 17996K, reserved 516096K
}
Event: 7656.331 GC heap after
{Heap after GC invocations=276 (full 0):
 garbage-first heap   total 274432K, used 189375K [0x0000000080000000, 0x0000000100000000)
  region size 1024K, 6 young (6144K), 6 survivors (6144K)
 Metaspace       used 126504K, capacity 132410K, committed 132692K, reserved 632832K
  class space    used 15854K, capacity 17929K, committed 17996K, reserved 516096K
}
Event: 7656.366 GC heap before
{Heap before GC invocations=276 (full 0):
 garbage-first heap   total 274432K, used 195519K [0x0000000080000000, 0x0000000100000000)
  region size 1024K, 13 young (13312K), 6 survivors (6144K)
 Metaspace       used 126510K, capacity 132410K, committed 132692K, reserved 632832K
  class space    used 15854K, capacity 17929K, committed 17996K, reserved 516096K
}
Event: 7656.393 GC heap after
{Heap after GC invocations=277 (full 0):
 garbage-first heap   total 274432K, used 172422K [0x0000000080000000, 0x0000000100000000)
  region size 1024K, 2 young (2048K), 2 survivors (2048K)
 Metaspace       used 126510K, capacity 132410K, committed 132692K, reserved 632832K
  class space    used 15854K, capacity 17929K, committed 17996K, reserved 516096K
}
Event: 7656.472 GC heap before
{Heap before GC invocations=277 (full 0):
 garbage-first heap   total 274432K, used 183686K [0x0000000080000000, 0x0000000100000000)
  region size 1024K, 13 young (13312K), 2 survivors (2048K)
 Metaspace       used 126527K, capacity 132413K, committed 132692K, reserved 632832K
  class space    used 15854K, capacity 17929K, committed 17996K, reserved 516096K
}
Event: 7656.481 GC heap after
{Heap after GC invocations=278 (full 0):
 garbage-first heap   total 274432K, used 172090K [0x0000000080000000, 0x0000000100000000)
  region size 1024K, 2 young (2048K), 2 survivors (2048K)
 Metaspace       used 126527K, capacity 132413K, committed 132692K, reserved 632832K
  class space    used 15854K, capacity 17929K, committed 17996K, reserved 516096K
}
Event: 7660.020 GC heap before
{Heap before GC invocations=278 (full 0):
 garbage-first heap   total 274432K, used 215098K [0x0000000080000000, 0x0000000100000000)
  region size 1024K, 45 young (46080K), 2 survivors (2048K)
 Metaspace       used 126545K, capacity 132417K, committed 132692K, reserved 632832K
  class space    used 15854K, capacity 17929K, committed 17996K, reserved 516096K
}
Event: 7660.039 GC heap after
{Heap after GC invocations=279 (full 0):
 garbage-first heap   total 274432K, used 179317K [0x0000000080000000, 0x0000000100000000)
  region size 1024K, 6 young (6144K), 6 survivors (6144K)
 Metaspace       used 126545K, capacity 132417K, committed 132692K, reserved 632832K
  class space    used 15854K, capacity 17929K, committed 17996K, reserved 516096K
}
Event: 7660.216 GC heap before
{Heap before GC invocations=280 (full 0):
 garbage-first heap   total 274432K, used 219253K [0x0000000080000000, 0x0000000100000000)
  region size 1024K, 47 young (48128K), 6 survivors (6144K)
 Metaspace       used 126610K, capacity 132545K, committed 132692K, reserved 632832K
  class space    used 15854K, capacity 17929K, committed 17996K, reserved 516096K
}
Event: 7660.225 GC heap after
{Heap after GC invocations=281 (full 0):
 garbage-first heap   total 274432K, used 185092K [0x0000000080000000, 0x0000000100000000)
  region size 1024K, 6 young (6144K), 6 survivors (6144K)
 Metaspace       used 126610K, capacity 132545K, committed 132692K, reserved 632832K
  class space    used 15854K, capacity 17929K, committed 17996K, reserved 516096K
}
Event: 7660.295 GC heap before
{Heap before GC invocations=281 (full 0):
 garbage-first heap   total 274432K, used 192260K [0x0000000080000000, 0x0000000100000000)
  region size 1024K, 13 young (13312K), 6 survivors (6144K)
 Metaspace       used 126612K, capacity 132545K, committed 132692K, reserved 632832K
  class space    used 15854K, capacity 17929K, committed 17996K, reserved 516096K
}
Event: 7660.305 GC heap after
{Heap after GC invocations=282 (full 0):
 garbage-first heap   total 274432K, used 164610K [0x0000000080000000, 0x0000000100000000)
  region size 1024K, 2 young (2048K), 2 survivors (2048K)
 Metaspace       used 126612K, capacity 132545K, committed 132692K, reserved 632832K
  class space    used 15854K, capacity 17929K, committed 17996K, reserved 516096K
}
Event: 7660.368 GC heap before
{Heap before GC invocations=282 (full 0):
 garbage-first heap   total 274432K, used 175874K [0x0000000080000000, 0x0000000100000000)
  region size 1024K, 13 young (13312K), 2 survivors (2048K)
 Metaspace       used 126618K, capacity 132546K, committed 132692K, reserved 632832K
  class space    used 15854K, capacity 17929K, committed 17996K, reserved 516096K
}
Event: 7660.385 GC heap after
{Heap after GC invocations=283 (full 0):
 garbage-first heap   total 274432K, used 166273K [0x0000000080000000, 0x0000000100000000)
  region size 1024K, 2 young (2048K), 2 survivors (2048K)
 Metaspace       used 126618K, capacity 132546K, committed 132692K, reserved 632832K
  class space    used 15854K, capacity 17929K, committed 17996K, reserved 516096K
}
Event: 7660.549 GC heap before
{Heap before GC invocations=283 (full 0):
 garbage-first heap   total 274432K, used 212353K [0x0000000080000000, 0x0000000100000000)
  region size 1024K, 47 young (48128K), 2 survivors (2048K)
 Metaspace       used 126629K, capacity 132548K, committed 132692K, reserved 632832K
  class space    used 15854K, capacity 17929K, committed 17996K, reserved 516096K
}
Event: 7660.562 GC heap after
{Heap after GC invocations=284 (full 0):
 garbage-first heap   total 274432K, used 172797K [0x0000000080000000, 0x0000000100000000)
  region size 1024K, 6 young (6144K), 6 survivors (6144K)
 Metaspace       used 126629K, capacity 132548K, committed 132692K, reserved 632832K
  class space    used 15854K, capacity 17929K, committed 17996K, reserved 516096K
}
Event: 7773.035 GC heap before
{Heap before GC invocations=285 (full 0):
 garbage-first heap   total 274432K, used 217853K [0x0000000080000000, 0x0000000100000000)
  region size 1024K, 50 young (51200K), 6 survivors (6144K)
 Metaspace       used 126682K, capacity 132596K, committed 132692K, reserved 632832K
  class space    used 15858K, capacity 17963K, committed 17996K, reserved 516096K
}
Event: 7773.242 GC heap after
{Heap after GC invocations=286 (full 0):
 garbage-first heap   total 274432K, used 174326K [0x0000000080000000, 0x0000000100000000)
  region size 1024K, 2 young (2048K), 2 survivors (2048K)
 Metaspace       used 126682K, capacity 132596K, committed 132692K, reserved 632832K
  class space    used 15858K, capacity 17963K, committed 17996K, reserved 516096K
}
Event: 7783.421 GC heap before
{Heap before GC invocations=286 (full 0):
 garbage-first heap   total 274432K, used 184566K [0x0000000080000000, 0x0000000100000000)
  region size 1024K, 13 young (13312K), 2 survivors (2048K)
 Metaspace       used 126698K, capacity 132601K, committed 132692K, reserved 632832K
  class space    used 15858K, capacity 17963K, committed 17996K, reserved 516096K
}
Event: 7783.648 GC heap after
{Heap after GC invocations=287 (full 0):
 garbage-first heap   total 274432K, used 172512K [0x0000000080000000, 0x0000000100000000)
  region size 1024K, 1 young (1024K), 1 survivors (1024K)
 Metaspace       used 126698K, capacity 132601K, committed 132692K, reserved 632832K
  class space    used 15858K, capacity 17963K, committed 17996K, reserved 516096K
}

Deoptimization events (20 events):
Event: 7741.987 Thread 0x000002c120f91000 Uncommon trap: trap_request=0xffffff4d fr.pc=0x000002c111051a34 relative=0x0000000000000574
Event: 7741.987 Thread 0x000002c120f91000 Uncommon trap: reason=unstable_if action=reinterpret pc=0x000002c111051a34 method=java.lang.Long.getChars(JI[B)I @ 6 c2
Event: 7741.987 Thread 0x000002c120f91000 DEOPT PACKING pc=0x000002c111051a34 sp=0x000000d518cff0c0
Event: 7742.019 Thread 0x000002c120f91000 DEOPT UNPACKING pc=0x000002c1086ea1af sp=0x000000d518cff038 mode 2
Event: 7742.019 Thread 0x000002c120f91000 Uncommon trap: trap_request=0xffffff4d fr.pc=0x000002c111051224 relative=0x0000000000000184
Event: 7742.019 Thread 0x000002c120f91000 Uncommon trap: reason=unstable_if action=reinterpret pc=0x000002c111051224 method=java.lang.Long.stringSize(J)I @ 5 c2
Event: 7742.019 Thread 0x000002c120f91000 DEOPT PACKING pc=0x000002c111051224 sp=0x000000d518cff0d0
Event: 7742.019 Thread 0x000002c120f91000 DEOPT UNPACKING pc=0x000002c1086ea1af sp=0x000000d518cff050 mode 2
Event: 7773.421 Thread 0x000002c11913e800 Uncommon trap: trap_request=0xfffffff4 fr.pc=0x000002c1109aab24 relative=0x0000000000000084
Event: 7773.421 Thread 0x000002c11913e800 Uncommon trap: reason=null_check action=make_not_entrant pc=0x000002c1109aab24 method=java.lang.Integer.equals(Ljava/lang/Object;)Z @ 1 c2
Event: 7773.421 Thread 0x000002c11913e800 DEOPT PACKING pc=0x000002c1109aab24 sp=0x000000d5170f8df0
Event: 7773.422 Thread 0x000002c11913e800 DEOPT UNPACKING pc=0x000002c1086ea1af sp=0x000000d5170f8d90 mode 2
Event: 7784.066 Thread 0x000002c11909f000 Uncommon trap: trap_request=0xffffff4d fr.pc=0x000002c11094e96c relative=0x000000000000016c
Event: 7784.066 Thread 0x000002c11909f000 Uncommon trap: reason=unstable_if action=reinterpret pc=0x000002c11094e96c method=org.gradle.cache.internal.LockOnDemandCrossProcessCacheAccess.decrementLockCount()V @ 54 c2
Event: 7784.066 Thread 0x000002c11909f000 DEOPT PACKING pc=0x000002c11094e96c sp=0x000000d5185feef0
Event: 7784.069 Thread 0x000002c11909f000 DEOPT UNPACKING pc=0x000002c1086ea1af sp=0x000000d5185feed0 mode 2
Event: 7789.445 Thread 0x000002c118501000 DEOPT PACKING pc=0x000002c10aac1ad9 sp=0x000000d51b8fe830
Event: 7789.447 Thread 0x000002c118501000 DEOPT UNPACKING pc=0x000002c1086ea95e sp=0x000000d51b8fde30 mode 0
Event: 7789.504 Thread 0x000002c11913e800 DEOPT PACKING pc=0x000002c10aac1ad9 sp=0x000000d5170f78f0
Event: 7789.505 Thread 0x000002c11913e800 DEOPT UNPACKING pc=0x000002c1086ea95e sp=0x000000d5170f6ef0 mode 0

Classes redefined (0 events):
No events

Internal exceptions (20 events):
Event: 7660.685 Thread 0x000002c11fad5000 Exception <a 'sun/nio/fs/WindowsException'{0x000000008f005920}> (0x000000008f005920) thrown at [./src/hotspot/share/prims/jni.cpp, line 617]
Event: 7660.686 Thread 0x000002c11fad5000 Exception <a 'sun/nio/fs/WindowsException'{0x000000008f038e28}> (0x000000008f038e28) thrown at [./src/hotspot/share/prims/jni.cpp, line 617]
Event: 7736.353 Thread 0x000002c11913e800 Exception <a 'java/lang/ClassNotFoundException'{0x000000008e53e8f8}: java/lang/ExceptionBeanInfo> (0x000000008e53e8f8) thrown at [./src/hotspot/share/classfile/systemDictionary.cpp, line 230]
Event: 7736.360 Thread 0x000002c11913e800 Exception <a 'java/lang/ClassNotFoundException'{0x000000008e543af0}: java/lang/ThrowableBeanInfo> (0x000000008e543af0) thrown at [./src/hotspot/share/classfile/systemDictionary.cpp, line 230]
Event: 7736.364 Thread 0x000002c11913e800 Exception <a 'java/lang/ClassNotFoundException'{0x000000008e548a10}: java/lang/ThrowableCustomizer> (0x000000008e548a10) thrown at [./src/hotspot/share/classfile/systemDictionary.cpp, line 230]
Event: 7736.419 Thread 0x000002c11913e800 Implicit null exception at 0x000002c1106dff45 to 0x000002c1106e57b4
Event: 7737.292 Thread 0x000002c11913e800 Exception <a 'java/lang/ClassNotFoundException'{0x000000008e559480}: java/lang/ExceptionCustomizer> (0x000000008e559480) thrown at [./src/hotspot/share/classfile/systemDictionary.cpp, line 230]
Event: 7773.421 Thread 0x000002c11913e800 Implicit null exception at 0x000002c1109aaacc to 0x000002c1109aab14
Event: 7795.975 Thread 0x000002c11913e800 Exception <a 'java/lang/ClassNotFoundException'{0x000000008f5fc000}: org/jetbrains/kotlin/gradle/targets/js/npm/DefaultNpmDependencyExtensionBeanInfo> (0x000000008f5fc000) thrown at [./src/hotspot/share/classfile/systemDictionary.cpp, line 230]
Event: 7795.984 Thread 0x000002c11913e800 Exception <a 'java/lang/ClassNotFoundException'{0x000000008f417d10}: org/jetbrains/kotlin/gradle/targets/js/npm/DefaultNpmDependencyExtensionCustomizer> (0x000000008f417d10) thrown at [./src/hotspot/share/classfile/systemDictionary.cpp, line 230]
Event: 7796.174 Thread 0x000002c11913e800 Exception <a 'java/lang/ClassNotFoundException'{0x000000008f4f3e88}: org/jetbrains/kotlin/gradle/targets/js/npm/NpmDependencyExtensionKt$defaultNpmDependencyDelegate$1BeanInfo> (0x000000008f4f3e88) thrown at [./src/hotspot/share/classfile/systemDictionary.cpp, line 230]
Event: 7796.176 Thread 0x000002c11913e800 Exception <a 'java/lang/ClassNotFoundException'{0x000000008f4fe9e0}: org/jetbrains/kotlin/gradle/targets/js/npm/NpmDependencyExtensionDelegateBeanInfo> (0x000000008f4fe9e0) thrown at [./src/hotspot/share/classfile/systemDictionary.cpp, line 230]
Event: 7796.177 Thread 0x000002c11913e800 Exception <a 'java/lang/ClassNotFoundException'{0x000000008f30b018}: org/jetbrains/kotlin/gradle/targets/js/npm/NpmDependencyExtensionDelegateCustomizer> (0x000000008f30b018) thrown at [./src/hotspot/share/classfile/systemDictionary.cpp, line 230]
Event: 7796.195 Thread 0x000002c11913e800 Exception <a 'java/lang/ClassNotFoundException'{0x000000008f32fb68}: org/jetbrains/kotlin/gradle/targets/js/npm/NpmDependencyExtensionKt$defaultNpmDependencyDelegate$1Customizer> (0x000000008f32fb68) thrown at [./src/hotspot/share/classfile/systemDictionary.cpp, line 230]
Event: 7796.244 Thread 0x000002c11913e800 Exception <a 'java/lang/ClassNotFoundException'{0x000000008f36d9b8}: org/jetbrains/kotlin/gradle/targets/js/npm/DefaultDevNpmDependencyExtensionBeanInfo> (0x000000008f36d9b8) thrown at [./src/hotspot/share/classfile/systemDictionary.cpp, line 230]
Event: 7796.246 Thread 0x000002c11913e800 Exception <a 'java/lang/ClassNotFoundException'{0x000000008f3787f8}: org/jetbrains/kotlin/gradle/targets/js/npm/DefaultDevNpmDependencyExtensionCustomizer> (0x000000008f3787f8) thrown at [./src/hotspot/share/classfile/systemDictionary.cpp, line 230]
Event: 7796.276 Thread 0x000002c11913e800 Exception <a 'java/lang/ClassNotFoundException'{0x000000008f3bf758}: org/jetbrains/kotlin/gradle/targets/js/npm/DefaultPeerNpmDependencyExtensionBeanInfo> (0x000000008f3bf758) thrown at [./src/hotspot/share/classfile/systemDictionary.cpp, line 230]
Event: 7796.281 Thread 0x000002c11913e800 Exception <a 'java/lang/ClassNotFoundException'{0x000000008f3ca5a0}: org/jetbrains/kotlin/gradle/targets/js/npm/DefaultPeerNpmDependencyExtensionCustomizer> (0x000000008f3ca5a0) thrown at [./src/hotspot/share/classfile/systemDictionary.cpp, line 230]
Event: 7796.291 Thread 0x000002c11913e800 Exception <a 'java/lang/ClassNotFoundException'{0x000000008f216610}: org/jetbrains/kotlin/gradle/targets/js/npm/DefaultPeerNpmDependencyExtension$delegate$1BeanInfo> (0x000000008f216610) thrown at [./src/hotspot/share/classfile/systemDictionary.cpp, line 230]
Event: 7796.294 Thread 0x000002c11913e800 Exception <a 'java/lang/ClassNotFoundException'{0x000000008f221830}: org/jetbrains/kotlin/gradle/targets/js/npm/DefaultPeerNpmDependencyExtension$delegate$1Customizer> (0x000000008f221830) thrown at [./src/hotspot/share/classfile/systemDictionary.cpp, line 230]

Events (20 events):
Event: 7796.195 loading class org/jetbrains/kotlin/gradle/targets/js/npm/NpmDependencyExtensionKt$defaultNpmDependencyDelegate$1Customizer
Event: 7796.195 loading class org/jetbrains/kotlin/gradle/targets/js/npm/NpmDependencyExtensionKt$defaultNpmDependencyDelegate$1Customizer done
Event: 7796.232 loading class groovy/runtime/metaclass/org/jetbrains/kotlin/gradle/targets/js/npm/DefaultDevNpmDependencyExtensionMetaClass
Event: 7796.232 loading class groovy/runtime/metaclass/org/jetbrains/kotlin/gradle/targets/js/npm/DefaultDevNpmDependencyExtensionMetaClass done
Event: 7796.241 loading class org/jetbrains/kotlin/gradle/targets/js/npm/DefaultDevNpmDependencyExtensionBeanInfo
Event: 7796.241 loading class org/jetbrains/kotlin/gradle/targets/js/npm/DefaultDevNpmDependencyExtensionBeanInfo done
Event: 7796.246 loading class org/jetbrains/kotlin/gradle/targets/js/npm/DefaultDevNpmDependencyExtensionCustomizer
Event: 7796.246 loading class org/jetbrains/kotlin/gradle/targets/js/npm/DefaultDevNpmDependencyExtensionCustomizer done
Event: 7796.261 loading class groovy/runtime/metaclass/org/jetbrains/kotlin/gradle/targets/js/npm/DefaultPeerNpmDependencyExtensionMetaClass
Event: 7796.261 loading class groovy/runtime/metaclass/org/jetbrains/kotlin/gradle/targets/js/npm/DefaultPeerNpmDependencyExtensionMetaClass done
Event: 7796.276 loading class org/jetbrains/kotlin/gradle/targets/js/npm/DefaultPeerNpmDependencyExtensionBeanInfo
Event: 7796.276 loading class org/jetbrains/kotlin/gradle/targets/js/npm/DefaultPeerNpmDependencyExtensionBeanInfo done
Event: 7796.281 loading class org/jetbrains/kotlin/gradle/targets/js/npm/DefaultPeerNpmDependencyExtensionCustomizer
Event: 7796.281 loading class org/jetbrains/kotlin/gradle/targets/js/npm/DefaultPeerNpmDependencyExtensionCustomizer done
Event: 7796.287 loading class groovy/runtime/metaclass/org/jetbrains/kotlin/gradle/targets/js/npm/DefaultPeerNpmDependencyExtension$delegate$1MetaClass
Event: 7796.287 loading class groovy/runtime/metaclass/org/jetbrains/kotlin/gradle/targets/js/npm/DefaultPeerNpmDependencyExtension$delegate$1MetaClass done
Event: 7796.291 loading class org/jetbrains/kotlin/gradle/targets/js/npm/DefaultPeerNpmDependencyExtension$delegate$1BeanInfo
Event: 7796.291 loading class org/jetbrains/kotlin/gradle/targets/js/npm/DefaultPeerNpmDependencyExtension$delegate$1BeanInfo done
Event: 7796.294 loading class org/jetbrains/kotlin/gradle/targets/js/npm/DefaultPeerNpmDependencyExtension$delegate$1Customizer
Event: 7796.294 loading class org/jetbrains/kotlin/gradle/targets/js/npm/DefaultPeerNpmDependencyExtension$delegate$1Customizer done


Dynamic libraries:
0x00007ff6c75f0000 - 0x00007ff6c75fd000 	C:\Program Files\Microsoft\jdk-11.0.18.10-hotspot\bin\java.exe
0x00007ffbf5510000 - 0x00007ffbf5727000 	C:\WINDOWS\SYSTEM32\ntdll.dll
0x00007ffbf4b60000 - 0x00007ffbf4c24000 	C:\WINDOWS\System32\KERNEL32.DLL
0x00007ffbf28b0000 - 0x00007ffbf2c55000 	C:\WINDOWS\System32\KERNELBASE.dll
0x00007ffbf2d80000 - 0x00007ffbf2e91000 	C:\WINDOWS\System32\ucrtbase.dll
0x00007ffbc4bd0000 - 0x00007ffbc4be5000 	C:\Program Files\Microsoft\jdk-11.0.18.10-hotspot\bin\VCRUNTIME140.dll
0x00007ffbc44f0000 - 0x00007ffbc4507000 	C:\Program Files\Microsoft\jdk-11.0.18.10-hotspot\bin\jli.dll
0x00007ffbf4c30000 - 0x00007ffbf4dde000 	C:\WINDOWS\System32\USER32.dll
0x00007ffbd61e0000 - 0x00007ffbd6473000 	C:\WINDOWS\WinSxS\amd64_microsoft.windows.common-controls_6595b64144ccf1df_6.0.22621.2506_none_270c5ae97388e100\COMCTL32.dll
0x00007ffbf2880000 - 0x00007ffbf28a6000 	C:\WINDOWS\System32\win32u.dll
0x00007ffbf53d0000 - 0x00007ffbf5477000 	C:\WINDOWS\System32\msvcrt.dll
0x00007ffbf4020000 - 0x00007ffbf4049000 	C:\WINDOWS\System32\GDI32.dll
0x00007ffbf2c60000 - 0x00007ffbf2d79000 	C:\WINDOWS\System32\gdi32full.dll
0x00007ffbf3050000 - 0x00007ffbf30ea000 	C:\WINDOWS\System32\msvcp_win.dll
0x00007ffbf4b20000 - 0x00007ffbf4b51000 	C:\WINDOWS\System32\IMM32.DLL
0x00007ffbb0b70000 - 0x00007ffbb0c0b000 	C:\Program Files\Microsoft\jdk-11.0.18.10-hotspot\bin\msvcp140.dll
0x00007ffb22ac0000 - 0x00007ffb23652000 	C:\Program Files\Microsoft\jdk-11.0.18.10-hotspot\bin\server\jvm.dll
0x00007ffbf33a0000 - 0x00007ffbf3451000 	C:\WINDOWS\System32\ADVAPI32.dll
0x00007ffbf5080000 - 0x00007ffbf5126000 	C:\WINDOWS\System32\sechost.dll
0x00007ffbf4580000 - 0x00007ffbf4697000 	C:\WINDOWS\System32\RPCRT4.dll
0x00007ffbf3270000 - 0x00007ffbf3278000 	C:\WINDOWS\System32\PSAPI.DLL
0x00007ffbd0d10000 - 0x00007ffbd0d19000 	C:\WINDOWS\SYSTEM32\WSOCK32.dll
0x00007ffbeb4e0000 - 0x00007ffbeb514000 	C:\WINDOWS\SYSTEM32\WINMM.dll
0x00007ffbe97c0000 - 0x00007ffbe97ca000 	C:\WINDOWS\SYSTEM32\VERSION.dll
0x00007ffbf4a90000 - 0x00007ffbf4b01000 	C:\WINDOWS\System32\WS2_32.dll
0x00007ffbf17e0000 - 0x00007ffbf17f8000 	C:\WINDOWS\SYSTEM32\kernel.appcore.dll
0x00007ffbeddc0000 - 0x00007ffbeddd0000 	C:\Program Files\Microsoft\jdk-11.0.18.10-hotspot\bin\verify.dll
0x00007ffbdf350000 - 0x00007ffbdf583000 	C:\WINDOWS\SYSTEM32\DBGHELP.DLL
0x00007ffbf4700000 - 0x00007ffbf4a89000 	C:\WINDOWS\System32\combase.dll
0x00007ffbf32c0000 - 0x00007ffbf3397000 	C:\WINDOWS\System32\OLEAUT32.dll
0x00007ffbd2390000 - 0x00007ffbd23c2000 	C:\WINDOWS\SYSTEM32\dbgcore.DLL
0x00007ffbf2ea0000 - 0x00007ffbf2f1a000 	C:\WINDOWS\System32\bcryptPrimitives.dll
0x00007ffbcf200000 - 0x00007ffbcf228000 	C:\Program Files\Microsoft\jdk-11.0.18.10-hotspot\bin\java.dll
0x00007ffbe91e0000 - 0x00007ffbe91ea000 	C:\Program Files\Microsoft\jdk-11.0.18.10-hotspot\bin\jimage.dll
0x00007ffbc3eb0000 - 0x00007ffbc3ec8000 	C:\Program Files\Microsoft\jdk-11.0.18.10-hotspot\bin\zip.dll
0x00007ffbf37c0000 - 0x00007ffbf4019000 	C:\WINDOWS\System32\SHELL32.dll
0x00007ffbf0750000 - 0x00007ffbf1044000 	C:\WINDOWS\SYSTEM32\windows.storage.dll
0x00007ffbf0610000 - 0x00007ffbf074e000 	C:\WINDOWS\SYSTEM32\wintypes.dll
0x00007ffbf3460000 - 0x00007ffbf3553000 	C:\WINDOWS\System32\SHCORE.dll
0x00007ffbf5370000 - 0x00007ffbf53ce000 	C:\WINDOWS\System32\shlwapi.dll
0x00007ffbf27b0000 - 0x00007ffbf27d6000 	C:\WINDOWS\SYSTEM32\profapi.dll
0x00007ffbd2ed0000 - 0x00007ffbd2ee9000 	C:\Program Files\Microsoft\jdk-11.0.18.10-hotspot\bin\net.dll
0x00007ffbebb60000 - 0x00007ffbebc97000 	C:\WINDOWS\SYSTEM32\WINHTTP.dll
0x00007ffbf1cc0000 - 0x00007ffbf1d29000 	C:\WINDOWS\system32\mswsock.dll
0x00007ffbc48a0000 - 0x00007ffbc48b3000 	C:\Program Files\Microsoft\jdk-11.0.18.10-hotspot\bin\nio.dll
0x00007ffbc4ce0000 - 0x00007ffbc4d07000 	C:\Users\HP\.gradle\native\68d5fa5c4cc2d200863cafc0d521ce42e7d3e7ee720ec0a83991735586a16f82\windows-amd64\native-platform.dll
0x00007ffbae910000 - 0x00007ffbaea54000 	C:\Users\HP\.gradle\native\e376f236ea51e6404a007f0833ffe2c6e607c4080706a723a18a27aeea778392\windows-amd64\native-platform-file-events.dll
0x00007ffbd3850000 - 0x00007ffbd3859000 	C:\Program Files\Microsoft\jdk-11.0.18.10-hotspot\bin\management.dll
0x00007ffbd16b0000 - 0x00007ffbd16bb000 	C:\Program Files\Microsoft\jdk-11.0.18.10-hotspot\bin\management_ext.dll
0x00007ffbf1ef0000 - 0x00007ffbf1f0b000 	C:\WINDOWS\SYSTEM32\CRYPTSP.dll
0x00007ffbf17a0000 - 0x00007ffbf17d5000 	C:\WINDOWS\system32\rsaenh.dll
0x00007ffbf1d80000 - 0x00007ffbf1dac000 	C:\WINDOWS\SYSTEM32\USERENV.dll
0x00007ffbf2140000 - 0x00007ffbf2168000 	C:\WINDOWS\SYSTEM32\bcrypt.dll
0x00007ffbf1ee0000 - 0x00007ffbf1eec000 	C:\WINDOWS\SYSTEM32\CRYPTBASE.dll
0x00007ffbf12f0000 - 0x00007ffbf131d000 	C:\WINDOWS\SYSTEM32\IPHLPAPI.DLL
0x00007ffbf5130000 - 0x00007ffbf5139000 	C:\WINDOWS\System32\NSI.dll
0x00007ffbebf30000 - 0x00007ffbebf49000 	C:\WINDOWS\SYSTEM32\dhcpcsvc6.DLL
0x00007ffbebac0000 - 0x00007ffbebadf000 	C:\WINDOWS\SYSTEM32\dhcpcsvc.DLL
0x00007ffbf1320000 - 0x00007ffbf1419000 	C:\WINDOWS\SYSTEM32\DNSAPI.dll
0x00007ffbd53e0000 - 0x00007ffbd53ea000 	C:\Windows\System32\rasadhlp.dll
0x00007ffbea2b0000 - 0x00007ffbea333000 	C:\WINDOWS\System32\fwpuclnt.dll

dbghelp: loaded successfully - version: 4.0.5 - missing functions: none
symbol engine: initialized successfully - sym options: 0x614 - pdb path: .;C:\Program Files\Microsoft\jdk-11.0.18.10-hotspot\bin;C:\WINDOWS\SYSTEM32;C:\WINDOWS\WinSxS\amd64_microsoft.windows.common-controls_6595b64144ccf1df_6.0.22621.2506_none_270c5ae97388e100;C:\Program Files\Microsoft\jdk-11.0.18.10-hotspot\bin\server;C:\Users\HP\.gradle\native\68d5fa5c4cc2d200863cafc0d521ce42e7d3e7ee720ec0a83991735586a16f82\windows-amd64;C:\Users\HP\.gradle\native\e376f236ea51e6404a007f0833ffe2c6e607c4080706a723a18a27aeea778392\windows-amd64

VM Arguments:
jvm_args: -XX:MaxMetaspaceSize=512m --add-opens=java.base/java.util=ALL-UNNAMED --add-opens=java.base/java.lang=ALL-UNNAMED --add-opens=java.base/java.lang.invoke=ALL-UNNAMED --add-opens=java.prefs/java.util.prefs=ALL-UNNAMED --add-opens=java.base/java.nio.charset=ALL-UNNAMED --add-opens=java.base/java.net=ALL-UNNAMED --add-opens=java.base/java.util.concurrent.atomic=ALL-UNNAMED -Xmx2048m -Dfile.encoding=windows-1252 -Duser.country=IN -Duser.language=en -Duser.variant 
java_command: org.gradle.launcher.daemon.bootstrap.GradleDaemon 8.0.1
java_class_path (initial): C:\Users\HP\.gradle\wrapper\dists\gradle-8.0.1-all\aro4hu1c3oeioove7l0i4i14o\gradle-8.0.1\lib\gradle-launcher-8.0.1.jar
Launcher Type: SUN_STANDARD

[Global flags]
     intx CICompilerCount                          = 4                                         {product} {ergonomic}
   size_t CompressedClassSpaceSize                 = 528482304                                 {product} {ergonomic}
     uint ConcGCThreads                            = 3                                         {product} {ergonomic}
     uint G1ConcRefinementThreads                  = 10                                        {product} {ergonomic}
   size_t G1HeapRegionSize                         = 1048576                                   {product} {ergonomic}
    uintx GCDrainStackTargetSize                   = 64                                        {product} {ergonomic}
   size_t InitialHeapSize                          = 123731968                                 {product} {ergonomic}
   size_t MarkStackSize                            = 4194304                                   {product} {ergonomic}
   size_t MaxHeapSize                              = 2147483648                                {product} {command line}
   size_t MaxMetaspaceSize                         = 536870912                                 {product} {command line}
   size_t MaxNewSize                               = 1287651328                                {product} {ergonomic}
   size_t MinHeapDeltaBytes                        = 1048576                                   {product} {ergonomic}
    uintx NonNMethodCodeHeapSize                   = 5836300                                {pd product} {ergonomic}
    uintx NonProfiledCodeHeapSize                  = 122910970                              {pd product} {ergonomic}
    uintx ProfiledCodeHeapSize                     = 122910970                              {pd product} {ergonomic}
    uintx ReservedCodeCacheSize                    = 251658240                              {pd product} {ergonomic}
     bool SegmentedCodeCache                       = true                                      {product} {ergonomic}
     bool UseCompressedClassPointers               = true                                 {lp64_product} {ergonomic}
     bool UseCompressedOops                        = true                                 {lp64_product} {ergonomic}
     bool UseG1GC                                  = true                                      {product} {ergonomic}
     bool UseLargePagesIndividualAllocation        = false                                  {pd product} {ergonomic}

Logging:
Log output configuration:
 #0: stdout all=warning uptime,level,tags
 #1: stderr all=off uptime,level,tags

Environment Variables:
JAVA_HOME=C:\Program Files\Microsoft\jdk-11.0.18.10-hotspot\
CLASSPATH=D:\Krishimitra\Frontend\android\\gradle\wrapper\gradle-wrapper.jar
PATH=D:\Krishimitra\Frontend\node_modules\.bin;D:\Krishimitra\Frontend\node_modules\.bin;D:\Krishimitra\node_modules\.bin;D:\node_modules\.bin;C:\Program Files\nodejs\node_modules\npm\node_modules\@npmcli\run-script\lib\node-gyp-bin;C:\Program Files\BraveSoftware\Brave-Browser\Application;C:\Program Files\Python311\Scripts\;C:\Program Files\Python311\;C:\Program Files\Microsoft\jdk-11.0.18.10-hotspot\bin;C:\Program Files\Python310\Scripts\;C:\Program Files\Python310\;C:\windows\system32;C:\windows;C:\windows\System32\Wbem;C:\windows\System32\WindowsPowerShell\v1.0\;C:\windows\System32\OpenSSH\;C:\Program Files (x86)\NVIDIA Corporation\PhysX\Common;C:\Program Files\NVIDIA Corporation\NVIDIA NvDLISR;C:\WINDOWS\system32;C:\WINDOWS;C:\WINDOWS\System32\Wbem;C:\WINDOWS\System32\WindowsPowerShell\v1.0\;C:\WINDOWS\System32\OpenSSH\;C:\MinGW\bin;C:\ProgramData\chocolatey\bin;C:\Program Files\nodejs\;C:\Program Files\Git\cmd;C:\Program Files\Cloudflare\Cloudflare WARP\;C:\Users\HP\AppData\Local\Microsoft\WindowsApps;C:\Users\HP\AppData\Local\Programs\Microsoft VS Code\bin;C:\Program Files\JetBrains\PyCharm Community Edition 2022.2.1\bin;;C:\Program Files\JetBrains\CLion 2022.2.3\bin;;C:\Users\HP\AppData\Roaming\npm;C:\Program Files\Java\jdk-19;C:\Users\HP\AppData\Local\Android\Sdk\platform-tools;C:\Program Files\JetBrains\PyCharm 2022.3.3\bin;;C:\Users\HP\AppData\Local\GitHubDesktop\bin;C:\ProgramData\HP\GitHubDesktop\bin
USERNAME=HP
LANG=en_US.UTF-8
OS=Windows_NT
PROCESSOR_IDENTIFIER=AMD64 Family 25 Model 80 Stepping 0, AuthenticAMD
TMP=C:\Users\HP\AppData\Local\Temp
TEMP=C:\Users\HP\AppData\Local\Temp



---------------  S Y S T E M  ---------------

OS: Windows 11 , 64 bit Build 22621 (10.0.22621.2506)
OS uptime: 7 days 14:38 hours
Hyper-V role detected

CPU:total 12 (initial active 12) (12 cores per cpu, 2 threads per core) family 25 model 80 stepping 0 microcode 0x0, cmov, cx8, fxsr, mmx, sse, sse2, sse3, ssse3, sse4.1, sse4.2, popcnt, avx, avx2, aes, clmul, erms, mmxext, 3dnowpref, lzcnt, sse4a, ht, tsc, tscinvbit, tscinv, bmi1, bmi2, adx, sha, fma

Memory: 4k page, system-wide physical 7521M (9M free)
TotalPageFile size 31073M (AvailPageFile size 4M)
current process WorkingSet (physical memory assigned to process): 91M, peak: 562M
current process commit charge ("private bytes"): 716M, peak: 723M

vm_info: OpenJDK 64-Bit Server VM (11.0.18+10-LTS) for windows-amd64 JRE (11.0.18+10-LTS), built on Jan 18 2023 15:56:47 by "MicrosoftCorporation" with MS VC++ 15.9 (VS2017)

END.
