#
# There is insufficient memory for the Java Runtime Environment to continue.
# Native memory allocation (malloc) failed to allocate 1271696 bytes for Chunk::new
# Possible reasons:
#   The system is out of physical RAM or swap space
#   The process is running with CompressedOops enabled, and the Java Heap may be blocking the growth of the native heap
# Possible solutions:
#   Reduce memory load on the system
#   Increase physical memory or swap space
#   Check if swap backing store is full
#   Decrease Java heap size (-Xmx/-Xms)
#   Decrease number of Java threads
#   Decrease Java thread stack sizes (-Xss)
#   Set larger code cache with -XX:ReservedCodeCacheSize=
#   JVM is running with Unscaled Compressed Oops mode in which the Java heap is
#     placed in the first 4GB address space. The Java Heap base address is the
#     maximum limit for the native heap growth. Please use -XX:HeapBaseMinAddress
#     to set the Java Heap base and to place the Java Heap above 4GB virtual address.
# This output file may be truncated or incomplete.
#
#  Out of Memory Error (./src/hotspot/share/memory/arena.cpp:197), pid=11528, tid=25396
#
# JRE version: OpenJDK Runtime Environment Microsoft-7208460 (11.0.18+10) (build 11.0.18+10-LTS)
# Java VM: OpenJDK 64-Bit Server VM Microsoft-7208460 (11.0.18+10-LTS, mixed mode, tiered, compressed oops, g1 gc, windows-amd64)
# No core dump will be written. Minidumps are not enabled by default on client versions of Windows
#

---------------  S U M M A R Y ------------

Command Line: -XX:MaxMetaspaceSize=512m --add-opens=java.base/java.util=ALL-UNNAMED --add-opens=java.base/java.lang=ALL-UNNAMED --add-opens=java.base/java.lang.invoke=ALL-UNNAMED --add-opens=java.prefs/java.util.prefs=ALL-UNNAMED --add-opens=java.base/java.nio.charset=ALL-UNNAMED --add-opens=java.base/java.net=ALL-UNNAMED --add-opens=java.base/java.util.concurrent.atomic=ALL-UNNAMED -Xmx2048m -Dfile.encoding=windows-1252 -Duser.country=IN -Duser.language=en -Duser.variant org.gradle.launcher.daemon.bootstrap.GradleDaemon 8.0.1

Host: AMD Ryzen 5 5600H with Radeon Graphics         , 12 cores, 7G,  Windows 11 , 64 bit Build 22621 (10.0.22621.2506)
Time: Fri Dec  8 09:34:29 2023 India Standard Time elapsed time: 61.248393 seconds (0d 0h 1m 1s)

---------------  T H R E A D  ---------------

Current thread (0x000001e6e2ea1000):  JavaThread "C2 CompilerThread0" daemon [_thread_in_native, id=25396, stack(0x0000006213200000,0x0000006213300000)]


Current CompileTask:
C2:  61248 8419       4       org.gradle.internal.service.DefaultServiceRegistry$SingletonService::get (5 bytes)

Stack: [0x0000006213200000,0x0000006213300000]
Native frames: (J=compiled Java code, j=interpreted, Vv=VM code, C=native code)
V  [jvm.dll+0x62bf8a]
V  [jvm.dll+0x7b8fb9]
V  [jvm.dll+0x7ba6a8]
V  [jvm.dll+0x7bad83]
V  [jvm.dll+0x250248]
V  [jvm.dll+0xc260c]
V  [jvm.dll+0xc2bcc]
V  [jvm.dll+0x35e182]
V  [jvm.dll+0x19ebe9]
V  [jvm.dll+0x209495]
V  [jvm.dll+0x20850d]
V  [jvm.dll+0x18a4b1]
V  [jvm.dll+0x217eec]
V  [jvm.dll+0x21612b]
V  [jvm.dll+0x77bac0]
V  [jvm.dll+0x7749f4]
V  [jvm.dll+0x62adf5]
C  [ucrtbase.dll+0x29363]
C  [KERNEL32.DLL+0x1257d]
C  [ntdll.dll+0x5aa58]


---------------  P R O C E S S  ---------------

Threads class SMR info:
_java_thread_list=0x000001e6e5ab5f30, length=182, elements={
0x000001e6c2fdf800, 0x000001e6e2540800, 0x000001e6e2543000, 0x000001e6e2e9a800,
0x000001e6e2e9b800, 0x000001e6e2e9e000, 0x000001e6e2ea1000, 0x000001e6e2ea2800,
0x000001e6e2ea3800, 0x000001e6e3010800, 0x000001e6e5289000, 0x000001e6e4fc2000,
0x000001e6e3d58800, 0x000001e6e3343000, 0x000001e6e44c4800, 0x000001e6e5207800,
0x000001e6e36bc800, 0x000001e6e53c8000, 0x000001e6e53c9000, 0x000001e6e31f9000,
0x000001e6e31f9800, 0x000001e6e31fc000, 0x000001e6e31fd000, 0x000001e6e31fa800,
0x000001e6e31fb800, 0x000001e6e31fd800, 0x000001e6e31f8000, 0x000001e6e31fe800,
0x000001e6e5919000, 0x000001e6e591a000, 0x000001e6e5918000, 0x000001e6e591f000,
0x000001e6e591b800, 0x000001e6e591c800, 0x000001e6e591d000, 0x000001e6e591f800,
0x000001e6e591a800, 0x000001e6e5922000, 0x000001e6e5923800, 0x000001e6e5924800,
0x000001e6e5926000, 0x000001e6e5925800, 0x000001e6e5927000, 0x000001e6e5923000,
0x000001e6e5921000, 0x000001e6e5145000, 0x000001e6e5145800, 0x000001e6e5149000,
0x000001e6e5146800, 0x000001e6e5144000, 0x000001e6e514b800, 0x000001e6e514a000,
0x000001e6e514a800, 0x000001e6e514c000, 0x000001e6e514d000, 0x000001e6e5147800,
0x000001e6e514e000, 0x000001e6e5148000, 0x000001e6e514e800, 0x000001e6e514f800,
0x000001e6e5152000, 0x000001e6e5150800, 0x000001e6e5152800, 0x000001e6e5151000,
0x000001e6e5888800, 0x000001e6e5883800, 0x000001e6e5889000, 0x000001e6e5887800,
0x000001e6e5885000, 0x000001e6e588a000, 0x000001e6e5886000, 0x000001e6e5884000,
0x000001e6e588b800, 0x000001e6e5886800, 0x000001e6e588f800, 0x000001e6e5890800,
0x000001e6e588c800, 0x000001e6e588a800, 0x000001e6e5892000, 0x000001e6e5891000,
0x000001e6e588e000, 0x000001e6e588d000, 0x000001e6e588f000, 0x000001e6e9403800,
0x000001e6e9404800, 0x000001e6e9401000, 0x000001e6e9402000, 0x000001e6e9402800,
0x000001e6e9405000, 0x000001e6e9406000, 0x000001e6e9400800, 0x000001e6e940c800,
0x000001e6e9407000, 0x000001e6e940d800, 0x000001e6e940a000, 0x000001e6e9409000,
0x000001e6e940b000, 0x000001e6e940b800, 0x000001e6e9407800, 0x000001e6e940e000,
0x000001e6e9408800, 0x000001e6e940f000, 0x000001e6e8d11000, 0x000001e6e8d10000,
0x000001e6e8d15000, 0x000001e6e8d13800, 0x000001e6e8d14800, 0x000001e6e8d16000,
0x000001e6e8d17000, 0x000001e6e8d17800, 0x000001e6e8d12000, 0x000001e6e8d18800,
0x000001e6e8d12800, 0x000001e6e8d1e000, 0x000001e6e8d1b800, 0x000001e6e8d1a000,
0x000001e6e8d1b000, 0x000001e6e8d1d800, 0x000001e6e8d19000, 0x000001e6e8d1c800,
0x000001e6e8d1f000, 0x000001e6e555d000, 0x000001e6e555b800, 0x000001e6e555c800,
0x000001e6e555f000, 0x000001e6e555a000, 0x000001e6e5559000, 0x000001e6e555f800,
0x000001e6e555e000, 0x000001e6e5560800, 0x000001e6e555b000, 0x000001e6e5565800,
0x000001e6e5566000, 0x000001e6e5562000, 0x000001e6e5563000, 0x000001e6e5564800,
0x000001e6e5564000, 0x000001e6e5567000, 0x000001e6e5561800, 0x000001e6e5568000,
0x000001e6e94a3800, 0x000001e6e94a2800, 0x000001e6e94a4000, 0x000001e6e94a5000,
0x000001e6e94a1800, 0x000001e6e94a1000, 0x000001e6e94a5800, 0x000001e6e94a6800,
0x000001e6e94aa000, 0x000001e6e94a9000, 0x000001e6e94a7800, 0x000001e6e94aa800,
0x000001e6e94ab800, 0x000001e6e94ac800, 0x000001e6e94ad000, 0x000001e6e94ae000,
0x000001e6e94a8000, 0x000001e6e94ae800, 0x000001e6e94af800, 0x000001e6e7237000,
0x000001e6e7234000, 0x000001e6e7233000, 0x000001e6e7238000, 0x000001e6e7234800,
0x000001e6e7232000, 0x000001e6e7238800, 0x000001e6e7236800, 0x000001e6e7239800,
0x000001e6e723a800, 0x000001e6e723b000, 0x000001e6e7235800, 0x000001e6e7241000,
0x000001e6e723d000, 0x000001e6e723c000, 0x000001e6e7240000, 0x000001e6e723d800,
0x000001e6e723e800, 0x000001e6e723f800, 0x000001e6e992f000, 0x000001e6e992f800,
0x000001e6e9930800, 0x000001e6e992e000
}

Java Threads: ( => current thread )
  0x000001e6c2fdf800 JavaThread "main" [_thread_blocked, id=34072, stack(0x0000006212600000,0x0000006212700000)]
  0x000001e6e2540800 JavaThread "Reference Handler" daemon [_thread_blocked, id=29852, stack(0x0000006212d00000,0x0000006212e00000)]
  0x000001e6e2543000 JavaThread "Finalizer" daemon [_thread_blocked, id=4636, stack(0x0000006212e00000,0x0000006212f00000)]
  0x000001e6e2e9a800 JavaThread "Signal Dispatcher" daemon [_thread_blocked, id=33980, stack(0x0000006212f00000,0x0000006213000000)]
  0x000001e6e2e9b800 JavaThread "Attach Listener" daemon [_thread_blocked, id=25744, stack(0x0000006213000000,0x0000006213100000)]
  0x000001e6e2e9e000 JavaThread "Service Thread" daemon [_thread_blocked, id=36324, stack(0x0000006213100000,0x0000006213200000)]
=>0x000001e6e2ea1000 JavaThread "C2 CompilerThread0" daemon [_thread_in_native, id=25396, stack(0x0000006213200000,0x0000006213300000)]
  0x000001e6e2ea2800 JavaThread "C1 CompilerThread0" daemon [_thread_blocked, id=28296, stack(0x0000006213300000,0x0000006213400000)]
  0x000001e6e2ea3800 JavaThread "Sweeper thread" daemon [_thread_blocked, id=34152, stack(0x0000006213400000,0x0000006213500000)]
  0x000001e6e3010800 JavaThread "Common-Cleaner" daemon [_thread_blocked, id=32516, stack(0x0000006213500000,0x0000006213600000)]
  0x000001e6e5289000 JavaThread "Daemon health stats" [_thread_blocked, id=35108, stack(0x0000006213700000,0x0000006213800000)]
  0x000001e6e4fc2000 JavaThread "Incoming local TCP Connector on port 61278" [_thread_in_native, id=8300, stack(0x0000006213900000,0x0000006213a00000)]
  0x000001e6e3d58800 JavaThread "Daemon periodic checks" [_thread_blocked, id=9656, stack(0x0000006213a00000,0x0000006213b00000)]
  0x000001e6e3343000 JavaThread "Daemon" [_thread_blocked, id=11392, stack(0x0000006213b00000,0x0000006213c00000)]
  0x000001e6e44c4800 JavaThread "Handler for socket connection from /127.0.0.1:61278 to /127.0.0.1:61279" [_thread_in_native, id=28464, stack(0x0000006213c00000,0x0000006213d00000)]
  0x000001e6e5207800 JavaThread "Cancel handler" [_thread_blocked, id=30812, stack(0x0000006213d00000,0x0000006213e00000)]
  0x000001e6e36bc800 JavaThread "Daemon worker" [_thread_in_native, id=2244, stack(0x0000006213e00000,0x0000006213f00000)]
  0x000001e6e53c8000 JavaThread "Asynchronous log dispatcher for DefaultDaemonConnection: socket connection from /127.0.0.1:61278 to /127.0.0.1:61279" [_thread_blocked, id=27680, stack(0x0000006213f00000,0x0000006214000000)]
  0x000001e6e53c9000 JavaThread "Stdin handler" [_thread_blocked, id=6208, stack(0x0000006214000000,0x0000006214100000)]
  0x000001e6e31f9000 JavaThread "Daemon client event forwarder" [_thread_blocked, id=7900, stack(0x0000006214100000,0x0000006214200000)]
  0x000001e6e31f9800 JavaThread "Cache worker for journal cache (C:\Users\HP\.gradle\caches\journal-1)" [_thread_blocked, id=21620, stack(0x0000006214a00000,0x0000006214b00000)]
  0x000001e6e31fc000 JavaThread "File lock request listener" [_thread_in_native, id=22800, stack(0x0000006214b00000,0x0000006214c00000)]
  0x000001e6e31fd000 JavaThread "File lock release action executor" [_thread_blocked, id=19560, stack(0x0000006214e00000,0x0000006214f00000)]
  0x000001e6e31fa800 JavaThread "Cache worker for file hash cache (C:\Users\HP\.gradle\caches\8.0.1\fileHashes)" [_thread_blocked, id=22700, stack(0x0000006214f00000,0x0000006215000000)]
  0x000001e6e31fb800 JavaThread "File watcher server" daemon [_thread_in_native, id=1348, stack(0x0000006215000000,0x0000006215100000)]
  0x000001e6e31fd800 JavaThread "File watcher consumer" daemon [_thread_blocked, id=36204, stack(0x0000006215100000,0x0000006215200000)]
  0x000001e6e31f8000 JavaThread "Cache worker for checksums cache (D:\Krishimitra\Frontend\android\.gradle\8.0.1\checksums)" [_thread_blocked, id=20100, stack(0x0000006215200000,0x0000006215300000)]
  0x000001e6e31fe800 JavaThread "Cache worker for cache directory md-rule (C:\Users\HP\.gradle\caches\8.0.1\md-rule)" [_thread_blocked, id=18844, stack(0x0000006215300000,0x0000006215400000)]
  0x000001e6e5919000 JavaThread "Cache worker for file content cache (C:\Users\HP\.gradle\caches\8.0.1\fileContent)" [_thread_blocked, id=27160, stack(0x0000006215400000,0x0000006215500000)]
  0x000001e6e591a000 JavaThread "Cache worker for file hash cache (D:\Krishimitra\Frontend\android\.gradle\8.0.1\fileHashes)" [_thread_blocked, id=29944, stack(0x0000006215500000,0x0000006215600000)]
  0x000001e6e5918000 JavaThread "Cache worker for cache directory md-supplier (C:\Users\HP\.gradle\caches\8.0.1\md-supplier)" [_thread_blocked, id=7480, stack(0x0000006215600000,0x0000006215700000)]
  0x000001e6e591f000 JavaThread "Cache worker for execution history cache (C:\Users\HP\.gradle\caches\8.0.1\executionHistory)" [_thread_blocked, id=6436, stack(0x0000006215700000,0x0000006215800000)]
  0x000001e6e591b800 JavaThread "jar transforms" [_thread_blocked, id=25812, stack(0x0000006215800000,0x0000006215900000)]
  0x000001e6e591c800 JavaThread "jar transforms Thread 2" [_thread_blocked, id=18320, stack(0x0000006215900000,0x0000006215a00000)]
  0x000001e6e591d000 JavaThread "jar transforms Thread 3" [_thread_blocked, id=35248, stack(0x0000006215a00000,0x0000006215b00000)]
  0x000001e6e591f800 JavaThread "jar transforms Thread 4" [_thread_blocked, id=15404, stack(0x0000006215b00000,0x0000006215c00000)]
  0x000001e6e591a800 JavaThread "Cache worker for kotlin-dsl (C:\Users\HP\.gradle\caches\8.0.1\kotlin-dsl)" [_thread_blocked, id=18344, stack(0x0000006215d00000,0x0000006215e00000)]
  0x000001e6e5922000 JavaThread "jar transforms Thread 5" [_thread_blocked, id=30764, stack(0x0000006215c00000,0x0000006215d00000)]
  0x000001e6e5923800 JavaThread "jar transforms Thread 6" [_thread_blocked, id=30248, stack(0x0000006212400000,0x0000006212500000)]
  0x000001e6e5924800 JavaThread "Cache worker for dependencies-accessors (D:\Krishimitra\Frontend\android\.gradle\8.0.1\dependencies-accessors)" [_thread_blocked, id=2052, stack(0x0000006215e00000,0x0000006215f00000)]
  0x000001e6e5926000 JavaThread "Cache worker for Build Output Cleanup Cache (D:\Krishimitra\Frontend\node_modules\@react-native\gradle-plugin\.gradle\buildOutputCleanup)" [_thread_blocked, id=23744, stack(0x0000006215f00000,0x0000006216000000)]
  0x000001e6e5925800 JavaThread "jar transforms Thread 7" [_thread_blocked, id=28292, stack(0x0000006216200000,0x0000006216300000)]
  0x000001e6e5927000 JavaThread "Unconstrained build operations" [_thread_blocked, id=30008, stack(0x0000006216400000,0x0000006216500000)]
  0x000001e6e5923000 JavaThread "Unconstrained build operations Thread 2" [_thread_blocked, id=8584, stack(0x0000006216500000,0x0000006216600000)]
  0x000001e6e5921000 JavaThread "Unconstrained build operations Thread 3" [_thread_blocked, id=5228, stack(0x0000006216600000,0x0000006216700000)]
  0x000001e6e5145000 JavaThread "Unconstrained build operations Thread 4" [_thread_blocked, id=19056, stack(0x0000006216700000,0x0000006216800000)]
  0x000001e6e5145800 JavaThread "Unconstrained build operations Thread 5" [_thread_blocked, id=2572, stack(0x0000006216800000,0x0000006216900000)]
  0x000001e6e5149000 JavaThread "Unconstrained build operations Thread 6" [_thread_blocked, id=36448, stack(0x0000006216900000,0x0000006216a00000)]
  0x000001e6e5146800 JavaThread "Unconstrained build operations Thread 7" [_thread_blocked, id=10344, stack(0x0000006216a00000,0x0000006216b00000)]
  0x000001e6e5144000 JavaThread "Unconstrained build operations Thread 8" [_thread_blocked, id=18380, stack(0x0000006216b00000,0x0000006216c00000)]
  0x000001e6e514b800 JavaThread "Unconstrained build operations Thread 9" [_thread_blocked, id=3268, stack(0x0000006216c00000,0x0000006216d00000)]
  0x000001e6e514a000 JavaThread "Unconstrained build operations Thread 10" [_thread_blocked, id=13768, stack(0x0000006216d00000,0x0000006216e00000)]
  0x000001e6e514a800 JavaThread "Unconstrained build operations Thread 11" [_thread_blocked, id=29020, stack(0x0000006216e00000,0x0000006216f00000)]
  0x000001e6e514c000 JavaThread "Unconstrained build operations Thread 12" [_thread_blocked, id=6980, stack(0x0000006216f00000,0x0000006217000000)]
  0x000001e6e514d000 JavaThread "Unconstrained build operations Thread 13" [_thread_blocked, id=35960, stack(0x0000006217000000,0x0000006217100000)]
  0x000001e6e5147800 JavaThread "Unconstrained build operations Thread 14" [_thread_blocked, id=36592, stack(0x0000006217100000,0x0000006217200000)]
  0x000001e6e514e000 JavaThread "Unconstrained build operations Thread 15" [_thread_blocked, id=13992, stack(0x0000006217200000,0x0000006217300000)]
  0x000001e6e5148000 JavaThread "Unconstrained build operations Thread 16" [_thread_blocked, id=33864, stack(0x0000006217300000,0x0000006217400000)]
  0x000001e6e514e800 JavaThread "Unconstrained build operations Thread 17" [_thread_blocked, id=5308, stack(0x0000006217400000,0x0000006217500000)]
  0x000001e6e514f800 JavaThread "Unconstrained build operations Thread 18" [_thread_blocked, id=28008, stack(0x0000006217500000,0x0000006217600000)]
  0x000001e6e5152000 JavaThread "Unconstrained build operations Thread 19" [_thread_blocked, id=31536, stack(0x0000006217600000,0x0000006217700000)]
  0x000001e6e5150800 JavaThread "Unconstrained build operations Thread 20" [_thread_blocked, id=19392, stack(0x0000006217700000,0x0000006217800000)]
  0x000001e6e5152800 JavaThread "Unconstrained build operations Thread 21" [_thread_blocked, id=31092, stack(0x0000006217800000,0x0000006217900000)]
  0x000001e6e5151000 JavaThread "Unconstrained build operations Thread 22" [_thread_blocked, id=1808, stack(0x0000006217900000,0x0000006217a00000)]
  0x000001e6e5888800 JavaThread "Unconstrained build operations Thread 23" [_thread_blocked, id=27504, stack(0x0000006217a00000,0x0000006217b00000)]
  0x000001e6e5883800 JavaThread "Unconstrained build operations Thread 24" [_thread_blocked, id=15400, stack(0x0000006217b00000,0x0000006217c00000)]
  0x000001e6e5889000 JavaThread "Unconstrained build operations Thread 25" [_thread_blocked, id=19868, stack(0x0000006217c00000,0x0000006217d00000)]
  0x000001e6e5887800 JavaThread "Unconstrained build operations Thread 26" [_thread_blocked, id=10084, stack(0x0000006217d00000,0x0000006217e00000)]
  0x000001e6e5885000 JavaThread "jar transforms Thread 8" [_thread_blocked, id=22704, stack(0x0000006216300000,0x0000006216400000)]
  0x000001e6e588a000 JavaThread "jar transforms Thread 9" [_thread_blocked, id=27328, stack(0x0000006217e00000,0x0000006217f00000)]
  0x000001e6e5886000 JavaThread "jar transforms Thread 10" [_thread_blocked, id=32428, stack(0x0000006217f00000,0x0000006218000000)]
  0x000001e6e5884000 JavaThread "jar transforms Thread 11" [_thread_blocked, id=2028, stack(0x0000006218000000,0x0000006218100000)]
  0x000001e6e588b800 JavaThread "jar transforms Thread 12" [_thread_blocked, id=9020, stack(0x0000006218100000,0x0000006218200000)]
  0x000001e6e5886800 JavaThread "Memory manager" [_thread_blocked, id=34000, stack(0x0000006218200000,0x0000006218300000)]
  0x000001e6e588f800 JavaThread "Cache worker for Build Output Cleanup Cache (D:\Krishimitra\Frontend\android\.gradle\buildOutputCleanup)" [_thread_blocked, id=6132, stack(0x0000006218300000,0x0000006218400000)]
  0x000001e6e5890800 JavaThread "included builds" [_thread_blocked, id=10192, stack(0x0000006218400000,0x0000006218500000)]
  0x000001e6e588c800 JavaThread "Execution worker" [_thread_blocked, id=22292, stack(0x0000006218500000,0x0000006218600000)]
  0x000001e6e588a800 JavaThread "Execution worker Thread 2" [_thread_blocked, id=22056, stack(0x0000006218600000,0x0000006218700000)]
  0x000001e6e5892000 JavaThread "Execution worker Thread 3" [_thread_blocked, id=18760, stack(0x0000006218700000,0x0000006218800000)]
  0x000001e6e5891000 JavaThread "Execution worker Thread 4" [_thread_blocked, id=29380, stack(0x0000006218800000,0x0000006218900000)]
  0x000001e6e588e000 JavaThread "Execution worker Thread 5" [_thread_blocked, id=28884, stack(0x0000006218900000,0x0000006218a00000)]
  0x000001e6e588d000 JavaThread "Execution worker Thread 6" [_thread_blocked, id=21288, stack(0x0000006218a00000,0x0000006218b00000)]
  0x000001e6e588f000 JavaThread "Execution worker Thread 7" [_thread_blocked, id=32284, stack(0x0000006218b00000,0x0000006218c00000)]
  0x000001e6e9403800 JavaThread "Execution worker Thread 8" [_thread_blocked, id=14988, stack(0x0000006218c00000,0x0000006218d00000)]
  0x000001e6e9404800 JavaThread "Execution worker Thread 9" [_thread_blocked, id=5672, stack(0x0000006218d00000,0x0000006218e00000)]
  0x000001e6e9401000 JavaThread "Execution worker Thread 10" [_thread_blocked, id=8968, stack(0x0000006218e00000,0x0000006218f00000)]
  0x000001e6e9402000 JavaThread "Execution worker Thread 11" [_thread_blocked, id=17796, stack(0x0000006218f00000,0x0000006219000000)]
  0x000001e6e9402800 JavaThread "Cache worker for execution history cache (D:\Krishimitra\Frontend\node_modules\@react-native\gradle-plugin\.gradle\8.0.1\executionHistory)" [_thread_blocked, id=27184, stack(0x0000006219000000,0x0000006219100000)]
  0x000001e6e9405000 JavaThread "Unconstrained build operations Thread 27" [_thread_blocked, id=22276, stack(0x0000006219100000,0x0000006219200000)]
  0x000001e6e9406000 JavaThread "Unconstrained build operations Thread 28" [_thread_blocked, id=31540, stack(0x0000006219200000,0x0000006219300000)]
  0x000001e6e9400800 JavaThread "Unconstrained build operations Thread 29" [_thread_blocked, id=5472, stack(0x0000006219300000,0x0000006219400000)]
  0x000001e6e940c800 JavaThread "Unconstrained build operations Thread 30" [_thread_blocked, id=27124, stack(0x0000006219400000,0x0000006219500000)]
  0x000001e6e9407000 JavaThread "Unconstrained build operations Thread 31" [_thread_blocked, id=29616, stack(0x0000006219500000,0x0000006219600000)]
  0x000001e6e940d800 JavaThread "Unconstrained build operations Thread 32" [_thread_blocked, id=4560, stack(0x0000006219600000,0x0000006219700000)]
  0x000001e6e940a000 JavaThread "Unconstrained build operations Thread 33" [_thread_blocked, id=5216, stack(0x0000006219700000,0x0000006219800000)]
  0x000001e6e9409000 JavaThread "Unconstrained build operations Thread 34" [_thread_blocked, id=10860, stack(0x0000006219800000,0x0000006219900000)]
  0x000001e6e940b000 JavaThread "Unconstrained build operations Thread 35" [_thread_blocked, id=18200, stack(0x0000006219900000,0x0000006219a00000)]
  0x000001e6e940b800 JavaThread "Unconstrained build operations Thread 36" [_thread_blocked, id=27056, stack(0x0000006219a00000,0x0000006219b00000)]
  0x000001e6e9407800 JavaThread "Unconstrained build operations Thread 37" [_thread_blocked, id=8616, stack(0x0000006219b00000,0x0000006219c00000)]
  0x000001e6e940e000 JavaThread "Unconstrained build operations Thread 38" [_thread_blocked, id=33316, stack(0x0000006219c00000,0x0000006219d00000)]
  0x000001e6e9408800 JavaThread "Unconstrained build operations Thread 39" [_thread_blocked, id=17812, stack(0x0000006219d00000,0x0000006219e00000)]
  0x000001e6e940f000 JavaThread "Unconstrained build operations Thread 40" [_thread_blocked, id=3460, stack(0x0000006219e00000,0x0000006219f00000)]
  0x000001e6e8d11000 JavaThread "Unconstrained build operations Thread 41" [_thread_blocked, id=8492, stack(0x0000006219f00000,0x000000621a000000)]
  0x000001e6e8d10000 JavaThread "Unconstrained build operations Thread 42" [_thread_blocked, id=28588, stack(0x000000621a000000,0x000000621a100000)]
  0x000001e6e8d15000 JavaThread "Unconstrained build operations Thread 43" [_thread_blocked, id=6456, stack(0x000000621a100000,0x000000621a200000)]
  0x000001e6e8d13800 JavaThread "Unconstrained build operations Thread 44" [_thread_blocked, id=33648, stack(0x000000621a200000,0x000000621a300000)]
  0x000001e6e8d14800 JavaThread "Unconstrained build operations Thread 45" [_thread_blocked, id=5616, stack(0x000000621a300000,0x000000621a400000)]
  0x000001e6e8d16000 JavaThread "Unconstrained build operations Thread 46" [_thread_blocked, id=24852, stack(0x000000621a400000,0x000000621a500000)]
  0x000001e6e8d17000 JavaThread "Unconstrained build operations Thread 47" [_thread_blocked, id=25504, stack(0x000000621a500000,0x000000621a600000)]
  0x000001e6e8d17800 JavaThread "Unconstrained build operations Thread 48" [_thread_blocked, id=9792, stack(0x000000621a600000,0x000000621a700000)]
  0x000001e6e8d12000 JavaThread "Unconstrained build operations Thread 49" [_thread_blocked, id=23564, stack(0x000000621a700000,0x000000621a800000)]
  0x000001e6e8d18800 JavaThread "Unconstrained build operations Thread 50" [_thread_blocked, id=15628, stack(0x000000621a800000,0x000000621a900000)]
  0x000001e6e8d12800 JavaThread "Unconstrained build operations Thread 51" [_thread_blocked, id=1444, stack(0x000000621a900000,0x000000621aa00000)]
  0x000001e6e8d1e000 JavaThread "Unconstrained build operations Thread 52" [_thread_blocked, id=32812, stack(0x000000621aa00000,0x000000621ab00000)]
  0x000001e6e8d1b800 JavaThread "Unconstrained build operations Thread 53" [_thread_blocked, id=35400, stack(0x000000621ab00000,0x000000621ac00000)]
  0x000001e6e8d1a000 JavaThread "Unconstrained build operations Thread 54" [_thread_blocked, id=14960, stack(0x000000621ac00000,0x000000621ad00000)]
  0x000001e6e8d1b000 JavaThread "Unconstrained build operations Thread 55" [_thread_blocked, id=7100, stack(0x000000621ad00000,0x000000621ae00000)]
  0x000001e6e8d1d800 JavaThread "Unconstrained build operations Thread 56" [_thread_blocked, id=12900, stack(0x000000621ae00000,0x000000621af00000)]
  0x000001e6e8d19000 JavaThread "Unconstrained build operations Thread 57" [_thread_blocked, id=27544, stack(0x000000621af00000,0x000000621b000000)]
  0x000001e6e8d1c800 JavaThread "Unconstrained build operations Thread 58" [_thread_blocked, id=31928, stack(0x000000621b000000,0x000000621b100000)]
  0x000001e6e8d1f000 JavaThread "Unconstrained build operations Thread 59" [_thread_blocked, id=30684, stack(0x000000621b100000,0x000000621b200000)]
  0x000001e6e555d000 JavaThread "Unconstrained build operations Thread 60" [_thread_blocked, id=13792, stack(0x000000621b200000,0x000000621b300000)]
  0x000001e6e555b800 JavaThread "Unconstrained build operations Thread 61" [_thread_blocked, id=36376, stack(0x000000621b300000,0x000000621b400000)]
  0x000001e6e555c800 JavaThread "Unconstrained build operations Thread 62" [_thread_blocked, id=5772, stack(0x000000621b400000,0x000000621b500000)]
  0x000001e6e555f000 JavaThread "Unconstrained build operations Thread 63" [_thread_blocked, id=14288, stack(0x000000621b500000,0x000000621b600000)]
  0x000001e6e555a000 JavaThread "Unconstrained build operations Thread 64" [_thread_blocked, id=6196, stack(0x000000621b600000,0x000000621b700000)]
  0x000001e6e5559000 JavaThread "Unconstrained build operations Thread 65" [_thread_blocked, id=13472, stack(0x000000621b700000,0x000000621b800000)]
  0x000001e6e555f800 JavaThread "Unconstrained build operations Thread 66" [_thread_blocked, id=12480, stack(0x000000621b800000,0x000000621b900000)]
  0x000001e6e555e000 JavaThread "Unconstrained build operations Thread 67" [_thread_blocked, id=7068, stack(0x000000621b900000,0x000000621ba00000)]
  0x000001e6e5560800 JavaThread "Unconstrained build operations Thread 68" [_thread_blocked, id=20460, stack(0x000000621ba00000,0x000000621bb00000)]
  0x000001e6e555b000 JavaThread "Unconstrained build operations Thread 69" [_thread_blocked, id=33188, stack(0x000000621bb00000,0x000000621bc00000)]
  0x000001e6e5565800 JavaThread "Unconstrained build operations Thread 70" [_thread_blocked, id=9060, stack(0x000000621bc00000,0x000000621bd00000)]
  0x000001e6e5566000 JavaThread "Unconstrained build operations Thread 71" [_thread_blocked, id=15672, stack(0x000000621bd00000,0x000000621be00000)]
  0x000001e6e5562000 JavaThread "Unconstrained build operations Thread 72" [_thread_blocked, id=36532, stack(0x000000621be00000,0x000000621bf00000)]
  0x000001e6e5563000 JavaThread "Unconstrained build operations Thread 73" [_thread_blocked, id=11164, stack(0x000000621bf00000,0x000000621c000000)]
  0x000001e6e5564800 JavaThread "Unconstrained build operations Thread 74" [_thread_blocked, id=24012, stack(0x000000621c000000,0x000000621c100000)]
  0x000001e6e5564000 JavaThread "Unconstrained build operations Thread 75" [_thread_blocked, id=29892, stack(0x000000621c100000,0x000000621c200000)]
  0x000001e6e5567000 JavaThread "Unconstrained build operations Thread 76" [_thread_blocked, id=7756, stack(0x000000621c200000,0x000000621c300000)]
  0x000001e6e5561800 JavaThread "Unconstrained build operations Thread 77" [_thread_blocked, id=7396, stack(0x000000621c300000,0x000000621c400000)]
  0x000001e6e5568000 JavaThread "Unconstrained build operations Thread 78" [_thread_blocked, id=11624, stack(0x000000621c400000,0x000000621c500000)]
  0x000001e6e94a3800 JavaThread "Unconstrained build operations Thread 79" [_thread_blocked, id=32424, stack(0x000000621c500000,0x000000621c600000)]
  0x000001e6e94a2800 JavaThread "Unconstrained build operations Thread 80" [_thread_blocked, id=21896, stack(0x000000621c600000,0x000000621c700000)]
  0x000001e6e94a4000 JavaThread "Unconstrained build operations Thread 81" [_thread_blocked, id=32540, stack(0x000000621c700000,0x000000621c800000)]
  0x000001e6e94a5000 JavaThread "Unconstrained build operations Thread 82" [_thread_blocked, id=10364, stack(0x000000621c800000,0x000000621c900000)]
  0x000001e6e94a1800 JavaThread "Unconstrained build operations Thread 83" [_thread_blocked, id=14596, stack(0x000000621c900000,0x000000621ca00000)]
  0x000001e6e94a1000 JavaThread "Unconstrained build operations Thread 84" [_thread_blocked, id=31276, stack(0x000000621ca00000,0x000000621cb00000)]
  0x000001e6e94a5800 JavaThread "Unconstrained build operations Thread 85" [_thread_blocked, id=28912, stack(0x000000621cb00000,0x000000621cc00000)]
  0x000001e6e94a6800 JavaThread "Unconstrained build operations Thread 86" [_thread_blocked, id=36068, stack(0x000000621cc00000,0x000000621cd00000)]
  0x000001e6e94aa000 JavaThread "Unconstrained build operations Thread 87" [_thread_blocked, id=21228, stack(0x000000621cd00000,0x000000621ce00000)]
  0x000001e6e94a9000 JavaThread "Unconstrained build operations Thread 88" [_thread_blocked, id=33916, stack(0x000000621ce00000,0x000000621cf00000)]
  0x000001e6e94a7800 JavaThread "Unconstrained build operations Thread 89" [_thread_blocked, id=2996, stack(0x000000621cf00000,0x000000621d000000)]
  0x000001e6e94aa800 JavaThread "Unconstrained build operations Thread 90" [_thread_blocked, id=14176, stack(0x000000621d000000,0x000000621d100000)]
  0x000001e6e94ab800 JavaThread "Unconstrained build operations Thread 91" [_thread_blocked, id=35104, stack(0x000000621d100000,0x000000621d200000)]
  0x000001e6e94ac800 JavaThread "Unconstrained build operations Thread 92" [_thread_blocked, id=13256, stack(0x000000621d200000,0x000000621d300000)]
  0x000001e6e94ad000 JavaThread "Unconstrained build operations Thread 93" [_thread_blocked, id=26828, stack(0x000000621d300000,0x000000621d400000)]
  0x000001e6e94ae000 JavaThread "Unconstrained build operations Thread 94" [_thread_blocked, id=24288, stack(0x000000621d400000,0x000000621d500000)]
  0x000001e6e94a8000 JavaThread "Unconstrained build operations Thread 95" [_thread_blocked, id=21320, stack(0x000000621d500000,0x000000621d600000)]
  0x000001e6e94ae800 JavaThread "Unconstrained build operations Thread 96" [_thread_blocked, id=12724, stack(0x000000621d600000,0x000000621d700000)]
  0x000001e6e94af800 JavaThread "Unconstrained build operations Thread 97" [_thread_blocked, id=35352, stack(0x000000621d700000,0x000000621d800000)]
  0x000001e6e7237000 JavaThread "Unconstrained build operations Thread 98" [_thread_blocked, id=16240, stack(0x000000621d800000,0x000000621d900000)]
  0x000001e6e7234000 JavaThread "Unconstrained build operations Thread 99" [_thread_blocked, id=2692, stack(0x000000621d900000,0x000000621da00000)]
  0x000001e6e7233000 JavaThread "Unconstrained build operations Thread 100" [_thread_blocked, id=23700, stack(0x000000621da00000,0x000000621db00000)]
  0x000001e6e7238000 JavaThread "Unconstrained build operations Thread 101" [_thread_blocked, id=31628, stack(0x000000621db00000,0x000000621dc00000)]
  0x000001e6e7234800 JavaThread "Unconstrained build operations Thread 102" [_thread_blocked, id=35128, stack(0x000000621dc00000,0x000000621dd00000)]
  0x000001e6e7232000 JavaThread "Unconstrained build operations Thread 103" [_thread_blocked, id=21996, stack(0x000000621dd00000,0x000000621de00000)]
  0x000001e6e7238800 JavaThread "Unconstrained build operations Thread 104" [_thread_blocked, id=34424, stack(0x000000621de00000,0x000000621df00000)]
  0x000001e6e7236800 JavaThread "Unconstrained build operations Thread 105" [_thread_blocked, id=24296, stack(0x000000621df00000,0x000000621e000000)]
  0x000001e6e7239800 JavaThread "Unconstrained build operations Thread 106" [_thread_blocked, id=36804, stack(0x000000621e000000,0x000000621e100000)]
  0x000001e6e723a800 JavaThread "Unconstrained build operations Thread 107" [_thread_blocked, id=27048, stack(0x000000621e100000,0x000000621e200000)]
  0x000001e6e723b000 JavaThread "Unconstrained build operations Thread 108" [_thread_blocked, id=15780, stack(0x000000621e200000,0x000000621e300000)]
  0x000001e6e7235800 JavaThread "Unconstrained build operations Thread 109" [_thread_blocked, id=28824, stack(0x000000621e300000,0x000000621e400000)]
  0x000001e6e7241000 JavaThread "Unconstrained build operations Thread 110" [_thread_blocked, id=19428, stack(0x000000621e400000,0x000000621e500000)]
  0x000001e6e723d000 JavaThread "Unconstrained build operations Thread 111" [_thread_blocked, id=6168, stack(0x000000621e500000,0x000000621e600000)]
  0x000001e6e723c000 JavaThread "Unconstrained build operations Thread 112" [_thread_blocked, id=36604, stack(0x000000621e600000,0x000000621e700000)]
  0x000001e6e7240000 JavaThread "Unconstrained build operations Thread 113" [_thread_blocked, id=30428, stack(0x000000621e700000,0x000000621e800000)]
  0x000001e6e723d800 JavaThread "Unconstrained build operations Thread 114" [_thread_blocked, id=31384, stack(0x000000621e800000,0x000000621e900000)]
  0x000001e6e723e800 JavaThread "Unconstrained build operations Thread 115" [_thread_blocked, id=27792, stack(0x000000621e900000,0x000000621ea00000)]
  0x000001e6e723f800 JavaThread "Unconstrained build operations Thread 116" [_thread_blocked, id=20800, stack(0x000000621ea00000,0x000000621eb00000)]
  0x000001e6e992f000 JavaThread "Unconstrained build operations Thread 117" [_thread_blocked, id=8320, stack(0x000000621eb00000,0x000000621ec00000)]
  0x000001e6e992f800 JavaThread "Unconstrained build operations Thread 118" [_thread_blocked, id=18296, stack(0x000000621ec00000,0x000000621ed00000)]
  0x000001e6e9930800 JavaThread "Unconstrained build operations Thread 119" [_thread_blocked, id=27784, stack(0x000000621ed00000,0x000000621ee00000)]
  0x000001e6e992e000 JavaThread "Unconstrained build operations Thread 120" [_thread_blocked, id=17952, stack(0x000000621ee00000,0x000000621ef00000)]

Other Threads:
  0x000001e6e252d000 VMThread "VM Thread" [stack: 0x0000006212c00000,0x0000006212d00000] [id=36844]
  0x000001e6e3042000 WatcherThread [stack: 0x0000006213600000,0x0000006213700000] [id=15388]
  0x000001e6c2ffa000 GCTaskThread "GC Thread#0" [stack: 0x0000006212700000,0x0000006212800000] [id=33728]
  0x000001e6e3cb2800 GCTaskThread "GC Thread#1" [stack: 0x0000006213800000,0x0000006213900000] [id=7792]
  0x000001e6e43b4800 GCTaskThread "GC Thread#2" [stack: 0x0000006214200000,0x0000006214300000] [id=2152]
  0x000001e6e44c5800 GCTaskThread "GC Thread#3" [stack: 0x0000006214300000,0x0000006214400000] [id=29844]
  0x000001e6e5208000 GCTaskThread "GC Thread#4" [stack: 0x0000006214400000,0x0000006214500000] [id=9092]
  0x000001e6e36bd800 GCTaskThread "GC Thread#5" [stack: 0x0000006214500000,0x0000006214600000] [id=31804]
  0x000001e6e4072000 GCTaskThread "GC Thread#6" [stack: 0x0000006214600000,0x0000006214700000] [id=23576]
  0x000001e6e53c4800 GCTaskThread "GC Thread#7" [stack: 0x0000006214700000,0x0000006214800000] [id=6516]
  0x000001e6e53c5000 GCTaskThread "GC Thread#8" [stack: 0x0000006214800000,0x0000006214900000] [id=23420]
  0x000001e6e529b800 GCTaskThread "GC Thread#9" [stack: 0x0000006214900000,0x0000006214a00000] [id=7760]
  0x000001e6c302a800 ConcurrentGCThread "G1 Main Marker" [stack: 0x0000006212800000,0x0000006212900000] [id=1260]
  0x000001e6c302c000 ConcurrentGCThread "G1 Conc#0" [stack: 0x0000006212900000,0x0000006212a00000] [id=17108]
  0x000001e6e3dc7800 ConcurrentGCThread "G1 Conc#1" [stack: 0x0000006214c00000,0x0000006214d00000] [id=18596]
  0x000001e6e4a17800 ConcurrentGCThread "G1 Conc#2" [stack: 0x0000006214d00000,0x0000006214e00000] [id=21676]
  0x000001e6e2398800 ConcurrentGCThread "G1 Refine#0" [stack: 0x0000006212a00000,0x0000006212b00000] [id=13224]
  0x000001e6e2399800 ConcurrentGCThread "G1 Young RemSet Sampling" [stack: 0x0000006212b00000,0x0000006212c00000] [id=33440]

Threads with active compile tasks:
C2 CompilerThread0    61290 8419       4       org.gradle.internal.service.DefaultServiceRegistry$SingletonService::get (5 bytes)

VM state:not at safepoint (normal execution)

VM Mutex/Monitor currently owned by a thread: None

Heap address: 0x0000000080000000, size: 2048 MB, Compressed Oops mode: 32-bit
Narrow klass base: 0x0000000000000000, Narrow klass shift: 3
Compressed class space size: 528482304 Address: 0x0000000100000000

Heap:
 garbage-first heap   total 120832K, used 61190K [0x0000000080000000, 0x0000000100000000)
  region size 1024K, 7 young (7168K), 6 survivors (6144K)
 Metaspace       used 73224K, capacity 75502K, committed 75524K, reserved 581632K
  class space    used 9505K, capacity 10441K, committed 10444K, reserved 516096K
Heap Regions: E=young(eden), S=young(survivor), O=old, HS=humongous(starts), HC=humongous(continues), CS=collection set, F=free, A=archive, TAMS=top-at-mark-start (previous, next)
|   0|0x0000000080000000, 0x0000000080100000, 0x0000000080100000|100%|HS|  |TAMS 0x0000000080100000, 0x0000000080000000| Complete 
|   1|0x0000000080100000, 0x0000000080200000, 0x0000000080200000|100%|HC|  |TAMS 0x0000000080200000, 0x0000000080100000| Complete 
|   2|0x0000000080200000, 0x0000000080300000, 0x0000000080300000|100%|HC|  |TAMS 0x0000000080300000, 0x0000000080200000| Complete 
|   3|0x0000000080300000, 0x0000000080400000, 0x0000000080400000|100%|HC|  |TAMS 0x0000000080400000, 0x0000000080300000| Complete 
|   4|0x0000000080400000, 0x0000000080500000, 0x0000000080500000|100%| O|  |TAMS 0x0000000080500000, 0x0000000080400000| Untracked 
|   5|0x0000000080500000, 0x0000000080600000, 0x0000000080600000|100%| O|  |TAMS 0x0000000080600000, 0x0000000080500000| Untracked 
|   6|0x0000000080600000, 0x0000000080700000, 0x0000000080700000|100%| O|  |TAMS 0x0000000080700000, 0x0000000080600000| Untracked 
|   7|0x0000000080700000, 0x0000000080800000, 0x0000000080800000|100%| O|  |TAMS 0x0000000080800000, 0x0000000080700000| Untracked 
|   8|0x0000000080800000, 0x0000000080900000, 0x0000000080900000|100%| O|  |TAMS 0x0000000080900000, 0x0000000080800000| Untracked 
|   9|0x0000000080900000, 0x0000000080a00000, 0x0000000080a00000|100%| O|  |TAMS 0x0000000080a00000, 0x0000000080900000| Untracked 
|  10|0x0000000080a00000, 0x0000000080b00000, 0x0000000080b00000|100%| O|  |TAMS 0x0000000080b00000, 0x0000000080a00000| Untracked 
|  11|0x0000000080b00000, 0x0000000080c00000, 0x0000000080c00000|100%| O|  |TAMS 0x0000000080c00000, 0x0000000080b00000| Untracked 
|  12|0x0000000080c00000, 0x0000000080d00000, 0x0000000080d00000|100%| O|  |TAMS 0x0000000080d00000, 0x0000000080c00000| Untracked 
|  13|0x0000000080d00000, 0x0000000080e00000, 0x0000000080e00000|100%| O|  |TAMS 0x0000000080e00000, 0x0000000080d00000| Untracked 
|  14|0x0000000080e00000, 0x0000000080f00000, 0x0000000080f00000|100%| O|  |TAMS 0x0000000080f00000, 0x0000000080e00000| Untracked 
|  15|0x0000000080f00000, 0x0000000081000000, 0x0000000081000000|100%| O|  |TAMS 0x0000000081000000, 0x0000000080f00000| Untracked 
|  16|0x0000000081000000, 0x0000000081100000, 0x0000000081100000|100%| O|  |TAMS 0x0000000081100000, 0x0000000081000000| Untracked 
|  17|0x0000000081100000, 0x0000000081200000, 0x0000000081200000|100%| O|  |TAMS 0x0000000081200000, 0x0000000081100000| Untracked 
|  18|0x0000000081200000, 0x0000000081300000, 0x0000000081300000|100%| O|  |TAMS 0x0000000081300000, 0x0000000081200000| Untracked 
|  19|0x0000000081300000, 0x0000000081400000, 0x0000000081400000|100%| O|  |TAMS 0x0000000081400000, 0x0000000081300000| Untracked 
|  20|0x0000000081400000, 0x0000000081500000, 0x0000000081500000|100%| O|  |TAMS 0x0000000081500000, 0x0000000081400000| Untracked 
|  21|0x0000000081500000, 0x0000000081600000, 0x0000000081600000|100%| O|  |TAMS 0x0000000081600000, 0x0000000081500000| Untracked 
|  22|0x0000000081600000, 0x0000000081700000, 0x0000000081700000|100%| O|  |TAMS 0x0000000081700000, 0x0000000081600000| Untracked 
|  23|0x0000000081700000, 0x0000000081800000, 0x0000000081800000|100%| O|  |TAMS 0x0000000081800000, 0x0000000081700000| Untracked 
|  24|0x0000000081800000, 0x0000000081900000, 0x0000000081900000|100%| O|  |TAMS 0x0000000081900000, 0x0000000081800000| Untracked 
|  25|0x0000000081900000, 0x0000000081a00000, 0x0000000081a00000|100%| O|  |TAMS 0x0000000081a00000, 0x0000000081900000| Untracked 
|  26|0x0000000081a00000, 0x0000000081b00000, 0x0000000081b00000|100%| O|  |TAMS 0x0000000081b00000, 0x0000000081a00000| Untracked 
|  27|0x0000000081b00000, 0x0000000081c00000, 0x0000000081c00000|100%| O|  |TAMS 0x0000000081c00000, 0x0000000081b00000| Untracked 
|  28|0x0000000081c00000, 0x0000000081d00000, 0x0000000081d00000|100%| O|  |TAMS 0x0000000081d00000, 0x0000000081c00000| Untracked 
|  29|0x0000000081d00000, 0x0000000081e00000, 0x0000000081e00000|100%|HS|  |TAMS 0x0000000081e00000, 0x0000000081d00000| Complete 
|  30|0x0000000081e00000, 0x0000000081f00000, 0x0000000081f00000|100%|HC|  |TAMS 0x0000000081f00000, 0x0000000081e00000| Complete 
|  31|0x0000000081f00000, 0x0000000082000000, 0x0000000082000000|100%| O|  |TAMS 0x0000000082000000, 0x0000000081f00000| Untracked 
|  32|0x0000000082000000, 0x0000000082100000, 0x0000000082100000|100%| O|  |TAMS 0x0000000082100000, 0x0000000082000000| Untracked 
|  33|0x0000000082100000, 0x0000000082200000, 0x0000000082200000|100%| O|  |TAMS 0x0000000082200000, 0x0000000082100000| Untracked 
|  34|0x0000000082200000, 0x0000000082300000, 0x0000000082300000|100%|HS|  |TAMS 0x0000000082300000, 0x0000000082200000| Complete 
|  35|0x0000000082300000, 0x0000000082400000, 0x0000000082400000|100%|HC|  |TAMS 0x0000000082400000, 0x0000000082300000| Complete 
|  36|0x0000000082400000, 0x0000000082500000, 0x0000000082500000|100%|HC|  |TAMS 0x0000000082500000, 0x0000000082400000| Complete 
|  37|0x0000000082500000, 0x0000000082600000, 0x0000000082600000|100%|HC|  |TAMS 0x0000000082600000, 0x0000000082500000| Complete 
|  38|0x0000000082600000, 0x0000000082700000, 0x0000000082700000|100%| O|  |TAMS 0x0000000082700000, 0x0000000082600000| Untracked 
|  39|0x0000000082700000, 0x0000000082800000, 0x0000000082800000|100%| O|  |TAMS 0x0000000082800000, 0x0000000082700000| Untracked 
|  40|0x0000000082800000, 0x0000000082900000, 0x0000000082900000|100%| O|  |TAMS 0x0000000082900000, 0x0000000082800000| Untracked 
|  41|0x0000000082900000, 0x0000000082a00000, 0x0000000082a00000|100%| O|  |TAMS 0x0000000082a00000, 0x0000000082900000| Untracked 
|  42|0x0000000082a00000, 0x0000000082b00000, 0x0000000082b00000|100%| O|  |TAMS 0x0000000082b00000, 0x0000000082a00000| Untracked 
|  43|0x0000000082b00000, 0x0000000082c00000, 0x0000000082c00000|100%| O|  |TAMS 0x0000000082c00000, 0x0000000082b00000| Untracked 
|  44|0x0000000082c00000, 0x0000000082d00000, 0x0000000082d00000|100%| O|  |TAMS 0x0000000082c46c00, 0x0000000082c00000| Untracked 
|  45|0x0000000082d00000, 0x0000000082e00000, 0x0000000082e00000|100%| O|  |TAMS 0x0000000082d00000, 0x0000000082d00000| Untracked 
|  46|0x0000000082e00000, 0x0000000082f00000, 0x0000000082f00000|100%| O|  |TAMS 0x0000000082e00000, 0x0000000082e00000| Untracked 
|  47|0x0000000082f00000, 0x0000000083000000, 0x0000000083000000|100%| O|  |TAMS 0x0000000082f00000, 0x0000000082f00000| Untracked 
|  48|0x0000000083000000, 0x0000000083100000, 0x0000000083100000|100%| O|  |TAMS 0x0000000083000000, 0x0000000083000000| Untracked 
|  49|0x0000000083100000, 0x0000000083200000, 0x0000000083200000|100%| O|  |TAMS 0x0000000083100000, 0x0000000083100000| Untracked 
|  50|0x0000000083200000, 0x0000000083300000, 0x0000000083300000|100%|HS|  |TAMS 0x0000000083200000, 0x0000000083200000| Complete 
|  51|0x0000000083300000, 0x0000000083400000, 0x0000000083400000|100%| O|  |TAMS 0x0000000083300000, 0x0000000083300000| Untracked 
|  52|0x0000000083400000, 0x0000000083500000, 0x0000000083500000|100%| O|  |TAMS 0x0000000083400000, 0x0000000083400000| Untracked 
|  53|0x0000000083500000, 0x00000000835c1800, 0x0000000083600000| 75%| O|  |TAMS 0x0000000083500000, 0x0000000083500000| Untracked 
|  54|0x0000000083600000, 0x0000000083600000, 0x0000000083700000|  0%| F|  |TAMS 0x0000000083600000, 0x0000000083600000| Untracked 
|  55|0x0000000083700000, 0x0000000083700000, 0x0000000083800000|  0%| F|  |TAMS 0x0000000083700000, 0x0000000083700000| Untracked 
|  56|0x0000000083800000, 0x0000000083800000, 0x0000000083900000|  0%| F|  |TAMS 0x0000000083800000, 0x0000000083800000| Untracked 
|  57|0x0000000083900000, 0x0000000083900000, 0x0000000083a00000|  0%| F|  |TAMS 0x0000000083900000, 0x0000000083900000| Untracked 
|  58|0x0000000083a00000, 0x0000000083a00000, 0x0000000083b00000|  0%| F|  |TAMS 0x0000000083a00000, 0x0000000083a00000| Untracked 
|  59|0x0000000083b00000, 0x0000000083b00000, 0x0000000083c00000|  0%| F|  |TAMS 0x0000000083b00000, 0x0000000083b00000| Untracked 
|  60|0x0000000083c00000, 0x0000000083c00000, 0x0000000083d00000|  0%| F|  |TAMS 0x0000000083c00000, 0x0000000083c00000| Untracked 
|  61|0x0000000083d00000, 0x0000000083d00000, 0x0000000083e00000|  0%| F|  |TAMS 0x0000000083d00000, 0x0000000083d00000| Untracked 
|  62|0x0000000083e00000, 0x0000000083e00000, 0x0000000083f00000|  0%| F|  |TAMS 0x0000000083e00000, 0x0000000083e00000| Untracked 
|  63|0x0000000083f00000, 0x0000000083f00000, 0x0000000084000000|  0%| F|  |TAMS 0x0000000083f00000, 0x0000000083f00000| Untracked 
|  64|0x0000000084000000, 0x0000000084000000, 0x0000000084100000|  0%| F|  |TAMS 0x0000000084000000, 0x0000000084000000| Untracked 
|  65|0x0000000084100000, 0x0000000084100000, 0x0000000084200000|  0%| F|  |TAMS 0x0000000084100000, 0x0000000084100000| Untracked 
|  66|0x0000000084200000, 0x0000000084200000, 0x0000000084300000|  0%| F|  |TAMS 0x0000000084200000, 0x0000000084200000| Untracked 
|  67|0x0000000084300000, 0x0000000084300000, 0x0000000084400000|  0%| F|  |TAMS 0x0000000084300000, 0x0000000084300000| Untracked 
|  68|0x0000000084400000, 0x0000000084400000, 0x0000000084500000|  0%| F|  |TAMS 0x0000000084400000, 0x0000000084400000| Untracked 
|  69|0x0000000084500000, 0x0000000084500000, 0x0000000084600000|  0%| F|  |TAMS 0x0000000084500000, 0x0000000084500000| Untracked 
|  70|0x0000000084600000, 0x0000000084700000, 0x0000000084700000|100%| S|CS|TAMS 0x0000000084600000, 0x0000000084600000| Complete 
|  71|0x0000000084700000, 0x0000000084800000, 0x0000000084800000|100%| S|CS|TAMS 0x0000000084700000, 0x0000000084700000| Complete 
|  72|0x0000000084800000, 0x0000000084900000, 0x0000000084900000|100%| S|CS|TAMS 0x0000000084800000, 0x0000000084800000| Complete 
|  73|0x0000000084900000, 0x0000000084a00000, 0x0000000084a00000|100%| S|CS|TAMS 0x0000000084900000, 0x0000000084900000| Complete 
|  74|0x0000000084a00000, 0x0000000084a00000, 0x0000000084b00000|  0%| F|  |TAMS 0x0000000084a00000, 0x0000000084a00000| Untracked 
|  75|0x0000000084b00000, 0x0000000084b00000, 0x0000000084c00000|  0%| F|  |TAMS 0x0000000084b00000, 0x0000000084b00000| Untracked 
|  76|0x0000000084c00000, 0x0000000084c00000, 0x0000000084d00000|  0%| F|  |TAMS 0x0000000084c00000, 0x0000000084c00000| Untracked 
|  77|0x0000000084d00000, 0x0000000084e00000, 0x0000000084e00000|100%| S|CS|TAMS 0x0000000084d00000, 0x0000000084d00000| Complete 
|  78|0x0000000084e00000, 0x0000000084f00000, 0x0000000084f00000|100%| S|CS|TAMS 0x0000000084e00000, 0x0000000084e00000| Complete 
|  79|0x0000000084f00000, 0x0000000084f00000, 0x0000000085000000|  0%| F|  |TAMS 0x0000000084f00000, 0x0000000084f00000| Untracked 
|  80|0x0000000085000000, 0x0000000085000000, 0x0000000085100000|  0%| F|  |TAMS 0x0000000085000000, 0x0000000085000000| Untracked 
|  81|0x0000000085100000, 0x0000000085100000, 0x0000000085200000|  0%| F|  |TAMS 0x0000000085100000, 0x0000000085100000| Untracked 
|  82|0x0000000085200000, 0x0000000085200000, 0x0000000085300000|  0%| F|  |TAMS 0x0000000085200000, 0x0000000085200000| Untracked 
|  83|0x0000000085300000, 0x0000000085300000, 0x0000000085400000|  0%| F|  |TAMS 0x0000000085300000, 0x0000000085300000| Untracked 
|  84|0x0000000085400000, 0x0000000085400000, 0x0000000085500000|  0%| F|  |TAMS 0x0000000085400000, 0x0000000085400000| Untracked 
|  85|0x0000000085500000, 0x0000000085500000, 0x0000000085600000|  0%| F|  |TAMS 0x0000000085500000, 0x0000000085500000| Untracked 
|  86|0x0000000085600000, 0x0000000085600000, 0x0000000085700000|  0%| F|  |TAMS 0x0000000085600000, 0x0000000085600000| Untracked 
|  87|0x0000000085700000, 0x0000000085700000, 0x0000000085800000|  0%| F|  |TAMS 0x0000000085700000, 0x0000000085700000| Untracked 
|  88|0x0000000085800000, 0x0000000085800000, 0x0000000085900000|  0%| F|  |TAMS 0x0000000085800000, 0x0000000085800000| Untracked 
|  89|0x0000000085900000, 0x0000000085900000, 0x0000000085a00000|  0%| F|  |TAMS 0x0000000085900000, 0x0000000085900000| Untracked 
|  90|0x0000000085a00000, 0x0000000085a00000, 0x0000000085b00000|  0%| F|  |TAMS 0x0000000085a00000, 0x0000000085a00000| Untracked 
|  91|0x0000000085b00000, 0x0000000085b00000, 0x0000000085c00000|  0%| F|  |TAMS 0x0000000085b00000, 0x0000000085b00000| Untracked 
|  92|0x0000000085c00000, 0x0000000085c00000, 0x0000000085d00000|  0%| F|  |TAMS 0x0000000085c00000, 0x0000000085c00000| Untracked 
|  93|0x0000000085d00000, 0x0000000085d00000, 0x0000000085e00000|  0%| F|  |TAMS 0x0000000085d00000, 0x0000000085d00000| Untracked 
|  94|0x0000000085e00000, 0x0000000085e00000, 0x0000000085f00000|  0%| F|  |TAMS 0x0000000085e00000, 0x0000000085e00000| Untracked 
|  95|0x0000000085f00000, 0x0000000085f00000, 0x0000000086000000|  0%| F|  |TAMS 0x0000000085f00000, 0x0000000085f00000| Untracked 
|  96|0x0000000086000000, 0x0000000086000000, 0x0000000086100000|  0%| F|  |TAMS 0x0000000086000000, 0x0000000086000000| Untracked 
|  97|0x0000000086100000, 0x0000000086100000, 0x0000000086200000|  0%| F|  |TAMS 0x0000000086100000, 0x0000000086100000| Untracked 
|  98|0x0000000086200000, 0x0000000086200000, 0x0000000086300000|  0%| F|  |TAMS 0x0000000086200000, 0x0000000086200000| Untracked 
|  99|0x0000000086300000, 0x0000000086300000, 0x0000000086400000|  0%| F|  |TAMS 0x0000000086300000, 0x0000000086300000| Untracked 
| 100|0x0000000086400000, 0x0000000086400000, 0x0000000086500000|  0%| F|  |TAMS 0x0000000086400000, 0x0000000086400000| Untracked 
| 101|0x0000000086500000, 0x0000000086500000, 0x0000000086600000|  0%| F|  |TAMS 0x0000000086500000, 0x0000000086500000| Untracked 
| 102|0x0000000086600000, 0x0000000086600000, 0x0000000086700000|  0%| F|  |TAMS 0x0000000086600000, 0x0000000086600000| Untracked 
| 103|0x0000000086700000, 0x0000000086700000, 0x0000000086800000|  0%| F|  |TAMS 0x0000000086700000, 0x0000000086700000| Untracked 
| 104|0x0000000086800000, 0x0000000086800000, 0x0000000086900000|  0%| F|  |TAMS 0x0000000086800000, 0x0000000086800000| Untracked 
| 105|0x0000000086900000, 0x0000000086900000, 0x0000000086a00000|  0%| F|  |TAMS 0x0000000086900000, 0x0000000086900000| Untracked 
| 106|0x0000000086a00000, 0x0000000086a00000, 0x0000000086b00000|  0%| F|  |TAMS 0x0000000086a00000, 0x0000000086a00000| Untracked 
| 107|0x0000000086b00000, 0x0000000086b00000, 0x0000000086c00000|  0%| F|  |TAMS 0x0000000086b00000, 0x0000000086b00000| Untracked 
| 108|0x0000000086c00000, 0x0000000086c00000, 0x0000000086d00000|  0%| F|  |TAMS 0x0000000086c00000, 0x0000000086c00000| Untracked 
| 109|0x0000000086d00000, 0x0000000086d00000, 0x0000000086e00000|  0%| F|  |TAMS 0x0000000086d00000, 0x0000000086d00000| Untracked 
| 110|0x0000000086e00000, 0x0000000086e00000, 0x0000000086f00000|  0%| F|  |TAMS 0x0000000086e00000, 0x0000000086e00000| Untracked 
| 111|0x0000000086f00000, 0x0000000086f00000, 0x0000000087000000|  0%| F|  |TAMS 0x0000000086f00000, 0x0000000086f00000| Untracked 
| 112|0x0000000087000000, 0x0000000087000000, 0x0000000087100000|  0%| F|  |TAMS 0x0000000087000000, 0x0000000087000000| Untracked 
| 113|0x0000000087100000, 0x0000000087100000, 0x0000000087200000|  0%| F|  |TAMS 0x0000000087100000, 0x0000000087100000| Untracked 
| 114|0x0000000087200000, 0x0000000087200000, 0x0000000087300000|  0%| F|  |TAMS 0x0000000087200000, 0x0000000087200000| Untracked 
| 115|0x0000000087300000, 0x0000000087300000, 0x0000000087400000|  0%| F|  |TAMS 0x0000000087300000, 0x0000000087300000| Untracked 
| 116|0x0000000087400000, 0x0000000087400000, 0x0000000087500000|  0%| F|  |TAMS 0x0000000087400000, 0x0000000087400000| Untracked 
| 117|0x0000000087500000, 0x00000000875e0d80, 0x0000000087600000| 87%| E|  |TAMS 0x0000000087500000, 0x0000000087500000| Complete 

Card table byte_map: [0x000001e6db0a0000,0x000001e6db4a0000] _byte_map_base: 0x000001e6daca0000

Marking Bits (Prev, Next): (CMBitMap*) 0x000001e6c3021a70, (CMBitMap*) 0x000001e6c3021a38
 Prev Bits: [0x000001e6dd8a0000, 0x000001e6df8a0000)
 Next Bits: [0x000001e6db8a0000, 0x000001e6dd8a0000)

Polling page: 0x000001e6c0f90000

Metaspace:

Usage:
  Non-class:     63.54 MB capacity,    62.22 MB ( 98%) used,     1.07 MB (  2%) free+waste,   243.56 KB ( <1%) overhead. 
      Class:     10.20 MB capacity,     9.28 MB ( 91%) used,   818.18 KB (  8%) free+waste,   116.88 KB (  1%) overhead. 
       Both:     73.73 MB capacity,    71.51 MB ( 97%) used,     1.87 MB (  3%) free+waste,   360.44 KB ( <1%) overhead. 

Virtual space:
  Non-class space:       64.00 MB reserved,      63.55 MB (>99%) committed 
      Class space:      504.00 MB reserved,      10.20 MB (  2%) committed 
             Both:      568.00 MB reserved,      73.75 MB ( 13%) committed 

Chunk freelists:
   Non-Class:  19.00 KB
       Class:  1.00 KB
        Both:  20.00 KB

MaxMetaspaceSize: 512.00 MB
CompressedClassSpaceSize: 504.00 MB
Initial GC threshold: 20.80 MB
Current GC threshold: 98.76 MB
CDS: off

CodeHeap 'non-profiled nmethods': size=120000Kb used=4385Kb max_used=4385Kb free=115614Kb
 bounds [0x000001e6d3220000, 0x000001e6d3670000, 0x000001e6da750000]
CodeHeap 'profiled nmethods': size=120000Kb used=18105Kb max_used=18105Kb free=101895Kb
 bounds [0x000001e6cbcf0000, 0x000001e6ccea0000, 0x000001e6d3220000]
CodeHeap 'non-nmethods': size=5760Kb used=2363Kb max_used=2402Kb free=3396Kb
 bounds [0x000001e6cb750000, 0x000001e6cb9c0000, 0x000001e6cbcf0000]
 total_blobs=9275 nmethods=8396 adapters=790
 compilation: enabled
              stopped_count=0, restarted_count=0
 full_count=0

Compilation events (20 events):
Event: 60.757 Thread 0x000001e6e2ea2800 8426       3       org.gradle.api.internal.initialization.ClassLoaderScopeIdentifier::hashCode (23 bytes)
Event: 60.757 Thread 0x000001e6e2ea2800 nmethod 8426 0x000001e6cce8ca10 code [0x000001e6cce8cc00, 0x000001e6cce8cfa8]
Event: 60.767 Thread 0x000001e6e2ea2800 8427       3       org.codehaus.groovy.reflection.CachedClass::getCachedSuperClass (11 bytes)
Event: 60.767 Thread 0x000001e6e2ea2800 nmethod 8427 0x000001e6cce8d190 code [0x000001e6cce8d360, 0x000001e6cce8d608]
Event: 60.768 Thread 0x000001e6e2ea2800 8428       3       java.util.stream.AbstractPipeline::exactOutputSizeIfKnown (26 bytes)
Event: 60.768 Thread 0x000001e6e2ea2800 nmethod 8428 0x000001e6cce8d710 code [0x000001e6cce8d8e0, 0x000001e6cce8dbe8]
Event: 60.768 Thread 0x000001e6e2ea2800 8429       3       java.util.stream.Nodes::flatten (70 bytes)
Event: 60.769 Thread 0x000001e6e2ea2800 nmethod 8429 0x000001e6cce8dd10 code [0x000001e6cce8df60, 0x000001e6cce8e778]
Event: 60.777 Thread 0x000001e6e2ea2800 8430       3       java.util.stream.AbstractPipeline::evaluate (44 bytes)
Event: 60.777 Thread 0x000001e6e2ea2800 nmethod 8430 0x000001e6cce8ea90 code [0x000001e6cce8ed00, 0x000001e6cce8f7c8]
Event: 60.778 Thread 0x000001e6e2ea2800 8431       3       sun.reflect.generics.reflectiveObjects.ParameterizedTypeImpl::equals (81 bytes)
Event: 60.778 Thread 0x000001e6e2ea2800 nmethod 8431 0x000001e6cce8fb10 code [0x000001e6cce8fd60, 0x000001e6cce908c8]
Event: 60.778 Thread 0x000001e6e2ea2800 8432       3       org.gradle.internal.service.DefaultServiceRegistry$SingletonService::isFactory (146 bytes)
Event: 60.780 Thread 0x000001e6e2ea2800 nmethod 8432 0x000001e6cce90b10 code [0x000001e6cce90e20, 0x000001e6cce91f98]
Event: 60.780 Thread 0x000001e6e2ea2800 8433       3       java.io.File::isAbsolute (8 bytes)
Event: 60.780 Thread 0x000001e6e2ea2800 nmethod 8433 0x000001e6cce92490 code [0x000001e6cce92640, 0x000001e6cce92788]
Event: 61.072 Thread 0x000001e6e2ea2800 8434 %     3       java.util.zip.ZipFile$Source::initCEN @ 228 (697 bytes)
Event: 61.077 Thread 0x000001e6e2ea2800 nmethod 8434% 0x000001e6cce92810 code [0x000001e6cce92e80, 0x000001e6cce96c78]
Event: 61.077 Thread 0x000001e6e2ea2800 8435       3       java.util.zip.ZipFile$Source::initCEN (697 bytes)
Event: 61.101 Thread 0x000001e6e2ea2800 nmethod 8435 0x000001e6cce98710 code [0x000001e6cce98d60, 0x000001e6cce9c998]

GC Heap History (20 events):
Event: 25.932 GC heap after
{Heap after GC invocations=10 (full 0):
 garbage-first heap   total 120832K, used 32954K [0x0000000080000000, 0x0000000100000000)
  region size 1024K, 7 young (7168K), 7 survivors (7168K)
 Metaspace       used 44378K, capacity 45718K, committed 45852K, reserved 557056K
  class space    used 5552K, capacity 6054K, committed 6092K, reserved 516096K
}
Event: 31.667 GC heap before
{Heap before GC invocations=10 (full 0):
 garbage-first heap   total 120832K, used 86202K [0x0000000080000000, 0x0000000100000000)
  region size 1024K, 59 young (60416K), 7 survivors (7168K)
 Metaspace       used 48555K, capacity 49869K, committed 50204K, reserved 561152K
  class space    used 6218K, capacity 6775K, committed 6860K, reserved 516096K
}
Event: 31.675 GC heap after
{Heap after GC invocations=11 (full 0):
 garbage-first heap   total 120832K, used 34202K [0x0000000080000000, 0x0000000100000000)
  region size 1024K, 5 young (5120K), 5 survivors (5120K)
 Metaspace       used 48555K, capacity 49869K, committed 50204K, reserved 561152K
  class space    used 6218K, capacity 6775K, committed 6860K, reserved 516096K
}
Event: 38.117 GC heap before
{Heap before GC invocations=11 (full 0):
 garbage-first heap   total 120832K, used 90522K [0x0000000080000000, 0x0000000100000000)
  region size 1024K, 58 young (59392K), 5 survivors (5120K)
 Metaspace       used 51969K, capacity 53533K, committed 53788K, reserved 563200K
  class space    used 6665K, capacity 7310K, committed 7372K, reserved 516096K
}
Event: 38.126 GC heap after
{Heap after GC invocations=12 (full 0):
 garbage-first heap   total 120832K, used 39072K [0x0000000080000000, 0x0000000100000000)
  region size 1024K, 5 young (5120K), 5 survivors (5120K)
 Metaspace       used 51969K, capacity 53533K, committed 53788K, reserved 563200K
  class space    used 6665K, capacity 7310K, committed 7372K, reserved 516096K
}
Event: 39.668 GC heap before
{Heap before GC invocations=12 (full 0):
 garbage-first heap   total 120832K, used 96416K [0x0000000080000000, 0x0000000100000000)
  region size 1024K, 57 young (58368K), 5 survivors (5120K)
 Metaspace       used 57728K, capacity 59431K, committed 59804K, reserved 569344K
  class space    used 7467K, capacity 8149K, committed 8268K, reserved 516096K
}
Event: 39.673 GC heap after
{Heap after GC invocations=13 (full 0):
 garbage-first heap   total 120832K, used 45752K [0x0000000080000000, 0x0000000100000000)
  region size 1024K, 7 young (7168K), 7 survivors (7168K)
 Metaspace       used 57728K, capacity 59431K, committed 59804K, reserved 569344K
  class space    used 7467K, capacity 8149K, committed 8268K, reserved 516096K
}
Event: 39.869 GC heap before
{Heap before GC invocations=13 (full 0):
 garbage-first heap   total 120832K, used 58040K [0x0000000080000000, 0x0000000100000000)
  region size 1024K, 20 young (20480K), 7 survivors (7168K)
 Metaspace       used 58479K, capacity 60210K, committed 60420K, reserved 569344K
  class space    used 7559K, capacity 8260K, committed 8396K, reserved 516096K
}
Event: 39.896 GC heap after
{Heap after GC invocations=14 (full 0):
 garbage-first heap   total 120832K, used 46784K [0x0000000080000000, 0x0000000100000000)
  region size 1024K, 2 young (2048K), 2 survivors (2048K)
 Metaspace       used 58479K, capacity 60210K, committed 60420K, reserved 569344K
  class space    used 7559K, capacity 8260K, committed 8396K, reserved 516096K
}
Event: 40.524 GC heap before
{Heap before GC invocations=15 (full 0):
 garbage-first heap   total 120832K, used 86720K [0x0000000080000000, 0x0000000100000000)
  region size 1024K, 41 young (41984K), 2 survivors (2048K)
 Metaspace       used 61731K, capacity 63486K, committed 63620K, reserved 571392K
  class space    used 8022K, capacity 8754K, committed 8780K, reserved 516096K
}
Event: 40.527 GC heap after
{Heap after GC invocations=16 (full 0):
 garbage-first heap   total 120832K, used 47462K [0x0000000080000000, 0x0000000100000000)
  region size 1024K, 3 young (3072K), 3 survivors (3072K)
 Metaspace       used 61731K, capacity 63486K, committed 63620K, reserved 571392K
  class space    used 8022K, capacity 8754K, committed 8780K, reserved 516096K
}
Event: 43.422 GC heap before
{Heap before GC invocations=16 (full 0):
 garbage-first heap   total 120832K, used 88422K [0x0000000080000000, 0x0000000100000000)
  region size 1024K, 43 young (44032K), 3 survivors (3072K)
 Metaspace       used 64513K, capacity 66281K, committed 66564K, reserved 575488K
  class space    used 8343K, capacity 9083K, committed 9164K, reserved 516096K
}
Event: 43.426 GC heap after
{Heap after GC invocations=17 (full 0):
 garbage-first heap   total 120832K, used 50292K [0x0000000080000000, 0x0000000100000000)
  region size 1024K, 5 young (5120K), 5 survivors (5120K)
 Metaspace       used 64513K, capacity 66281K, committed 66564K, reserved 575488K
  class space    used 8343K, capacity 9083K, committed 9164K, reserved 516096K
}
Event: 52.299 GC heap before
{Heap before GC invocations=17 (full 0):
 garbage-first heap   total 120832K, used 91252K [0x0000000080000000, 0x0000000100000000)
  region size 1024K, 45 young (46080K), 5 survivors (5120K)
 Metaspace       used 66813K, capacity 68785K, committed 68996K, reserved 577536K
  class space    used 8656K, capacity 9465K, committed 9548K, reserved 516096K
}
Event: 52.317 GC heap after
{Heap after GC invocations=18 (full 0):
 garbage-first heap   total 120832K, used 51380K [0x0000000080000000, 0x0000000100000000)
  region size 1024K, 5 young (5120K), 5 survivors (5120K)
 Metaspace       used 66813K, capacity 68785K, committed 68996K, reserved 577536K
  class space    used 8656K, capacity 9465K, committed 9548K, reserved 516096K
}
Event: 54.559 GC heap before
{Heap before GC invocations=18 (full 0):
 garbage-first heap   total 120832K, used 92340K [0x0000000080000000, 0x0000000100000000)
  region size 1024K, 45 young (46080K), 5 survivors (5120K)
 Metaspace       used 69191K, capacity 71300K, committed 71428K, reserved 579584K
  class space    used 8982K, capacity 9840K, committed 9932K, reserved 516096K
}
Event: 54.569 GC heap after
{Heap after GC invocations=19 (full 0):
 garbage-first heap   total 120832K, used 54025K [0x0000000080000000, 0x0000000100000000)
  region size 1024K, 5 young (5120K), 5 survivors (5120K)
 Metaspace       used 69191K, capacity 71300K, committed 71428K, reserved 579584K
  class space    used 8982K, capacity 9840K, committed 9932K, reserved 516096K
}
Event: 57.038 GC heap before
{Heap before GC invocations=19 (full 0):
 garbage-first heap   total 120832K, used 93961K [0x0000000080000000, 0x0000000100000000)
  region size 1024K, 45 young (46080K), 5 survivors (5120K)
 Metaspace       used 71814K, capacity 73954K, committed 74116K, reserved 581632K
  class space    used 9347K, capacity 10230K, committed 10316K, reserved 516096K
}
Event: 57.061 GC heap after
{Heap after GC invocations=20 (full 0):
 garbage-first heap   total 120832K, used 57339K [0x0000000080000000, 0x0000000100000000)
  region size 1024K, 6 young (6144K), 6 survivors (6144K)
 Metaspace       used 71814K, capacity 73954K, committed 74116K, reserved 581632K
  class space    used 9347K, capacity 10230K, committed 10316K, reserved 516096K
}
Event: 61.134 GC heap before
{Heap before GC invocations=20 (full 0):
 garbage-first heap   total 120832K, used 97275K [0x0000000080000000, 0x0000000100000000)
  region size 1024K, 45 young (46080K), 6 survivors (6144K)
 Metaspace       used 73224K, capacity 75502K, committed 75524K, reserved 581632K
  class space    used 9505K, capacity 10441K, committed 10444K, reserved 516096K
}

Deoptimization events (20 events):
Event: 58.819 Thread 0x000001e6e9402800 Uncommon trap: trap_request=0xffffffde fr.pc=0x000001e6d34467d8 relative=0x00000000000007b8
Event: 58.819 Thread 0x000001e6e9402800 Uncommon trap: reason=class_check action=maybe_recompile pc=0x000001e6d34467d8 method=java.io.BufferedInputStream.read1([BII)I @ 39 c2
Event: 58.819 Thread 0x000001e6e9402800 DEOPT PACKING pc=0x000001e6d34467d8 sp=0x00000062190fde60
Event: 58.819 Thread 0x000001e6e9402800 DEOPT UNPACKING pc=0x000001e6cb79a1af sp=0x00000062190fdd68 mode 2
Event: 58.861 Thread 0x000001e6e36bc800 Uncommon trap: trap_request=0xffffffc6 fr.pc=0x000001e6d35b8588 relative=0x0000000000000228
Event: 58.861 Thread 0x000001e6e36bc800 Uncommon trap: reason=bimorphic_or_optimized_type_check action=maybe_recompile pc=0x000001e6d35b8588 method=com.google.common.collect.ImmutableList.copyOf(Ljava/util/Collection;)Lcom/google/common/collect/ImmutableList; @ 16 c2
Event: 58.861 Thread 0x000001e6e36bc800 DEOPT PACKING pc=0x000001e6d35b8588 sp=0x0000006213ef9640
Event: 58.861 Thread 0x000001e6e36bc800 DEOPT UNPACKING pc=0x000001e6cb79a1af sp=0x0000006213ef9608 mode 2
Event: 58.905 Thread 0x000001e6e8d1a000 Uncommon trap: trap_request=0xffffff4d fr.pc=0x000001e6d35139d0 relative=0x00000000000014d0
Event: 58.905 Thread 0x000001e6e8d1a000 Uncommon trap: reason=unstable_if action=reinterpret pc=0x000001e6d35139d0 method=java.util.concurrent.ConcurrentHashMap.putVal(Ljava/lang/Object;Ljava/lang/Object;Z)Ljava/lang/Object; @ 97 c2
Event: 58.905 Thread 0x000001e6e8d1a000 DEOPT PACKING pc=0x000001e6d35139d0 sp=0x000000621acfd380
Event: 58.905 Thread 0x000001e6e8d1a000 DEOPT UNPACKING pc=0x000001e6cb79a1af sp=0x000000621acfd328 mode 2
Event: 59.023 Thread 0x000001e6e8d1d800 DEOPT PACKING pc=0x000001e6cc39c6f4 sp=0x000000621aefd9d0
Event: 59.023 Thread 0x000001e6e8d1d800 DEOPT UNPACKING pc=0x000001e6cb79a95e sp=0x000000621aefcf70 mode 0
Event: 60.614 Thread 0x000001e6e36bc800 DEOPT PACKING pc=0x000001e6cc6872f1 sp=0x0000006213ef9120
Event: 60.614 Thread 0x000001e6e36bc800 DEOPT UNPACKING pc=0x000001e6cb79a95e sp=0x0000006213ef8618 mode 0
Event: 61.129 Thread 0x000001e6e36bc800 Uncommon trap: trap_request=0xffffff4d fr.pc=0x000001e6d345b7ac relative=0x000000000000176c
Event: 61.130 Thread 0x000001e6e36bc800 Uncommon trap: reason=unstable_if action=reinterpret pc=0x000001e6d345b7ac method=java.util.zip.ZipFile.getInputStream(Ljava/util/zip/ZipEntry;)Ljava/io/InputStream; @ 150 c2
Event: 61.130 Thread 0x000001e6e36bc800 DEOPT PACKING pc=0x000001e6d345b7ac sp=0x0000006213ef1c10
Event: 61.130 Thread 0x000001e6e36bc800 DEOPT UNPACKING pc=0x000001e6cb79a1af sp=0x0000006213ef1bb8 mode 2

Classes redefined (0 events):
No events

Internal exceptions (20 events):
Event: 52.227 Thread 0x000001e6e36bc800 Exception <a 'java/lang/ClassNotFoundException'{0x0000000085195838}: org/gradle/api/internal/DefaultNamedDomainObjectListCustomizer> (0x0000000085195838) thrown at [./src/hotspot/share/classfile/systemDictionary.cpp, line 230]
Event: 52.230 Thread 0x000001e6e36bc800 Exception <a 'java/lang/ClassNotFoundException'{0x00000000851f4d28}: org/gradle/api/internal/artifacts/DefaultArtifactRepositoryContainerCustomizer> (0x00000000851f4d28) thrown at [./src/hotspot/share/classfile/systemDictionary.cpp, line 230]
Event: 52.231 Thread 0x000001e6e36bc800 Exception <a 'java/lang/ClassNotFoundException'{0x0000000085048e78}: org/gradle/api/internal/artifacts/dsl/DefaultRepositoryHandlerCustomizer> (0x0000000085048e78) thrown at [./src/hotspot/share/classfile/systemDictionary.cpp, line 230]
Event: 52.233 Thread 0x000001e6e36bc800 Exception <a 'java/lang/ClassNotFoundException'{0x00000000850afda8}: org/gradle/api/internal/artifacts/dsl/DefaultRepositoryHandler_DecoratedCustomizer> (0x00000000850afda8) thrown at [./src/hotspot/share/classfile/systemDictionary.cpp, line 230]
Event: 52.247 Thread 0x000001e6e36bc800 Exception <a 'java/lang/ClassNotFoundException'{0x0000000084f8c338}: org/gradle/api/internal/artifacts/dsl/dependencies/DefaultDependencyHandler_DecoratedBeanInfo> (0x0000000084f8c338) thrown at [./src/hotspot/share/classfile/systemDictionary.cpp, line 230]
Event: 52.249 Thread 0x000001e6e36bc800 Exception <a 'java/lang/ClassNotFoundException'{0x0000000084fd44a0}: org/gradle/api/internal/artifacts/dsl/dependencies/DefaultDependencyHandlerBeanInfo> (0x0000000084fd44a0) thrown at [./src/hotspot/share/classfile/systemDictionary.cpp, line 230]
Event: 52.250 Thread 0x000001e6e36bc800 Exception <a 'java/lang/ClassNotFoundException'{0x0000000084e1c758}: org/gradle/api/internal/artifacts/dsl/dependencies/DefaultDependencyHandlerCustomizer> (0x0000000084e1c758) thrown at [./src/hotspot/share/classfile/systemDictionary.cpp, line 230]
Event: 52.252 Thread 0x000001e6e36bc800 Exception <a 'java/lang/ClassNotFoundException'{0x0000000084e8dc70}: org/gradle/api/internal/artifacts/dsl/dependencies/DefaultDependencyHandler_DecoratedCustomizer> (0x0000000084e8dc70) thrown at [./src/hotspot/share/classfile/systemDictionary.cpp, line 230]
Event: 54.198 Thread 0x000001e6e36bc800 Exception <a 'java/lang/NoSuchMethodError'{0x00000000855ecf20}: 'java.lang.Object java.lang.invoke.Invokers$Holder.linkToTargetMethod(java.lang.Object, java.lang.Object, java.lang.Object, java.lang.Object, java.lang.Object, java.lang.Object, java.lang.Object, java.lang.Object, java.lang.Object)'> (0x00000000855ecf20) thrown at [./src/hotspot/share/interpreter/linkResolver.cpp, line 773]
Event: 55.116 Thread 0x000001e6e5890800 Exception <a 'java/lang/NoSuchMethodError'{0x0000000086b0f068}: 'java.lang.Object java.lang.invoke.DirectMethodHandle$Holder.invokeStatic(java.lang.Object, java.lang.Object, java.lang.Object, java.lang.Object, int, java.lang.Object)'> (0x0000000086b0f068) thrown at [./src/hotspot/share/interpreter/linkResolver.cpp, line 773]
Event: 55.118 Thread 0x000001e6e5890800 Exception <a 'java/lang/NoSuchMethodError'{0x0000000086b12b70}: 'java.lang.Object java.lang.invoke.Invokers$Holder.linkToTargetMethod(java.lang.Object, java.lang.Object, java.lang.Object, int, java.lang.Object, java.lang.Object)'> (0x0000000086b12b70) thrown at [./src/hotspot/share/interpreter/linkResolver.cpp, line 773]
Event: 55.169 Thread 0x000001e6e5890800 Exception <a 'java/lang/NoSuchMethodError'{0x0000000086b99c90}: 'void java.lang.invoke.DirectMethodHandle$Holder.invokeInterface(java.lang.Object, java.lang.Object, java.lang.Object, java.lang.Object)'> (0x0000000086b99c90) thrown at [./src/hotspot/share/interpreter/linkResolver.cpp, line 773]
Event: 55.392 Thread 0x000001e6e5890800 Exception <a 'java/lang/NoSuchMethodError'{0x00000000869dc150}: 'int java.lang.invoke.DirectMethodHandle$Holder.invokeSpecial(java.lang.Object, java.lang.Object, java.lang.Object, java.lang.Object, java.lang.Object)'> (0x00000000869dc150) thrown at [./src/hotspot/share/interpreter/linkResolver.cpp, line 773]
Event: 57.597 Thread 0x000001e6e5890800 Implicit null exception at 0x000001e6d33c722c to 0x000001e6d33c726b
Event: 58.008 Thread 0x000001e6e5890800 Exception <a 'sun/nio/fs/WindowsException'{0x00000000868d52d0}> (0x00000000868d52d0) thrown at [./src/hotspot/share/prims/jni.cpp, line 617]
Event: 58.014 Thread 0x000001e6e5890800 Exception <a 'sun/nio/fs/WindowsException'{0x00000000868d7688}> (0x00000000868d7688) thrown at [./src/hotspot/share/prims/jni.cpp, line 617]
Event: 58.017 Thread 0x000001e6e5890800 Exception <a 'sun/nio/fs/WindowsException'{0x00000000868d98b8}> (0x00000000868d98b8) thrown at [./src/hotspot/share/prims/jni.cpp, line 617]
Event: 58.018 Thread 0x000001e6e5890800 Exception <a 'sun/nio/fs/WindowsException'{0x00000000868db710}> (0x00000000868db710) thrown at [./src/hotspot/share/prims/jni.cpp, line 617]
Event: 60.774 Thread 0x000001e6e36bc800 Exception <a 'java/lang/ClassNotFoundException'{0x00000000850f54f0}: build_bbcvownzdzj4p2ax10lx3ii8kBeanInfo> (0x00000000850f54f0) thrown at [./src/hotspot/share/classfile/systemDictionary.cpp, line 230]
Event: 60.774 Thread 0x000001e6e36bc800 Exception <a 'java/lang/ClassNotFoundException'{0x0000000084f02360}: build_bbcvownzdzj4p2ax10lx3ii8kCustomizer> (0x0000000084f02360) thrown at [./src/hotspot/share/classfile/systemDictionary.cpp, line 230]

Events (20 events):
Event: 60.834 loading class org/gradle/api/internal/plugins/DefaultObjectConfigurationAction$3 done
Event: 61.102 loading class com/android/build/gradle/AppPlugin
Event: 61.102 loading class com/android/build/gradle/AppPlugin done
Event: 61.104 loading class com/android/build/gradle/BasePlugin
Event: 61.104 loading class com/android/build/gradle/BasePlugin done
Event: 61.106 loading class com/android/build/gradle/BaseExtension
Event: 61.106 loading class com/android/build/gradle/BaseExtension done
Event: 61.110 loading class com/android/build/gradle/AndroidConfig
Event: 61.110 loading class com/android/build/gradle/AndroidConfig done
Event: 61.111 loading class com/android/build/gradle/internal/dsl/Lockable
Event: 61.111 loading class com/android/build/gradle/internal/dsl/Lockable done
Event: 61.114 loading class com/android/build/gradle/BasePluginKt
Event: 61.114 loading class com/android/build/gradle/BasePluginKt done
Event: 61.122 loading class com/android/build/gradle/internal/plugins/VersionCheckPlugin
Event: 61.122 loading class com/android/build/gradle/internal/plugins/VersionCheckPlugin done
Event: 61.123 loading class com/android/build/gradle/internal/plugins/VersionCheckPlugin$Companion
Event: 61.123 loading class com/android/build/gradle/internal/plugins/VersionCheckPlugin$Companion done
Event: 61.124 loading class com/android/ide/common/repository/GradleVersion
Event: 61.124 loading class com/android/ide/common/repository/GradleVersion done
Event: 61.132 Executing VM operation: G1CollectForAllocation


Dynamic libraries:
0x00007ff6c75f0000 - 0x00007ff6c75fd000 	C:\Program Files\Microsoft\jdk-11.0.18.10-hotspot\bin\java.exe
0x00007ffbf5510000 - 0x00007ffbf5727000 	C:\WINDOWS\SYSTEM32\ntdll.dll
0x00007ffbf4b60000 - 0x00007ffbf4c24000 	C:\WINDOWS\System32\KERNEL32.DLL
0x00007ffbf28b0000 - 0x00007ffbf2c55000 	C:\WINDOWS\System32\KERNELBASE.dll
0x00007ffbf2d80000 - 0x00007ffbf2e91000 	C:\WINDOWS\System32\ucrtbase.dll
0x00007ffbc44f0000 - 0x00007ffbc4507000 	C:\Program Files\Microsoft\jdk-11.0.18.10-hotspot\bin\jli.dll
0x00007ffbf4c30000 - 0x00007ffbf4dde000 	C:\WINDOWS\System32\USER32.dll
0x00007ffbf2880000 - 0x00007ffbf28a6000 	C:\WINDOWS\System32\win32u.dll
0x00007ffbf4020000 - 0x00007ffbf4049000 	C:\WINDOWS\System32\GDI32.dll
0x00007ffbf2c60000 - 0x00007ffbf2d79000 	C:\WINDOWS\System32\gdi32full.dll
0x00007ffbc4bd0000 - 0x00007ffbc4be5000 	C:\Program Files\Microsoft\jdk-11.0.18.10-hotspot\bin\VCRUNTIME140.dll
0x00007ffbf3050000 - 0x00007ffbf30ea000 	C:\WINDOWS\System32\msvcp_win.dll
0x00007ffbd61e0000 - 0x00007ffbd6473000 	C:\WINDOWS\WinSxS\amd64_microsoft.windows.common-controls_6595b64144ccf1df_6.0.22621.2506_none_270c5ae97388e100\COMCTL32.dll
0x00007ffbf53d0000 - 0x00007ffbf5477000 	C:\WINDOWS\System32\msvcrt.dll
0x00007ffbf4b20000 - 0x00007ffbf4b51000 	C:\WINDOWS\System32\IMM32.DLL
0x00007ffbb0b70000 - 0x00007ffbb0c0b000 	C:\Program Files\Microsoft\jdk-11.0.18.10-hotspot\bin\msvcp140.dll
0x00007ffb22ac0000 - 0x00007ffb23652000 	C:\Program Files\Microsoft\jdk-11.0.18.10-hotspot\bin\server\jvm.dll
0x00007ffbf33a0000 - 0x00007ffbf3451000 	C:\WINDOWS\System32\ADVAPI32.dll
0x00007ffbf5080000 - 0x00007ffbf5126000 	C:\WINDOWS\System32\sechost.dll
0x00007ffbf4580000 - 0x00007ffbf4697000 	C:\WINDOWS\System32\RPCRT4.dll
0x00007ffbf3270000 - 0x00007ffbf3278000 	C:\WINDOWS\System32\PSAPI.DLL
0x00007ffbd0d10000 - 0x00007ffbd0d19000 	C:\WINDOWS\SYSTEM32\WSOCK32.dll
0x00007ffbf4a90000 - 0x00007ffbf4b01000 	C:\WINDOWS\System32\WS2_32.dll
0x00007ffbeb4e0000 - 0x00007ffbeb514000 	C:\WINDOWS\SYSTEM32\WINMM.dll
0x00007ffbe97c0000 - 0x00007ffbe97ca000 	C:\WINDOWS\SYSTEM32\VERSION.dll
0x00007ffbf17e0000 - 0x00007ffbf17f8000 	C:\WINDOWS\SYSTEM32\kernel.appcore.dll
0x00007ffbeddc0000 - 0x00007ffbeddd0000 	C:\Program Files\Microsoft\jdk-11.0.18.10-hotspot\bin\verify.dll
0x00007ffbdf350000 - 0x00007ffbdf583000 	C:\WINDOWS\SYSTEM32\DBGHELP.DLL
0x00007ffbf4700000 - 0x00007ffbf4a89000 	C:\WINDOWS\System32\combase.dll
0x00007ffbf32c0000 - 0x00007ffbf3397000 	C:\WINDOWS\System32\OLEAUT32.dll
0x00007ffbd2390000 - 0x00007ffbd23c2000 	C:\WINDOWS\SYSTEM32\dbgcore.DLL
0x00007ffbf2ea0000 - 0x00007ffbf2f1a000 	C:\WINDOWS\System32\bcryptPrimitives.dll
0x00007ffbcf200000 - 0x00007ffbcf228000 	C:\Program Files\Microsoft\jdk-11.0.18.10-hotspot\bin\java.dll
0x00007ffbe91e0000 - 0x00007ffbe91ea000 	C:\Program Files\Microsoft\jdk-11.0.18.10-hotspot\bin\jimage.dll
0x00007ffbc3eb0000 - 0x00007ffbc3ec8000 	C:\Program Files\Microsoft\jdk-11.0.18.10-hotspot\bin\zip.dll
0x00007ffbf37c0000 - 0x00007ffbf4019000 	C:\WINDOWS\System32\SHELL32.dll
0x00007ffbf0750000 - 0x00007ffbf1044000 	C:\WINDOWS\SYSTEM32\windows.storage.dll
0x00007ffbf0610000 - 0x00007ffbf074e000 	C:\WINDOWS\SYSTEM32\wintypes.dll
0x00007ffbf3460000 - 0x00007ffbf3553000 	C:\WINDOWS\System32\SHCORE.dll
0x00007ffbf5370000 - 0x00007ffbf53ce000 	C:\WINDOWS\System32\shlwapi.dll
0x00007ffbf27b0000 - 0x00007ffbf27d6000 	C:\WINDOWS\SYSTEM32\profapi.dll
0x00007ffbd2ed0000 - 0x00007ffbd2ee9000 	C:\Program Files\Microsoft\jdk-11.0.18.10-hotspot\bin\net.dll
0x00007ffbebb60000 - 0x00007ffbebc97000 	C:\WINDOWS\SYSTEM32\WINHTTP.dll
0x00007ffbf1cc0000 - 0x00007ffbf1d29000 	C:\WINDOWS\system32\mswsock.dll
0x00007ffbc48a0000 - 0x00007ffbc48b3000 	C:\Program Files\Microsoft\jdk-11.0.18.10-hotspot\bin\nio.dll
0x00007ffbc4ce0000 - 0x00007ffbc4d07000 	C:\Users\HP\.gradle\native\68d5fa5c4cc2d200863cafc0d521ce42e7d3e7ee720ec0a83991735586a16f82\windows-amd64\native-platform.dll
0x00007ffbae910000 - 0x00007ffbaea54000 	C:\Users\HP\.gradle\native\e376f236ea51e6404a007f0833ffe2c6e607c4080706a723a18a27aeea778392\windows-amd64\native-platform-file-events.dll
0x00007ffbd3850000 - 0x00007ffbd3859000 	C:\Program Files\Microsoft\jdk-11.0.18.10-hotspot\bin\management.dll
0x00007ffbd16b0000 - 0x00007ffbd16bb000 	C:\Program Files\Microsoft\jdk-11.0.18.10-hotspot\bin\management_ext.dll
0x00007ffbf1ef0000 - 0x00007ffbf1f0b000 	C:\WINDOWS\SYSTEM32\CRYPTSP.dll
0x00007ffbf17a0000 - 0x00007ffbf17d5000 	C:\WINDOWS\system32\rsaenh.dll
0x00007ffbf1d80000 - 0x00007ffbf1dac000 	C:\WINDOWS\SYSTEM32\USERENV.dll
0x00007ffbf2140000 - 0x00007ffbf2168000 	C:\WINDOWS\SYSTEM32\bcrypt.dll
0x00007ffbf1ee0000 - 0x00007ffbf1eec000 	C:\WINDOWS\SYSTEM32\CRYPTBASE.dll
0x00007ffbf12f0000 - 0x00007ffbf131d000 	C:\WINDOWS\SYSTEM32\IPHLPAPI.DLL
0x00007ffbf5130000 - 0x00007ffbf5139000 	C:\WINDOWS\System32\NSI.dll
0x00007ffbebf30000 - 0x00007ffbebf49000 	C:\WINDOWS\SYSTEM32\dhcpcsvc6.DLL
0x00007ffbebac0000 - 0x00007ffbebadf000 	C:\WINDOWS\SYSTEM32\dhcpcsvc.DLL
0x00007ffbf1320000 - 0x00007ffbf1419000 	C:\WINDOWS\SYSTEM32\DNSAPI.dll

dbghelp: loaded successfully - version: 4.0.5 - missing functions: none
symbol engine: initialized successfully - sym options: 0x614 - pdb path: .;C:\Program Files\Microsoft\jdk-11.0.18.10-hotspot\bin;C:\WINDOWS\SYSTEM32;C:\WINDOWS\WinSxS\amd64_microsoft.windows.common-controls_6595b64144ccf1df_6.0.22621.2506_none_270c5ae97388e100;C:\Program Files\Microsoft\jdk-11.0.18.10-hotspot\bin\server;C:\Users\HP\.gradle\native\68d5fa5c4cc2d200863cafc0d521ce42e7d3e7ee720ec0a83991735586a16f82\windows-amd64;C:\Users\HP\.gradle\native\e376f236ea51e6404a007f0833ffe2c6e607c4080706a723a18a27aeea778392\windows-amd64

VM Arguments:
jvm_args: -XX:MaxMetaspaceSize=512m --add-opens=java.base/java.util=ALL-UNNAMED --add-opens=java.base/java.lang=ALL-UNNAMED --add-opens=java.base/java.lang.invoke=ALL-UNNAMED --add-opens=java.prefs/java.util.prefs=ALL-UNNAMED --add-opens=java.base/java.nio.charset=ALL-UNNAMED --add-opens=java.base/java.net=ALL-UNNAMED --add-opens=java.base/java.util.concurrent.atomic=ALL-UNNAMED -Xmx2048m -Dfile.encoding=windows-1252 -Duser.country=IN -Duser.language=en -Duser.variant 
java_command: org.gradle.launcher.daemon.bootstrap.GradleDaemon 8.0.1
java_class_path (initial): C:\Users\HP\.gradle\wrapper\dists\gradle-8.0.1-all\aro4hu1c3oeioove7l0i4i14o\gradle-8.0.1\lib\gradle-launcher-8.0.1.jar
Launcher Type: SUN_STANDARD

[Global flags]
     intx CICompilerCount                          = 4                                         {product} {ergonomic}
   size_t CompressedClassSpaceSize                 = 528482304                                 {product} {ergonomic}
     uint ConcGCThreads                            = 3                                         {product} {ergonomic}
     uint G1ConcRefinementThreads                  = 10                                        {product} {ergonomic}
   size_t G1HeapRegionSize                         = 1048576                                   {product} {ergonomic}
    uintx GCDrainStackTargetSize                   = 64                                        {product} {ergonomic}
   size_t InitialHeapSize                          = 123731968                                 {product} {ergonomic}
   size_t MarkStackSize                            = 4194304                                   {product} {ergonomic}
   size_t MaxHeapSize                              = 2147483648                                {product} {command line}
   size_t MaxMetaspaceSize                         = 536870912                                 {product} {command line}
   size_t MaxNewSize                               = 1287651328                                {product} {ergonomic}
   size_t MinHeapDeltaBytes                        = 1048576                                   {product} {ergonomic}
    uintx NonNMethodCodeHeapSize                   = 5836300                                {pd product} {ergonomic}
    uintx NonProfiledCodeHeapSize                  = 122910970                              {pd product} {ergonomic}
    uintx ProfiledCodeHeapSize                     = 122910970                              {pd product} {ergonomic}
    uintx ReservedCodeCacheSize                    = 251658240                              {pd product} {ergonomic}
     bool SegmentedCodeCache                       = true                                      {product} {ergonomic}
     bool UseCompressedClassPointers               = true                                 {lp64_product} {ergonomic}
     bool UseCompressedOops                        = true                                 {lp64_product} {ergonomic}
     bool UseG1GC                                  = true                                      {product} {ergonomic}
     bool UseLargePagesIndividualAllocation        = false                                  {pd product} {ergonomic}

Logging:
Log output configuration:
 #0: stdout all=warning uptime,level,tags
 #1: stderr all=off uptime,level,tags

Environment Variables:
JAVA_HOME=C:\Program Files\Microsoft\jdk-11.0.18.10-hotspot\
CLASSPATH=D:\Krishimitra\Frontend\android\\gradle\wrapper\gradle-wrapper.jar
PATH=D:\Krishimitra\Frontend\node_modules\.bin;D:\Krishimitra\Frontend\node_modules\.bin;D:\Krishimitra\node_modules\.bin;D:\node_modules\.bin;C:\Program Files\nodejs\node_modules\npm\node_modules\@npmcli\run-script\lib\node-gyp-bin;D:\Krishimitra\Frontend\node_modules\.bin;D:\Krishimitra\Frontend\node_modules\.bin;D:\Krishimitra\node_modules\.bin;D:\node_modules\.bin;C:\Program Files\nodejs\node_modules\npm\node_modules\@npmcli\run-script\lib\node-gyp-bin;C:\Program Files\BraveSoftware\Brave-Browser\Application;C:\Program Files\Python311\Scripts\;C:\Program Files\Python311\;C:\Program Files\Microsoft\jdk-11.0.18.10-hotspot\bin;C:\Program Files\Python310\Scripts\;C:\Program Files\Python310\;C:\windows\system32;C:\windows;C:\windows\System32\Wbem;C:\windows\System32\WindowsPowerShell\v1.0\;C:\windows\System32\OpenSSH\;C:\Program Files (x86)\NVIDIA Corporation\PhysX\Common;C:\Program Files\NVIDIA Corporation\NVIDIA NvDLISR;C:\WINDOWS\system32;C:\WINDOWS;C:\WINDOWS\System32\Wbem;C:\WINDOWS\System32\WindowsPowerShell\v1.0\;C:\WINDOWS\System32\OpenSSH\;C:\MinGW\bin;C:\ProgramData\chocolatey\bin;C:\Program Files\nodejs\;C:\Program Files\Git\cmd;C:\Program Files\Cloudflare\Cloudflare WARP\;C:\Users\HP\AppData\Local\Microsoft\WindowsApps;C:\Users\HP\AppData\Local\Programs\Microsoft VS Code\bin;C:\Program Files\JetBrains\PyCharm Community Edition 2022.2.1\bin;;C:\Program Files\JetBrains\CLion 2022.2.3\bin;;C:\Users\HP\AppData\Roaming\npm;C:\Program Files\Java\jdk-19;C:\Users\HP\AppData\Local\Android\Sdk\platform-tools;C:\Program Files\JetBrains\PyCharm 2022.3.3\bin;;C:\Users\HP\AppData\Local\GitHubDesktop\bin;C:\ProgramData\HP\GitHubDesktop\bin
USERNAME=HP
LANG=en_US.UTF-8
OS=Windows_NT
PROCESSOR_IDENTIFIER=AMD64 Family 25 Model 80 Stepping 0, AuthenticAMD
TMP=C:\Users\HP\AppData\Local\Temp
TEMP=C:\Users\HP\AppData\Local\Temp



---------------  S Y S T E M  ---------------

OS: Windows 11 , 64 bit Build 22621 (10.0.22621.2506)
OS uptime: 7 days 14:38 hours
Hyper-V role detected

CPU:total 12 (initial active 12) (12 cores per cpu, 2 threads per core) family 25 model 80 stepping 0 microcode 0x0, cmov, cx8, fxsr, mmx, sse, sse2, sse3, ssse3, sse4.1, sse4.2, popcnt, avx, avx2, aes, clmul, erms, mmxext, 3dnowpref, lzcnt, sse4a, ht, tsc, tscinvbit, tscinv, bmi1, bmi2, adx, sha, fma

Memory: 4k page, system-wide physical 7521M (1M free)
TotalPageFile size 31073M (AvailPageFile size 2M)
current process WorkingSet (physical memory assigned to process): 181M, peak: 234M
current process commit charge ("private bytes"): 375M, peak: 377M

vm_info: OpenJDK 64-Bit Server VM (11.0.18+10-LTS) for windows-amd64 JRE (11.0.18+10-LTS), built on Jan 18 2023 15:56:47 by "MicrosoftCorporation" with MS VC++ 15.9 (VS2017)

END.
