#
# There is insufficient memory for the Java Runtime Environment to continue.
# Native memory allocation (malloc) failed to allocate 1280656 bytes for Chunk::new
# Possible reasons:
#   The system is out of physical RAM or swap space
#   The process is running with CompressedOops enabled, and the Java Heap may be blocking the growth of the native heap
# Possible solutions:
#   Reduce memory load on the system
#   Increase physical memory or swap space
#   Check if swap backing store is full
#   Decrease Java heap size (-Xmx/-Xms)
#   Decrease number of Java threads
#   Decrease Java thread stack sizes (-Xss)
#   Set larger code cache with -XX:ReservedCodeCacheSize=
#   JVM is running with Unscaled Compressed Oops mode in which the Java heap is
#     placed in the first 4GB address space. The Java Heap base address is the
#     maximum limit for the native heap growth. Please use -XX:HeapBaseMinAddress
#     to set the Java Heap base and to place the Java Heap above 4GB virtual address.
# This output file may be truncated or incomplete.
#
#  Out of Memory Error (./src/hotspot/share/memory/arena.cpp:197), pid=19408, tid=31812
#
# JRE version: OpenJDK Runtime Environment Microsoft-7208460 (11.0.18+10) (build 11.0.18+10-LTS)
# Java VM: OpenJDK 64-Bit Server VM Microsoft-7208460 (11.0.18+10-LTS, mixed mode, tiered, compressed oops, g1 gc, windows-amd64)
# No core dump will be written. Minidumps are not enabled by default on client versions of Windows
#

---------------  S U M M A R Y ------------

Command Line: -XX:MaxMetaspaceSize=512m --add-opens=java.base/java.util=ALL-UNNAMED --add-opens=java.base/java.lang=ALL-UNNAMED --add-opens=java.base/java.lang.invoke=ALL-UNNAMED --add-opens=java.prefs/java.util.prefs=ALL-UNNAMED --add-opens=java.base/java.nio.charset=ALL-UNNAMED --add-opens=java.base/java.net=ALL-UNNAMED --add-opens=java.base/java.util.concurrent.atomic=ALL-UNNAMED -Xmx2048m -Dfile.encoding=windows-1252 -Duser.country=IN -Duser.language=en -Duser.variant org.gradle.launcher.daemon.bootstrap.GradleDaemon 8.0.1

Host: AMD Ryzen 5 5600H with Radeon Graphics         , 12 cores, 7G,  Windows 11 , 64 bit Build 22621 (10.0.22621.2506)
Time: Fri Dec  8 09:34:29 2023 India Standard Time elapsed time: 67.601929 seconds (0d 0h 1m 7s)

---------------  T H R E A D  ---------------

Current thread (0x00000185ff070000):  JavaThread "C2 CompilerThread0" daemon [_thread_in_native, id=31812, stack(0x0000001b85300000,0x0000001b85400000)]


Current CompileTask:
C2:  67601 8765 % !   4       java.util.jar.Attributes::read @ 155 (354 bytes)

Stack: [0x0000001b85300000,0x0000001b85400000]
Native frames: (J=compiled Java code, j=interpreted, Vv=VM code, C=native code)
V  [jvm.dll+0x62bf8a]
V  [jvm.dll+0x7b8fb9]
V  [jvm.dll+0x7ba6a8]
V  [jvm.dll+0x7bad83]
V  [jvm.dll+0x250248]
V  [jvm.dll+0xc260c]
V  [jvm.dll+0xc2bcc]
V  [jvm.dll+0x35e1c7]
V  [jvm.dll+0x32a373]
V  [jvm.dll+0x3296aa]
V  [jvm.dll+0x2093b3]
V  [jvm.dll+0x20850d]
V  [jvm.dll+0x18a4b1]
V  [jvm.dll+0x217eec]
V  [jvm.dll+0x21612b]
V  [jvm.dll+0x77bac0]
V  [jvm.dll+0x7749f4]
V  [jvm.dll+0x62adf5]
C  [ucrtbase.dll+0x29363]
C  [KERNEL32.DLL+0x1257d]
C  [ntdll.dll+0x5aa58]


---------------  P R O C E S S  ---------------

Threads class SMR info:
_java_thread_list=0x00000185997b31e0, length=183, elements={
0x00000185f4b2f800, 0x00000185ff047800, 0x00000185ff049800, 0x00000185ff069800,
0x00000185ff06a800, 0x00000185ff06c800, 0x00000185ff070000, 0x00000185ff071000,
0x00000185ff072000, 0x00000185ffb2d000, 0x0000018596a1d800, 0x0000018595cf5800,
0x00000185962d2800, 0x00000185965d0000, 0x000001859678f800, 0x0000018595bd8800,
0x0000018596638000, 0x00000185961da800, 0x00000185969fa800, 0x0000018595f10000,
0x0000018595f0e800, 0x0000018595f0d000, 0x0000018595f0f800, 0x0000018595f11000,
0x0000018595f0b000, 0x0000018595f11800, 0x0000018595f0c000, 0x0000018595f0d800,
0x00000185971d6000, 0x00000185971da000, 0x00000185971db000, 0x00000185971d5000,
0x00000185971db800, 0x00000185971d8800, 0x00000185971d7000, 0x00000185971dd800,
0x00000185971d7800, 0x00000185971e3000, 0x00000185971e4000, 0x00000185971e2800,
0x00000185971e0800, 0x00000185971e1800, 0x00000185971de000, 0x00000185971df000,
0x00000185971e0000, 0x0000018599186000, 0x0000018599183000, 0x0000018599184800,
0x0000018599189800, 0x0000018599188800, 0x0000018599183800, 0x0000018599185000,
0x000001859918a000, 0x000001859918b000, 0x0000018599187000, 0x000001859918b800,
0x000001859918c800, 0x000001859918d800, 0x0000018599187800, 0x000001859918f000,
0x0000018599190800, 0x000001859918e000, 0x0000018599190000, 0x0000018599191800,
0x000001859961c000, 0x000001859961a000, 0x000001859961b800, 0x000001859961d000,
0x0000018599618000, 0x000001859961e000, 0x000001859961e800, 0x0000018599619000,
0x000001859961f800, 0x0000018599620800, 0x000001859961a800, 0x0000018599623000,
0x0000018599623800, 0x0000018599625000, 0x0000018599622000, 0x0000018599626000,
0x0000018599627000, 0x0000018599624800, 0x0000018599621000, 0x0000018597392000,
0x0000018597395800, 0x0000018597397000, 0x0000018597396000, 0x0000018597393000,
0x0000018597394800, 0x0000018597391000, 0x0000018597398800, 0x000001859739c800,
0x000001859739d800, 0x0000018597397800, 0x000001859739f000, 0x000001859739e800,
0x0000018597399800, 0x00000185973a0000, 0x000001859739a000, 0x000001859739b000,
0x000001859739c000, 0x00000185998e6800, 0x00000185998e9800, 0x00000185998e9000,
0x00000185998ea800, 0x00000185998e7000, 0x00000185998e8000, 0x00000185998e5800,
0x00000185998e4800, 0x00000185998ef800, 0x00000185998ed800, 0x00000185998ee800,
0x00000185998ed000, 0x00000185998f0000, 0x00000185998ec000, 0x00000185998f1000,
0x00000185998eb000, 0x00000185998f3800, 0x00000185998f1800, 0x00000185998f2800,
0x0000018595eec800, 0x0000018595eec000, 0x0000018595eeb000, 0x0000018595eed800,
0x0000018595ee8000, 0x0000018595eee800, 0x0000018595ee8800, 0x0000018595eef000,
0x0000018595eea000, 0x0000018595ee9800, 0x0000018595ef2800, 0x0000018595ef5000,
0x0000018595ef5800, 0x0000018595ef1000, 0x0000018595ef0000, 0x0000018595ef6800,
0x0000018595ef4000, 0x0000018595ef1800, 0x0000018595ef3000, 0x000001859b479800,
0x000001859b478800, 0x000001859b47f000, 0x000001859b480000, 0x000001859b47e800,
0x000001859b47a000, 0x000001859b47c000, 0x000001859b47d800, 0x000001859b480800,
0x000001859b47b000, 0x000001859b481800, 0x000001859b482800, 0x000001859b47c800,
0x000001859b485000, 0x000001859b483000, 0x000001859b484000, 0x000001859b485800,
0x000001859b486800, 0x000001859b487800, 0x0000018599794800, 0x0000018599793000,
0x0000018599792000, 0x0000018599795000, 0x0000018599791000, 0x0000018599796000,
0x0000018599790800, 0x0000018599797000, 0x0000018599797800, 0x0000018599799800,
0x0000018599798800, 0x0000018599793800, 0x000001859979a000, 0x000001859979d800,
0x000001859979e000, 0x000001859979f000, 0x000001859979b000, 0x000001859979c800,
0x000001859979c000, 0x000001859b92d000, 0x000001859b92f800, 0x000001859b92e000,
0x000001859b930800, 0x000001859b931000, 0x000001859b92f000
}

Java Threads: ( => current thread )
  0x00000185f4b2f800 JavaThread "main" [_thread_blocked, id=6080, stack(0x0000001b84700000,0x0000001b84800000)]
  0x00000185ff047800 JavaThread "Reference Handler" daemon [_thread_blocked, id=10540, stack(0x0000001b84e00000,0x0000001b84f00000)]
  0x00000185ff049800 JavaThread "Finalizer" daemon [_thread_blocked, id=21788, stack(0x0000001b84f00000,0x0000001b85000000)]
  0x00000185ff069800 JavaThread "Signal Dispatcher" daemon [_thread_blocked, id=28484, stack(0x0000001b85000000,0x0000001b85100000)]
  0x00000185ff06a800 JavaThread "Attach Listener" daemon [_thread_blocked, id=10712, stack(0x0000001b85100000,0x0000001b85200000)]
  0x00000185ff06c800 JavaThread "Service Thread" daemon [_thread_blocked, id=19960, stack(0x0000001b85200000,0x0000001b85300000)]
=>0x00000185ff070000 JavaThread "C2 CompilerThread0" daemon [_thread_in_native, id=31812, stack(0x0000001b85300000,0x0000001b85400000)]
  0x00000185ff071000 JavaThread "C1 CompilerThread0" daemon [_thread_blocked, id=9032, stack(0x0000001b85400000,0x0000001b85500000)]
  0x00000185ff072000 JavaThread "Sweeper thread" daemon [_thread_blocked, id=9268, stack(0x0000001b85500000,0x0000001b85600000)]
  0x00000185ffb2d000 JavaThread "Common-Cleaner" daemon [_thread_blocked, id=15896, stack(0x0000001b85600000,0x0000001b85700000)]
  0x0000018596a1d800 JavaThread "Daemon health stats" [_thread_blocked, id=27676, stack(0x0000001b85900000,0x0000001b85a00000)]
  0x0000018595cf5800 JavaThread "Incoming local TCP Connector on port 61259" [_thread_in_native, id=6988, stack(0x0000001b85a00000,0x0000001b85b00000)]
  0x00000185962d2800 JavaThread "Daemon periodic checks" [_thread_blocked, id=6200, stack(0x0000001b85b00000,0x0000001b85c00000)]
  0x00000185965d0000 JavaThread "Daemon" [_thread_blocked, id=32436, stack(0x0000001b85c00000,0x0000001b85d00000)]
  0x000001859678f800 JavaThread "Handler for socket connection from /127.0.0.1:61259 to /127.0.0.1:61270" [_thread_in_native, id=30612, stack(0x0000001b85d00000,0x0000001b85e00000)]
  0x0000018595bd8800 JavaThread "Cancel handler" [_thread_blocked, id=22580, stack(0x0000001b85e00000,0x0000001b85f00000)]
  0x0000018596638000 JavaThread "Daemon worker" [_thread_in_native, id=9192, stack(0x0000001b85f00000,0x0000001b86000000)]
  0x00000185961da800 JavaThread "Asynchronous log dispatcher for DefaultDaemonConnection: socket connection from /127.0.0.1:61259 to /127.0.0.1:61270" [_thread_blocked, id=15808, stack(0x0000001b86000000,0x0000001b86100000)]
  0x00000185969fa800 JavaThread "Stdin handler" [_thread_blocked, id=20704, stack(0x0000001b86100000,0x0000001b86200000)]
  0x0000018595f10000 JavaThread "Daemon client event forwarder" [_thread_blocked, id=19776, stack(0x0000001b86200000,0x0000001b86300000)]
  0x0000018595f0e800 JavaThread "Cache worker for journal cache (C:\Users\HP\.gradle\caches\journal-1)" [_thread_blocked, id=7020, stack(0x0000001b86b00000,0x0000001b86c00000)]
  0x0000018595f0d000 JavaThread "File lock request listener" [_thread_in_native, id=24728, stack(0x0000001b86c00000,0x0000001b86d00000)]
  0x0000018595f0f800 JavaThread "Cache worker for file hash cache (C:\Users\HP\.gradle\caches\8.0.1\fileHashes)" [_thread_blocked, id=25180, stack(0x0000001b86f00000,0x0000001b87000000)]
  0x0000018595f11000 JavaThread "File lock release action executor" [_thread_blocked, id=18192, stack(0x0000001b87000000,0x0000001b87100000)]
  0x0000018595f0b000 JavaThread "File watcher server" daemon [_thread_in_native, id=18848, stack(0x0000001b87100000,0x0000001b87200000)]
  0x0000018595f11800 JavaThread "File watcher consumer" daemon [_thread_blocked, id=7024, stack(0x0000001b87200000,0x0000001b87300000)]
  0x0000018595f0c000 JavaThread "Cache worker for checksums cache (D:\Krishimitra\Frontend\android\.gradle\8.0.1\checksums)" [_thread_blocked, id=29716, stack(0x0000001b87300000,0x0000001b87400000)]
  0x0000018595f0d800 JavaThread "Cache worker for cache directory md-rule (C:\Users\HP\.gradle\caches\8.0.1\md-rule)" [_thread_blocked, id=9528, stack(0x0000001b87400000,0x0000001b87500000)]
  0x00000185971d6000 JavaThread "Cache worker for file content cache (C:\Users\HP\.gradle\caches\8.0.1\fileContent)" [_thread_blocked, id=5892, stack(0x0000001b87500000,0x0000001b87600000)]
  0x00000185971da000 JavaThread "Cache worker for file hash cache (D:\Krishimitra\Frontend\android\.gradle\8.0.1\fileHashes)" [_thread_blocked, id=25204, stack(0x0000001b87600000,0x0000001b87700000)]
  0x00000185971db000 JavaThread "Cache worker for cache directory md-supplier (C:\Users\HP\.gradle\caches\8.0.1\md-supplier)" [_thread_blocked, id=22692, stack(0x0000001b87700000,0x0000001b87800000)]
  0x00000185971d5000 JavaThread "Cache worker for execution history cache (C:\Users\HP\.gradle\caches\8.0.1\executionHistory)" [_thread_blocked, id=4172, stack(0x0000001b87800000,0x0000001b87900000)]
  0x00000185971db800 JavaThread "jar transforms" [_thread_blocked, id=35076, stack(0x0000001b87900000,0x0000001b87a00000)]
  0x00000185971d8800 JavaThread "jar transforms Thread 2" [_thread_blocked, id=18740, stack(0x0000001b87a00000,0x0000001b87b00000)]
  0x00000185971d7000 JavaThread "jar transforms Thread 3" [_thread_blocked, id=7880, stack(0x0000001b87b00000,0x0000001b87c00000)]
  0x00000185971dd800 JavaThread "jar transforms Thread 4" [_thread_blocked, id=35368, stack(0x0000001b87c00000,0x0000001b87d00000)]
  0x00000185971d7800 JavaThread "Cache worker for kotlin-dsl (C:\Users\HP\.gradle\caches\8.0.1\kotlin-dsl)" [_thread_blocked, id=308, stack(0x0000001b84400000,0x0000001b84500000)]
  0x00000185971e3000 JavaThread "jar transforms Thread 5" [_thread_blocked, id=12980, stack(0x0000001b87e00000,0x0000001b87f00000)]
  0x00000185971e4000 JavaThread "jar transforms Thread 6" [_thread_blocked, id=30928, stack(0x0000001b87d00000,0x0000001b87e00000)]
  0x00000185971e2800 JavaThread "Cache worker for dependencies-accessors (D:\Krishimitra\Frontend\android\.gradle\8.0.1\dependencies-accessors)" [_thread_blocked, id=29984, stack(0x0000001b87f00000,0x0000001b88000000)]
  0x00000185971e0800 JavaThread "File lock release action executor Thread 2" [_thread_blocked, id=26640, stack(0x0000001b88000000,0x0000001b88100000)]
  0x00000185971e1800 JavaThread "Cache worker for Build Output Cleanup Cache (D:\Krishimitra\Frontend\node_modules\@react-native\gradle-plugin\.gradle\buildOutputCleanup)" [_thread_blocked, id=33740, stack(0x0000001b88300000,0x0000001b88400000)]
  0x00000185971de000 JavaThread "jar transforms Thread 7" [_thread_blocked, id=32808, stack(0x0000001b88400000,0x0000001b88500000)]
  0x00000185971df000 JavaThread "Unconstrained build operations" [_thread_blocked, id=21392, stack(0x0000001b88500000,0x0000001b88600000)]
  0x00000185971e0000 JavaThread "Unconstrained build operations Thread 2" [_thread_blocked, id=7508, stack(0x0000001b88600000,0x0000001b88700000)]
  0x0000018599186000 JavaThread "Unconstrained build operations Thread 3" [_thread_blocked, id=24616, stack(0x0000001b88700000,0x0000001b88800000)]
  0x0000018599183000 JavaThread "Unconstrained build operations Thread 4" [_thread_blocked, id=21708, stack(0x0000001b88800000,0x0000001b88900000)]
  0x0000018599184800 JavaThread "Unconstrained build operations Thread 5" [_thread_blocked, id=10640, stack(0x0000001b88900000,0x0000001b88a00000)]
  0x0000018599189800 JavaThread "Unconstrained build operations Thread 6" [_thread_blocked, id=26764, stack(0x0000001b88a00000,0x0000001b88b00000)]
  0x0000018599188800 JavaThread "Unconstrained build operations Thread 7" [_thread_blocked, id=5540, stack(0x0000001b88b00000,0x0000001b88c00000)]
  0x0000018599183800 JavaThread "Unconstrained build operations Thread 8" [_thread_blocked, id=1776, stack(0x0000001b88c00000,0x0000001b88d00000)]
  0x0000018599185000 JavaThread "Unconstrained build operations Thread 9" [_thread_blocked, id=16508, stack(0x0000001b88d00000,0x0000001b88e00000)]
  0x000001859918a000 JavaThread "Unconstrained build operations Thread 10" [_thread_blocked, id=11348, stack(0x0000001b88e00000,0x0000001b88f00000)]
  0x000001859918b000 JavaThread "Unconstrained build operations Thread 11" [_thread_blocked, id=26324, stack(0x0000001b88f00000,0x0000001b89000000)]
  0x0000018599187000 JavaThread "Unconstrained build operations Thread 12" [_thread_blocked, id=9460, stack(0x0000001b89000000,0x0000001b89100000)]
  0x000001859918b800 JavaThread "Unconstrained build operations Thread 13" [_thread_blocked, id=32804, stack(0x0000001b89100000,0x0000001b89200000)]
  0x000001859918c800 JavaThread "Unconstrained build operations Thread 14" [_thread_blocked, id=15884, stack(0x0000001b89200000,0x0000001b89300000)]
  0x000001859918d800 JavaThread "Unconstrained build operations Thread 15" [_thread_blocked, id=21732, stack(0x0000001b89300000,0x0000001b89400000)]
  0x0000018599187800 JavaThread "Unconstrained build operations Thread 16" [_thread_blocked, id=9128, stack(0x0000001b89400000,0x0000001b89500000)]
  0x000001859918f000 JavaThread "Unconstrained build operations Thread 17" [_thread_blocked, id=25968, stack(0x0000001b89500000,0x0000001b89600000)]
  0x0000018599190800 JavaThread "Unconstrained build operations Thread 18" [_thread_blocked, id=2056, stack(0x0000001b89600000,0x0000001b89700000)]
  0x000001859918e000 JavaThread "Unconstrained build operations Thread 19" [_thread_blocked, id=16292, stack(0x0000001b89700000,0x0000001b89800000)]
  0x0000018599190000 JavaThread "Unconstrained build operations Thread 20" [_thread_blocked, id=6564, stack(0x0000001b89800000,0x0000001b89900000)]
  0x0000018599191800 JavaThread "Unconstrained build operations Thread 21" [_thread_blocked, id=22312, stack(0x0000001b89900000,0x0000001b89a00000)]
  0x000001859961c000 JavaThread "Unconstrained build operations Thread 22" [_thread_blocked, id=36020, stack(0x0000001b89a00000,0x0000001b89b00000)]
  0x000001859961a000 JavaThread "Unconstrained build operations Thread 23" [_thread_blocked, id=3288, stack(0x0000001b89b00000,0x0000001b89c00000)]
  0x000001859961b800 JavaThread "Unconstrained build operations Thread 24" [_thread_blocked, id=9028, stack(0x0000001b89c00000,0x0000001b89d00000)]
  0x000001859961d000 JavaThread "Unconstrained build operations Thread 25" [_thread_blocked, id=27112, stack(0x0000001b89d00000,0x0000001b89e00000)]
  0x0000018599618000 JavaThread "Unconstrained build operations Thread 26" [_thread_blocked, id=5636, stack(0x0000001b89e00000,0x0000001b89f00000)]
  0x000001859961e000 JavaThread "jar transforms Thread 8" [_thread_blocked, id=36584, stack(0x0000001b89f00000,0x0000001b8a000000)]
  0x000001859961e800 JavaThread "jar transforms Thread 9" [_thread_blocked, id=33560, stack(0x0000001b8a000000,0x0000001b8a100000)]
  0x0000018599619000 JavaThread "jar transforms Thread 10" [_thread_blocked, id=18516, stack(0x0000001b8a100000,0x0000001b8a200000)]
  0x000001859961f800 JavaThread "jar transforms Thread 11" [_thread_blocked, id=35944, stack(0x0000001b8a200000,0x0000001b8a300000)]
  0x0000018599620800 JavaThread "jar transforms Thread 12" [_thread_blocked, id=20504, stack(0x0000001b8a300000,0x0000001b8a400000)]
  0x000001859961a800 JavaThread "Memory manager" [_thread_blocked, id=14568, stack(0x0000001b8a500000,0x0000001b8a600000)]
  0x0000018599623000 JavaThread "Cache worker for Build Output Cleanup Cache (D:\Krishimitra\Frontend\android\.gradle\buildOutputCleanup)" [_thread_blocked, id=5128, stack(0x0000001b8a400000,0x0000001b8a500000)]
  0x0000018599623800 JavaThread "included builds" [_thread_blocked, id=17728, stack(0x0000001b8a600000,0x0000001b8a700000)]
  0x0000018599625000 JavaThread "Execution worker" [_thread_blocked, id=2448, stack(0x0000001b8a700000,0x0000001b8a800000)]
  0x0000018599622000 JavaThread "Execution worker Thread 2" [_thread_blocked, id=1556, stack(0x0000001b8a800000,0x0000001b8a900000)]
  0x0000018599626000 JavaThread "Execution worker Thread 3" [_thread_blocked, id=6544, stack(0x0000001b8a900000,0x0000001b8aa00000)]
  0x0000018599627000 JavaThread "Execution worker Thread 4" [_thread_blocked, id=19148, stack(0x0000001b8aa00000,0x0000001b8ab00000)]
  0x0000018599624800 JavaThread "Execution worker Thread 5" [_thread_blocked, id=34092, stack(0x0000001b8ab00000,0x0000001b8ac00000)]
  0x0000018599621000 JavaThread "Execution worker Thread 6" [_thread_blocked, id=27468, stack(0x0000001b8ac00000,0x0000001b8ad00000)]
  0x0000018597392000 JavaThread "Execution worker Thread 7" [_thread_blocked, id=8304, stack(0x0000001b8ad00000,0x0000001b8ae00000)]
  0x0000018597395800 JavaThread "Execution worker Thread 8" [_thread_blocked, id=31532, stack(0x0000001b8ae00000,0x0000001b8af00000)]
  0x0000018597397000 JavaThread "Execution worker Thread 9" [_thread_blocked, id=28652, stack(0x0000001b8af00000,0x0000001b8b000000)]
  0x0000018597396000 JavaThread "Execution worker Thread 10" [_thread_blocked, id=28440, stack(0x0000001b8b000000,0x0000001b8b100000)]
  0x0000018597393000 JavaThread "Execution worker Thread 11" [_thread_blocked, id=22488, stack(0x0000001b8b100000,0x0000001b8b200000)]
  0x0000018597394800 JavaThread "Cache worker for execution history cache (D:\Krishimitra\Frontend\node_modules\@react-native\gradle-plugin\.gradle\8.0.1\executionHistory)" [_thread_blocked, id=17124, stack(0x0000001b8b200000,0x0000001b8b300000)]
  0x0000018597391000 JavaThread "Unconstrained build operations Thread 27" [_thread_blocked, id=33952, stack(0x0000001b8b300000,0x0000001b8b400000)]
  0x0000018597398800 JavaThread "Unconstrained build operations Thread 28" [_thread_blocked, id=19864, stack(0x0000001b8b400000,0x0000001b8b500000)]
  0x000001859739c800 JavaThread "Unconstrained build operations Thread 29" [_thread_blocked, id=5760, stack(0x0000001b8b500000,0x0000001b8b600000)]
  0x000001859739d800 JavaThread "Unconstrained build operations Thread 30" [_thread_blocked, id=15616, stack(0x0000001b8b600000,0x0000001b8b700000)]
  0x0000018597397800 JavaThread "Unconstrained build operations Thread 31" [_thread_blocked, id=30608, stack(0x0000001b8b700000,0x0000001b8b800000)]
  0x000001859739f000 JavaThread "Unconstrained build operations Thread 32" [_thread_blocked, id=33608, stack(0x0000001b8b800000,0x0000001b8b900000)]
  0x000001859739e800 JavaThread "Unconstrained build operations Thread 33" [_thread_blocked, id=30728, stack(0x0000001b8b900000,0x0000001b8ba00000)]
  0x0000018597399800 JavaThread "Unconstrained build operations Thread 34" [_thread_blocked, id=22656, stack(0x0000001b8ba00000,0x0000001b8bb00000)]
  0x00000185973a0000 JavaThread "Unconstrained build operations Thread 35" [_thread_blocked, id=35924, stack(0x0000001b8bb00000,0x0000001b8bc00000)]
  0x000001859739a000 JavaThread "Unconstrained build operations Thread 36" [_thread_blocked, id=29096, stack(0x0000001b8bc00000,0x0000001b8bd00000)]
  0x000001859739b000 JavaThread "Unconstrained build operations Thread 37" [_thread_blocked, id=26268, stack(0x0000001b8bd00000,0x0000001b8be00000)]
  0x000001859739c000 JavaThread "Unconstrained build operations Thread 38" [_thread_blocked, id=13292, stack(0x0000001b8be00000,0x0000001b8bf00000)]
  0x00000185998e6800 JavaThread "Unconstrained build operations Thread 39" [_thread_blocked, id=13728, stack(0x0000001b8bf00000,0x0000001b8c000000)]
  0x00000185998e9800 JavaThread "Unconstrained build operations Thread 40" [_thread_blocked, id=31236, stack(0x0000001b8c000000,0x0000001b8c100000)]
  0x00000185998e9000 JavaThread "Unconstrained build operations Thread 41" [_thread_blocked, id=36188, stack(0x0000001b8c100000,0x0000001b8c200000)]
  0x00000185998ea800 JavaThread "Unconstrained build operations Thread 42" [_thread_blocked, id=4880, stack(0x0000001b8c200000,0x0000001b8c300000)]
  0x00000185998e7000 JavaThread "Unconstrained build operations Thread 43" [_thread_blocked, id=32292, stack(0x0000001b8c300000,0x0000001b8c400000)]
  0x00000185998e8000 JavaThread "Unconstrained build operations Thread 44" [_thread_blocked, id=32040, stack(0x0000001b8c400000,0x0000001b8c500000)]
  0x00000185998e5800 JavaThread "Unconstrained build operations Thread 45" [_thread_blocked, id=17892, stack(0x0000001b8c500000,0x0000001b8c600000)]
  0x00000185998e4800 JavaThread "Unconstrained build operations Thread 46" [_thread_blocked, id=34332, stack(0x0000001b8c600000,0x0000001b8c700000)]
  0x00000185998ef800 JavaThread "Unconstrained build operations Thread 47" [_thread_blocked, id=13320, stack(0x0000001b8c700000,0x0000001b8c800000)]
  0x00000185998ed800 JavaThread "Unconstrained build operations Thread 48" [_thread_blocked, id=28400, stack(0x0000001b8c800000,0x0000001b8c900000)]
  0x00000185998ee800 JavaThread "Unconstrained build operations Thread 49" [_thread_blocked, id=30628, stack(0x0000001b8c900000,0x0000001b8ca00000)]
  0x00000185998ed000 JavaThread "Unconstrained build operations Thread 50" [_thread_blocked, id=11028, stack(0x0000001b8ca00000,0x0000001b8cb00000)]
  0x00000185998f0000 JavaThread "Unconstrained build operations Thread 51" [_thread_blocked, id=28452, stack(0x0000001b8cb00000,0x0000001b8cc00000)]
  0x00000185998ec000 JavaThread "Unconstrained build operations Thread 52" [_thread_blocked, id=604, stack(0x0000001b8cc00000,0x0000001b8cd00000)]
  0x00000185998f1000 JavaThread "Unconstrained build operations Thread 53" [_thread_blocked, id=11760, stack(0x0000001b8cd00000,0x0000001b8ce00000)]
  0x00000185998eb000 JavaThread "Unconstrained build operations Thread 54" [_thread_blocked, id=6212, stack(0x0000001b8ce00000,0x0000001b8cf00000)]
  0x00000185998f3800 JavaThread "Unconstrained build operations Thread 55" [_thread_blocked, id=28976, stack(0x0000001b8cf00000,0x0000001b8d000000)]
  0x00000185998f1800 JavaThread "Unconstrained build operations Thread 56" [_thread_blocked, id=5092, stack(0x0000001b8d000000,0x0000001b8d100000)]
  0x00000185998f2800 JavaThread "Unconstrained build operations Thread 57" [_thread_blocked, id=2512, stack(0x0000001b8d100000,0x0000001b8d200000)]
  0x0000018595eec800 JavaThread "Unconstrained build operations Thread 58" [_thread_blocked, id=13800, stack(0x0000001b8d200000,0x0000001b8d300000)]
  0x0000018595eec000 JavaThread "Unconstrained build operations Thread 59" [_thread_blocked, id=29584, stack(0x0000001b8d300000,0x0000001b8d400000)]
  0x0000018595eeb000 JavaThread "Unconstrained build operations Thread 60" [_thread_blocked, id=7432, stack(0x0000001b8d400000,0x0000001b8d500000)]
  0x0000018595eed800 JavaThread "Unconstrained build operations Thread 61" [_thread_blocked, id=32692, stack(0x0000001b8d500000,0x0000001b8d600000)]
  0x0000018595ee8000 JavaThread "Unconstrained build operations Thread 62" [_thread_blocked, id=27828, stack(0x0000001b8d600000,0x0000001b8d700000)]
  0x0000018595eee800 JavaThread "Unconstrained build operations Thread 63" [_thread_blocked, id=31292, stack(0x0000001b8d700000,0x0000001b8d800000)]
  0x0000018595ee8800 JavaThread "Unconstrained build operations Thread 64" [_thread_blocked, id=27352, stack(0x0000001b8d800000,0x0000001b8d900000)]
  0x0000018595eef000 JavaThread "Unconstrained build operations Thread 65" [_thread_blocked, id=15816, stack(0x0000001b8d900000,0x0000001b8da00000)]
  0x0000018595eea000 JavaThread "Unconstrained build operations Thread 66" [_thread_blocked, id=28088, stack(0x0000001b8da00000,0x0000001b8db00000)]
  0x0000018595ee9800 JavaThread "Unconstrained build operations Thread 67" [_thread_blocked, id=31872, stack(0x0000001b8db00000,0x0000001b8dc00000)]
  0x0000018595ef2800 JavaThread "Unconstrained build operations Thread 68" [_thread_blocked, id=32432, stack(0x0000001b8dc00000,0x0000001b8dd00000)]
  0x0000018595ef5000 JavaThread "Unconstrained build operations Thread 69" [_thread_blocked, id=11316, stack(0x0000001b8dd00000,0x0000001b8de00000)]
  0x0000018595ef5800 JavaThread "Unconstrained build operations Thread 70" [_thread_blocked, id=27548, stack(0x0000001b8de00000,0x0000001b8df00000)]
  0x0000018595ef1000 JavaThread "Unconstrained build operations Thread 71" [_thread_blocked, id=23484, stack(0x0000001b8df00000,0x0000001b8e000000)]
  0x0000018595ef0000 JavaThread "Unconstrained build operations Thread 72" [_thread_blocked, id=19684, stack(0x0000001b8e000000,0x0000001b8e100000)]
  0x0000018595ef6800 JavaThread "Unconstrained build operations Thread 73" [_thread_blocked, id=8748, stack(0x0000001b8e100000,0x0000001b8e200000)]
  0x0000018595ef4000 JavaThread "Unconstrained build operations Thread 74" [_thread_blocked, id=22328, stack(0x0000001b8e200000,0x0000001b8e300000)]
  0x0000018595ef1800 JavaThread "Unconstrained build operations Thread 75" [_thread_blocked, id=15024, stack(0x0000001b8e300000,0x0000001b8e400000)]
  0x0000018595ef3000 JavaThread "Unconstrained build operations Thread 76" [_thread_blocked, id=30672, stack(0x0000001b8e400000,0x0000001b8e500000)]
  0x000001859b479800 JavaThread "Unconstrained build operations Thread 77" [_thread_blocked, id=23844, stack(0x0000001b8e500000,0x0000001b8e600000)]
  0x000001859b478800 JavaThread "Unconstrained build operations Thread 78" [_thread_blocked, id=8624, stack(0x0000001b8e600000,0x0000001b8e700000)]
  0x000001859b47f000 JavaThread "Unconstrained build operations Thread 79" [_thread_blocked, id=32216, stack(0x0000001b8e700000,0x0000001b8e800000)]
  0x000001859b480000 JavaThread "Unconstrained build operations Thread 80" [_thread_blocked, id=33196, stack(0x0000001b8e800000,0x0000001b8e900000)]
  0x000001859b47e800 JavaThread "Unconstrained build operations Thread 81" [_thread_blocked, id=19240, stack(0x0000001b8e900000,0x0000001b8ea00000)]
  0x000001859b47a000 JavaThread "Unconstrained build operations Thread 82" [_thread_blocked, id=36440, stack(0x0000001b8ea00000,0x0000001b8eb00000)]
  0x000001859b47c000 JavaThread "Unconstrained build operations Thread 83" [_thread_blocked, id=34212, stack(0x0000001b8eb00000,0x0000001b8ec00000)]
  0x000001859b47d800 JavaThread "Unconstrained build operations Thread 84" [_thread_blocked, id=2968, stack(0x0000001b8ec00000,0x0000001b8ed00000)]
  0x000001859b480800 JavaThread "Unconstrained build operations Thread 85" [_thread_blocked, id=16056, stack(0x0000001b8ed00000,0x0000001b8ee00000)]
  0x000001859b47b000 JavaThread "Unconstrained build operations Thread 86" [_thread_blocked, id=23556, stack(0x0000001b8ee00000,0x0000001b8ef00000)]
  0x000001859b481800 JavaThread "Unconstrained build operations Thread 87" [_thread_blocked, id=5500, stack(0x0000001b8ef00000,0x0000001b8f000000)]
  0x000001859b482800 JavaThread "Unconstrained build operations Thread 88" [_thread_blocked, id=8896, stack(0x0000001b8f000000,0x0000001b8f100000)]
  0x000001859b47c800 JavaThread "Unconstrained build operations Thread 89" [_thread_blocked, id=32180, stack(0x0000001b8f100000,0x0000001b8f200000)]
  0x000001859b485000 JavaThread "Unconstrained build operations Thread 90" [_thread_blocked, id=28940, stack(0x0000001b8f200000,0x0000001b8f300000)]
  0x000001859b483000 JavaThread "Unconstrained build operations Thread 91" [_thread_blocked, id=10116, stack(0x0000001b8f300000,0x0000001b8f400000)]
  0x000001859b484000 JavaThread "Unconstrained build operations Thread 92" [_thread_blocked, id=20792, stack(0x0000001b8f400000,0x0000001b8f500000)]
  0x000001859b485800 JavaThread "Unconstrained build operations Thread 93" [_thread_blocked, id=35696, stack(0x0000001b8f500000,0x0000001b8f600000)]
  0x000001859b486800 JavaThread "Unconstrained build operations Thread 94" [_thread_blocked, id=30768, stack(0x0000001b8f600000,0x0000001b8f700000)]
  0x000001859b487800 JavaThread "Unconstrained build operations Thread 95" [_thread_blocked, id=15712, stack(0x0000001b8f700000,0x0000001b8f800000)]
  0x0000018599794800 JavaThread "Unconstrained build operations Thread 96" [_thread_blocked, id=29992, stack(0x0000001b8f800000,0x0000001b8f900000)]
  0x0000018599793000 JavaThread "Unconstrained build operations Thread 97" [_thread_blocked, id=20420, stack(0x0000001b8f900000,0x0000001b8fa00000)]
  0x0000018599792000 JavaThread "Unconstrained build operations Thread 98" [_thread_blocked, id=3064, stack(0x0000001b8fa00000,0x0000001b8fb00000)]
  0x0000018599795000 JavaThread "Unconstrained build operations Thread 99" [_thread_blocked, id=33276, stack(0x0000001b8fb00000,0x0000001b8fc00000)]
  0x0000018599791000 JavaThread "Unconstrained build operations Thread 100" [_thread_blocked, id=16176, stack(0x0000001b8fc00000,0x0000001b8fd00000)]
  0x0000018599796000 JavaThread "Unconstrained build operations Thread 101" [_thread_blocked, id=15196, stack(0x0000001b8fd00000,0x0000001b8fe00000)]
  0x0000018599790800 JavaThread "Unconstrained build operations Thread 102" [_thread_blocked, id=11120, stack(0x0000001b8fe00000,0x0000001b8ff00000)]
  0x0000018599797000 JavaThread "Unconstrained build operations Thread 103" [_thread_blocked, id=23900, stack(0x0000001b8ff00000,0x0000001b90000000)]
  0x0000018599797800 JavaThread "Unconstrained build operations Thread 104" [_thread_blocked, id=16380, stack(0x0000001b90000000,0x0000001b90100000)]
  0x0000018599799800 JavaThread "Unconstrained build operations Thread 105" [_thread_blocked, id=33800, stack(0x0000001b90100000,0x0000001b90200000)]
  0x0000018599798800 JavaThread "Unconstrained build operations Thread 106" [_thread_blocked, id=14352, stack(0x0000001b90200000,0x0000001b90300000)]
  0x0000018599793800 JavaThread "Unconstrained build operations Thread 107" [_thread_blocked, id=17776, stack(0x0000001b90300000,0x0000001b90400000)]
  0x000001859979a000 JavaThread "Unconstrained build operations Thread 108" [_thread_blocked, id=35280, stack(0x0000001b90400000,0x0000001b90500000)]
  0x000001859979d800 JavaThread "Unconstrained build operations Thread 109" [_thread_blocked, id=35404, stack(0x0000001b90500000,0x0000001b90600000)]
  0x000001859979e000 JavaThread "Unconstrained build operations Thread 110" [_thread_blocked, id=13748, stack(0x0000001b90600000,0x0000001b90700000)]
  0x000001859979f000 JavaThread "Unconstrained build operations Thread 111" [_thread_blocked, id=27864, stack(0x0000001b90700000,0x0000001b90800000)]
  0x000001859979b000 JavaThread "Unconstrained build operations Thread 112" [_thread_blocked, id=1836, stack(0x0000001b90800000,0x0000001b90900000)]
  0x000001859979c800 JavaThread "Unconstrained build operations Thread 113" [_thread_blocked, id=21856, stack(0x0000001b90900000,0x0000001b90a00000)]
  0x000001859979c000 JavaThread "Unconstrained build operations Thread 114" [_thread_blocked, id=31104, stack(0x0000001b90a00000,0x0000001b90b00000)]
  0x000001859b92d000 JavaThread "Unconstrained build operations Thread 115" [_thread_blocked, id=32104, stack(0x0000001b90b00000,0x0000001b90c00000)]
  0x000001859b92f800 JavaThread "Unconstrained build operations Thread 116" [_thread_blocked, id=31464, stack(0x0000001b90c00000,0x0000001b90d00000)]
  0x000001859b92e000 JavaThread "Unconstrained build operations Thread 117" [_thread_blocked, id=29628, stack(0x0000001b90d00000,0x0000001b90e00000)]
  0x000001859b930800 JavaThread "Unconstrained build operations Thread 118" [_thread_blocked, id=31764, stack(0x0000001b90e00000,0x0000001b90f00000)]
  0x000001859b931000 JavaThread "Unconstrained build operations Thread 119" [_thread_blocked, id=14696, stack(0x0000001b90f00000,0x0000001b91000000)]
  0x000001859b92f000 JavaThread "Unconstrained build operations Thread 120" [_thread_blocked, id=1340, stack(0x0000001b91000000,0x0000001b91100000)]

Other Threads:
  0x00000185ff045800 VMThread "VM Thread" [stack: 0x0000001b84d00000,0x0000001b84e00000] [id=36668]
  0x00000185ffb5f000 WatcherThread [stack: 0x0000001b85700000,0x0000001b85800000] [id=25016]
  0x00000185f4b4a000 GCTaskThread "GC Thread#0" [stack: 0x0000001b84800000,0x0000001b84900000] [id=8080]
  0x000001859590a000 GCTaskThread "GC Thread#1" [stack: 0x0000001b85800000,0x0000001b85900000] [id=25540]
  0x00000185961db800 GCTaskThread "GC Thread#2" [stack: 0x0000001b86300000,0x0000001b86400000] [id=27848]
  0x00000185962eb000 GCTaskThread "GC Thread#3" [stack: 0x0000001b86400000,0x0000001b86500000] [id=22600]
  0x00000185969fb000 GCTaskThread "GC Thread#4" [stack: 0x0000001b86500000,0x0000001b86600000] [id=23012]
  0x0000018595dbc800 GCTaskThread "GC Thread#5" [stack: 0x0000001b86600000,0x0000001b86700000] [id=30544]
  0x0000018596af0800 GCTaskThread "GC Thread#6" [stack: 0x0000001b86700000,0x0000001b86800000] [id=24760]
  0x0000018596af1000 GCTaskThread "GC Thread#7" [stack: 0x0000001b86800000,0x0000001b86900000] [id=10456]
  0x0000018595f09800 GCTaskThread "GC Thread#8" [stack: 0x0000001b86900000,0x0000001b86a00000] [id=15880]
  0x0000018595f0a000 GCTaskThread "GC Thread#9" [stack: 0x0000001b86a00000,0x0000001b86b00000] [id=11180]
  0x00000185f4b7a800 ConcurrentGCThread "G1 Main Marker" [stack: 0x0000001b84900000,0x0000001b84a00000] [id=15708]
  0x00000185f4b7c000 ConcurrentGCThread "G1 Conc#0" [stack: 0x0000001b84a00000,0x0000001b84b00000] [id=24124]
  0x0000018595e30800 ConcurrentGCThread "G1 Conc#1" [stack: 0x0000001b86d00000,0x0000001b86e00000] [id=25324]
  0x00000185ffaa7800 ConcurrentGCThread "G1 Conc#2" [stack: 0x0000001b86e00000,0x0000001b86f00000] [id=6712]
  0x00000185feeb6800 ConcurrentGCThread "G1 Refine#0" [stack: 0x0000001b84b00000,0x0000001b84c00000] [id=7712]
  0x00000185feeb7800 ConcurrentGCThread "G1 Young RemSet Sampling" [stack: 0x0000001b84c00000,0x0000001b84d00000] [id=33124]

Threads with active compile tasks:
C2 CompilerThread0    67798 8765 % !   4       java.util.jar.Attributes::read @ 155 (354 bytes)

VM state:not at safepoint (normal execution)

VM Mutex/Monitor currently owned by a thread: None

Heap address: 0x0000000080000000, size: 2048 MB, Compressed Oops mode: 32-bit
Narrow klass base: 0x0000000000000000, Narrow klass shift: 3
Compressed class space size: 528482304 Address: 0x0000000100000000

Heap:
 garbage-first heap   total 120832K, used 89349K [0x0000000080000000, 0x0000000100000000)
  region size 1024K, 20 young (20480K), 4 survivors (4096K)
 Metaspace       used 79593K, capacity 82004K, committed 82184K, reserved 587776K
  class space    used 10234K, capacity 11212K, committed 11264K, reserved 516096K
Heap Regions: E=young(eden), S=young(survivor), O=old, HS=humongous(starts), HC=humongous(continues), CS=collection set, F=free, A=archive, TAMS=top-at-mark-start (previous, next)
|   0|0x0000000080000000, 0x0000000080100000, 0x0000000080100000|100%|HS|  |TAMS 0x0000000080100000, 0x0000000080000000| Complete 
|   1|0x0000000080100000, 0x0000000080200000, 0x0000000080200000|100%|HC|  |TAMS 0x0000000080200000, 0x0000000080100000| Complete 
|   2|0x0000000080200000, 0x0000000080300000, 0x0000000080300000|100%|HC|  |TAMS 0x0000000080300000, 0x0000000080200000| Complete 
|   3|0x0000000080300000, 0x0000000080400000, 0x0000000080400000|100%|HC|  |TAMS 0x0000000080400000, 0x0000000080300000| Complete 
|   4|0x0000000080400000, 0x0000000080500000, 0x0000000080500000|100%| O|  |TAMS 0x0000000080500000, 0x0000000080400000| Untracked 
|   5|0x0000000080500000, 0x0000000080600000, 0x0000000080600000|100%| O|  |TAMS 0x0000000080600000, 0x0000000080500000| Untracked 
|   6|0x0000000080600000, 0x0000000080700000, 0x0000000080700000|100%| O|  |TAMS 0x0000000080700000, 0x0000000080600000| Untracked 
|   7|0x0000000080700000, 0x0000000080800000, 0x0000000080800000|100%| O|  |TAMS 0x0000000080800000, 0x0000000080700000| Untracked 
|   8|0x0000000080800000, 0x0000000080900000, 0x0000000080900000|100%| O|  |TAMS 0x0000000080900000, 0x0000000080800000| Untracked 
|   9|0x0000000080900000, 0x0000000080a00000, 0x0000000080a00000|100%| O|  |TAMS 0x0000000080a00000, 0x0000000080900000| Untracked 
|  10|0x0000000080a00000, 0x0000000080b00000, 0x0000000080b00000|100%| O|  |TAMS 0x0000000080b00000, 0x0000000080a00000| Untracked 
|  11|0x0000000080b00000, 0x0000000080c00000, 0x0000000080c00000|100%| O|  |TAMS 0x0000000080c00000, 0x0000000080b00000| Untracked 
|  12|0x0000000080c00000, 0x0000000080d00000, 0x0000000080d00000|100%| O|  |TAMS 0x0000000080d00000, 0x0000000080c00000| Untracked 
|  13|0x0000000080d00000, 0x0000000080e00000, 0x0000000080e00000|100%| O|  |TAMS 0x0000000080e00000, 0x0000000080d00000| Untracked 
|  14|0x0000000080e00000, 0x0000000080f00000, 0x0000000080f00000|100%| O|  |TAMS 0x0000000080f00000, 0x0000000080e00000| Untracked 
|  15|0x0000000080f00000, 0x0000000081000000, 0x0000000081000000|100%| O|  |TAMS 0x0000000081000000, 0x0000000080f00000| Untracked 
|  16|0x0000000081000000, 0x0000000081100000, 0x0000000081100000|100%| O|  |TAMS 0x0000000081100000, 0x0000000081000000| Untracked 
|  17|0x0000000081100000, 0x0000000081200000, 0x0000000081200000|100%| O|  |TAMS 0x0000000081200000, 0x0000000081100000| Untracked 
|  18|0x0000000081200000, 0x0000000081300000, 0x0000000081300000|100%| O|  |TAMS 0x0000000081300000, 0x0000000081200000| Untracked 
|  19|0x0000000081300000, 0x0000000081400000, 0x0000000081400000|100%| O|  |TAMS 0x0000000081400000, 0x0000000081300000| Untracked 
|  20|0x0000000081400000, 0x0000000081500000, 0x0000000081500000|100%| O|  |TAMS 0x0000000081500000, 0x0000000081400000| Untracked 
|  21|0x0000000081500000, 0x0000000081600000, 0x0000000081600000|100%| O|  |TAMS 0x0000000081600000, 0x0000000081500000| Untracked 
|  22|0x0000000081600000, 0x0000000081700000, 0x0000000081700000|100%| O|  |TAMS 0x0000000081700000, 0x0000000081600000| Untracked 
|  23|0x0000000081700000, 0x0000000081800000, 0x0000000081800000|100%| O|  |TAMS 0x0000000081800000, 0x0000000081700000| Untracked 
|  24|0x0000000081800000, 0x0000000081900000, 0x0000000081900000|100%| O|  |TAMS 0x0000000081900000, 0x0000000081800000| Untracked 
|  25|0x0000000081900000, 0x0000000081a00000, 0x0000000081a00000|100%| O|  |TAMS 0x0000000081a00000, 0x0000000081900000| Untracked 
|  26|0x0000000081a00000, 0x0000000081b00000, 0x0000000081b00000|100%| O|  |TAMS 0x0000000081b00000, 0x0000000081a00000| Untracked 
|  27|0x0000000081b00000, 0x0000000081c00000, 0x0000000081c00000|100%| O|  |TAMS 0x0000000081c00000, 0x0000000081b00000| Untracked 
|  28|0x0000000081c00000, 0x0000000081d00000, 0x0000000081d00000|100%|HS|  |TAMS 0x0000000081d00000, 0x0000000081c00000| Complete 
|  29|0x0000000081d00000, 0x0000000081e00000, 0x0000000081e00000|100%|HC|  |TAMS 0x0000000081e00000, 0x0000000081d00000| Complete 
|  30|0x0000000081e00000, 0x0000000081f00000, 0x0000000081f00000|100%|HS|  |TAMS 0x0000000081f00000, 0x0000000081e00000| Complete 
|  31|0x0000000081f00000, 0x0000000082000000, 0x0000000082000000|100%|HC|  |TAMS 0x0000000082000000, 0x0000000081f00000| Complete 
|  32|0x0000000082000000, 0x0000000082100000, 0x0000000082100000|100%|HC|  |TAMS 0x0000000082100000, 0x0000000082000000| Complete 
|  33|0x0000000082100000, 0x0000000082200000, 0x0000000082200000|100%|HC|  |TAMS 0x0000000082200000, 0x0000000082100000| Complete 
|  34|0x0000000082200000, 0x0000000082300000, 0x0000000082300000|100%| O|  |TAMS 0x0000000082300000, 0x0000000082200000| Untracked 
|  35|0x0000000082300000, 0x0000000082400000, 0x0000000082400000|100%| O|  |TAMS 0x0000000082400000, 0x0000000082300000| Untracked 
|  36|0x0000000082400000, 0x0000000082500000, 0x0000000082500000|100%| O|  |TAMS 0x0000000082500000, 0x0000000082400000| Untracked 
|  37|0x0000000082500000, 0x0000000082600000, 0x0000000082600000|100%| O|  |TAMS 0x0000000082600000, 0x0000000082500000| Untracked 
|  38|0x0000000082600000, 0x0000000082700000, 0x0000000082700000|100%| O|  |TAMS 0x0000000082700000, 0x0000000082600000| Untracked 
|  39|0x0000000082700000, 0x0000000082800000, 0x0000000082800000|100%| O|  |TAMS 0x0000000082800000, 0x0000000082700000| Untracked 
|  40|0x0000000082800000, 0x0000000082900000, 0x0000000082900000|100%| O|  |TAMS 0x0000000082900000, 0x0000000082800000| Untracked 
|  41|0x0000000082900000, 0x0000000082a00000, 0x0000000082a00000|100%| O|  |TAMS 0x0000000082a00000, 0x0000000082900000| Untracked 
|  42|0x0000000082a00000, 0x0000000082b00000, 0x0000000082b00000|100%| O|  |TAMS 0x0000000082b00000, 0x0000000082a00000| Untracked 
|  43|0x0000000082b00000, 0x0000000082c00000, 0x0000000082c00000|100%| O|  |TAMS 0x0000000082c00000, 0x0000000082b00000| Untracked 
|  44|0x0000000082c00000, 0x0000000082d00000, 0x0000000082d00000|100%| O|  |TAMS 0x0000000082d00000, 0x0000000082c00000| Untracked 
|  45|0x0000000082d00000, 0x0000000082e00000, 0x0000000082e00000|100%| O|  |TAMS 0x0000000082e00000, 0x0000000082d00000| Untracked 
|  46|0x0000000082e00000, 0x0000000082f00000, 0x0000000082f00000|100%| O|  |TAMS 0x0000000082f00000, 0x0000000082e00000| Untracked 
|  47|0x0000000082f00000, 0x0000000083000000, 0x0000000083000000|100%| O|  |TAMS 0x0000000083000000, 0x0000000082f00000| Untracked 
|  48|0x0000000083000000, 0x0000000083100000, 0x0000000083100000|100%| O|  |TAMS 0x0000000083100000, 0x0000000083000000| Untracked 
|  49|0x0000000083100000, 0x0000000083200000, 0x0000000083200000|100%| O|  |TAMS 0x0000000083200000, 0x0000000083100000| Untracked 
|  50|0x0000000083200000, 0x0000000083300000, 0x0000000083300000|100%| O|  |TAMS 0x0000000083300000, 0x0000000083200000| Untracked 
|  51|0x0000000083300000, 0x0000000083400000, 0x0000000083400000|100%| O|  |TAMS 0x0000000083400000, 0x0000000083300000| Untracked 
|  52|0x0000000083400000, 0x0000000083500000, 0x0000000083500000|100%| O|  |TAMS 0x0000000083500000, 0x0000000083400000| Untracked 
|  53|0x0000000083500000, 0x0000000083600000, 0x0000000083600000|100%| O|  |TAMS 0x0000000083600000, 0x0000000083500000| Untracked 
|  54|0x0000000083600000, 0x0000000083700000, 0x0000000083700000|100%| O|  |TAMS 0x0000000083700000, 0x0000000083600000| Untracked 
|  55|0x0000000083700000, 0x0000000083800000, 0x0000000083800000|100%| O|  |TAMS 0x0000000083800000, 0x0000000083700000| Untracked 
|  56|0x0000000083800000, 0x0000000083900000, 0x0000000083900000|100%| O|  |TAMS 0x0000000083900000, 0x0000000083800000| Untracked 
|  57|0x0000000083900000, 0x0000000083a00000, 0x0000000083a00000|100%|HS|  |TAMS 0x0000000083a00000, 0x0000000083900000| Complete 
|  58|0x0000000083a00000, 0x0000000083b00000, 0x0000000083b00000|100%|HS|  |TAMS 0x0000000083b00000, 0x0000000083a00000| Complete 
|  59|0x0000000083b00000, 0x0000000083c00000, 0x0000000083c00000|100%| O|  |TAMS 0x0000000083c00000, 0x0000000083b00000| Untracked 
|  60|0x0000000083c00000, 0x0000000083d00000, 0x0000000083d00000|100%| O|  |TAMS 0x0000000083d00000, 0x0000000083c00000| Untracked 
|  61|0x0000000083d00000, 0x0000000083de1800, 0x0000000083e00000| 88%| O|  |TAMS 0x0000000083de1800, 0x0000000083d00000| Untracked 
|  62|0x0000000083e00000, 0x0000000083f00000, 0x0000000083f00000|100%|HS|  |TAMS 0x0000000083e00000, 0x0000000083e00000| Complete 
|  63|0x0000000083f00000, 0x0000000084000000, 0x0000000084000000|100%|HS|  |TAMS 0x0000000083f00000, 0x0000000083f00000| Complete 
|  64|0x0000000084000000, 0x0000000084100000, 0x0000000084100000|100%|HS|  |TAMS 0x0000000084000000, 0x0000000084000000| Complete 
|  65|0x0000000084100000, 0x0000000084200000, 0x0000000084200000|100%|HS|  |TAMS 0x0000000084100000, 0x0000000084100000| Complete 
|  66|0x0000000084200000, 0x0000000084300000, 0x0000000084300000|100%|HS|  |TAMS 0x0000000084200000, 0x0000000084200000| Complete 
|  67|0x0000000084300000, 0x0000000084400000, 0x0000000084400000|100%|HS|  |TAMS 0x0000000084300000, 0x0000000084300000| Complete 
|  68|0x0000000084400000, 0x0000000084500000, 0x0000000084500000|100%|HS|  |TAMS 0x0000000084400000, 0x0000000084400000| Complete 
|  69|0x0000000084500000, 0x0000000084600000, 0x0000000084600000|100%|HS|  |TAMS 0x0000000084500000, 0x0000000084500000| Complete 
|  70|0x0000000084600000, 0x0000000084600000, 0x0000000084700000|  0%| F|  |TAMS 0x0000000084600000, 0x0000000084600000| Untracked 
|  71|0x0000000084700000, 0x0000000084700000, 0x0000000084800000|  0%| F|  |TAMS 0x0000000084700000, 0x0000000084700000| Untracked 
|  72|0x0000000084800000, 0x0000000084800000, 0x0000000084900000|  0%| F|  |TAMS 0x0000000084800000, 0x0000000084800000| Untracked 
|  73|0x0000000084900000, 0x0000000084900000, 0x0000000084a00000|  0%| F|  |TAMS 0x0000000084900000, 0x0000000084900000| Untracked 
|  74|0x0000000084a00000, 0x0000000084a00000, 0x0000000084b00000|  0%| F|  |TAMS 0x0000000084a00000, 0x0000000084a00000| Untracked 
|  75|0x0000000084b00000, 0x0000000084b00000, 0x0000000084c00000|  0%| F|  |TAMS 0x0000000084b00000, 0x0000000084b00000| Untracked 
|  76|0x0000000084c00000, 0x0000000084c00000, 0x0000000084d00000|  0%| F|  |TAMS 0x0000000084c00000, 0x0000000084c00000| Untracked 
|  77|0x0000000084d00000, 0x0000000084d00000, 0x0000000084e00000|  0%| F|  |TAMS 0x0000000084d00000, 0x0000000084d00000| Untracked 
|  78|0x0000000084e00000, 0x0000000084e00000, 0x0000000084f00000|  0%| F|  |TAMS 0x0000000084e00000, 0x0000000084e00000| Untracked 
|  79|0x0000000084f00000, 0x0000000084f00000, 0x0000000085000000|  0%| F|  |TAMS 0x0000000084f00000, 0x0000000084f00000| Untracked 
|  80|0x0000000085000000, 0x0000000085000000, 0x0000000085100000|  0%| F|  |TAMS 0x0000000085000000, 0x0000000085000000| Untracked 
|  81|0x0000000085100000, 0x0000000085100000, 0x0000000085200000|  0%| F|  |TAMS 0x0000000085100000, 0x0000000085100000| Untracked 
|  82|0x0000000085200000, 0x0000000085200000, 0x0000000085300000|  0%| F|  |TAMS 0x0000000085200000, 0x0000000085200000| Untracked 
|  83|0x0000000085300000, 0x0000000085300000, 0x0000000085400000|  0%| F|  |TAMS 0x0000000085300000, 0x0000000085300000| Untracked 
|  84|0x0000000085400000, 0x0000000085400000, 0x0000000085500000|  0%| F|  |TAMS 0x0000000085400000, 0x0000000085400000| Untracked 
|  85|0x0000000085500000, 0x0000000085500000, 0x0000000085600000|  0%| F|  |TAMS 0x0000000085500000, 0x0000000085500000| Untracked 
|  86|0x0000000085600000, 0x0000000085600000, 0x0000000085700000|  0%| F|  |TAMS 0x0000000085600000, 0x0000000085600000| Untracked 
|  87|0x0000000085700000, 0x000000008575ff58, 0x0000000085800000| 37%| S|CS|TAMS 0x0000000085700000, 0x0000000085700000| Complete 
|  88|0x0000000085800000, 0x0000000085900000, 0x0000000085900000|100%| S|CS|TAMS 0x0000000085800000, 0x0000000085800000| Complete 
|  89|0x0000000085900000, 0x0000000085900000, 0x0000000085a00000|  0%| F|  |TAMS 0x0000000085900000, 0x0000000085900000| Untracked 
|  90|0x0000000085a00000, 0x0000000085a00000, 0x0000000085b00000|  0%| F|  |TAMS 0x0000000085a00000, 0x0000000085a00000| Untracked 
|  91|0x0000000085b00000, 0x0000000085b00000, 0x0000000085c00000|  0%| F|  |TAMS 0x0000000085b00000, 0x0000000085b00000| Untracked 
|  92|0x0000000085c00000, 0x0000000085c00000, 0x0000000085d00000|  0%| F|  |TAMS 0x0000000085c00000, 0x0000000085c00000| Untracked 
|  93|0x0000000085d00000, 0x0000000085e00000, 0x0000000085e00000|100%| S|CS|TAMS 0x0000000085d00000, 0x0000000085d00000| Complete 
|  94|0x0000000085e00000, 0x0000000085f00000, 0x0000000085f00000|100%| S|CS|TAMS 0x0000000085e00000, 0x0000000085e00000| Complete 
|  95|0x0000000085f00000, 0x0000000085f00000, 0x0000000086000000|  0%| F|  |TAMS 0x0000000085f00000, 0x0000000085f00000| Untracked 
|  96|0x0000000086000000, 0x0000000086000000, 0x0000000086100000|  0%| F|  |TAMS 0x0000000086000000, 0x0000000086000000| Untracked 
|  97|0x0000000086100000, 0x0000000086100000, 0x0000000086200000|  0%| F|  |TAMS 0x0000000086100000, 0x0000000086100000| Untracked 
|  98|0x0000000086200000, 0x0000000086200000, 0x0000000086300000|  0%| F|  |TAMS 0x0000000086200000, 0x0000000086200000| Untracked 
|  99|0x0000000086300000, 0x0000000086300000, 0x0000000086400000|  0%| F|  |TAMS 0x0000000086300000, 0x0000000086300000| Untracked 
| 100|0x0000000086400000, 0x0000000086400000, 0x0000000086500000|  0%| F|  |TAMS 0x0000000086400000, 0x0000000086400000| Untracked 
| 101|0x0000000086500000, 0x0000000086500000, 0x0000000086600000|  0%| F|  |TAMS 0x0000000086500000, 0x0000000086500000| Untracked 
| 102|0x0000000086600000, 0x0000000086663e58, 0x0000000086700000| 39%| E|  |TAMS 0x0000000086600000, 0x0000000086600000| Complete 
| 103|0x0000000086700000, 0x0000000086800000, 0x0000000086800000|100%| E|CS|TAMS 0x0000000086700000, 0x0000000086700000| Complete 
| 104|0x0000000086800000, 0x0000000086900000, 0x0000000086900000|100%| E|CS|TAMS 0x0000000086800000, 0x0000000086800000| Complete 
| 105|0x0000000086900000, 0x0000000086a00000, 0x0000000086a00000|100%| E|CS|TAMS 0x0000000086900000, 0x0000000086900000| Complete 
| 106|0x0000000086a00000, 0x0000000086b00000, 0x0000000086b00000|100%| E|CS|TAMS 0x0000000086a00000, 0x0000000086a00000| Complete 
| 107|0x0000000086b00000, 0x0000000086c00000, 0x0000000086c00000|100%| E|CS|TAMS 0x0000000086b00000, 0x0000000086b00000| Complete 
| 108|0x0000000086c00000, 0x0000000086d00000, 0x0000000086d00000|100%| E|CS|TAMS 0x0000000086c00000, 0x0000000086c00000| Complete 
| 109|0x0000000086d00000, 0x0000000086e00000, 0x0000000086e00000|100%| E|CS|TAMS 0x0000000086d00000, 0x0000000086d00000| Complete 
| 110|0x0000000086e00000, 0x0000000086f00000, 0x0000000086f00000|100%| E|CS|TAMS 0x0000000086e00000, 0x0000000086e00000| Complete 
| 111|0x0000000086f00000, 0x0000000087000000, 0x0000000087000000|100%| E|CS|TAMS 0x0000000086f00000, 0x0000000086f00000| Complete 
| 112|0x0000000087000000, 0x0000000087100000, 0x0000000087100000|100%| E|CS|TAMS 0x0000000087000000, 0x0000000087000000| Complete 
| 113|0x0000000087100000, 0x0000000087200000, 0x0000000087200000|100%| E|CS|TAMS 0x0000000087100000, 0x0000000087100000| Complete 
| 114|0x0000000087200000, 0x00000000872ffd68, 0x0000000087300000| 99%| E|  |TAMS 0x0000000087200000, 0x0000000087200000| Complete 
| 115|0x0000000087300000, 0x0000000087400000, 0x0000000087400000|100%| E|CS|TAMS 0x0000000087300000, 0x0000000087300000| Complete 
| 116|0x0000000087400000, 0x0000000087500000, 0x0000000087500000|100%| E|CS|TAMS 0x0000000087400000, 0x0000000087400000| Complete 
| 117|0x0000000087500000, 0x0000000087600000, 0x0000000087600000|100%| E|CS|TAMS 0x0000000087500000, 0x0000000087500000| Complete 

Card table byte_map: [0x00000185fdbf0000,0x00000185fdff0000] _byte_map_base: 0x00000185fd7f0000

Marking Bits (Prev, Next): (CMBitMap*) 0x00000185f4b71ae8, (CMBitMap*) 0x00000185f4b71b20
 Prev Bits: [0x000001858f000000, 0x0000018591000000)
 Next Bits: [0x0000018591000000, 0x0000018593000000)

Polling page: 0x00000185f4300000

Metaspace:

Usage:
  Non-class:     69.13 MB capacity,    67.73 MB ( 98%) used,     1.15 MB (  2%) free+waste,   256.75 KB ( <1%) overhead. 
      Class:     10.95 MB capacity,    10.00 MB ( 91%) used,   854.64 KB (  8%) free+waste,   122.44 KB (  1%) overhead. 
       Both:     80.08 MB capacity,    77.73 MB ( 97%) used,     1.98 MB (  2%) free+waste,   379.19 KB ( <1%) overhead. 

Virtual space:
  Non-class space:       70.00 MB reserved,      69.26 MB ( 99%) committed 
      Class space:      504.00 MB reserved,      11.00 MB (  2%) committed 
             Both:      574.00 MB reserved,      80.26 MB ( 14%) committed 

Chunk freelists:
   Non-Class:  0 bytes
       Class:  20.00 KB
        Both:  20.00 KB

MaxMetaspaceSize: 512.00 MB
CompressedClassSpaceSize: 504.00 MB
Initial GC threshold: 20.80 MB
Current GC threshold: 133.77 MB
CDS: off

CodeHeap 'non-profiled nmethods': size=120000Kb used=4576Kb max_used=4576Kb free=115424Kb
 bounds [0x0000018587ad0000, 0x0000018587f50000, 0x000001858f000000]
CodeHeap 'profiled nmethods': size=120000Kb used=19041Kb max_used=19041Kb free=100958Kb
 bounds [0x00000185805a0000, 0x0000018581840000, 0x0000018587ad0000]
CodeHeap 'non-nmethods': size=5760Kb used=2380Kb max_used=2408Kb free=3379Kb
 bounds [0x0000018580000000, 0x0000018580270000, 0x00000185805a0000]
 total_blobs=9674 nmethods=8770 adapters=816
 compilation: enabled
              stopped_count=0, restarted_count=0
 full_count=0

Compilation events (20 events):
Event: 67.061 Thread 0x00000185ff070000 8763       4       java.io.InputStream::<init> (5 bytes)
Event: 67.061 Thread 0x00000185ff070000 nmethod 8763 0x0000018587f43690 code [0x0000018587f43820, 0x0000018587f43878]
Event: 67.061 Thread 0x00000185ff070000 8729       4       java.util.jar.Manifest$FastInputStream::peek (38 bytes)
Event: 67.062 Thread 0x00000185ff070000 nmethod 8729 0x0000018587f43990 code [0x0000018587f43b40, 0x0000018587f43c28]
Event: 67.062 Thread 0x00000185ff070000 8725       4       java.lang.ThreadLocal$ThreadLocalMap::getEntry (42 bytes)
Event: 67.063 Thread 0x00000185ff070000 nmethod 8725 0x0000018587f43d10 code [0x0000018587f43ec0, 0x0000018587f44008]
Event: 67.063 Thread 0x00000185ff070000 8728       4       java.lang.StringCoding::resultCached (50 bytes)
Event: 67.066 Thread 0x00000185ff070000 nmethod 8728 0x0000018587f44110 code [0x0000018587f442e0, 0x0000018587f44518]
Event: 67.066 Thread 0x00000185ff070000 8764 %     4       java.util.zip.ZipFile$Source::initCEN @ 228 (697 bytes)
Event: 67.242 Thread 0x00000185ff070000 nmethod 8764% 0x0000018587f44790 code [0x0000018587f44a00, 0x0000018587f467b8]
Event: 67.485 Thread 0x00000185ff070000 8765 % !   4       java.util.jar.Attributes::read @ 155 (354 bytes)
Event: 67.517 Thread 0x00000185ff071000 8772  s    3       java.util.Vector::elementAt (48 bytes)
Event: 67.539 Thread 0x00000185ff071000 nmethod 8772 0x0000018581813490 code [0x0000018581813720, 0x00000185818142c8]
Event: 67.539 Thread 0x00000185ff071000 8773       3       sun.security.util.DerValue::init (142 bytes)
Event: 67.554 Thread 0x00000185ff071000 nmethod 8773 0x0000018581814710 code [0x0000018581814a20, 0x0000018581815b78]
Event: 67.554 Thread 0x00000185ff071000 8775       3       sun.security.util.ObjectIdentifier::check (78 bytes)
Event: 67.554 Thread 0x00000185ff071000 nmethod 8775 0x0000018581816110 code [0x0000018581816300, 0x0000018581816798]
Event: 67.554 Thread 0x00000185ff071000 8776       3       java.lang.String::<init> (55 bytes)
Event: 67.555 Thread 0x00000185ff071000 nmethod 8776 0x0000018581816910 code [0x0000018581816b00, 0x0000018581816e68]
Event: 67.555 Thread 0x00000185ff071000 8777   !   3       java.lang.StringCoding::decode (165 bytes)

GC Heap History (20 events):
Event: 44.799 GC heap before
{Heap before GC invocations=13 (full 0):
 garbage-first heap   total 120832K, used 55161K [0x0000000080000000, 0x0000000100000000)
  region size 1024K, 14 young (14336K), 3 survivors (3072K)
 Metaspace       used 58404K, capacity 60162K, committed 60296K, reserved 569344K
  class space    used 7554K, capacity 8264K, committed 8320K, reserved 516096K
}
Event: 44.806 GC heap after
{Heap after GC invocations=14 (full 0):
 garbage-first heap   total 120832K, used 45319K [0x0000000080000000, 0x0000000100000000)
  region size 1024K, 3 young (3072K), 3 survivors (3072K)
 Metaspace       used 58404K, capacity 60162K, committed 60296K, reserved 569344K
  class space    used 7554K, capacity 8264K, committed 8320K, reserved 516096K
}
Event: 45.550 GC heap before
{Heap before GC invocations=15 (full 0):
 garbage-first heap   total 120832K, used 90375K [0x0000000080000000, 0x0000000100000000)
  region size 1024K, 47 young (48128K), 3 survivors (3072K)
 Metaspace       used 62057K, capacity 63863K, committed 64136K, reserved 573440K
  class space    used 8064K, capacity 8814K, committed 8832K, reserved 516096K
}
Event: 45.555 GC heap after
{Heap after GC invocations=16 (full 0):
 garbage-first heap   total 120832K, used 46591K [0x0000000080000000, 0x0000000100000000)
  region size 1024K, 5 young (5120K), 5 survivors (5120K)
 Metaspace       used 62057K, capacity 63863K, committed 64136K, reserved 573440K
  class space    used 8064K, capacity 8814K, committed 8832K, reserved 516096K
}
Event: 50.299 GC heap before
{Heap before GC invocations=16 (full 0):
 garbage-first heap   total 120832K, used 90623K [0x0000000080000000, 0x0000000100000000)
  region size 1024K, 49 young (50176K), 5 survivors (5120K)
 Metaspace       used 64799K, capacity 66665K, committed 66824K, reserved 575488K
  class space    used 8368K, capacity 9121K, committed 9216K, reserved 516096K
}
Event: 50.338 GC heap after
{Heap after GC invocations=17 (full 0):
 garbage-first heap   total 120832K, used 48830K [0x0000000080000000, 0x0000000100000000)
  region size 1024K, 5 young (5120K), 5 survivors (5120K)
 Metaspace       used 64799K, capacity 66665K, committed 66824K, reserved 575488K
  class space    used 8368K, capacity 9121K, committed 9216K, reserved 516096K
}
Event: 51.477 GC heap before
{Heap before GC invocations=17 (full 0):
 garbage-first heap   total 120832K, used 93886K [0x0000000080000000, 0x0000000100000000)
  region size 1024K, 49 young (50176K), 5 survivors (5120K)
 Metaspace       used 67730K, capacity 69751K, committed 69896K, reserved 577536K
  class space    used 8810K, capacity 9655K, committed 9728K, reserved 516096K
}
Event: 51.490 GC heap after
{Heap after GC invocations=18 (full 0):
 garbage-first heap   total 120832K, used 51177K [0x0000000080000000, 0x0000000100000000)
  region size 1024K, 6 young (6144K), 6 survivors (6144K)
 Metaspace       used 67730K, capacity 69751K, committed 69896K, reserved 577536K
  class space    used 8810K, capacity 9655K, committed 9728K, reserved 516096K
}
Event: 53.028 GC heap before
{Heap before GC invocations=18 (full 0):
 garbage-first heap   total 120832K, used 95209K [0x0000000080000000, 0x0000000100000000)
  region size 1024K, 50 young (51200K), 6 survivors (6144K)
 Metaspace       used 70236K, capacity 72485K, committed 72584K, reserved 579584K
  class space    used 9155K, capacity 10062K, committed 10112K, reserved 516096K
}
Event: 53.059 GC heap after
{Heap after GC invocations=19 (full 0):
 garbage-first heap   total 120832K, used 55212K [0x0000000080000000, 0x0000000100000000)
  region size 1024K, 7 young (7168K), 7 survivors (7168K)
 Metaspace       used 70236K, capacity 72485K, committed 72584K, reserved 579584K
  class space    used 9155K, capacity 10062K, committed 10112K, reserved 516096K
}
Event: 54.264 GC heap before
{Heap before GC invocations=19 (full 0):
 garbage-first heap   total 120832K, used 96172K [0x0000000080000000, 0x0000000100000000)
  region size 1024K, 48 young (49152K), 7 survivors (7168K)
 Metaspace       used 72962K, capacity 75204K, committed 75272K, reserved 581632K
  class space    used 9493K, capacity 10429K, committed 10496K, reserved 516096K
}
Event: 54.278 GC heap after
{Heap after GC invocations=20 (full 0):
 garbage-first heap   total 120832K, used 58101K [0x0000000080000000, 0x0000000100000000)
  region size 1024K, 4 young (4096K), 4 survivors (4096K)
 Metaspace       used 72962K, capacity 75204K, committed 75272K, reserved 581632K
  class space    used 9493K, capacity 10429K, committed 10496K, reserved 516096K
}
Event: 63.571 GC heap before
{Heap before GC invocations=20 (full 0):
 garbage-first heap   total 120832K, used 75509K [0x0000000080000000, 0x0000000100000000)
  region size 1024K, 23 young (23552K), 4 survivors (4096K)
 Metaspace       used 73095K, capacity 75360K, committed 75528K, reserved 581632K
  class space    used 9495K, capacity 10432K, committed 10496K, reserved 516096K
}
Event: 63.609 GC heap after
{Heap after GC invocations=21 (full 0):
 garbage-first heap   total 120832K, used 58630K [0x0000000080000000, 0x0000000100000000)
  region size 1024K, 2 young (2048K), 2 survivors (2048K)
 Metaspace       used 73095K, capacity 75360K, committed 75528K, reserved 581632K
  class space    used 9495K, capacity 10432K, committed 10496K, reserved 516096K
}
Event: 63.993 GC heap before
{Heap before GC invocations=22 (full 0):
 garbage-first heap   total 120832K, used 59654K [0x0000000080000000, 0x0000000100000000)
  region size 1024K, 4 young (4096K), 2 survivors (2048K)
 Metaspace       used 73167K, capacity 75463K, committed 75528K, reserved 581632K
  class space    used 9502K, capacity 10469K, committed 10496K, reserved 516096K
}
Event: 63.997 GC heap after
{Heap after GC invocations=23 (full 0):
 garbage-first heap   total 120832K, used 60626K [0x0000000080000000, 0x0000000100000000)
  region size 1024K, 3 young (3072K), 3 survivors (3072K)
 Metaspace       used 73167K, capacity 75463K, committed 75528K, reserved 581632K
  class space    used 9502K, capacity 10469K, committed 10496K, reserved 516096K
}
Event: 65.888 GC heap before
{Heap before GC invocations=24 (full 0):
 garbage-first heap   total 120832K, used 83154K [0x0000000080000000, 0x0000000100000000)
  region size 1024K, 25 young (25600K), 3 survivors (3072K)
 Metaspace       used 75750K, capacity 78116K, committed 78344K, reserved 585728K
  class space    used 9809K, capacity 10750K, committed 10752K, reserved 516096K
}
Event: 65.893 GC heap after
{Heap after GC invocations=25 (full 0):
 garbage-first heap   total 120832K, used 63656K [0x0000000080000000, 0x0000000100000000)
  region size 1024K, 4 young (4096K), 4 survivors (4096K)
 Metaspace       used 75750K, capacity 78116K, committed 78344K, reserved 585728K
  class space    used 9809K, capacity 10750K, committed 10752K, reserved 516096K
}
Event: 67.117 GC heap before
{Heap before GC invocations=25 (full 0):
 garbage-first heap   total 120832K, used 85160K [0x0000000080000000, 0x0000000100000000)
  region size 1024K, 27 young (27648K), 4 survivors (4096K)
 Metaspace       used 79426K, capacity 81883K, committed 82184K, reserved 587776K
  class space    used 10206K, capacity 11176K, committed 11264K, reserved 516096K
}
Event: 67.239 GC heap after
{Heap after GC invocations=26 (full 0):
 garbage-first heap   total 120832K, used 66821K [0x0000000080000000, 0x0000000100000000)
  region size 1024K, 4 young (4096K), 4 survivors (4096K)
 Metaspace       used 79426K, capacity 81883K, committed 82184K, reserved 587776K
  class space    used 10206K, capacity 11176K, committed 11264K, reserved 516096K
}

Deoptimization events (20 events):
Event: 67.557 Thread 0x0000018596638000 DEOPT PACKING pc=0x0000018581804335 sp=0x0000001b85ff2a90
Event: 67.557 Thread 0x0000018596638000 DEOPT UNPACKING pc=0x000001858004a95e sp=0x0000001b85ff1f10 mode 0
Event: 67.557 Thread 0x0000018596638000 DEOPT PACKING pc=0x0000018581804335 sp=0x0000001b85ff2a80
Event: 67.557 Thread 0x0000018596638000 DEOPT UNPACKING pc=0x000001858004a95e sp=0x0000001b85ff1f00 mode 0
Event: 67.558 Thread 0x0000018596638000 DEOPT PACKING pc=0x0000018581804335 sp=0x0000001b85ff2a90
Event: 67.558 Thread 0x0000018596638000 DEOPT UNPACKING pc=0x000001858004a95e sp=0x0000001b85ff1f10 mode 0
Event: 67.558 Thread 0x0000018596638000 DEOPT PACKING pc=0x0000018581804335 sp=0x0000001b85ff2a90
Event: 67.558 Thread 0x0000018596638000 DEOPT UNPACKING pc=0x000001858004a95e sp=0x0000001b85ff1f10 mode 0
Event: 67.558 Thread 0x0000018596638000 DEOPT PACKING pc=0x00000185817f095a sp=0x0000001b85ff2ac0
Event: 67.558 Thread 0x0000018596638000 DEOPT UNPACKING pc=0x000001858004a95e sp=0x0000001b85ff1f80 mode 0
Event: 67.558 Thread 0x0000018596638000 DEOPT PACKING pc=0x00000185817f0122 sp=0x0000001b85ff2a70
Event: 67.558 Thread 0x0000018596638000 DEOPT UNPACKING pc=0x000001858004a95e sp=0x0000001b85ff1ee8 mode 0
Event: 67.558 Thread 0x0000018596638000 DEOPT PACKING pc=0x0000018581804335 sp=0x0000001b85ff2a90
Event: 67.558 Thread 0x0000018596638000 DEOPT UNPACKING pc=0x000001858004a95e sp=0x0000001b85ff1f10 mode 0
Event: 67.559 Thread 0x0000018596638000 DEOPT PACKING pc=0x0000018581804335 sp=0x0000001b85ff2a90
Event: 67.559 Thread 0x0000018596638000 DEOPT UNPACKING pc=0x000001858004a95e sp=0x0000001b85ff1f10 mode 0
Event: 67.559 Thread 0x0000018596638000 Uncommon trap: trap_request=0xffffffc6 fr.pc=0x0000018587c364d0 relative=0x00000000000008f0
Event: 67.559 Thread 0x0000018596638000 Uncommon trap: reason=bimorphic_or_optimized_type_check action=maybe_recompile pc=0x0000018587c364d0 method=java.lang.Throwable.<init>(Ljava/lang/String;Ljava/lang/Throwable;)V @ 24 c2
Event: 67.559 Thread 0x0000018596638000 DEOPT PACKING pc=0x0000018587c364d0 sp=0x0000001b85ff2e90
Event: 67.559 Thread 0x0000018596638000 DEOPT UNPACKING pc=0x000001858004a1af sp=0x0000001b85ff2e70 mode 2

Classes redefined (0 events):
No events

Internal exceptions (20 events):
Event: 64.014 Thread 0x0000018596638000 Exception <a 'java/security/PrivilegedActionException'{0x00000000875644d8}> (0x00000000875644d8) thrown at [./src/hotspot/share/prims/jvm.cpp, line 1306]
Event: 64.014 Thread 0x0000018596638000 Exception <a 'java/security/PrivilegedActionException'{0x0000000087565a40}> (0x0000000087565a40) thrown at [./src/hotspot/share/prims/jvm.cpp, line 1306]
Event: 64.812 Thread 0x0000018596638000 Exception <a 'java/security/PrivilegedActionException'{0x0000000086c8dab0}> (0x0000000086c8dab0) thrown at [./src/hotspot/share/prims/jvm.cpp, line 1306]
Event: 64.812 Thread 0x0000018596638000 Exception <a 'java/security/PrivilegedActionException'{0x0000000086c8f018}> (0x0000000086c8f018) thrown at [./src/hotspot/share/prims/jvm.cpp, line 1306]
Event: 64.813 Thread 0x0000018596638000 Exception <a 'java/security/PrivilegedActionException'{0x0000000086c92170}> (0x0000000086c92170) thrown at [./src/hotspot/share/prims/jvm.cpp, line 1306]
Event: 64.813 Thread 0x0000018596638000 Exception <a 'java/security/PrivilegedActionException'{0x0000000086c936d8}> (0x0000000086c936d8) thrown at [./src/hotspot/share/prims/jvm.cpp, line 1306]
Event: 64.824 Thread 0x0000018596638000 Exception <a 'java/security/PrivilegedActionException'{0x0000000086c96900}> (0x0000000086c96900) thrown at [./src/hotspot/share/prims/jvm.cpp, line 1306]
Event: 64.824 Thread 0x0000018596638000 Exception <a 'java/security/PrivilegedActionException'{0x0000000086c97e68}> (0x0000000086c97e68) thrown at [./src/hotspot/share/prims/jvm.cpp, line 1306]
Event: 64.824 Thread 0x0000018596638000 Exception <a 'java/security/PrivilegedActionException'{0x0000000086c9afe0}> (0x0000000086c9afe0) thrown at [./src/hotspot/share/prims/jvm.cpp, line 1306]
Event: 64.824 Thread 0x0000018596638000 Exception <a 'java/security/PrivilegedActionException'{0x0000000086c9c548}> (0x0000000086c9c548) thrown at [./src/hotspot/share/prims/jvm.cpp, line 1306]
Event: 64.824 Thread 0x0000018596638000 Exception <a 'java/security/PrivilegedActionException'{0x0000000086c9f6f8}> (0x0000000086c9f6f8) thrown at [./src/hotspot/share/prims/jvm.cpp, line 1306]
Event: 64.824 Thread 0x0000018596638000 Exception <a 'java/security/PrivilegedActionException'{0x0000000086ca0c60}> (0x0000000086ca0c60) thrown at [./src/hotspot/share/prims/jvm.cpp, line 1306]
Event: 64.825 Thread 0x0000018596638000 Exception <a 'java/security/PrivilegedActionException'{0x0000000086ca3e88}> (0x0000000086ca3e88) thrown at [./src/hotspot/share/prims/jvm.cpp, line 1306]
Event: 64.825 Thread 0x0000018596638000 Exception <a 'java/security/PrivilegedActionException'{0x0000000086ca53f0}> (0x0000000086ca53f0) thrown at [./src/hotspot/share/prims/jvm.cpp, line 1306]
Event: 65.667 Thread 0x0000018596638000 Exception <a 'java/lang/NoSuchMethodError'{0x0000000085f20668}: 'java.lang.Object java.lang.invoke.DirectMethodHandle$Holder.invokeStatic(java.lang.Object, java.lang.Object, java.lang.Object, java.lang.Object, java.lang.Object, java.lang.Object, java.lang.Object, java.lang.Object, java.lang.Object, java.lang.Object, java.lang.Object, java.lang.Object, java.lang.Object, int)'> (0x0000000085f20668) thrown at [./src/hotspot/share/interpreter/linkResolver.cpp, line 773]
Event: 65.669 Thread 0x0000018596638000 Exception <a 'java/lang/NoSuchMethodError'{0x0000000085f2e050}: 'java.lang.Object java.lang.invoke.DirectMethodHandle$Holder.invokeStatic(java.lang.Object, java.lang.Object, java.lang.Object, java.lang.Object, java.lang.Object, java.lang.Object, java.lang.Object, java.lang.Object, java.lang.Object, java.lang.Object, java.lang.Object, java.lang.Object, java.lang.Object, int, int)'> (0x0000000085f2e050) thrown at [./src/hotspot/share/interpreter/linkResolver.cpp, line 773]
Event: 66.607 Thread 0x0000018596638000 Exception <a 'java/lang/NoSuchMethodError'{0x00000000869e9a68}: 'java.lang.Object java.lang.invoke.DirectMethodHandle$Holder.invokeSpecial(java.lang.Object, java.lang.Object, int, int, int, java.lang.Object, java.lang.Object, java.lang.Object, java.lang.Object)'> (0x00000000869e9a68) thrown at [./src/hotspot/share/interpreter/linkResolver.cpp, line 773]
Event: 66.612 Thread 0x0000018596638000 Exception <a 'java/lang/NoSuchMethodError'{0x00000000869ee4b8}: 'java.lang.Object java.lang.invoke.DelegatingMethodHandle$Holder.reinvoke_L(java.lang.Object, int, int, int, java.lang.Object, java.lang.Object, java.lang.Object, java.lang.Object)'> (0x00000000869ee4b8) thrown at [./src/hotspot/share/interpreter/linkResolver.cpp, line 773]
Event: 66.771 Thread 0x0000018596638000 Implicit null exception at 0x0000018587bbcc0b to 0x0000018587bbcce8
Event: 66.914 Thread 0x0000018596638000 Implicit null exception at 0x0000018587c3d92c to 0x0000018587c3da62

Events (20 events):
Event: 67.029 loading class java/util/Base64$Decoder
Event: 67.031 loading class java/util/Base64$Decoder done
Event: 67.031 loading class java/util/Base64$Encoder
Event: 67.031 loading class java/util/Base64$Encoder done
Event: 67.033 Executing VM operation: RevokeBias
Event: 67.034 Executing VM operation: RevokeBias done
Event: 67.034 loading class java/util/jar/JarVerifier$VerifierStream
Event: 67.034 loading class java/util/jar/JarVerifier$VerifierStream done
Event: 67.035 loading class sun/security/util/ManifestEntryVerifier$SunProviderHolder
Event: 67.035 loading class sun/security/util/ManifestEntryVerifier$SunProviderHolder done
Event: 67.037 loading class org/bouncycastle/operator/OperatorException
Event: 67.037 loading class org/bouncycastle/operator/OperatorException done
Event: 67.038 loading class org/bouncycastle/jce/provider/BouncyCastleProvider
Event: 67.038 loading class org/bouncycastle/jce/provider/BouncyCastleProvider done
Event: 67.117 Executing VM operation: G1CollectForAllocation
Event: 67.239 Executing VM operation: G1CollectForAllocation done
Event: 67.328 Executing VM operation: CGC_Operation
Event: 67.432 Executing VM operation: CGC_Operation done
Event: 67.533 Executing VM operation: CGC_Operation
Event: 67.539 Executing VM operation: CGC_Operation done


Dynamic libraries:
0x00007ff6c75f0000 - 0x00007ff6c75fd000 	C:\Program Files\Microsoft\jdk-11.0.18.10-hotspot\bin\java.exe
0x00007ffbf5510000 - 0x00007ffbf5727000 	C:\WINDOWS\SYSTEM32\ntdll.dll
0x00007ffbf4b60000 - 0x00007ffbf4c24000 	C:\WINDOWS\System32\KERNEL32.DLL
0x00007ffbf28b0000 - 0x00007ffbf2c55000 	C:\WINDOWS\System32\KERNELBASE.dll
0x00007ffbf2d80000 - 0x00007ffbf2e91000 	C:\WINDOWS\System32\ucrtbase.dll
0x00007ffbc4bd0000 - 0x00007ffbc4be5000 	C:\Program Files\Microsoft\jdk-11.0.18.10-hotspot\bin\VCRUNTIME140.dll
0x00007ffbc44f0000 - 0x00007ffbc4507000 	C:\Program Files\Microsoft\jdk-11.0.18.10-hotspot\bin\jli.dll
0x00007ffbf4c30000 - 0x00007ffbf4dde000 	C:\WINDOWS\System32\USER32.dll
0x00007ffbf2880000 - 0x00007ffbf28a6000 	C:\WINDOWS\System32\win32u.dll
0x00007ffbf4020000 - 0x00007ffbf4049000 	C:\WINDOWS\System32\GDI32.dll
0x00007ffbf2c60000 - 0x00007ffbf2d79000 	C:\WINDOWS\System32\gdi32full.dll
0x00007ffbf3050000 - 0x00007ffbf30ea000 	C:\WINDOWS\System32\msvcp_win.dll
0x00007ffbd61e0000 - 0x00007ffbd6473000 	C:\WINDOWS\WinSxS\amd64_microsoft.windows.common-controls_6595b64144ccf1df_6.0.22621.2506_none_270c5ae97388e100\COMCTL32.dll
0x00007ffbf53d0000 - 0x00007ffbf5477000 	C:\WINDOWS\System32\msvcrt.dll
0x00007ffbf4b20000 - 0x00007ffbf4b51000 	C:\WINDOWS\System32\IMM32.DLL
0x00007ffbb0b70000 - 0x00007ffbb0c0b000 	C:\Program Files\Microsoft\jdk-11.0.18.10-hotspot\bin\msvcp140.dll
0x00007ffb22ac0000 - 0x00007ffb23652000 	C:\Program Files\Microsoft\jdk-11.0.18.10-hotspot\bin\server\jvm.dll
0x00007ffbf33a0000 - 0x00007ffbf3451000 	C:\WINDOWS\System32\ADVAPI32.dll
0x00007ffbf5080000 - 0x00007ffbf5126000 	C:\WINDOWS\System32\sechost.dll
0x00007ffbf4580000 - 0x00007ffbf4697000 	C:\WINDOWS\System32\RPCRT4.dll
0x00007ffbf3270000 - 0x00007ffbf3278000 	C:\WINDOWS\System32\PSAPI.DLL
0x00007ffbd0d10000 - 0x00007ffbd0d19000 	C:\WINDOWS\SYSTEM32\WSOCK32.dll
0x00007ffbf4a90000 - 0x00007ffbf4b01000 	C:\WINDOWS\System32\WS2_32.dll
0x00007ffbeb4e0000 - 0x00007ffbeb514000 	C:\WINDOWS\SYSTEM32\WINMM.dll
0x00007ffbe97c0000 - 0x00007ffbe97ca000 	C:\WINDOWS\SYSTEM32\VERSION.dll
0x00007ffbf17e0000 - 0x00007ffbf17f8000 	C:\WINDOWS\SYSTEM32\kernel.appcore.dll
0x00007ffbeddc0000 - 0x00007ffbeddd0000 	C:\Program Files\Microsoft\jdk-11.0.18.10-hotspot\bin\verify.dll
0x00007ffbdf350000 - 0x00007ffbdf583000 	C:\WINDOWS\SYSTEM32\DBGHELP.DLL
0x00007ffbf4700000 - 0x00007ffbf4a89000 	C:\WINDOWS\System32\combase.dll
0x00007ffbf32c0000 - 0x00007ffbf3397000 	C:\WINDOWS\System32\OLEAUT32.dll
0x00007ffbd2390000 - 0x00007ffbd23c2000 	C:\WINDOWS\SYSTEM32\dbgcore.DLL
0x00007ffbf2ea0000 - 0x00007ffbf2f1a000 	C:\WINDOWS\System32\bcryptPrimitives.dll
0x00007ffbcf200000 - 0x00007ffbcf228000 	C:\Program Files\Microsoft\jdk-11.0.18.10-hotspot\bin\java.dll
0x00007ffbe91e0000 - 0x00007ffbe91ea000 	C:\Program Files\Microsoft\jdk-11.0.18.10-hotspot\bin\jimage.dll
0x00007ffbc3eb0000 - 0x00007ffbc3ec8000 	C:\Program Files\Microsoft\jdk-11.0.18.10-hotspot\bin\zip.dll
0x00007ffbf37c0000 - 0x00007ffbf4019000 	C:\WINDOWS\System32\SHELL32.dll
0x00007ffbf0750000 - 0x00007ffbf1044000 	C:\WINDOWS\SYSTEM32\windows.storage.dll
0x00007ffbf0610000 - 0x00007ffbf074e000 	C:\WINDOWS\SYSTEM32\wintypes.dll
0x00007ffbf3460000 - 0x00007ffbf3553000 	C:\WINDOWS\System32\SHCORE.dll
0x00007ffbf5370000 - 0x00007ffbf53ce000 	C:\WINDOWS\System32\shlwapi.dll
0x00007ffbf27b0000 - 0x00007ffbf27d6000 	C:\WINDOWS\SYSTEM32\profapi.dll
0x00007ffbd2ed0000 - 0x00007ffbd2ee9000 	C:\Program Files\Microsoft\jdk-11.0.18.10-hotspot\bin\net.dll
0x00007ffbebb60000 - 0x00007ffbebc97000 	C:\WINDOWS\SYSTEM32\WINHTTP.dll
0x00007ffbf1cc0000 - 0x00007ffbf1d29000 	C:\WINDOWS\system32\mswsock.dll
0x00007ffbc48a0000 - 0x00007ffbc48b3000 	C:\Program Files\Microsoft\jdk-11.0.18.10-hotspot\bin\nio.dll
0x00007ffbc4ce0000 - 0x00007ffbc4d07000 	C:\Users\HP\.gradle\native\68d5fa5c4cc2d200863cafc0d521ce42e7d3e7ee720ec0a83991735586a16f82\windows-amd64\native-platform.dll
0x00007ffbae910000 - 0x00007ffbaea54000 	C:\Users\HP\.gradle\native\e376f236ea51e6404a007f0833ffe2c6e607c4080706a723a18a27aeea778392\windows-amd64\native-platform-file-events.dll
0x00007ffbd3850000 - 0x00007ffbd3859000 	C:\Program Files\Microsoft\jdk-11.0.18.10-hotspot\bin\management.dll
0x00007ffbd16b0000 - 0x00007ffbd16bb000 	C:\Program Files\Microsoft\jdk-11.0.18.10-hotspot\bin\management_ext.dll
0x00007ffbf1ef0000 - 0x00007ffbf1f0b000 	C:\WINDOWS\SYSTEM32\CRYPTSP.dll
0x00007ffbf17a0000 - 0x00007ffbf17d5000 	C:\WINDOWS\system32\rsaenh.dll
0x00007ffbf1d80000 - 0x00007ffbf1dac000 	C:\WINDOWS\SYSTEM32\USERENV.dll
0x00007ffbf2140000 - 0x00007ffbf2168000 	C:\WINDOWS\SYSTEM32\bcrypt.dll
0x00007ffbf1ee0000 - 0x00007ffbf1eec000 	C:\WINDOWS\SYSTEM32\CRYPTBASE.dll
0x00007ffbf12f0000 - 0x00007ffbf131d000 	C:\WINDOWS\SYSTEM32\IPHLPAPI.DLL
0x00007ffbf5130000 - 0x00007ffbf5139000 	C:\WINDOWS\System32\NSI.dll
0x00007ffbebf30000 - 0x00007ffbebf49000 	C:\WINDOWS\SYSTEM32\dhcpcsvc6.DLL
0x00007ffbebac0000 - 0x00007ffbebadf000 	C:\WINDOWS\SYSTEM32\dhcpcsvc.DLL
0x00007ffbf1320000 - 0x00007ffbf1419000 	C:\WINDOWS\SYSTEM32\DNSAPI.dll

dbghelp: loaded successfully - version: 4.0.5 - missing functions: none
symbol engine: initialized successfully - sym options: 0x614 - pdb path: .;C:\Program Files\Microsoft\jdk-11.0.18.10-hotspot\bin;C:\WINDOWS\SYSTEM32;C:\WINDOWS\WinSxS\amd64_microsoft.windows.common-controls_6595b64144ccf1df_6.0.22621.2506_none_270c5ae97388e100;C:\Program Files\Microsoft\jdk-11.0.18.10-hotspot\bin\server;C:\Users\HP\.gradle\native\68d5fa5c4cc2d200863cafc0d521ce42e7d3e7ee720ec0a83991735586a16f82\windows-amd64;C:\Users\HP\.gradle\native\e376f236ea51e6404a007f0833ffe2c6e607c4080706a723a18a27aeea778392\windows-amd64

VM Arguments:
jvm_args: -XX:MaxMetaspaceSize=512m --add-opens=java.base/java.util=ALL-UNNAMED --add-opens=java.base/java.lang=ALL-UNNAMED --add-opens=java.base/java.lang.invoke=ALL-UNNAMED --add-opens=java.prefs/java.util.prefs=ALL-UNNAMED --add-opens=java.base/java.nio.charset=ALL-UNNAMED --add-opens=java.base/java.net=ALL-UNNAMED --add-opens=java.base/java.util.concurrent.atomic=ALL-UNNAMED -Xmx2048m -Dfile.encoding=windows-1252 -Duser.country=IN -Duser.language=en -Duser.variant 
java_command: org.gradle.launcher.daemon.bootstrap.GradleDaemon 8.0.1
java_class_path (initial): C:\Users\HP\.gradle\wrapper\dists\gradle-8.0.1-all\aro4hu1c3oeioove7l0i4i14o\gradle-8.0.1\lib\gradle-launcher-8.0.1.jar
Launcher Type: SUN_STANDARD

[Global flags]
     intx CICompilerCount                          = 4                                         {product} {ergonomic}
   size_t CompressedClassSpaceSize                 = 528482304                                 {product} {ergonomic}
     uint ConcGCThreads                            = 3                                         {product} {ergonomic}
     uint G1ConcRefinementThreads                  = 10                                        {product} {ergonomic}
   size_t G1HeapRegionSize                         = 1048576                                   {product} {ergonomic}
    uintx GCDrainStackTargetSize                   = 64                                        {product} {ergonomic}
   size_t InitialHeapSize                          = 123731968                                 {product} {ergonomic}
   size_t MarkStackSize                            = 4194304                                   {product} {ergonomic}
   size_t MaxHeapSize                              = 2147483648                                {product} {command line}
   size_t MaxMetaspaceSize                         = 536870912                                 {product} {command line}
   size_t MaxNewSize                               = 1287651328                                {product} {ergonomic}
   size_t MinHeapDeltaBytes                        = 1048576                                   {product} {ergonomic}
    uintx NonNMethodCodeHeapSize                   = 5836300                                {pd product} {ergonomic}
    uintx NonProfiledCodeHeapSize                  = 122910970                              {pd product} {ergonomic}
    uintx ProfiledCodeHeapSize                     = 122910970                              {pd product} {ergonomic}
    uintx ReservedCodeCacheSize                    = 251658240                              {pd product} {ergonomic}
     bool SegmentedCodeCache                       = true                                      {product} {ergonomic}
     bool UseCompressedClassPointers               = true                                 {lp64_product} {ergonomic}
     bool UseCompressedOops                        = true                                 {lp64_product} {ergonomic}
     bool UseG1GC                                  = true                                      {product} {ergonomic}
     bool UseLargePagesIndividualAllocation        = false                                  {pd product} {ergonomic}

Logging:
Log output configuration:
 #0: stdout all=warning uptime,level,tags
 #1: stderr all=off uptime,level,tags

Environment Variables:
JAVA_HOME=C:\Program Files\Microsoft\jdk-11.0.18.10-hotspot\
CLASSPATH=D:\Krishimitra\Frontend\android\\gradle\wrapper\gradle-wrapper.jar
PATH=D:\Krishimitra\Frontend\node_modules\.bin;D:\Krishimitra\Frontend\node_modules\.bin;D:\Krishimitra\node_modules\.bin;D:\node_modules\.bin;C:\Program Files\nodejs\node_modules\npm\node_modules\@npmcli\run-script\lib\node-gyp-bin;D:\Krishimitra\Frontend\node_modules\.bin;D:\Krishimitra\Frontend\node_modules\.bin;D:\Krishimitra\node_modules\.bin;D:\node_modules\.bin;C:\Program Files\nodejs\node_modules\npm\node_modules\@npmcli\run-script\lib\node-gyp-bin;C:\Program Files\BraveSoftware\Brave-Browser\Application;C:\Program Files\Python311\Scripts\;C:\Program Files\Python311\;C:\Program Files\Microsoft\jdk-11.0.18.10-hotspot\bin;C:\Program Files\Python310\Scripts\;C:\Program Files\Python310\;C:\windows\system32;C:\windows;C:\windows\System32\Wbem;C:\windows\System32\WindowsPowerShell\v1.0\;C:\windows\System32\OpenSSH\;C:\Program Files (x86)\NVIDIA Corporation\PhysX\Common;C:\Program Files\NVIDIA Corporation\NVIDIA NvDLISR;C:\WINDOWS\system32;C:\WINDOWS;C:\WINDOWS\System32\Wbem;C:\WINDOWS\System32\WindowsPowerShell\v1.0\;C:\WINDOWS\System32\OpenSSH\;C:\MinGW\bin;C:\ProgramData\chocolatey\bin;C:\Program Files\nodejs\;C:\Program Files\Git\cmd;C:\Program Files\Cloudflare\Cloudflare WARP\;C:\Users\HP\AppData\Local\Microsoft\WindowsApps;C:\Users\HP\AppData\Local\Programs\Microsoft VS Code\bin;C:\Program Files\JetBrains\PyCharm Community Edition 2022.2.1\bin;;C:\Program Files\JetBrains\CLion 2022.2.3\bin;;C:\Users\HP\AppData\Roaming\npm;C:\Program Files\Java\jdk-19;C:\Users\HP\AppData\Local\Android\Sdk\platform-tools;C:\Program Files\JetBrains\PyCharm 2022.3.3\bin;;C:\Users\HP\AppData\Local\GitHubDesktop\bin;C:\ProgramData\HP\GitHubDesktop\bin
USERNAME=HP
LANG=en_US.UTF-8
OS=Windows_NT
PROCESSOR_IDENTIFIER=AMD64 Family 25 Model 80 Stepping 0, AuthenticAMD
TMP=C:\Users\HP\AppData\Local\Temp
TEMP=C:\Users\HP\AppData\Local\Temp



---------------  S Y S T E M  ---------------

OS: Windows 11 , 64 bit Build 22621 (10.0.22621.2506)
OS uptime: 7 days 14:38 hours
Hyper-V role detected

CPU:total 12 (initial active 12) (12 cores per cpu, 2 threads per core) family 25 model 80 stepping 0 microcode 0x0, cmov, cx8, fxsr, mmx, sse, sse2, sse3, ssse3, sse4.1, sse4.2, popcnt, avx, avx2, aes, clmul, erms, mmxext, 3dnowpref, lzcnt, sse4a, ht, tsc, tscinvbit, tscinv, bmi1, bmi2, adx, sha, fma

Memory: 4k page, system-wide physical 7521M (10M free)
TotalPageFile size 31073M (AvailPageFile size 3M)
current process WorkingSet (physical memory assigned to process): 212M, peak: 259M
current process commit charge ("private bytes"): 386M, peak: 387M

vm_info: OpenJDK 64-Bit Server VM (11.0.18+10-LTS) for windows-amd64 JRE (11.0.18+10-LTS), built on Jan 18 2023 15:56:47 by "MicrosoftCorporation" with MS VC++ 15.9 (VS2017)

END.
