#
# There is insufficient memory for the Java Runtime Environment to continue.
# Native memory allocation (malloc) failed to allocate 1014496 bytes for Chunk::new
# Possible reasons:
#   The system is out of physical RAM or swap space
#   The process is running with CompressedOops enabled, and the Java Heap may be blocking the growth of the native heap
# Possible solutions:
#   Reduce memory load on the system
#   Increase physical memory or swap space
#   Check if swap backing store is full
#   Decrease Java heap size (-Xmx/-Xms)
#   Decrease number of Java threads
#   Decrease Java thread stack sizes (-Xss)
#   Set larger code cache with -XX:ReservedCodeCacheSize=
#   JVM is running with Unscaled Compressed Oops mode in which the Java heap is
#     placed in the first 4GB address space. The Java Heap base address is the
#     maximum limit for the native heap growth. Please use -XX:HeapBaseMinAddress
#     to set the Java Heap base and to place the Java Heap above 4GB virtual address.
# This output file may be truncated or incomplete.
#
#  Out of Memory Error (./src/hotspot/share/memory/arena.cpp:197), pid=24216, tid=19688
#
# JRE version: OpenJDK Runtime Environment Microsoft-7208460 (11.0.18+10) (build 11.0.18+10-LTS)
# Java VM: OpenJDK 64-Bit Server VM Microsoft-7208460 (11.0.18+10-LTS, mixed mode, tiered, compressed oops, g1 gc, windows-amd64)
# No core dump will be written. Minidumps are not enabled by default on client versions of Windows
#

---------------  S U M M A R Y ------------

Command Line: -XX:MaxMetaspaceSize=512m --add-opens=java.base/java.util=ALL-UNNAMED --add-opens=java.base/java.lang=ALL-UNNAMED --add-opens=java.base/java.lang.invoke=ALL-UNNAMED --add-opens=java.prefs/java.util.prefs=ALL-UNNAMED --add-opens=java.base/java.nio.charset=ALL-UNNAMED --add-opens=java.base/java.net=ALL-UNNAMED --add-opens=java.base/java.util.concurrent.atomic=ALL-UNNAMED -Xmx2048m -Dfile.encoding=windows-1252 -Duser.country=IN -Duser.language=en -Duser.variant org.gradle.launcher.daemon.bootstrap.GradleDaemon 8.0.1

Host: AMD Ryzen 5 5600H with Radeon Graphics         , 12 cores, 7G,  Windows 11 , 64 bit Build 22621 (10.0.22621.2506)
Time: Fri Dec  8 09:34:29 2023 India Standard Time elapsed time: 67.056931 seconds (0d 0h 1m 7s)

---------------  T H R E A D  ---------------

Current thread (0x00000202fb463800):  JavaThread "C2 CompilerThread0" daemon [_thread_in_native, id=19688, stack(0x000000ff75700000,0x000000ff75800000)]


Current CompileTask:
C2:  67056 7266 %     4       org.gradle.internal.instantiation.generator.AbstractClassGenerator::inspectType @ 207 (560 bytes)

Stack: [0x000000ff75700000,0x000000ff75800000]
Native frames: (J=compiled Java code, j=interpreted, Vv=VM code, C=native code)
V  [jvm.dll+0x62bf8a]
V  [jvm.dll+0x7b8fb9]
V  [jvm.dll+0x7ba6a8]
V  [jvm.dll+0x7bad83]
V  [jvm.dll+0x250248]
V  [jvm.dll+0xc260c]
V  [jvm.dll+0xc2bcc]
V  [jvm.dll+0x2c4e64]
V  [jvm.dll+0x533dcc]
V  [jvm.dll+0x208c26]
V  [jvm.dll+0x20ad9f]
V  [jvm.dll+0x2083eb]
V  [jvm.dll+0x18a4b1]
V  [jvm.dll+0x217eec]
V  [jvm.dll+0x21612b]
V  [jvm.dll+0x77bac0]
V  [jvm.dll+0x7749f4]
V  [jvm.dll+0x62adf5]
C  [ucrtbase.dll+0x29363]
C  [KERNEL32.DLL+0x1257d]
C  [ntdll.dll+0x5aa58]


---------------  P R O C E S S  ---------------

Threads class SMR info:
_java_thread_list=0x00000202fdf4c500, length=76, elements={
0x00000202eaf20800, 0x00000202fb44e000, 0x00000202fb450000, 0x00000202fb45d000,
0x00000202fb45e000, 0x00000202fb460000, 0x00000202fb463800, 0x00000202fb464800,
0x00000202fb466000, 0x00000202fbf1f800, 0x00000202fd712800, 0x00000202fccc8000,
0x00000202fd0cf800, 0x00000202fcd13000, 0x00000202fcb46800, 0x00000202fcb48000,
0x00000202fddd7000, 0x00000202fd182800, 0x00000202fca49000, 0x00000202fcb22800,
0x00000202fcb23000, 0x00000202fcb1f000, 0x00000202fcb25000, 0x00000202fcb25800,
0x00000202fcb20000, 0x00000202fcb20800, 0x00000202fcb21800, 0x00000202fcb24000,
0x00000202fe385800, 0x00000202fe388800, 0x00000202fe388000, 0x00000202fe383000,
0x00000202fe389800, 0x00000202fe386000, 0x00000202fe384000, 0x00000202fe384800,
0x00000202fe38c000, 0x00000202fe38f000, 0x00000202fe38d800, 0x00000202fe38a800,
0x00000202fe390000, 0x00000202fe391000, 0x00000202fe38b000, 0x00000202fe391800,
0x00000202fe38e800, 0x00000202fe38c800, 0x00000202fdd85000, 0x00000202fdd83800,
0x00000202fdd86000, 0x00000202fdd82000, 0x00000202fdd82800, 0x00000202fdd84800,
0x00000202fdd80800, 0x00000202fdd87000, 0x00000202fdd81000, 0x00000202fdd8c800,
0x00000202fdd8d800, 0x00000202fdd87800, 0x00000202fdd8b800, 0x00000202fdd8b000,
0x00000202fdd8e000, 0x00000202fdd88800, 0x00000202fdd8f000, 0x00000202fdd8a000,
0x00000202fdd89800, 0x00000202fe3f0000, 0x00000202fe3ee000, 0x00000202fe3ef000,
0x00000202fe3ea000, 0x00000202fe3ec800, 0x00000202fe3eb800, 0x00000202fe3f0800,
0x00000202fe3ed800, 0x00000202fe3eb000, 0x00000202fe3f1800, 0x00000202fe3f6800
}

Java Threads: ( => current thread )
  0x00000202eaf20800 JavaThread "main" [_thread_blocked, id=6460, stack(0x000000ff74b00000,0x000000ff74c00000)]
  0x00000202fb44e000 JavaThread "Reference Handler" daemon [_thread_blocked, id=28656, stack(0x000000ff75200000,0x000000ff75300000)]
  0x00000202fb450000 JavaThread "Finalizer" daemon [_thread_blocked, id=28116, stack(0x000000ff75300000,0x000000ff75400000)]
  0x00000202fb45d000 JavaThread "Signal Dispatcher" daemon [_thread_blocked, id=8092, stack(0x000000ff75400000,0x000000ff75500000)]
  0x00000202fb45e000 JavaThread "Attach Listener" daemon [_thread_blocked, id=22884, stack(0x000000ff75500000,0x000000ff75600000)]
  0x00000202fb460000 JavaThread "Service Thread" daemon [_thread_blocked, id=31704, stack(0x000000ff75600000,0x000000ff75700000)]
=>0x00000202fb463800 JavaThread "C2 CompilerThread0" daemon [_thread_in_native, id=19688, stack(0x000000ff75700000,0x000000ff75800000)]
  0x00000202fb464800 JavaThread "C1 CompilerThread0" daemon [_thread_blocked, id=2364, stack(0x000000ff75800000,0x000000ff75900000)]
  0x00000202fb466000 JavaThread "Sweeper thread" daemon [_thread_blocked, id=30036, stack(0x000000ff75900000,0x000000ff75a00000)]
  0x00000202fbf1f800 JavaThread "Common-Cleaner" daemon [_thread_blocked, id=4720, stack(0x000000ff75a00000,0x000000ff75b00000)]
  0x00000202fd712800 JavaThread "Daemon health stats" [_thread_blocked, id=2672, stack(0x000000ff75d00000,0x000000ff75e00000)]
  0x00000202fccc8000 JavaThread "Incoming local TCP Connector on port 61261" [_thread_in_native, id=27568, stack(0x000000ff75e00000,0x000000ff75f00000)]
  0x00000202fd0cf800 JavaThread "Daemon periodic checks" [_thread_blocked, id=5640, stack(0x000000ff75f00000,0x000000ff76000000)]
  0x00000202fcd13000 JavaThread "Daemon" [_thread_blocked, id=13236, stack(0x000000ff76000000,0x000000ff76100000)]
  0x00000202fcb46800 JavaThread "Handler for socket connection from /127.0.0.1:61261 to /127.0.0.1:61265" [_thread_in_native, id=3180, stack(0x000000ff76100000,0x000000ff76200000)]
  0x00000202fcb48000 JavaThread "Cancel handler" [_thread_blocked, id=28580, stack(0x000000ff76200000,0x000000ff76300000)]
  0x00000202fddd7000 JavaThread "Daemon worker" [_thread_in_Java, id=29464, stack(0x000000ff76300000,0x000000ff76400000)]
  0x00000202fd182800 JavaThread "Asynchronous log dispatcher for DefaultDaemonConnection: socket connection from /127.0.0.1:61261 to /127.0.0.1:61265" [_thread_blocked, id=5924, stack(0x000000ff76400000,0x000000ff76500000)]
  0x00000202fca49000 JavaThread "Stdin handler" [_thread_blocked, id=23736, stack(0x000000ff76500000,0x000000ff76600000)]
  0x00000202fcb22800 JavaThread "Daemon client event forwarder" [_thread_blocked, id=8032, stack(0x000000ff76600000,0x000000ff76700000)]
  0x00000202fcb23000 JavaThread "Cache worker for journal cache (C:\Users\HP\.gradle\caches\journal-1)" [_thread_blocked, id=32524, stack(0x000000ff76f00000,0x000000ff77000000)]
  0x00000202fcb1f000 JavaThread "File lock request listener" [_thread_in_native, id=13876, stack(0x000000ff77000000,0x000000ff77100000)]
  0x00000202fcb25000 JavaThread "Cache worker for file hash cache (C:\Users\HP\.gradle\caches\8.0.1\fileHashes)" [_thread_blocked, id=27164, stack(0x000000ff77300000,0x000000ff77400000)]
  0x00000202fcb25800 JavaThread "File lock release action executor" [_thread_blocked, id=36808, stack(0x000000ff77400000,0x000000ff77500000)]
  0x00000202fcb20000 JavaThread "File watcher server" daemon [_thread_in_native, id=9324, stack(0x000000ff77500000,0x000000ff77600000)]
  0x00000202fcb20800 JavaThread "File watcher consumer" daemon [_thread_blocked, id=26092, stack(0x000000ff77600000,0x000000ff77700000)]
  0x00000202fcb21800 JavaThread "Cache worker for checksums cache (D:\Krishimitra\Frontend\android\.gradle\8.0.1\checksums)" [_thread_blocked, id=31672, stack(0x000000ff77700000,0x000000ff77800000)]
  0x00000202fcb24000 JavaThread "Cache worker for cache directory md-rule (C:\Users\HP\.gradle\caches\8.0.1\md-rule)" [_thread_blocked, id=27556, stack(0x000000ff77800000,0x000000ff77900000)]
  0x00000202fe385800 JavaThread "Cache worker for file content cache (C:\Users\HP\.gradle\caches\8.0.1\fileContent)" [_thread_blocked, id=8676, stack(0x000000ff77900000,0x000000ff77a00000)]
  0x00000202fe388800 JavaThread "Cache worker for file hash cache (D:\Krishimitra\Frontend\android\.gradle\8.0.1\fileHashes)" [_thread_blocked, id=24880, stack(0x000000ff77a00000,0x000000ff77b00000)]
  0x00000202fe388000 JavaThread "Cache worker for cache directory md-supplier (C:\Users\HP\.gradle\caches\8.0.1\md-supplier)" [_thread_blocked, id=22584, stack(0x000000ff77b00000,0x000000ff77c00000)]
  0x00000202fe383000 JavaThread "Cache worker for execution history cache (C:\Users\HP\.gradle\caches\8.0.1\executionHistory)" [_thread_blocked, id=11464, stack(0x000000ff77c00000,0x000000ff77d00000)]
  0x00000202fe389800 JavaThread "jar transforms" [_thread_blocked, id=22888, stack(0x000000ff77d00000,0x000000ff77e00000)]
  0x00000202fe386000 JavaThread "jar transforms Thread 2" [_thread_blocked, id=9204, stack(0x000000ff77e00000,0x000000ff77f00000)]
  0x00000202fe384000 JavaThread "jar transforms Thread 3" [_thread_blocked, id=7112, stack(0x000000ff77f00000,0x000000ff78000000)]
  0x00000202fe384800 JavaThread "jar transforms Thread 4" [_thread_blocked, id=35080, stack(0x000000ff78000000,0x000000ff78100000)]
  0x00000202fe38c000 JavaThread "Cache worker for kotlin-dsl (C:\Users\HP\.gradle\caches\8.0.1\kotlin-dsl)" [_thread_blocked, id=10728, stack(0x000000ff78100000,0x000000ff78200000)]
  0x00000202fe38f000 JavaThread "jar transforms Thread 5" [_thread_blocked, id=29612, stack(0x000000ff78300000,0x000000ff78400000)]
  0x00000202fe38d800 JavaThread "File lock release action executor Thread 2" [_thread_blocked, id=19636, stack(0x000000ff78400000,0x000000ff78500000)]
  0x00000202fe38a800 JavaThread "jar transforms Thread 6" [_thread_blocked, id=25144, stack(0x000000ff78500000,0x000000ff78600000)]
  0x00000202fe390000 JavaThread "Cache worker for dependencies-accessors (D:\Krishimitra\Frontend\android\.gradle\8.0.1\dependencies-accessors)" [_thread_blocked, id=36344, stack(0x000000ff78600000,0x000000ff78700000)]
  0x00000202fe391000 JavaThread "Cache worker for Build Output Cleanup Cache (D:\Krishimitra\Frontend\node_modules\@react-native\gradle-plugin\.gradle\buildOutputCleanup)" [_thread_blocked, id=27068, stack(0x000000ff78700000,0x000000ff78800000)]
  0x00000202fe38b000 JavaThread "jar transforms Thread 7" [_thread_blocked, id=33808, stack(0x000000ff78800000,0x000000ff78900000)]
  0x00000202fe391800 JavaThread "Unconstrained build operations" [_thread_blocked, id=2688, stack(0x000000ff78900000,0x000000ff78a00000)]
  0x00000202fe38e800 JavaThread "Unconstrained build operations Thread 2" [_thread_blocked, id=13828, stack(0x000000ff78a00000,0x000000ff78b00000)]
  0x00000202fe38c800 JavaThread "Unconstrained build operations Thread 3" [_thread_blocked, id=5652, stack(0x000000ff78b00000,0x000000ff78c00000)]
  0x00000202fdd85000 JavaThread "Unconstrained build operations Thread 4" [_thread_blocked, id=34940, stack(0x000000ff78c00000,0x000000ff78d00000)]
  0x00000202fdd83800 JavaThread "Unconstrained build operations Thread 5" [_thread_blocked, id=26240, stack(0x000000ff78d00000,0x000000ff78e00000)]
  0x00000202fdd86000 JavaThread "Unconstrained build operations Thread 6" [_thread_blocked, id=20116, stack(0x000000ff78e00000,0x000000ff78f00000)]
  0x00000202fdd82000 JavaThread "Unconstrained build operations Thread 7" [_thread_blocked, id=20904, stack(0x000000ff78f00000,0x000000ff79000000)]
  0x00000202fdd82800 JavaThread "Unconstrained build operations Thread 8" [_thread_blocked, id=18376, stack(0x000000ff79000000,0x000000ff79100000)]
  0x00000202fdd84800 JavaThread "Unconstrained build operations Thread 9" [_thread_blocked, id=30604, stack(0x000000ff79100000,0x000000ff79200000)]
  0x00000202fdd80800 JavaThread "Unconstrained build operations Thread 10" [_thread_blocked, id=27176, stack(0x000000ff79200000,0x000000ff79300000)]
  0x00000202fdd87000 JavaThread "Unconstrained build operations Thread 11" [_thread_blocked, id=29476, stack(0x000000ff79300000,0x000000ff79400000)]
  0x00000202fdd81000 JavaThread "Unconstrained build operations Thread 12" [_thread_blocked, id=26144, stack(0x000000ff79400000,0x000000ff79500000)]
  0x00000202fdd8c800 JavaThread "Unconstrained build operations Thread 13" [_thread_blocked, id=15348, stack(0x000000ff79500000,0x000000ff79600000)]
  0x00000202fdd8d800 JavaThread "Unconstrained build operations Thread 14" [_thread_blocked, id=13804, stack(0x000000ff79600000,0x000000ff79700000)]
  0x00000202fdd87800 JavaThread "Unconstrained build operations Thread 15" [_thread_blocked, id=24580, stack(0x000000ff79700000,0x000000ff79800000)]
  0x00000202fdd8b800 JavaThread "Unconstrained build operations Thread 16" [_thread_blocked, id=23196, stack(0x000000ff79800000,0x000000ff79900000)]
  0x00000202fdd8b000 JavaThread "Unconstrained build operations Thread 17" [_thread_blocked, id=25096, stack(0x000000ff79900000,0x000000ff79a00000)]
  0x00000202fdd8e000 JavaThread "Unconstrained build operations Thread 18" [_thread_blocked, id=22652, stack(0x000000ff79a00000,0x000000ff79b00000)]
  0x00000202fdd88800 JavaThread "Unconstrained build operations Thread 19" [_thread_blocked, id=33484, stack(0x000000ff79b00000,0x000000ff79c00000)]
  0x00000202fdd8f000 JavaThread "Unconstrained build operations Thread 20" [_thread_blocked, id=36196, stack(0x000000ff79c00000,0x000000ff79d00000)]
  0x00000202fdd8a000 JavaThread "Unconstrained build operations Thread 21" [_thread_blocked, id=11228, stack(0x000000ff79d00000,0x000000ff79e00000)]
  0x00000202fdd89800 JavaThread "Unconstrained build operations Thread 22" [_thread_blocked, id=30500, stack(0x000000ff79e00000,0x000000ff79f00000)]
  0x00000202fe3f0000 JavaThread "Unconstrained build operations Thread 23" [_thread_blocked, id=10684, stack(0x000000ff79f00000,0x000000ff7a000000)]
  0x00000202fe3ee000 JavaThread "Unconstrained build operations Thread 24" [_thread_blocked, id=36648, stack(0x000000ff7a000000,0x000000ff7a100000)]
  0x00000202fe3ef000 JavaThread "Unconstrained build operations Thread 25" [_thread_blocked, id=13104, stack(0x000000ff7a100000,0x000000ff7a200000)]
  0x00000202fe3ea000 JavaThread "Unconstrained build operations Thread 26" [_thread_blocked, id=32796, stack(0x000000ff7a200000,0x000000ff7a300000)]
  0x00000202fe3ec800 JavaThread "jar transforms Thread 8" [_thread_blocked, id=31028, stack(0x000000ff7a300000,0x000000ff7a400000)]
  0x00000202fe3eb800 JavaThread "jar transforms Thread 9" [_thread_blocked, id=34064, stack(0x000000ff7a400000,0x000000ff7a500000)]
  0x00000202fe3f0800 JavaThread "jar transforms Thread 10" [_thread_blocked, id=34624, stack(0x000000ff7a500000,0x000000ff7a600000)]
  0x00000202fe3ed800 JavaThread "jar transforms Thread 11" [_thread_blocked, id=7568, stack(0x000000ff7a600000,0x000000ff7a700000)]
  0x00000202fe3eb000 JavaThread "jar transforms Thread 12" [_thread_blocked, id=26920, stack(0x000000ff7a700000,0x000000ff7a800000)]
  0x00000202fe3f1800 JavaThread "Memory manager" [_thread_blocked, id=7028, stack(0x000000ff7a800000,0x000000ff7a900000)]
  0x00000202fe3f6800 JavaThread "Cache worker for Build Output Cleanup Cache (D:\Krishimitra\Frontend\android\.gradle\buildOutputCleanup)" [_thread_blocked, id=18560, stack(0x000000ff74800000,0x000000ff74900000)]

Other Threads:
  0x00000202fb437800 VMThread "VM Thread" [stack: 0x000000ff75100000,0x000000ff75200000] [id=32256]
  0x00000202fbf3f000 WatcherThread [stack: 0x000000ff75b00000,0x000000ff75c00000] [id=32836]
  0x00000202eaf3a000 GCTaskThread "GC Thread#0" [stack: 0x000000ff74c00000,0x000000ff74d00000] [id=24684]
  0x00000202fc853000 GCTaskThread "GC Thread#1" [stack: 0x000000ff75c00000,0x000000ff75d00000] [id=14084]
  0x00000202fced7000 GCTaskThread "GC Thread#2" [stack: 0x000000ff76700000,0x000000ff76800000] [id=23864]
  0x00000202fca4a000 GCTaskThread "GC Thread#3" [stack: 0x000000ff76800000,0x000000ff76900000] [id=23232]
  0x00000202fcb33000 GCTaskThread "GC Thread#4" [stack: 0x000000ff76900000,0x000000ff76a00000] [id=20604]
  0x00000202fdda0800 GCTaskThread "GC Thread#5" [stack: 0x000000ff76a00000,0x000000ff76b00000] [id=6488]
  0x00000202fdda1000 GCTaskThread "GC Thread#6" [stack: 0x000000ff76b00000,0x000000ff76c00000] [id=24896]
  0x00000202fdda1800 GCTaskThread "GC Thread#7" [stack: 0x000000ff76c00000,0x000000ff76d00000] [id=23456]
  0x00000202fdda2800 GCTaskThread "GC Thread#8" [stack: 0x000000ff76d00000,0x000000ff76e00000] [id=4820]
  0x00000202fdda3000 GCTaskThread "GC Thread#9" [stack: 0x000000ff76e00000,0x000000ff76f00000] [id=36852]
  0x00000202eaf6a800 ConcurrentGCThread "G1 Main Marker" [stack: 0x000000ff74d00000,0x000000ff74e00000] [id=5256]
  0x00000202eaf6c000 ConcurrentGCThread "G1 Conc#0" [stack: 0x000000ff74e00000,0x000000ff74f00000] [id=22820]
  0x00000202fcc80000 ConcurrentGCThread "G1 Conc#1" [stack: 0x000000ff77100000,0x000000ff77200000] [id=26072]
  0x00000202fcc80800 ConcurrentGCThread "G1 Conc#2" [stack: 0x000000ff77200000,0x000000ff77300000] [id=26688]
  0x00000202eafee000 ConcurrentGCThread "G1 Refine#0" [stack: 0x000000ff74f00000,0x000000ff75000000] [id=25120]
  0x00000202fb2a8800 ConcurrentGCThread "G1 Young RemSet Sampling" [stack: 0x000000ff75000000,0x000000ff75100000] [id=6408]

Threads with active compile tasks:
C2 CompilerThread0    67202 7266 %     4       org.gradle.internal.instantiation.generator.AbstractClassGenerator::inspectType @ 207 (560 bytes)

VM state:not at safepoint (normal execution)

VM Mutex/Monitor currently owned by a thread: None

Heap address: 0x0000000080000000, size: 2048 MB, Compressed Oops mode: 32-bit
Narrow klass base: 0x0000000000000000, Narrow klass shift: 3
Compressed class space size: 528482304 Address: 0x0000000100000000

Heap:
 garbage-first heap   total 120832K, used 75107K [0x0000000080000000, 0x0000000100000000)
  region size 1024K, 30 young (30720K), 5 survivors (5120K)
 Metaspace       used 69239K, capacity 71309K, committed 71560K, reserved 579584K
  class space    used 8982K, capacity 9839K, committed 9856K, reserved 516096K
Heap Regions: E=young(eden), S=young(survivor), O=old, HS=humongous(starts), HC=humongous(continues), CS=collection set, F=free, A=archive, TAMS=top-at-mark-start (previous, next)
|   0|0x0000000080000000, 0x0000000080100000, 0x0000000080100000|100%|HS|  |TAMS 0x0000000080100000, 0x0000000080000000| Complete 
|   1|0x0000000080100000, 0x0000000080200000, 0x0000000080200000|100%|HC|  |TAMS 0x0000000080200000, 0x0000000080100000| Complete 
|   2|0x0000000080200000, 0x0000000080300000, 0x0000000080300000|100%|HC|  |TAMS 0x0000000080300000, 0x0000000080200000| Complete 
|   3|0x0000000080300000, 0x0000000080400000, 0x0000000080400000|100%|HC|  |TAMS 0x0000000080400000, 0x0000000080300000| Complete 
|   4|0x0000000080400000, 0x0000000080500000, 0x0000000080500000|100%| O|  |TAMS 0x0000000080500000, 0x0000000080400000| Untracked 
|   5|0x0000000080500000, 0x0000000080600000, 0x0000000080600000|100%| O|  |TAMS 0x0000000080600000, 0x0000000080500000| Untracked 
|   6|0x0000000080600000, 0x0000000080700000, 0x0000000080700000|100%| O|  |TAMS 0x0000000080700000, 0x0000000080600000| Untracked 
|   7|0x0000000080700000, 0x0000000080800000, 0x0000000080800000|100%| O|  |TAMS 0x0000000080800000, 0x0000000080700000| Untracked 
|   8|0x0000000080800000, 0x0000000080900000, 0x0000000080900000|100%| O|  |TAMS 0x0000000080900000, 0x0000000080800000| Untracked 
|   9|0x0000000080900000, 0x0000000080a00000, 0x0000000080a00000|100%| O|  |TAMS 0x0000000080a00000, 0x0000000080900000| Untracked 
|  10|0x0000000080a00000, 0x0000000080b00000, 0x0000000080b00000|100%| O|  |TAMS 0x0000000080b00000, 0x0000000080a00000| Untracked 
|  11|0x0000000080b00000, 0x0000000080c00000, 0x0000000080c00000|100%| O|  |TAMS 0x0000000080c00000, 0x0000000080b00000| Untracked 
|  12|0x0000000080c00000, 0x0000000080d00000, 0x0000000080d00000|100%| O|  |TAMS 0x0000000080d00000, 0x0000000080c00000| Untracked 
|  13|0x0000000080d00000, 0x0000000080e00000, 0x0000000080e00000|100%| O|  |TAMS 0x0000000080e00000, 0x0000000080d00000| Untracked 
|  14|0x0000000080e00000, 0x0000000080f00000, 0x0000000080f00000|100%| O|  |TAMS 0x0000000080f00000, 0x0000000080e00000| Untracked 
|  15|0x0000000080f00000, 0x0000000081000000, 0x0000000081000000|100%| O|  |TAMS 0x0000000081000000, 0x0000000080f00000| Untracked 
|  16|0x0000000081000000, 0x0000000081100000, 0x0000000081100000|100%| O|  |TAMS 0x0000000081100000, 0x0000000081000000| Untracked 
|  17|0x0000000081100000, 0x0000000081200000, 0x0000000081200000|100%| O|  |TAMS 0x0000000081200000, 0x0000000081100000| Untracked 
|  18|0x0000000081200000, 0x0000000081300000, 0x0000000081300000|100%| O|  |TAMS 0x0000000081300000, 0x0000000081200000| Untracked 
|  19|0x0000000081300000, 0x0000000081400000, 0x0000000081400000|100%| O|  |TAMS 0x0000000081400000, 0x0000000081300000| Untracked 
|  20|0x0000000081400000, 0x0000000081500000, 0x0000000081500000|100%| O|  |TAMS 0x0000000081500000, 0x0000000081400000| Untracked 
|  21|0x0000000081500000, 0x0000000081600000, 0x0000000081600000|100%| O|  |TAMS 0x0000000081600000, 0x0000000081500000| Untracked 
|  22|0x0000000081600000, 0x0000000081700000, 0x0000000081700000|100%| O|  |TAMS 0x0000000081700000, 0x0000000081600000| Untracked 
|  23|0x0000000081700000, 0x0000000081800000, 0x0000000081800000|100%| O|  |TAMS 0x0000000081800000, 0x0000000081700000| Untracked 
|  24|0x0000000081800000, 0x0000000081900000, 0x0000000081900000|100%| O|  |TAMS 0x0000000081900000, 0x0000000081800000| Untracked 
|  25|0x0000000081900000, 0x0000000081a00000, 0x0000000081a00000|100%| O|  |TAMS 0x0000000081a00000, 0x0000000081900000| Untracked 
|  26|0x0000000081a00000, 0x0000000081b00000, 0x0000000081b00000|100%| O|  |TAMS 0x0000000081b00000, 0x0000000081a00000| Untracked 
|  27|0x0000000081b00000, 0x0000000081c00000, 0x0000000081c00000|100%| O|  |TAMS 0x0000000081c00000, 0x0000000081b00000| Untracked 
|  28|0x0000000081c00000, 0x0000000081d00000, 0x0000000081d00000|100%| O|  |TAMS 0x0000000081d00000, 0x0000000081c00000| Untracked 
|  29|0x0000000081d00000, 0x0000000081e00000, 0x0000000081e00000|100%| O|  |TAMS 0x0000000081e00000, 0x0000000081d00000| Untracked 
|  30|0x0000000081e00000, 0x0000000081f00000, 0x0000000081f00000|100%|HS|  |TAMS 0x0000000081f00000, 0x0000000081e00000| Complete 
|  31|0x0000000081f00000, 0x0000000082000000, 0x0000000082000000|100%|HC|  |TAMS 0x0000000082000000, 0x0000000081f00000| Complete 
|  32|0x0000000082000000, 0x0000000082100000, 0x0000000082100000|100%|HS|  |TAMS 0x0000000082100000, 0x0000000082000000| Complete 
|  33|0x0000000082100000, 0x0000000082200000, 0x0000000082200000|100%|HC|  |TAMS 0x0000000082200000, 0x0000000082100000| Complete 
|  34|0x0000000082200000, 0x0000000082300000, 0x0000000082300000|100%|HC|  |TAMS 0x0000000082300000, 0x0000000082200000| Complete 
|  35|0x0000000082300000, 0x0000000082400000, 0x0000000082400000|100%|HC|  |TAMS 0x0000000082400000, 0x0000000082300000| Complete 
|  36|0x0000000082400000, 0x0000000082500000, 0x0000000082500000|100%| O|  |TAMS 0x0000000082500000, 0x0000000082400000| Untracked 
|  37|0x0000000082500000, 0x0000000082600000, 0x0000000082600000|100%| O|  |TAMS 0x0000000082600000, 0x0000000082500000| Untracked 
|  38|0x0000000082600000, 0x0000000082700000, 0x0000000082700000|100%| O|  |TAMS 0x0000000082700000, 0x0000000082600000| Untracked 
|  39|0x0000000082700000, 0x0000000082800000, 0x0000000082800000|100%| O|  |TAMS 0x0000000082800000, 0x0000000082700000| Untracked 
|  40|0x0000000082800000, 0x0000000082900000, 0x0000000082900000|100%| O|  |TAMS 0x0000000082900000, 0x0000000082800000| Untracked 
|  41|0x0000000082900000, 0x0000000082a00000, 0x0000000082a00000|100%| O|  |TAMS 0x00000000829d7000, 0x0000000082900000| Untracked 
|  42|0x0000000082a00000, 0x0000000082b00000, 0x0000000082b00000|100%| O|  |TAMS 0x0000000082a00000, 0x0000000082a00000| Untracked 
|  43|0x0000000082b00000, 0x0000000082c00000, 0x0000000082c00000|100%| O|  |TAMS 0x0000000082b00000, 0x0000000082b00000| Untracked 
|  44|0x0000000082c00000, 0x0000000082c59400, 0x0000000082d00000| 34%| O|  |TAMS 0x0000000082c00000, 0x0000000082c00000| Untracked 
|  45|0x0000000082d00000, 0x0000000082d00000, 0x0000000082e00000|  0%| F|  |TAMS 0x0000000082d00000, 0x0000000082d00000| Untracked 
|  46|0x0000000082e00000, 0x0000000082e00000, 0x0000000082f00000|  0%| F|  |TAMS 0x0000000082e00000, 0x0000000082e00000| Untracked 
|  47|0x0000000082f00000, 0x0000000082f00000, 0x0000000083000000|  0%| F|  |TAMS 0x0000000082f00000, 0x0000000082f00000| Untracked 
|  48|0x0000000083000000, 0x0000000083000000, 0x0000000083100000|  0%| F|  |TAMS 0x0000000083000000, 0x0000000083000000| Untracked 
|  49|0x0000000083100000, 0x0000000083100000, 0x0000000083200000|  0%| F|  |TAMS 0x0000000083100000, 0x0000000083100000| Untracked 
|  50|0x0000000083200000, 0x0000000083200000, 0x0000000083300000|  0%| F|  |TAMS 0x0000000083200000, 0x0000000083200000| Untracked 
|  51|0x0000000083300000, 0x0000000083300000, 0x0000000083400000|  0%| F|  |TAMS 0x0000000083300000, 0x0000000083300000| Untracked 
|  52|0x0000000083400000, 0x0000000083400000, 0x0000000083500000|  0%| F|  |TAMS 0x0000000083400000, 0x0000000083400000| Untracked 
|  53|0x0000000083500000, 0x0000000083500000, 0x0000000083600000|  0%| F|  |TAMS 0x0000000083500000, 0x0000000083500000| Untracked 
|  54|0x0000000083600000, 0x0000000083600000, 0x0000000083700000|  0%| F|  |TAMS 0x0000000083600000, 0x0000000083600000| Untracked 
|  55|0x0000000083700000, 0x0000000083700000, 0x0000000083800000|  0%| F|  |TAMS 0x0000000083700000, 0x0000000083700000| Untracked 
|  56|0x0000000083800000, 0x0000000083800000, 0x0000000083900000|  0%| F|  |TAMS 0x0000000083800000, 0x0000000083800000| Untracked 
|  57|0x0000000083900000, 0x0000000083900000, 0x0000000083a00000|  0%| F|  |TAMS 0x0000000083900000, 0x0000000083900000| Untracked 
|  58|0x0000000083a00000, 0x0000000083a00000, 0x0000000083b00000|  0%| F|  |TAMS 0x0000000083a00000, 0x0000000083a00000| Untracked 
|  59|0x0000000083b00000, 0x0000000083b00000, 0x0000000083c00000|  0%| F|  |TAMS 0x0000000083b00000, 0x0000000083b00000| Untracked 
|  60|0x0000000083c00000, 0x0000000083c00000, 0x0000000083d00000|  0%| F|  |TAMS 0x0000000083c00000, 0x0000000083c00000| Untracked 
|  61|0x0000000083d00000, 0x0000000083dff9c0, 0x0000000083e00000| 99%| S|CS|TAMS 0x0000000083d00000, 0x0000000083d00000| Complete 
|  62|0x0000000083e00000, 0x0000000083e00000, 0x0000000083f00000|  0%| F|  |TAMS 0x0000000083e00000, 0x0000000083e00000| Untracked 
|  63|0x0000000083f00000, 0x0000000083f00000, 0x0000000084000000|  0%| F|  |TAMS 0x0000000083f00000, 0x0000000083f00000| Untracked 
|  64|0x0000000084000000, 0x0000000084000000, 0x0000000084100000|  0%| F|  |TAMS 0x0000000084000000, 0x0000000084000000| Untracked 
|  65|0x0000000084100000, 0x0000000084100000, 0x0000000084200000|  0%| F|  |TAMS 0x0000000084100000, 0x0000000084100000| Untracked 
|  66|0x0000000084200000, 0x0000000084300000, 0x0000000084300000|100%| S|CS|TAMS 0x0000000084200000, 0x0000000084200000| Complete 
|  67|0x0000000084300000, 0x0000000084400000, 0x0000000084400000|100%| S|CS|TAMS 0x0000000084300000, 0x0000000084300000| Complete 
|  68|0x0000000084400000, 0x0000000084500000, 0x0000000084500000|100%| S|CS|TAMS 0x0000000084400000, 0x0000000084400000| Complete 
|  69|0x0000000084500000, 0x0000000084500000, 0x0000000084600000|  0%| F|  |TAMS 0x0000000084500000, 0x0000000084500000| Untracked 
|  70|0x0000000084600000, 0x0000000084600000, 0x0000000084700000|  0%| F|  |TAMS 0x0000000084600000, 0x0000000084600000| Untracked 
|  71|0x0000000084700000, 0x0000000084800000, 0x0000000084800000|100%| S|CS|TAMS 0x0000000084700000, 0x0000000084700000| Complete 
|  72|0x0000000084800000, 0x0000000084800000, 0x0000000084900000|  0%| F|  |TAMS 0x0000000084800000, 0x0000000084800000| Untracked 
|  73|0x0000000084900000, 0x0000000084900000, 0x0000000084a00000|  0%| F|  |TAMS 0x0000000084900000, 0x0000000084900000| Untracked 
|  74|0x0000000084a00000, 0x0000000084a00000, 0x0000000084b00000|  0%| F|  |TAMS 0x0000000084a00000, 0x0000000084a00000| Untracked 
|  75|0x0000000084b00000, 0x0000000084b00000, 0x0000000084c00000|  0%| F|  |TAMS 0x0000000084b00000, 0x0000000084b00000| Untracked 
|  76|0x0000000084c00000, 0x0000000084c00000, 0x0000000084d00000|  0%| F|  |TAMS 0x0000000084c00000, 0x0000000084c00000| Untracked 
|  77|0x0000000084d00000, 0x0000000084d00000, 0x0000000084e00000|  0%| F|  |TAMS 0x0000000084d00000, 0x0000000084d00000| Untracked 
|  78|0x0000000084e00000, 0x0000000084e00000, 0x0000000084f00000|  0%| F|  |TAMS 0x0000000084e00000, 0x0000000084e00000| Untracked 
|  79|0x0000000084f00000, 0x0000000084f00000, 0x0000000085000000|  0%| F|  |TAMS 0x0000000084f00000, 0x0000000084f00000| Untracked 
|  80|0x0000000085000000, 0x0000000085000000, 0x0000000085100000|  0%| F|  |TAMS 0x0000000085000000, 0x0000000085000000| Untracked 
|  81|0x0000000085100000, 0x0000000085100000, 0x0000000085200000|  0%| F|  |TAMS 0x0000000085100000, 0x0000000085100000| Untracked 
|  82|0x0000000085200000, 0x0000000085200000, 0x0000000085300000|  0%| F|  |TAMS 0x0000000085200000, 0x0000000085200000| Untracked 
|  83|0x0000000085300000, 0x0000000085300000, 0x0000000085400000|  0%| F|  |TAMS 0x0000000085300000, 0x0000000085300000| Untracked 
|  84|0x0000000085400000, 0x0000000085400000, 0x0000000085500000|  0%| F|  |TAMS 0x0000000085400000, 0x0000000085400000| Untracked 
|  85|0x0000000085500000, 0x0000000085500000, 0x0000000085600000|  0%| F|  |TAMS 0x0000000085500000, 0x0000000085500000| Untracked 
|  86|0x0000000085600000, 0x0000000085600000, 0x0000000085700000|  0%| F|  |TAMS 0x0000000085600000, 0x0000000085600000| Untracked 
|  87|0x0000000085700000, 0x0000000085700000, 0x0000000085800000|  0%| F|  |TAMS 0x0000000085700000, 0x0000000085700000| Untracked 
|  88|0x0000000085800000, 0x0000000085800000, 0x0000000085900000|  0%| F|  |TAMS 0x0000000085800000, 0x0000000085800000| Untracked 
|  89|0x0000000085900000, 0x0000000085900000, 0x0000000085a00000|  0%| F|  |TAMS 0x0000000085900000, 0x0000000085900000| Untracked 
|  90|0x0000000085a00000, 0x0000000085a00000, 0x0000000085b00000|  0%| F|  |TAMS 0x0000000085a00000, 0x0000000085a00000| Untracked 
|  91|0x0000000085b00000, 0x0000000085b00000, 0x0000000085c00000|  0%| F|  |TAMS 0x0000000085b00000, 0x0000000085b00000| Untracked 
|  92|0x0000000085c00000, 0x0000000085c00000, 0x0000000085d00000|  0%| F|  |TAMS 0x0000000085c00000, 0x0000000085c00000| Untracked 
|  93|0x0000000085d00000, 0x0000000085d81268, 0x0000000085e00000| 50%| E|  |TAMS 0x0000000085d00000, 0x0000000085d00000| Complete 
|  94|0x0000000085e00000, 0x0000000085f00000, 0x0000000085f00000|100%| E|CS|TAMS 0x0000000085e00000, 0x0000000085e00000| Complete 
|  95|0x0000000085f00000, 0x0000000086000000, 0x0000000086000000|100%| E|CS|TAMS 0x0000000085f00000, 0x0000000085f00000| Complete 
|  96|0x0000000086000000, 0x0000000086100000, 0x0000000086100000|100%| E|CS|TAMS 0x0000000086000000, 0x0000000086000000| Complete 
|  97|0x0000000086100000, 0x0000000086200000, 0x0000000086200000|100%| E|CS|TAMS 0x0000000086100000, 0x0000000086100000| Complete 
|  98|0x0000000086200000, 0x0000000086300000, 0x0000000086300000|100%| E|CS|TAMS 0x0000000086200000, 0x0000000086200000| Complete 
|  99|0x0000000086300000, 0x0000000086400000, 0x0000000086400000|100%| E|CS|TAMS 0x0000000086300000, 0x0000000086300000| Complete 
| 100|0x0000000086400000, 0x0000000086500000, 0x0000000086500000|100%| E|CS|TAMS 0x0000000086400000, 0x0000000086400000| Complete 
| 101|0x0000000086500000, 0x0000000086600000, 0x0000000086600000|100%| E|CS|TAMS 0x0000000086500000, 0x0000000086500000| Complete 
| 102|0x0000000086600000, 0x0000000086700000, 0x0000000086700000|100%| E|CS|TAMS 0x0000000086600000, 0x0000000086600000| Complete 
| 103|0x0000000086700000, 0x0000000086800000, 0x0000000086800000|100%| E|CS|TAMS 0x0000000086700000, 0x0000000086700000| Complete 
| 104|0x0000000086800000, 0x0000000086900000, 0x0000000086900000|100%| E|CS|TAMS 0x0000000086800000, 0x0000000086800000| Complete 
| 105|0x0000000086900000, 0x0000000086a00000, 0x0000000086a00000|100%| E|CS|TAMS 0x0000000086900000, 0x0000000086900000| Complete 
| 106|0x0000000086a00000, 0x0000000086b00000, 0x0000000086b00000|100%| E|CS|TAMS 0x0000000086a00000, 0x0000000086a00000| Complete 
| 107|0x0000000086b00000, 0x0000000086c00000, 0x0000000086c00000|100%| E|CS|TAMS 0x0000000086b00000, 0x0000000086b00000| Complete 
| 108|0x0000000086c00000, 0x0000000086d00000, 0x0000000086d00000|100%| E|CS|TAMS 0x0000000086c00000, 0x0000000086c00000| Complete 
| 109|0x0000000086d00000, 0x0000000086e00000, 0x0000000086e00000|100%| E|CS|TAMS 0x0000000086d00000, 0x0000000086d00000| Complete 
| 110|0x0000000086e00000, 0x0000000086f00000, 0x0000000086f00000|100%| E|CS|TAMS 0x0000000086e00000, 0x0000000086e00000| Complete 
| 111|0x0000000086f00000, 0x0000000087000000, 0x0000000087000000|100%| E|CS|TAMS 0x0000000086f00000, 0x0000000086f00000| Complete 
| 112|0x0000000087000000, 0x0000000087100000, 0x0000000087100000|100%| E|CS|TAMS 0x0000000087000000, 0x0000000087000000| Complete 
| 113|0x0000000087100000, 0x0000000087200000, 0x0000000087200000|100%| E|CS|TAMS 0x0000000087100000, 0x0000000087100000| Complete 
| 114|0x0000000087200000, 0x0000000087300000, 0x0000000087300000|100%| E|CS|TAMS 0x0000000087200000, 0x0000000087200000| Complete 
| 115|0x0000000087300000, 0x0000000087400000, 0x0000000087400000|100%| E|CS|TAMS 0x0000000087300000, 0x0000000087300000| Complete 
| 116|0x0000000087400000, 0x0000000087500000, 0x0000000087500000|100%| E|CS|TAMS 0x0000000087400000, 0x0000000087400000| Complete 
| 117|0x0000000087500000, 0x0000000087600000, 0x0000000087600000|100%| E|CS|TAMS 0x0000000087500000, 0x0000000087500000| Complete 

Card table byte_map: [0x00000202f3fe0000,0x00000202f43e0000] _byte_map_base: 0x00000202f3be0000

Marking Bits (Prev, Next): (CMBitMap*) 0x00000202eaf61988, (CMBitMap*) 0x00000202eaf619c0
 Prev Bits: [0x00000202f47e0000, 0x00000202f67e0000)
 Next Bits: [0x00000202f67e0000, 0x00000202f87e0000)

Polling page: 0x00000202ea6f0000

Metaspace:

Usage:
  Non-class:     60.03 MB capacity,    58.84 MB ( 98%) used,   991.55 KB (  2%) free+waste,   221.63 KB ( <1%) overhead. 
      Class:      9.61 MB capacity,     8.77 MB ( 91%) used,   750.00 KB (  8%) free+waste,   106.69 KB (  1%) overhead. 
       Both:     69.64 MB capacity,    67.62 MB ( 97%) used,     1.70 MB (  2%) free+waste,   328.31 KB ( <1%) overhead. 

Virtual space:
  Non-class space:       62.00 MB reserved,      60.26 MB ( 97%) committed 
      Class space:      504.00 MB reserved,       9.63 MB (  2%) committed 
             Both:      566.00 MB reserved,      69.88 MB ( 12%) committed 

Chunk freelists:
   Non-Class:  0 bytes
       Class:  17.00 KB
        Both:  17.00 KB

MaxMetaspaceSize: 512.00 MB
CompressedClassSpaceSize: 504.00 MB
Initial GC threshold: 20.80 MB
Current GC threshold: 105.43 MB
CDS: off

CodeHeap 'non-profiled nmethods': size=120000Kb used=3917Kb max_used=3917Kb free=116082Kb
 bounds [0x0000020287ad0000, 0x0000020287eb0000, 0x000002028f000000]
CodeHeap 'profiled nmethods': size=120000Kb used=15410Kb max_used=15410Kb free=104590Kb
 bounds [0x00000202805a0000, 0x00000202814b0000, 0x0000020287ad0000]
CodeHeap 'non-nmethods': size=5760Kb used=2343Kb max_used=2382Kb free=3416Kb
 bounds [0x0000020280000000, 0x0000020280270000, 0x00000202805a0000]
 total_blobs=8219 nmethods=7357 adapters=773
 compilation: enabled
              stopped_count=0, restarted_count=0
 full_count=0

Compilation events (20 events):
Event: 67.009 Thread 0x00000202fb464800 nmethod 7335 0x0000020281493290 code [0x0000020281493440, 0x0000020281493588]
Event: 67.018 Thread 0x00000202fb464800 7336       3       org.gradle.api.internal.artifacts.repositories.resolver.MetadataFetchingCost::isFast (13 bytes)
Event: 67.018 Thread 0x00000202fb464800 nmethod 7336 0x0000020281493690 code [0x0000020281493840, 0x0000020281493998]
Event: 67.022 Thread 0x00000202fb464800 7337       3       java.io.FileInputStream::read (8 bytes)
Event: 67.022 Thread 0x00000202fb464800 nmethod 7337 0x0000020281493a10 code [0x0000020281493bc0, 0x0000020281493ce8]
Event: 67.044 Thread 0x00000202fb464800 7338       3       org.gradle.api.internal.artifacts.ivyservice.ivyresolve.ComponentMetaDataResolveState::resolve (93 bytes)
Event: 67.045 Thread 0x00000202fb464800 nmethod 7338 0x0000020281493d90 code [0x0000020281493fe0, 0x0000020281494878]
Event: 67.045 Thread 0x00000202fb464800 7341       3       org.gradle.internal.component.model.AttributeConfigurationSelector::filterVariantsByRequestedCapabilities (155 bytes)
Event: 67.046 Thread 0x00000202fb464800 nmethod 7341 0x0000020281494b10 code [0x0000020281494e20, 0x0000020281496148]
Event: 67.046 Thread 0x00000202fb464800 7339       3       org.gradle.api.internal.artifacts.ivyservice.ivyresolve.ComponentMetaDataResolveState::process (68 bytes)
Event: 67.046 Thread 0x00000202fb464800 nmethod 7339 0x0000020281496810 code [0x0000020281496a40, 0x0000020281497168]
Event: 67.046 Thread 0x00000202fb464800 7340       3       org.gradle.internal.resolve.result.DefaultBuildableModuleComponentMetaDataResolveResult::reset (21 bytes)
Event: 67.047 Thread 0x00000202fb464800 nmethod 7340 0x0000020281497490 code [0x0000020281497640, 0x00000202814977f8]
Event: 67.047 Thread 0x00000202fb464800 7342       3       org.gradle.internal.component.model.ComponentAttributeMatcher$CachedQuery::equals (88 bytes)
Event: 67.047 Thread 0x00000202fb464800 nmethod 7342 0x0000020281497890 code [0x0000020281497aa0, 0x00000202814980a8]
Event: 67.047 Thread 0x00000202fb464800 7343       3       org.gradle.api.internal.attributes.DefaultAttributesSchema$MergedSchema::equals (41 bytes)
Event: 67.047 Thread 0x00000202fb464800 nmethod 7343 0x0000020281498210 code [0x00000202814983e0, 0x00000202814987c8]
Event: 67.050 Thread 0x00000202fb464800 7344       3       org.gradle.internal.component.model.ComponentAttributeMatcher$CachedQuery::computeHashCode (65 bytes)
Event: 67.051 Thread 0x00000202fb464800 nmethod 7344 0x0000020281498910 code [0x0000020281498b00, 0x0000020281498f48]
Event: 67.052 Thread 0x00000202fb464800 7345       3       java.util.Collections$SingletonList::get (41 bytes)

GC Heap History (20 events):
Event: 14.530 GC heap before
{Heap before GC invocations=6 (full 0):
 garbage-first heap   total 120832K, used 54393K [0x0000000080000000, 0x0000000100000000)
  region size 1024K, 37 young (37888K), 4 survivors (4096K)
 Metaspace       used 35032K, capacity 35827K, committed 35920K, reserved 548864K
  class space    used 4476K, capacity 4815K, committed 4864K, reserved 516096K
}
Event: 14.539 GC heap after
{Heap after GC invocations=7 (full 0):
 garbage-first heap   total 120832K, used 23988K [0x0000000080000000, 0x0000000100000000)
  region size 1024K, 6 young (6144K), 6 survivors (6144K)
 Metaspace       used 35032K, capacity 35827K, committed 35920K, reserved 548864K
  class space    used 4476K, capacity 4815K, committed 4864K, reserved 516096K
}
Event: 17.779 GC heap before
{Heap before GC invocations=8 (full 0):
 garbage-first heap   total 120832K, used 75188K [0x0000000080000000, 0x0000000100000000)
  region size 1024K, 54 young (55296K), 6 survivors (6144K)
 Metaspace       used 40690K, capacity 41721K, committed 41936K, reserved 552960K
  class space    used 5097K, capacity 5497K, committed 5504K, reserved 516096K
}
Event: 17.787 GC heap after
{Heap after GC invocations=9 (full 0):
 garbage-first heap   total 120832K, used 28251K [0x0000000080000000, 0x0000000100000000)
  region size 1024K, 7 young (7168K), 7 survivors (7168K)
 Metaspace       used 40690K, capacity 41721K, committed 41936K, reserved 552960K
  class space    used 5097K, capacity 5497K, committed 5504K, reserved 516096K
}
Event: 31.694 GC heap before
{Heap before GC invocations=9 (full 0):
 garbage-first heap   total 120832K, used 77403K [0x0000000080000000, 0x0000000100000000)
  region size 1024K, 55 young (56320K), 7 survivors (7168K)
 Metaspace       used 42951K, capacity 44181K, committed 44496K, reserved 555008K
  class space    used 5436K, capacity 5922K, committed 6016K, reserved 516096K
}
Event: 31.703 GC heap after
{Heap after GC invocations=10 (full 0):
 garbage-first heap   total 120832K, used 30868K [0x0000000080000000, 0x0000000100000000)
  region size 1024K, 4 young (4096K), 4 survivors (4096K)
 Metaspace       used 42951K, capacity 44181K, committed 44496K, reserved 555008K
  class space    used 5436K, capacity 5922K, committed 6016K, reserved 516096K
}
Event: 42.690 GC heap before
{Heap before GC invocations=10 (full 0):
 garbage-first heap   total 120832K, used 81044K [0x0000000080000000, 0x0000000100000000)
  region size 1024K, 53 young (54272K), 4 survivors (4096K)
 Metaspace       used 47140K, capacity 48438K, committed 48592K, reserved 559104K
  class space    used 5986K, capacity 6506K, committed 6528K, reserved 516096K
}
Event: 42.695 GC heap after
{Heap after GC invocations=11 (full 0):
 garbage-first heap   total 120832K, used 32386K [0x0000000080000000, 0x0000000100000000)
  region size 1024K, 5 young (5120K), 5 survivors (5120K)
 Metaspace       used 47140K, capacity 48438K, committed 48592K, reserved 559104K
  class space    used 5986K, capacity 6506K, committed 6528K, reserved 516096K
}
Event: 52.386 GC heap before
{Heap before GC invocations=11 (full 0):
 garbage-first heap   total 120832K, used 84610K [0x0000000080000000, 0x0000000100000000)
  region size 1024K, 56 young (57344K), 5 survivors (5120K)
 Metaspace       used 51153K, capacity 52567K, committed 52816K, reserved 563200K
  class space    used 6548K, capacity 7093K, committed 7168K, reserved 516096K
}
Event: 52.394 GC heap after
{Heap after GC invocations=12 (full 0):
 garbage-first heap   total 120832K, used 33421K [0x0000000080000000, 0x0000000100000000)
  region size 1024K, 4 young (4096K), 4 survivors (4096K)
 Metaspace       used 51153K, capacity 52567K, committed 52816K, reserved 563200K
  class space    used 6548K, capacity 7093K, committed 7168K, reserved 516096K
}
Event: 57.209 GC heap before
{Heap before GC invocations=12 (full 0):
 garbage-first heap   total 120832K, used 92813K [0x0000000080000000, 0x0000000100000000)
  region size 1024K, 56 young (57344K), 4 survivors (4096K)
 Metaspace       used 56157K, capacity 57837K, committed 57936K, reserved 567296K
  class space    used 7229K, capacity 7910K, committed 7936K, reserved 516096K
}
Event: 57.221 GC heap after
{Heap after GC invocations=13 (full 0):
 garbage-first heap   total 120832K, used 43196K [0x0000000080000000, 0x0000000100000000)
  region size 1024K, 7 young (7168K), 7 survivors (7168K)
 Metaspace       used 56157K, capacity 57837K, committed 57936K, reserved 567296K
  class space    used 7229K, capacity 7910K, committed 7936K, reserved 516096K
}
Event: 57.731 GC heap before
{Heap before GC invocations=13 (full 0):
 garbage-first heap   total 120832K, used 73916K [0x0000000080000000, 0x0000000100000000)
  region size 1024K, 38 young (38912K), 7 survivors (7168K)
 Metaspace       used 58471K, capacity 60188K, committed 60296K, reserved 569344K
  class space    used 7569K, capacity 8293K, committed 8320K, reserved 516096K
}
Event: 57.819 GC heap after
{Heap after GC invocations=14 (full 0):
 garbage-first heap   total 120832K, used 44520K [0x0000000080000000, 0x0000000100000000)
  region size 1024K, 2 young (2048K), 2 survivors (2048K)
 Metaspace       used 58471K, capacity 60188K, committed 60296K, reserved 569344K
  class space    used 7569K, capacity 8293K, committed 8320K, reserved 516096K
}
Event: 58.442 GC heap before
{Heap before GC invocations=15 (full 0):
 garbage-first heap   total 120832K, used 92648K [0x0000000080000000, 0x0000000100000000)
  region size 1024K, 49 young (50176K), 2 survivors (2048K)
 Metaspace       used 62406K, capacity 64264K, committed 64520K, reserved 573440K
  class space    used 8117K, capacity 8883K, committed 8960K, reserved 516096K
}
Event: 58.446 GC heap after
{Heap after GC invocations=16 (full 0):
 garbage-first heap   total 120832K, used 45704K [0x0000000080000000, 0x0000000100000000)
  region size 1024K, 3 young (3072K), 3 survivors (3072K)
 Metaspace       used 62406K, capacity 64264K, committed 64520K, reserved 573440K
  class space    used 8117K, capacity 8883K, committed 8960K, reserved 516096K
}
Event: 62.511 GC heap before
{Heap before GC invocations=17 (full 0):
 garbage-first heap   total 120832K, used 92808K [0x0000000080000000, 0x0000000100000000)
  region size 1024K, 50 young (51200K), 3 survivors (3072K)
 Metaspace       used 65516K, capacity 67315K, committed 67592K, reserved 575488K
  class space    used 8464K, capacity 9187K, committed 9216K, reserved 516096K
}
Event: 62.517 GC heap after
{Heap after GC invocations=18 (full 0):
 garbage-first heap   total 120832K, used 48045K [0x0000000080000000, 0x0000000100000000)
  region size 1024K, 6 young (6144K), 6 survivors (6144K)
 Metaspace       used 65516K, capacity 67315K, committed 67592K, reserved 575488K
  class space    used 8464K, capacity 9187K, committed 9216K, reserved 516096K
}
Event: 64.310 GC heap before
{Heap before GC invocations=18 (full 0):
 garbage-first heap   total 120832K, used 95149K [0x0000000080000000, 0x0000000100000000)
  region size 1024K, 52 young (53248K), 6 survivors (6144K)
 Metaspace       used 68317K, capacity 70395K, committed 70536K, reserved 577536K
  class space    used 8898K, capacity 9739K, committed 9856K, reserved 516096K
}
Event: 64.393 GC heap after
{Heap after GC invocations=19 (full 0):
 garbage-first heap   total 120832K, used 50531K [0x0000000080000000, 0x0000000100000000)
  region size 1024K, 5 young (5120K), 5 survivors (5120K)
 Metaspace       used 68317K, capacity 70395K, committed 70536K, reserved 577536K
  class space    used 8898K, capacity 9739K, committed 9856K, reserved 516096K
}

Deoptimization events (20 events):
Event: 66.580 Thread 0x00000202fddd7000 Uncommon trap: trap_request=0xffffffbe fr.pc=0x0000020287e1e174 relative=0x0000000000000b74
Event: 66.580 Thread 0x00000202fddd7000 Uncommon trap: reason=profile_predicate action=maybe_recompile pc=0x0000020287e1e174 method=java.util.TreeMap.getEntryUsingComparator(Ljava/lang/Object;)Ljava/util/TreeMap$Entry; @ 19 c2
Event: 66.580 Thread 0x00000202fddd7000 DEOPT PACKING pc=0x0000020287e1e174 sp=0x000000ff763f5960
Event: 66.580 Thread 0x00000202fddd7000 DEOPT UNPACKING pc=0x000002028004a1af sp=0x000000ff763f5890 mode 2
Event: 66.580 Thread 0x00000202fddd7000 Uncommon trap: trap_request=0xffffffbe fr.pc=0x0000020287e1e174 relative=0x0000000000000b74
Event: 66.580 Thread 0x00000202fddd7000 Uncommon trap: reason=profile_predicate action=maybe_recompile pc=0x0000020287e1e174 method=java.util.TreeMap.getEntryUsingComparator(Ljava/lang/Object;)Ljava/util/TreeMap$Entry; @ 19 c2
Event: 66.580 Thread 0x00000202fddd7000 DEOPT PACKING pc=0x0000020287e1e174 sp=0x000000ff763f5960
Event: 66.580 Thread 0x00000202fddd7000 DEOPT UNPACKING pc=0x000002028004a1af sp=0x000000ff763f5890 mode 2
Event: 66.580 Thread 0x00000202fddd7000 Uncommon trap: trap_request=0xffffffbe fr.pc=0x0000020287e1e174 relative=0x0000000000000b74
Event: 66.580 Thread 0x00000202fddd7000 Uncommon trap: reason=profile_predicate action=maybe_recompile pc=0x0000020287e1e174 method=java.util.TreeMap.getEntryUsingComparator(Ljava/lang/Object;)Ljava/util/TreeMap$Entry; @ 19 c2
Event: 66.580 Thread 0x00000202fddd7000 DEOPT PACKING pc=0x0000020287e1e174 sp=0x000000ff763f5960
Event: 66.580 Thread 0x00000202fddd7000 DEOPT UNPACKING pc=0x000002028004a1af sp=0x000000ff763f5890 mode 2
Event: 66.589 Thread 0x00000202fddd7000 Uncommon trap: trap_request=0xffffffc6 fr.pc=0x0000020287dcff1c relative=0x00000000000000dc
Event: 66.589 Thread 0x00000202fddd7000 Uncommon trap: reason=bimorphic_or_optimized_type_check action=maybe_recompile pc=0x0000020287dcff1c method=com.google.common.collect.AbstractIndexedListIterator.next()Ljava/lang/Object; @ 27 c2
Event: 66.589 Thread 0x00000202fddd7000 DEOPT PACKING pc=0x0000020287dcff1c sp=0x000000ff763f5a30
Event: 66.589 Thread 0x00000202fddd7000 DEOPT UNPACKING pc=0x000002028004a1af sp=0x000000ff763f59c8 mode 2
Event: 66.698 Thread 0x00000202fddd7000 Uncommon trap: trap_request=0xffffffc6 fr.pc=0x0000020287dcff1c relative=0x00000000000000dc
Event: 66.699 Thread 0x00000202fddd7000 Uncommon trap: reason=bimorphic_or_optimized_type_check action=maybe_recompile pc=0x0000020287dcff1c method=com.google.common.collect.AbstractIndexedListIterator.next()Ljava/lang/Object; @ 27 c2
Event: 66.699 Thread 0x00000202fddd7000 DEOPT PACKING pc=0x0000020287dcff1c sp=0x000000ff763f7fe0
Event: 66.699 Thread 0x00000202fddd7000 DEOPT UNPACKING pc=0x000002028004a1af sp=0x000000ff763f7f78 mode 2

Classes redefined (0 events):
No events

Internal exceptions (20 events):
Event: 63.233 Thread 0x00000202fddd7000 Exception <a 'java/lang/ClassNotFoundException'{0x0000000086965a60}: org/gradle/internal/metaobject/ConfigureDelegateCustomizer> (0x0000000086965a60) thrown at [./src/hotspot/share/classfile/systemDictionary.cpp, line 230]
Event: 63.240 Thread 0x00000202fddd7000 Exception <a 'java/lang/ClassNotFoundException'{0x00000000869de768}: org/gradle/api/internal/initialization/DefaultScriptHandlerBeanInfo> (0x00000000869de768) thrown at [./src/hotspot/share/classfile/systemDictionary.cpp, line 230]
Event: 63.241 Thread 0x00000202fddd7000 Exception <a 'java/lang/ClassNotFoundException'{0x000000008680dcb8}: org/gradle/api/internal/initialization/DefaultScriptHandlerCustomizer> (0x000000008680dcb8) thrown at [./src/hotspot/share/classfile/systemDictionary.cpp, line 230]
Event: 63.334 Thread 0x00000202fddd7000 Exception <a 'java/lang/ClassNotFoundException'{0x0000000086461618}: org/gradle/api/internal/artifacts/dsl/DefaultRepositoryHandler_DecoratedBeanInfo> (0x0000000086461618) thrown at [./src/hotspot/share/classfile/systemDictionary.cpp, line 230]
Event: 63.335 Thread 0x00000202fddd7000 Exception <a 'java/lang/ClassNotFoundException'{0x00000000864a4730}: org/gradle/api/internal/artifacts/dsl/DefaultRepositoryHandlerBeanInfo> (0x00000000864a4730) thrown at [./src/hotspot/share/classfile/systemDictionary.cpp, line 230]
Event: 63.337 Thread 0x00000202fddd7000 Exception <a 'java/lang/ClassNotFoundException'{0x00000000864ea3a8}: org/gradle/api/internal/artifacts/DefaultArtifactRepositoryContainerBeanInfo> (0x00000000864ea3a8) thrown at [./src/hotspot/share/classfile/systemDictionary.cpp, line 230]
Event: 63.338 Thread 0x00000202fddd7000 Exception <a 'java/lang/ClassNotFoundException'{0x000000008631a870}: org/gradle/api/internal/DefaultNamedDomainObjectListBeanInfo> (0x000000008631a870) thrown at [./src/hotspot/share/classfile/systemDictionary.cpp, line 230]
Event: 63.339 Thread 0x00000202fddd7000 Exception <a 'java/lang/ClassNotFoundException'{0x000000008634c0f8}: org/gradle/api/internal/DefaultNamedDomainObjectCollectionBeanInfo> (0x000000008634c0f8) thrown at [./src/hotspot/share/classfile/systemDictionary.cpp, line 230]
Event: 63.340 Thread 0x00000202fddd7000 Exception <a 'java/lang/ClassNotFoundException'{0x000000008637c4d8}: org/gradle/api/internal/DefaultDomainObjectCollectionBeanInfo> (0x000000008637c4d8) thrown at [./src/hotspot/share/classfile/systemDictionary.cpp, line 230]
Event: 63.341 Thread 0x00000202fddd7000 Exception <a 'java/lang/ClassNotFoundException'{0x00000000863ad1b0}: org/gradle/api/internal/DefaultDomainObjectCollectionCustomizer> (0x00000000863ad1b0) thrown at [./src/hotspot/share/classfile/systemDictionary.cpp, line 230]
Event: 63.344 Thread 0x00000202fddd7000 Exception <a 'java/lang/ClassNotFoundException'{0x00000000863fbbf8}: org/gradle/api/internal/DefaultNamedDomainObjectCollectionCustomizer> (0x00000000863fbbf8) thrown at [./src/hotspot/share/classfile/systemDictionary.cpp, line 230]
Event: 63.360 Thread 0x00000202fddd7000 Exception <a 'java/lang/ClassNotFoundException'{0x0000000086251e28}: org/gradle/api/internal/DefaultNamedDomainObjectListCustomizer> (0x0000000086251e28) thrown at [./src/hotspot/share/classfile/systemDictionary.cpp, line 230]
Event: 63.364 Thread 0x00000202fddd7000 Exception <a 'java/lang/ClassNotFoundException'{0x00000000862b16a0}: org/gradle/api/internal/artifacts/DefaultArtifactRepositoryContainerCustomizer> (0x00000000862b16a0) thrown at [./src/hotspot/share/classfile/systemDictionary.cpp, line 230]
Event: 63.367 Thread 0x00000202fddd7000 Exception <a 'java/lang/ClassNotFoundException'{0x00000000861057a8}: org/gradle/api/internal/artifacts/dsl/DefaultRepositoryHandlerCustomizer> (0x00000000861057a8) thrown at [./src/hotspot/share/classfile/systemDictionary.cpp, line 230]
Event: 63.375 Thread 0x00000202fddd7000 Exception <a 'java/lang/ClassNotFoundException'{0x000000008616c480}: org/gradle/api/internal/artifacts/dsl/DefaultRepositoryHandler_DecoratedCustomizer> (0x000000008616c480) thrown at [./src/hotspot/share/classfile/systemDictionary.cpp, line 230]
Event: 63.388 Thread 0x00000202fddd7000 Exception <a 'java/lang/ClassNotFoundException'{0x0000000086045a08}: org/gradle/api/internal/artifacts/dsl/dependencies/DefaultDependencyHandler_DecoratedBeanInfo> (0x0000000086045a08) thrown at [./src/hotspot/share/classfile/systemDictionary.cpp, line 230]
Event: 63.389 Thread 0x00000202fddd7000 Exception <a 'java/lang/ClassNotFoundException'{0x000000008608ddc0}: org/gradle/api/internal/artifacts/dsl/dependencies/DefaultDependencyHandlerBeanInfo> (0x000000008608ddc0) thrown at [./src/hotspot/share/classfile/systemDictionary.cpp, line 230]
Event: 63.391 Thread 0x00000202fddd7000 Exception <a 'java/lang/ClassNotFoundException'{0x00000000860d5bb8}: org/gradle/api/internal/artifacts/dsl/dependencies/DefaultDependencyHandlerCustomizer> (0x00000000860d5bb8) thrown at [./src/hotspot/share/classfile/systemDictionary.cpp, line 230]
Event: 63.396 Thread 0x00000202fddd7000 Exception <a 'java/lang/ClassNotFoundException'{0x0000000085f472e8}: org/gradle/api/internal/artifacts/dsl/dependencies/DefaultDependencyHandler_DecoratedCustomizer> (0x0000000085f472e8) thrown at [./src/hotspot/share/classfile/systemDictionary.cpp, line 230]
Event: 66.499 Thread 0x00000202fddd7000 Exception <a 'java/lang/NoSuchMethodError'{0x0000000086711570}: 'java.lang.Object java.lang.invoke.Invokers$Holder.linkToTargetMethod(java.lang.Object, java.lang.Object, java.lang.Object, java.lang.Object, java.lang.Object, java.lang.Object, java.lang.Object, java.lang.Object, java.lang.Object)'> (0x0000000086711570) thrown at [./src/hotspot/share/interpreter/linkResolver.cpp, line 773]

Events (20 events):
Event: 66.790 loading class org/gradle/jvm/toolchain/internal/JavaToolchainInstantiationResult
Event: 66.790 loading class org/gradle/jvm/toolchain/internal/JavaToolchainInstantiationResult done
Event: 66.791 loading class org/gradle/jvm/toolchain/internal/DefaultToolchainJavaCompiler
Event: 66.791 loading class org/gradle/jvm/toolchain/internal/DefaultToolchainJavaCompiler done
Event: 66.793 loading class org/gradle/jvm/toolchain/internal/DefaultJavaToolchainUsageProgressDetails
Event: 66.793 loading class org/gradle/jvm/toolchain/internal/DefaultJavaToolchainUsageProgressDetails done
Event: 66.795 loading class org/gradle/jvm/toolchain/internal/operations/JavaToolchainUsageProgressDetails
Event: 66.795 loading class org/gradle/jvm/toolchain/internal/operations/JavaToolchainUsageProgressDetails done
Event: 66.796 loading class org/gradle/jvm/toolchain/internal/operations/JavaToolchainUsageProgressDetails$JavaToolchain
Event: 66.796 loading class org/gradle/jvm/toolchain/internal/operations/JavaToolchainUsageProgressDetails$JavaToolchain done
Event: 66.797 loading class org/gradle/internal/scripts/ScriptOriginUtil
Event: 66.797 loading class org/gradle/internal/scripts/ScriptOriginUtil done
Event: 66.799 loading class org/gradle/internal/snapshot/impl/ImplementationValue
Event: 66.799 loading class org/gradle/internal/snapshot/impl/ImplementationValue done
Event: 66.803 loading class org/gradle/internal/properties/bean/NestedRuntimeBeanNode$ImplementationPropertyValue
Event: 66.803 loading class org/gradle/internal/properties/bean/NestedRuntimeBeanNode$ImplementationPropertyValue done
Event: 66.821 Executing VM operation: ICBufferFull
Event: 66.822 Executing VM operation: ICBufferFull done
Event: 66.897 loading class org/gradle/api/attributes/MultipleCandidatesDetails
Event: 66.897 loading class org/gradle/api/attributes/MultipleCandidatesDetails done


Dynamic libraries:
0x00007ff6c75f0000 - 0x00007ff6c75fd000 	C:\Program Files\Microsoft\jdk-11.0.18.10-hotspot\bin\java.exe
0x00007ffbf5510000 - 0x00007ffbf5727000 	C:\WINDOWS\SYSTEM32\ntdll.dll
0x00007ffbf4b60000 - 0x00007ffbf4c24000 	C:\WINDOWS\System32\KERNEL32.DLL
0x00007ffbf28b0000 - 0x00007ffbf2c55000 	C:\WINDOWS\System32\KERNELBASE.dll
0x00007ffbf2d80000 - 0x00007ffbf2e91000 	C:\WINDOWS\System32\ucrtbase.dll
0x00007ffbc4bd0000 - 0x00007ffbc4be5000 	C:\Program Files\Microsoft\jdk-11.0.18.10-hotspot\bin\VCRUNTIME140.dll
0x00007ffbc44f0000 - 0x00007ffbc4507000 	C:\Program Files\Microsoft\jdk-11.0.18.10-hotspot\bin\jli.dll
0x00007ffbf4c30000 - 0x00007ffbf4dde000 	C:\WINDOWS\System32\USER32.dll
0x00007ffbf2880000 - 0x00007ffbf28a6000 	C:\WINDOWS\System32\win32u.dll
0x00007ffbd61e0000 - 0x00007ffbd6473000 	C:\WINDOWS\WinSxS\amd64_microsoft.windows.common-controls_6595b64144ccf1df_6.0.22621.2506_none_270c5ae97388e100\COMCTL32.dll
0x00007ffbf4020000 - 0x00007ffbf4049000 	C:\WINDOWS\System32\GDI32.dll
0x00007ffbf53d0000 - 0x00007ffbf5477000 	C:\WINDOWS\System32\msvcrt.dll
0x00007ffbf2c60000 - 0x00007ffbf2d79000 	C:\WINDOWS\System32\gdi32full.dll
0x00007ffbf3050000 - 0x00007ffbf30ea000 	C:\WINDOWS\System32\msvcp_win.dll
0x00007ffbf4b20000 - 0x00007ffbf4b51000 	C:\WINDOWS\System32\IMM32.DLL
0x00007ffbb0b70000 - 0x00007ffbb0c0b000 	C:\Program Files\Microsoft\jdk-11.0.18.10-hotspot\bin\msvcp140.dll
0x00007ffb22ac0000 - 0x00007ffb23652000 	C:\Program Files\Microsoft\jdk-11.0.18.10-hotspot\bin\server\jvm.dll
0x00007ffbf33a0000 - 0x00007ffbf3451000 	C:\WINDOWS\System32\ADVAPI32.dll
0x00007ffbf5080000 - 0x00007ffbf5126000 	C:\WINDOWS\System32\sechost.dll
0x00007ffbf4580000 - 0x00007ffbf4697000 	C:\WINDOWS\System32\RPCRT4.dll
0x00007ffbf3270000 - 0x00007ffbf3278000 	C:\WINDOWS\System32\PSAPI.DLL
0x00007ffbd0d10000 - 0x00007ffbd0d19000 	C:\WINDOWS\SYSTEM32\WSOCK32.dll
0x00007ffbf4a90000 - 0x00007ffbf4b01000 	C:\WINDOWS\System32\WS2_32.dll
0x00007ffbeb4e0000 - 0x00007ffbeb514000 	C:\WINDOWS\SYSTEM32\WINMM.dll
0x00007ffbe97c0000 - 0x00007ffbe97ca000 	C:\WINDOWS\SYSTEM32\VERSION.dll
0x00007ffbf17e0000 - 0x00007ffbf17f8000 	C:\WINDOWS\SYSTEM32\kernel.appcore.dll
0x00007ffbeddc0000 - 0x00007ffbeddd0000 	C:\Program Files\Microsoft\jdk-11.0.18.10-hotspot\bin\verify.dll
0x00007ffbdf350000 - 0x00007ffbdf583000 	C:\WINDOWS\SYSTEM32\DBGHELP.DLL
0x00007ffbf4700000 - 0x00007ffbf4a89000 	C:\WINDOWS\System32\combase.dll
0x00007ffbf32c0000 - 0x00007ffbf3397000 	C:\WINDOWS\System32\OLEAUT32.dll
0x00007ffbd2390000 - 0x00007ffbd23c2000 	C:\WINDOWS\SYSTEM32\dbgcore.DLL
0x00007ffbf2ea0000 - 0x00007ffbf2f1a000 	C:\WINDOWS\System32\bcryptPrimitives.dll
0x00007ffbcf200000 - 0x00007ffbcf228000 	C:\Program Files\Microsoft\jdk-11.0.18.10-hotspot\bin\java.dll
0x00007ffbe91e0000 - 0x00007ffbe91ea000 	C:\Program Files\Microsoft\jdk-11.0.18.10-hotspot\bin\jimage.dll
0x00007ffbc3eb0000 - 0x00007ffbc3ec8000 	C:\Program Files\Microsoft\jdk-11.0.18.10-hotspot\bin\zip.dll
0x00007ffbf37c0000 - 0x00007ffbf4019000 	C:\WINDOWS\System32\SHELL32.dll
0x00007ffbf0750000 - 0x00007ffbf1044000 	C:\WINDOWS\SYSTEM32\windows.storage.dll
0x00007ffbf0610000 - 0x00007ffbf074e000 	C:\WINDOWS\SYSTEM32\wintypes.dll
0x00007ffbf3460000 - 0x00007ffbf3553000 	C:\WINDOWS\System32\SHCORE.dll
0x00007ffbf5370000 - 0x00007ffbf53ce000 	C:\WINDOWS\System32\shlwapi.dll
0x00007ffbf27b0000 - 0x00007ffbf27d6000 	C:\WINDOWS\SYSTEM32\profapi.dll
0x00007ffbd2ed0000 - 0x00007ffbd2ee9000 	C:\Program Files\Microsoft\jdk-11.0.18.10-hotspot\bin\net.dll
0x00007ffbebb60000 - 0x00007ffbebc97000 	C:\WINDOWS\SYSTEM32\WINHTTP.dll
0x00007ffbf1cc0000 - 0x00007ffbf1d29000 	C:\WINDOWS\system32\mswsock.dll
0x00007ffbc48a0000 - 0x00007ffbc48b3000 	C:\Program Files\Microsoft\jdk-11.0.18.10-hotspot\bin\nio.dll
0x00007ffbc4ce0000 - 0x00007ffbc4d07000 	C:\Users\HP\.gradle\native\68d5fa5c4cc2d200863cafc0d521ce42e7d3e7ee720ec0a83991735586a16f82\windows-amd64\native-platform.dll
0x00007ffbae910000 - 0x00007ffbaea54000 	C:\Users\HP\.gradle\native\e376f236ea51e6404a007f0833ffe2c6e607c4080706a723a18a27aeea778392\windows-amd64\native-platform-file-events.dll
0x00007ffbd3850000 - 0x00007ffbd3859000 	C:\Program Files\Microsoft\jdk-11.0.18.10-hotspot\bin\management.dll
0x00007ffbd16b0000 - 0x00007ffbd16bb000 	C:\Program Files\Microsoft\jdk-11.0.18.10-hotspot\bin\management_ext.dll
0x00007ffbf1ef0000 - 0x00007ffbf1f0b000 	C:\WINDOWS\SYSTEM32\CRYPTSP.dll
0x00007ffbf17a0000 - 0x00007ffbf17d5000 	C:\WINDOWS\system32\rsaenh.dll
0x00007ffbf1d80000 - 0x00007ffbf1dac000 	C:\WINDOWS\SYSTEM32\USERENV.dll
0x00007ffbf2140000 - 0x00007ffbf2168000 	C:\WINDOWS\SYSTEM32\bcrypt.dll
0x00007ffbf1ee0000 - 0x00007ffbf1eec000 	C:\WINDOWS\SYSTEM32\CRYPTBASE.dll
0x00007ffbf12f0000 - 0x00007ffbf131d000 	C:\WINDOWS\SYSTEM32\IPHLPAPI.DLL
0x00007ffbf5130000 - 0x00007ffbf5139000 	C:\WINDOWS\System32\NSI.dll
0x00007ffbebf30000 - 0x00007ffbebf49000 	C:\WINDOWS\SYSTEM32\dhcpcsvc6.DLL
0x00007ffbebac0000 - 0x00007ffbebadf000 	C:\WINDOWS\SYSTEM32\dhcpcsvc.DLL
0x00007ffbf1320000 - 0x00007ffbf1419000 	C:\WINDOWS\SYSTEM32\DNSAPI.dll

dbghelp: loaded successfully - version: 4.0.5 - missing functions: none
symbol engine: initialized successfully - sym options: 0x614 - pdb path: .;C:\Program Files\Microsoft\jdk-11.0.18.10-hotspot\bin;C:\WINDOWS\SYSTEM32;C:\WINDOWS\WinSxS\amd64_microsoft.windows.common-controls_6595b64144ccf1df_6.0.22621.2506_none_270c5ae97388e100;C:\Program Files\Microsoft\jdk-11.0.18.10-hotspot\bin\server;C:\Users\HP\.gradle\native\68d5fa5c4cc2d200863cafc0d521ce42e7d3e7ee720ec0a83991735586a16f82\windows-amd64;C:\Users\HP\.gradle\native\e376f236ea51e6404a007f0833ffe2c6e607c4080706a723a18a27aeea778392\windows-amd64

VM Arguments:
jvm_args: -XX:MaxMetaspaceSize=512m --add-opens=java.base/java.util=ALL-UNNAMED --add-opens=java.base/java.lang=ALL-UNNAMED --add-opens=java.base/java.lang.invoke=ALL-UNNAMED --add-opens=java.prefs/java.util.prefs=ALL-UNNAMED --add-opens=java.base/java.nio.charset=ALL-UNNAMED --add-opens=java.base/java.net=ALL-UNNAMED --add-opens=java.base/java.util.concurrent.atomic=ALL-UNNAMED -Xmx2048m -Dfile.encoding=windows-1252 -Duser.country=IN -Duser.language=en -Duser.variant 
java_command: org.gradle.launcher.daemon.bootstrap.GradleDaemon 8.0.1
java_class_path (initial): C:\Users\HP\.gradle\wrapper\dists\gradle-8.0.1-all\aro4hu1c3oeioove7l0i4i14o\gradle-8.0.1\lib\gradle-launcher-8.0.1.jar
Launcher Type: SUN_STANDARD

[Global flags]
     intx CICompilerCount                          = 4                                         {product} {ergonomic}
   size_t CompressedClassSpaceSize                 = 528482304                                 {product} {ergonomic}
     uint ConcGCThreads                            = 3                                         {product} {ergonomic}
     uint G1ConcRefinementThreads                  = 10                                        {product} {ergonomic}
   size_t G1HeapRegionSize                         = 1048576                                   {product} {ergonomic}
    uintx GCDrainStackTargetSize                   = 64                                        {product} {ergonomic}
   size_t InitialHeapSize                          = 123731968                                 {product} {ergonomic}
   size_t MarkStackSize                            = 4194304                                   {product} {ergonomic}
   size_t MaxHeapSize                              = 2147483648                                {product} {command line}
   size_t MaxMetaspaceSize                         = 536870912                                 {product} {command line}
   size_t MaxNewSize                               = 1287651328                                {product} {ergonomic}
   size_t MinHeapDeltaBytes                        = 1048576                                   {product} {ergonomic}
    uintx NonNMethodCodeHeapSize                   = 5836300                                {pd product} {ergonomic}
    uintx NonProfiledCodeHeapSize                  = 122910970                              {pd product} {ergonomic}
    uintx ProfiledCodeHeapSize                     = 122910970                              {pd product} {ergonomic}
    uintx ReservedCodeCacheSize                    = 251658240                              {pd product} {ergonomic}
     bool SegmentedCodeCache                       = true                                      {product} {ergonomic}
     bool UseCompressedClassPointers               = true                                 {lp64_product} {ergonomic}
     bool UseCompressedOops                        = true                                 {lp64_product} {ergonomic}
     bool UseG1GC                                  = true                                      {product} {ergonomic}
     bool UseLargePagesIndividualAllocation        = false                                  {pd product} {ergonomic}

Logging:
Log output configuration:
 #0: stdout all=warning uptime,level,tags
 #1: stderr all=off uptime,level,tags

Environment Variables:
JAVA_HOME=C:\Program Files\Microsoft\jdk-11.0.18.10-hotspot\
CLASSPATH=D:\Krishimitra\Frontend\android\\gradle\wrapper\gradle-wrapper.jar
PATH=D:\Krishimitra\Frontend\node_modules\.bin;D:\Krishimitra\Frontend\node_modules\.bin;D:\Krishimitra\node_modules\.bin;D:\node_modules\.bin;C:\Program Files\nodejs\node_modules\npm\node_modules\@npmcli\run-script\lib\node-gyp-bin;D:\Krishimitra\Frontend\node_modules\.bin;D:\Krishimitra\Frontend\node_modules\.bin;D:\Krishimitra\node_modules\.bin;D:\node_modules\.bin;C:\Program Files\nodejs\node_modules\npm\node_modules\@npmcli\run-script\lib\node-gyp-bin;C:\Program Files\BraveSoftware\Brave-Browser\Application;C:\Program Files\Python311\Scripts\;C:\Program Files\Python311\;C:\Program Files\Microsoft\jdk-11.0.18.10-hotspot\bin;C:\Program Files\Python310\Scripts\;C:\Program Files\Python310\;C:\windows\system32;C:\windows;C:\windows\System32\Wbem;C:\windows\System32\WindowsPowerShell\v1.0\;C:\windows\System32\OpenSSH\;C:\Program Files (x86)\NVIDIA Corporation\PhysX\Common;C:\Program Files\NVIDIA Corporation\NVIDIA NvDLISR;C:\WINDOWS\system32;C:\WINDOWS;C:\WINDOWS\System32\Wbem;C:\WINDOWS\System32\WindowsPowerShell\v1.0\;C:\WINDOWS\System32\OpenSSH\;C:\MinGW\bin;C:\ProgramData\chocolatey\bin;C:\Program Files\nodejs\;C:\Program Files\Git\cmd;C:\Program Files\Cloudflare\Cloudflare WARP\;C:\Users\HP\AppData\Local\Microsoft\WindowsApps;C:\Users\HP\AppData\Local\Programs\Microsoft VS Code\bin;C:\Program Files\JetBrains\PyCharm Community Edition 2022.2.1\bin;;C:\Program Files\JetBrains\CLion 2022.2.3\bin;;C:\Users\HP\AppData\Roaming\npm;C:\Program Files\Java\jdk-19;C:\Users\HP\AppData\Local\Android\Sdk\platform-tools;C:\Program Files\JetBrains\PyCharm 2022.3.3\bin;;C:\Users\HP\AppData\Local\GitHubDesktop\bin;C:\ProgramData\HP\GitHubDesktop\bin
USERNAME=HP
LANG=en_US.UTF-8
OS=Windows_NT
PROCESSOR_IDENTIFIER=AMD64 Family 25 Model 80 Stepping 0, AuthenticAMD
TMP=C:\Users\HP\AppData\Local\Temp
TEMP=C:\Users\HP\AppData\Local\Temp



---------------  S Y S T E M  ---------------

OS: Windows 11 , 64 bit Build 22621 (10.0.22621.2506)
OS uptime: 7 days 14:38 hours
Hyper-V role detected

CPU:total 12 (initial active 12) (12 cores per cpu, 2 threads per core) family 25 model 80 stepping 0 microcode 0x0, cmov, cx8, fxsr, mmx, sse, sse2, sse3, ssse3, sse4.1, sse4.2, popcnt, avx, avx2, aes, clmul, erms, mmxext, 3dnowpref, lzcnt, sse4a, ht, tsc, tscinvbit, tscinv, bmi1, bmi2, adx, sha, fma

Memory: 4k page, system-wide physical 7521M (6M free)
TotalPageFile size 31073M (AvailPageFile size 2M)
current process WorkingSet (physical memory assigned to process): 164M, peak: 241M
current process commit charge ("private bytes"): 349M, peak: 355M

vm_info: OpenJDK 64-Bit Server VM (11.0.18+10-LTS) for windows-amd64 JRE (11.0.18+10-LTS), built on Jan 18 2023 15:56:47 by "MicrosoftCorporation" with MS VC++ 15.9 (VS2017)

END.
